#
# There is insufficient memory for the Java Runtime Environment to continue.
# Native memory allocation (malloc) failed to allocate 132400 bytes for Chunk::new
# Possible reasons:
#   The system is out of physical RAM or swap space
#   In 32 bit mode, the process size limit was hit
# Possible solutions:
#   Reduce memory load on the system
#   Increase physical memory or swap space
#   Check if swap backing store is full
#   Use 64 bit Java on a 64 bit OS
#   Decrease Java heap size (-Xmx/-Xms)
#   Decrease number of Java threads
#   Decrease Java thread stack sizes (-Xss)
#   Set larger code cache with -XX:ReservedCodeCacheSize=
# This output file may be truncated or incomplete.
#
#  Out of Memory Error (allocation.cpp:323), pid=11436, tid=6184
#
# JRE version: Java(TM) SE Runtime Environment (7.0_71-b14) (build 1.7.0_71-b14)
# Java VM: Java HotSpot(TM) 64-Bit Server VM (24.71-b01 mixed mode windows-amd64 compressed oops)
# Failed to write core dump. Minidumps are not enabled by default on client versions of Windows
#

---------------  T H R E A D  ---------------

Current thread (0x000000000795f000):  JavaThread "C2 CompilerThread0" daemon [_thread_in_native, id=6184, stack(0x000000000a1d0000,0x000000000a2d0000)]

Stack: [0x000000000a1d0000,0x000000000a2d0000]
[error occurred during error reporting (printing stack bounds), id 0xc0000005]


[error occurred during error reporting (printing native stack), id 0xc0000005]


Current CompileTask:
C2:   3790  378             com.android.dx.ssa.ConstCollector::getConstsSortedByCountUse (386 bytes)


---------------  P R O C E S S  ---------------

Java Threads: ( => current thread )
  0x0000000008b16000 JavaThread "Service Thread" daemon [_thread_blocked, id=16556, stack(0x0000000009dd0000,0x0000000009ed0000)]
  0x0000000008b10800 JavaThread "C2 CompilerThread1" daemon [_thread_in_vm, id=15816, stack(0x000000000a430000,0x000000000a530000)]
=>0x000000000795f000 JavaThread "C2 CompilerThread0" daemon [_thread_in_native, id=6184, stack(0x000000000a1d0000,0x000000000a2d0000)]
  0x000000000795d800 JavaThread "Attach Listener" daemon [_thread_blocked, id=2676, stack(0x0000000009ff0000,0x000000000a0f0000)]
  0x000000000795d000 JavaThread "Signal Dispatcher" daemon [_thread_blocked, id=17224, stack(0x0000000009a50000,0x0000000009b50000)]
  0x0000000007941800 JavaThread "Finalizer" daemon [_thread_blocked, id=7188, stack(0x0000000009ed0000,0x0000000009fd0000)]
  0x0000000007940800 JavaThread "Reference Handler" daemon [_thread_blocked, id=19420, stack(0x0000000009c90000,0x0000000009d90000)]
  0x0000000002229000 JavaThread "main" [_thread_in_Java, id=14860, stack(0x00000000024b0000,0x00000000025b0000)]

Other Threads:
  0x000000000793d800 VMThread [stack: 0x0000000009b80000,0x0000000009c80000] [id=10128]
  0x0000000008b1f800 WatcherThread [stack: 0x000000000a5c0000,0x000000000a6c0000] [id=19544]

VM state:not at safepoint (normal execution)

VM Mutex/Monitor currently owned by a thread: None

Heap
 PSYoungGen      total 70656K, used 25722K [0x00000000f5500000, 0x00000000f9f00000, 0x0000000100000000)
  eden space 65536K, 31% used [0x00000000f5500000,0x00000000f6922730,0x00000000f9500000)
  from space 5120K, 99% used [0x00000000f9a00000,0x00000000f9efc1f0,0x00000000f9f00000)
  to   space 5120K, 0% used [0x00000000f9500000,0x00000000f9500000,0x00000000f9a00000)
 ParOldGen       total 85504K, used 7006K [0x00000000e0000000, 0x00000000e5380000, 0x00000000f5500000)
  object space 85504K, 8% used [0x00000000e0000000,0x00000000e06d7840,0x00000000e5380000)
 PSPermGen       total 21504K, used 5604K [0x00000000dae00000, 0x00000000dc300000, 0x00000000e0000000)
  object space 21504K, 26% used [0x00000000dae00000,0x00000000db379300,0x00000000dc300000)

Card table byte_map: [0x0000000005670000,0x00000000057a0000] byte_map_base: 0x0000000004f99000

Polling page: 0x0000000000230000

Code Cache  [0x00000000025b0000, 0x0000000002820000, 0x00000000055b0000)
 total_blobs=613 nmethods=379 adapters=186 free_code_cache=47629Kb largest_free_block=48725760

Compilation events (10 events):
Event: 3.704 Thread 0x0000000008b10800 nmethod 375 0x00000000027091d0 code [0x00000000027093c0, 0x0000000002709eb0]
Event: 3.704 Thread 0x0000000008b10800  376             com.android.dx.ssa.back.InterferenceGraph::<init> (42 bytes)
Event: 3.712 Thread 0x0000000008b10800 nmethod 376 0x000000000271c390 code [0x000000000271c520, 0x000000000271ca58]
Event: 3.712 Thread 0x0000000008b10800  377             com.android.dx.ssa.back.FirstFitLocalCombiningAllocator::handleUnassociatedParameters (60 bytes)
Event: 3.750 Thread 0x000000000795f000 nmethod 364 0x000000000272ce90 code [0x000000000272d240, 0x000000000272f8c8]
Event: 3.751 Thread 0x000000000795f000  378             com.android.dx.ssa.ConstCollector::getConstsSortedByCountUse (386 bytes)
Event: 3.763 Thread 0x0000000008b10800 nmethod 377 0x00000000027337d0 code [0x0000000002733ae0, 0x00000000027354e0]
Event: 3.763 Thread 0x0000000008b10800  379             com.android.dx.cf.code.Ropper::getRopMethod (64 bytes)
Event: 3.777 Thread 0x0000000008b10800 nmethod 379 0x000000000272bc50 code [0x000000000272be20, 0x000000000272c538]
Event: 3.777 Thread 0x0000000008b10800  380             com.android.dx.ssa.SCCP::<init> (142 bytes)

GC Heap History (4 events):
Event: 2.039 GC heap before
{Heap before GC invocations=1 (full 0):
 PSYoungGen      total 37888K, used 32768K [0x00000000f5500000, 0x00000000f7f00000, 0x0000000100000000)
  eden space 32768K, 100% used [0x00000000f5500000,0x00000000f7500000,0x00000000f7500000)
  from space 5120K, 0% used [0x00000000f7a00000,0x00000000f7a00000,0x00000000f7f00000)
  to   space 5120K, 0% used [0x00000000f7500000,0x00000000f7500000,0x00000000f7a00000)
 ParOldGen       total 85504K, used 0K [0x00000000e0000000, 0x00000000e5380000, 0x00000000f5500000)
  object space 85504K, 0% used [0x00000000e0000000,0x00000000e0000000,0x00000000e5380000)
 PSPermGen       total 21504K, used 5516K [0x00000000dae00000, 0x00000000dc300000, 0x00000000e0000000)
  object space 21504K, 25% used [0x00000000dae00000,0x00000000db363370,0x00000000dc300000)
Event: 2.405 GC heap after
Heap after GC invocations=1 (full 0):
 PSYoungGen      total 37888K, used 5095K [0x00000000f5500000, 0x00000000f9f00000, 0x0000000100000000)
  eden space 32768K, 0% used [0x00000000f5500000,0x00000000f5500000,0x00000000f7500000)
  from space 5120K, 99% used [0x00000000f7500000,0x00000000f79f9c78,0x00000000f7a00000)
  to   space 5120K, 0% used [0x00000000f9a00000,0x00000000f9a00000,0x00000000f9f00000)
 ParOldGen       total 85504K, used 1747K [0x00000000e0000000, 0x00000000e5380000, 0x00000000f5500000)
  object space 85504K, 2% used [0x00000000e0000000,0x00000000e01b4c68,0x00000000e5380000)
 PSPermGen       total 21504K, used 5516K [0x00000000dae00000, 0x00000000dc300000, 0x00000000e0000000)
  object space 21504K, 25% used [0x00000000dae00000,0x00000000db363370,0x00000000dc300000)
}
Event: 2.983 GC heap before
{Heap before GC invocations=2 (full 0):
 PSYoungGen      total 37888K, used 37863K [0x00000000f5500000, 0x00000000f9f00000, 0x0000000100000000)
  eden space 32768K, 100% used [0x00000000f5500000,0x00000000f7500000,0x00000000f7500000)
  from space 5120K, 99% used [0x00000000f7500000,0x00000000f79f9c78,0x00000000f7a00000)
  to   space 5120K, 0% used [0x00000000f9a00000,0x00000000f9a00000,0x00000000f9f00000)
 ParOldGen       total 85504K, used 1747K [0x00000000e0000000, 0x00000000e5380000, 0x00000000f5500000)
  object space 85504K, 2% used [0x00000000e0000000,0x00000000e01b4c68,0x00000000e5380000)
 PSPermGen       total 21504K, used 5590K [0x00000000dae00000, 0x00000000dc300000, 0x00000000e0000000)
  object space 21504K, 25% used [0x00000000dae00000,0x00000000db375940,0x00000000dc300000)
Event: 3.434 GC heap after
Heap after GC invocations=2 (full 0):
 PSYoungGen      total 70656K, used 5104K [0x00000000f5500000, 0x00000000f9f00000, 0x0000000100000000)
  eden space 65536K, 0% used [0x00000000f5500000,0x00000000f5500000,0x00000000f9500000)
  from space 5120K, 99% used [0x00000000f9a00000,0x00000000f9efc1f0,0x00000000f9f00000)
  to   space 5120K, 0% used [0x00000000f9500000,0x00000000f9500000,0x00000000f9a00000)
 ParOldGen       total 85504K, used 7006K [0x00000000e0000000, 0x00000000e5380000, 0x00000000f5500000)
  object space 85504K, 8% used [0x00000000e0000000,0x00000000e06d7840,0x00000000e5380000)
 PSPermGen       total 21504K, used 5590K [0x00000000dae00000, 0x00000000dc300000, 0x00000000e0000000)
  object space 21504K, 25% used [0x00000000dae00000,0x00000000db375940,0x00000000dc300000)
}

Deoptimization events (10 events):
Event: 2.591 Thread 0x0000000002229000 Uncommon trap: reason=unreached action=reinterpret pc=0x00000000026b5b20 method=com.android.dx.cf.code.Ropper.processBlock(Lcom/android/dx/cf/code/ByteBlock;Lcom/android/dx/cf/code/Frame;[I)V @ 963
Event: 2.621 Thread 0x0000000002229000 Uncommon trap: reason=class_check action=maybe_recompile pc=0x000000000269c934 method=java.util.HashMap.put(Ljava/lang/Object;Ljava/lang/Object;)Ljava/lang/Object; @ 83
Event: 2.621 Thread 0x0000000002229000 Uncommon trap: reason=class_check action=maybe_recompile pc=0x000000000269c934 method=java.util.HashMap.put(Ljava/lang/Object;Ljava/lang/Object;)Ljava/lang/Object; @ 83
Event: 2.705 Thread 0x0000000002229000 Uncommon trap: reason=class_check action=maybe_recompile pc=0x000000000269c934 method=java.util.HashMap.put(Ljava/lang/Object;Ljava/lang/Object;)Ljava/lang/Object; @ 83
Event: 2.827 Thread 0x0000000002229000 Uncommon trap: reason=unreached action=reinterpret pc=0x00000000026c0660 method=com.android.dx.ssa.SCCP.simulateStmt(Lcom/android/dx/ssa/SsaInsn;)V @ 418
Event: 2.954 Thread 0x0000000002229000 Uncommon trap: reason=unloaded action=reinterpret pc=0x00000000026d3ee4 method=com.android.dx.ssa.LiteralOpUpgrader$1.visitNonMoveInsn(Lcom/android/dx/ssa/NormalSsaInsn;)V @ 72
Event: 3.470 Thread 0x0000000002229000 Uncommon trap: reason=unreached action=reinterpret pc=0x00000000026e1090 method=com.android.dx.cf.code.BytecodeArray.parseInstruction(ILcom/android/dx/cf/code/BytecodeArray$Visitor;)I @ 1198
Event: 3.751 Thread 0x0000000002229000 Uncommon trap: reason=bimorphic action=maybe_recompile pc=0x00000000026dc320 method=com.android.dx.ssa.LiteralOpUpgrader.tryReplacingWithConstant(Lcom/android/dx/ssa/NormalSsaInsn;)Z @ 52
Event: 3.752 Thread 0x0000000002229000 Uncommon trap: reason=bimorphic action=maybe_recompile pc=0x00000000026dc320 method=com.android.dx.ssa.LiteralOpUpgrader.tryReplacingWithConstant(Lcom/android/dx/ssa/NormalSsaInsn;)Z @ 52
Event: 3.753 Thread 0x0000000002229000 Uncommon trap: reason=unreached action=reinterpret pc=0x0000000002718208 method=com.android.dx.dex.code.RopToDop.dopFor(Lcom/android/dx/rop/code/Insn;)Lcom/android/dx/dex/code/Dop; @ 747

Internal exceptions (10 events):
Event: 0.598 Thread 0x0000000002229000 Threw 0x00000000f5e553f0 at C:\re\jdk7u71\1605\hotspot\src\share\vm\prims\jvm.cpp:1281
Event: 0.714 Thread 0x0000000002229000 Threw 0x00000000f5f4c410 at C:\re\jdk7u71\1605\hotspot\src\share\vm\prims\jvm.cpp:1281
Event: 0.871 Thread 0x0000000002229000 Implicit null exception at 0x000000000263344d to 0x00000000026337a1
Event: 1.014 Thread 0x0000000002229000 Threw 0x00000000f63bc008 at C:\re\jdk7u71\1605\hotspot\src\share\vm\prims\jvm.cpp:1281
Event: 1.379 Thread 0x0000000002229000 Implicit null exception at 0x000000000266b820 to 0x000000000266c549
Event: 2.428 Thread 0x0000000002229000 Implicit null exception at 0x00000000026a3deb to 0x00000000026a44c9
Event: 2.536 Thread 0x0000000002229000 Implicit null exception at 0x0000000002671092 to 0x0000000002671182
Event: 2.609 Thread 0x0000000002229000 Threw 0x00000000f601d548 at C:\re\jdk7u71\1605\hotspot\src\share\vm\prims\jvm.cpp:1281
Event: 2.832 Thread 0x0000000002229000 Threw 0x00000000f6ced3e0 at C:\re\jdk7u71\1605\hotspot\src\share\vm\prims\jvm.cpp:1281
Event: 2.954 Thread 0x0000000002229000 Threw 0x00000000f737cd50 at C:\re\jdk7u71\1605\hotspot\src\share\vm\prims\jvm.cpp:1281

Events (10 events):
Event: 3.470 Thread 0x0000000002229000 DEOPT UNPACKING pc=0x00000000025e75a4 sp=0x00000000025ae9d0 mode 2
Event: 3.751 Thread 0x0000000002229000 Uncommon trap: trap_request=0xffffffc6 fr.pc=0x00000000026dc320
Event: 3.751 Thread 0x0000000002229000 DEOPT PACKING pc=0x00000000026dc320 sp=0x00000000025ae920
Event: 3.751 Thread 0x0000000002229000 DEOPT UNPACKING pc=0x00000000025e75a4 sp=0x00000000025ae860 mode 2
Event: 3.752 Thread 0x0000000002229000 Uncommon trap: trap_request=0xffffffc6 fr.pc=0x00000000026dc320
Event: 3.752 Thread 0x0000000002229000 DEOPT PACKING pc=0x00000000026dc320 sp=0x00000000025ae8a0
Event: 3.752 Thread 0x0000000002229000 DEOPT UNPACKING pc=0x00000000025e75a4 sp=0x00000000025ae7e0 mode 2
Event: 3.753 Thread 0x0000000002229000 Uncommon trap: trap_request=0xffffffad fr.pc=0x0000000002718208
Event: 3.753 Thread 0x0000000002229000 DEOPT PACKING pc=0x0000000002718208 sp=0x00000000025ae920
Event: 3.753 Thread 0x0000000002229000 DEOPT UNPACKING pc=0x00000000025e75a4 sp=0x00000000025ae8b8 mode 2


Dynamic libraries:
0x000000013f840000 - 0x000000013f873000 	C:\Program Files\Java\jdk1.7.0_71\bin\java.exe
0x0000000077390000 - 0x0000000077539000 	C:\Windows\SYSTEM32\ntdll.dll
0x0000000077170000 - 0x000000007728f000 	C:\Windows\system32\kernel32.dll
0x000007fefc440000 - 0x000007fefc4ac000 	C:\Windows\system32\KERNELBASE.dll
0x000007fefc9b0000 - 0x000007fefca8b000 	C:\Windows\system32\ADVAPI32.dll
0x000007fefc6e0000 - 0x000007fefc77f000 	C:\Windows\system32\msvcrt.dll
0x000007fefe0c0000 - 0x000007fefe0df000 	C:\Windows\SYSTEM32\sechost.dll
0x000007fefdf90000 - 0x000007fefe0bd000 	C:\Windows\system32\RPCRT4.dll
0x0000000077290000 - 0x000000007738a000 	C:\Windows\system32\USER32.dll
0x000007fefd9d0000 - 0x000007fefda37000 	C:\Windows\system32\GDI32.dll
0x000007fefde30000 - 0x000007fefde3e000 	C:\Windows\system32\LPK.dll
0x000007fefde40000 - 0x000007fefdf09000 	C:\Windows\system32\USP10.dll
0x000007fefac00000 - 0x000007fefadf4000 	C:\Windows\WinSxS\amd64_microsoft.windows.common-controls_6595b64144ccf1df_6.0.7601.18837_none_fa3b1e3d17594757\COMCTL32.dll
0x000007fefdcd0000 - 0x000007fefdd41000 	C:\Windows\system32\SHLWAPI.dll
0x000007fefdc40000 - 0x000007fefdc6e000 	C:\Windows\system32\IMM32.DLL
0x000007fefcb30000 - 0x000007fefcc39000 	C:\Windows\system32\MSCTF.dll
0x0000000053580000 - 0x0000000053652000 	C:\Program Files\Java\jdk1.7.0_71\jre\bin\msvcr100.dll
0x0000000054220000 - 0x00000000549f3000 	C:\Program Files\Java\jdk1.7.0_71\jre\bin\server\jvm.dll
0x000007fef7910000 - 0x000007fef7919000 	C:\Windows\system32\WSOCK32.dll
0x000007fefc690000 - 0x000007fefc6dd000 	C:\Windows\system32\WS2_32.dll
0x000007fefe6f0000 - 0x000007fefe6f8000 	C:\Windows\system32\NSI.dll
0x000007fef9f80000 - 0x000007fef9fbb000 	C:\Windows\system32\WINMM.dll
0x0000000077560000 - 0x0000000077567000 	C:\Windows\system32\PSAPI.DLL
0x000000006f480000 - 0x000000006f48f000 	C:\Program Files\Java\jdk1.7.0_71\jre\bin\verify.dll
0x000000006f450000 - 0x000000006f478000 	C:\Program Files\Java\jdk1.7.0_71\jre\bin\java.dll
0x000000006f430000 - 0x000000006f445000 	C:\Program Files\Java\jdk1.7.0_71\jre\bin\zip.dll
0x000000006f410000 - 0x000000006f429000 	C:\Program Files\Java\jdk1.7.0_71\jre\bin\net.dll
0x000007fefb980000 - 0x000007fefb9d5000 	C:\Windows\system32\mswsock.dll
0x000007fefbb20000 - 0x000007fefbb27000 	C:\Windows\System32\wship6.dll
0x000000006f3f0000 - 0x000000006f401000 	C:\Program Files\Java\jdk1.7.0_71\jre\bin\nio.dll

VM Arguments:
jvm_args: -Xmx1024M -Dfile.encoding=windows-1252 -Duser.country=GB -Duser.language=en -Duser.variant -Xmx512M 
java_command: com.android.dx.command.Main --dex --output I:\GitHub\BuildItBigger\app\build\intermediates\pre-dexed\free\debug\classes-9dbb32dae7d6ed8d51924f20e7f5119334c03fce.jar I:\GitHub\BuildItBigger\app\build\intermediates\exploded-aar\com.google.android.gms\play-services-ads\7.5.0\jars\classes.jar
Launcher Type: SUN_STANDARD

Environment Variables:
JAVA_HOME=C:\Program Files\Java\jdk1.7.0_71
_JAVA_OPTIONS=-Xmx512M
PATH=C:\ProgramData\Oracle\Java\javapath;C:\Windows\system32;C:\Windows;C:\Windows\System32\Wbem;C:\Windows\System32\WindowsPowerShell\v1.0\;C:\Program Files (x86)\Microsoft SQL Server\100\Tools\Binn\VSShell\Common7\IDE\;C:\Program Files (x86)\Microsoft SQL Server\100\Tools\Binn\;C:\Program Files\Microsoft SQL Server\100\Tools\Binn\;C:\Program Files (x86)\Microsoft SQL Server\100\DTS\Binn\;C:\Program Files\Microsoft SQL Server\100\DTS\Binn\;C:\Program Files (x86)\Microsoft Team Foundation Server 2012 Power Tools\;C:\Program Files (x86)\Microsoft Team Foundation Server 2012 Power Tools\Best Practices Analyzer\;C:\Program Files\System Center Operations Manager 2007\;C:\Program Files (x86)\Microsoft ASP.NET\ASP.NET Web Pages\v1.0\;C:\Program Files\Microsoft SQL Server\110\Tools\Binn\;C:\Program Files\Microsoft\Web Platform Installer\;C:\Program Files\Devart\Review Assistant;C:\Program Files\Microsoft SQL Server\120\Tools\Binn\;C:\Program Files\nodejs\;C:\Users\htan\Documents\Visual Studio 2012\Projects\MvcApplication2\node_modules\protractor\selenium;C:\Program Files (x86)\Git\cmd;C:\Program Files (x86)\GtkSharp\2.12\bin;C:\Program Files (x86)\Windows Kits\8.1\Windows Performance Toolkit\;C:\Program Files (x86)\nodejs\;C:\Program Files (x86)\Skype\Phone\;C:\RailsInstaller\Git\cmd;C:\RailsInstaller\Ruby2.1.0\bin;C:\Ruby193\bin;C:\Program Files\Java\jdk1.7.0_71;C:\Program Files\Java\jre7;C:\apache-ant-1.9.3\bin;I:\Android\android-sdk\tools;I:\Android\android-sdk\platform-tools;C:\Users\htan\AppData\Roaming\npm
USERNAME=htan
OS=Windows_NT
PROCESSOR_IDENTIFIER=Intel64 Family 6 Model 42 Stepping 7, GenuineIntel



---------------  S Y S T E M  ---------------

OS: Windows 7 , 64 bit Build 7601 Service Pack 1

CPU:total 8 (4 cores per cpu, 2 threads per core) family 6 model 42 stepping 7, cmov, cx8, fxsr, mmx, sse, sse2, sse3, ssse3, sse4.1, sse4.2, popcnt, avx, aes, ht, tsc, tscinvbit

Memory: 4k page, physical 8233400k(1489160k free), swap 8834444k(5324k free)

vm_info: Java HotSpot(TM) 64-Bit Server VM (24.71-b01) for windows-amd64 JRE (1.7.0_71-b14), built on Sep 26 2014 16:16:12 by "java_re" with unknown MS VC++:1600

time: Thu Sep 10 15:56:18 2015
elapsed time: 3 seconds

