#
# There is insufficient memory for the Java Runtime Environment to continue.
# Native memory allocation (malloc) failed to allocate 65552 bytes for Chunk::new
# Possible reasons:
#   The system is out of physical RAM or swap space
#   In 32 bit mode, the process size limit was hit
# Possible solutions:
#   Reduce memory load on the system
#   Increase physical memory or swap space
#   Check if swap backing store is full
#   Use 64 bit Java on a 64 bit OS
#   Decrease Java heap size (-Xmx/-Xms)
#   Decrease number of Java threads
#   Decrease Java thread stack sizes (-Xss)
#   Set larger code cache with -XX:ReservedCodeCacheSize=
# This output file may be truncated or incomplete.
#
#  Out of Memory Error (allocation.cpp:323), pid=16648, tid=1652
#
# JRE version: Java(TM) SE Runtime Environment (7.0_71-b14) (build 1.7.0_71-b14)
# Java VM: Java HotSpot(TM) 64-Bit Server VM (24.71-b01 mixed mode windows-amd64 compressed oops)
# Failed to write core dump. Minidumps are not enabled by default on client versions of Windows
#

---------------  T H R E A D  ---------------

Current thread (0x0000000007aee800):  JavaThread "C2 CompilerThread1" daemon [_thread_in_native, id=1652, stack(0x000000000a4c0000,0x000000000a5c0000)]

Stack: [0x000000000a4c0000,0x000000000a5c0000]
[error occurred during error reporting (printing stack bounds), id 0xc0000005]


[error occurred during error reporting (printing native stack), id 0xc0000005]


Current CompileTask:
C2:   4086  354             com.android.dx.ssa.back.FirstFitLocalCombiningAllocator::handleNormalUnassociated (99 bytes)


---------------  P R O C E S S  ---------------

Java Threads: ( => current thread )
  0x0000000007aef800 JavaThread "Service Thread" daemon [_thread_blocked, id=6404, stack(0x000000000a600000,0x000000000a700000)]
=>0x0000000007aee800 JavaThread "C2 CompilerThread1" daemon [_thread_in_native, id=1652, stack(0x000000000a4c0000,0x000000000a5c0000)]
  0x0000000007ae7000 JavaThread "C2 CompilerThread0" daemon [_thread_in_native, id=7652, stack(0x000000000a300000,0x000000000a400000)]
  0x0000000007ae6800 JavaThread "Attach Listener" daemon [_thread_blocked, id=17484, stack(0x000000000a0a0000,0x000000000a1a0000)]
  0x0000000007ae5800 JavaThread "Signal Dispatcher" daemon [_thread_blocked, id=5656, stack(0x0000000009ac0000,0x0000000009bc0000)]
  0x000000000230e000 JavaThread "Finalizer" daemon [_thread_blocked, id=15736, stack(0x0000000009f10000,0x000000000a010000)]
  0x000000000230d000 JavaThread "Reference Handler" daemon [_thread_blocked, id=15300, stack(0x0000000009d70000,0x0000000009e70000)]
  0x0000000002279800 JavaThread "main" [_thread_blocked, id=17948, stack(0x0000000002620000,0x0000000002720000)]

Other Threads:
  0x0000000008b43800 VMThread [stack: 0x0000000009c60000,0x0000000009d60000] [id=9196]
  0x0000000008b99800 WatcherThread [stack: 0x000000000a7d0000,0x000000000a8d0000] [id=10636]

VM state:at safepoint (normal execution)

VM Mutex/Monitor currently owned by a thread:  ([mutex/lock_event])
[0x000000000237df20] Threads_lock - owner thread: 0x0000000008b43800
[0x000000000237e420] Heap_lock - owner thread: 0x0000000002279800

Heap
 PSYoungGen      total 37888K, used 37876K [0x00000000f5500000, 0x00000000f9f00000, 0x0000000100000000)
  eden space 32768K, 100% used [0x00000000f5500000,0x00000000f7500000,0x00000000f7500000)
  from space 5120K, 99% used [0x00000000f7500000,0x00000000f79fd330,0x00000000f7a00000)
  to   space 5120K, 18% used [0x00000000f9a00000,0x00000000f9ae9490,0x00000000f9f00000)
 ParOldGen       total 85504K, used 1219K [0x00000000e0000000, 0x00000000e5380000, 0x00000000f5500000)
  object space 85504K, 1% used [0x00000000e0000000,0x00000000e0130d30,0x00000000e5380000)
 PSPermGen       total 21504K, used 5596K [0x00000000dae00000, 0x00000000dc300000, 0x00000000e0000000)
  object space 21504K, 26% used [0x00000000dae00000,0x00000000db377070,0x00000000dc300000)

Card table byte_map: [0x0000000005720000,0x0000000005850000] byte_map_base: 0x0000000005049000

Polling page: 0x0000000000140000

Code Cache  [0x0000000002720000, 0x0000000002990000, 0x0000000005720000)
 total_blobs=586 nmethods=352 adapters=186 free_code_cache=47688Kb largest_free_block=48801984

Compilation events (10 events):
Event: 4.051 Thread 0x0000000007ae7000 nmethod 340 0x0000000002890c50 code [0x0000000002890f20, 0x0000000002892290]
Event: 4.051 Thread 0x0000000007ae7000  350             com.android.dx.ssa.SsaBasicBlock::getPhiInsns (13 bytes)
Event: 4.056 Thread 0x0000000007ae7000 nmethod 350 0x0000000002885950 code [0x0000000002885ac0, 0x0000000002885d98]
Event: 4.056 Thread 0x0000000007ae7000  351             com.android.dx.ssa.DomFront::run (264 bytes)
Event: 4.058 Thread 0x0000000007aee800 nmethod 349 0x00000000028874d0 code [0x0000000002887640, 0x0000000002887d18]
Event: 4.058 Thread 0x0000000007aee800  352             com.android.dx.ssa.DomFront::buildDomTree (72 bytes)
Event: 4.065 Thread 0x0000000007aee800 nmethod 352 0x000000000288e510 code [0x000000000288e6a0, 0x000000000288ead8]
Event: 4.065 Thread 0x0000000007aee800  353             com.android.dx.ssa.SsaRenamer$BlockRenamer$RenamingMapper::map (28 bytes)
Event: 4.067 Thread 0x0000000007aee800 nmethod 353 0x000000000288e110 code [0x000000000288e260, 0x000000000288e348]
Event: 4.067 Thread 0x0000000007aee800  354             com.android.dx.ssa.back.FirstFitLocalCombiningAllocator::handleNormalUnassociated (99 bytes)

GC Heap History (3 events):
Event: 2.239 GC heap before
{Heap before GC invocations=1 (full 0):
 PSYoungGen      total 37888K, used 32768K [0x00000000f5500000, 0x00000000f7f00000, 0x0000000100000000)
  eden space 32768K, 100% used [0x00000000f5500000,0x00000000f7500000,0x00000000f7500000)
  from space 5120K, 0% used [0x00000000f7a00000,0x00000000f7a00000,0x00000000f7f00000)
  to   space 5120K, 0% used [0x00000000f7500000,0x00000000f7500000,0x00000000f7a00000)
 ParOldGen       total 85504K, used 0K [0x00000000e0000000, 0x00000000e5380000, 0x00000000f5500000)
  object space 85504K, 0% used [0x00000000e0000000,0x00000000e0000000,0x00000000e5380000)
 PSPermGen       total 21504K, used 5535K [0x00000000dae00000, 0x00000000dc300000, 0x00000000e0000000)
  object space 21504K, 25% used [0x00000000dae00000,0x00000000db367cd8,0x00000000dc300000)
Event: 2.701 GC heap after
Heap after GC invocations=1 (full 0):
 PSYoungGen      total 37888K, used 5108K [0x00000000f5500000, 0x00000000f9f00000, 0x0000000100000000)
  eden space 32768K, 0% used [0x00000000f5500000,0x00000000f5500000,0x00000000f7500000)
  from space 5120K, 99% used [0x00000000f7500000,0x00000000f79fd330,0x00000000f7a00000)
  to   space 5120K, 0% used [0x00000000f9a00000,0x00000000f9a00000,0x00000000f9f00000)
 ParOldGen       total 85504K, used 1219K [0x00000000e0000000, 0x00000000e5380000, 0x00000000f5500000)
  object space 85504K, 1% used [0x00000000e0000000,0x00000000e0130d30,0x00000000e5380000)
 PSPermGen       total 21504K, used 5535K [0x00000000dae00000, 0x00000000dc300000, 0x00000000e0000000)
  object space 21504K, 25% used [0x00000000dae00000,0x00000000db367cd8,0x00000000dc300000)
}
Event: 4.084 GC heap before
{Heap before GC invocations=2 (full 0):
 PSYoungGen      total 37888K, used 37876K [0x00000000f5500000, 0x00000000f9f00000, 0x0000000100000000)
  eden space 32768K, 100% used [0x00000000f5500000,0x00000000f7500000,0x00000000f7500000)
  from space 5120K, 99% used [0x00000000f7500000,0x00000000f79fd330,0x00000000f7a00000)
  to   space 5120K, 0% used [0x00000000f9a00000,0x00000000f9a00000,0x00000000f9f00000)
 ParOldGen       total 85504K, used 1219K [0x00000000e0000000, 0x00000000e5380000, 0x00000000f5500000)
  object space 85504K, 1% used [0x00000000e0000000,0x00000000e0130d30,0x00000000e5380000)
 PSPermGen       total 21504K, used 5596K [0x00000000dae00000, 0x00000000dc300000, 0x00000000e0000000)
  object space 21504K, 26% used [0x00000000dae00000,0x00000000db377070,0x00000000dc300000)

Deoptimization events (10 events):
Event: 1.088 Thread 0x0000000002279800 Uncommon trap: reason=class_check action=maybe_recompile pc=0x0000000002793b74 method=com.android.dx.ssa.NormalSsaInsn.accept(Lcom/android/dx/ssa/SsaInsn$Visitor;)V @ 9
Event: 1.137 Thread 0x0000000002279800 Uncommon trap: reason=null_check action=make_not_entrant pc=0x00000000027a0d24 method=com.android.dx.rop.code.LocalItem.equals(Ljava/lang/Object;)Z @ 1
Event: 1.138 Thread 0x0000000002279800 Uncommon trap: reason=null_check action=make_not_entrant pc=0x00000000027a8cec method=com.android.dx.rop.code.LocalItem.equals(Ljava/lang/Object;)Z @ 1
Event: 2.088 Thread 0x0000000002279800 Uncommon trap: reason=null_check action=make_not_entrant pc=0x00000000027b4080 method=com.android.dx.ssa.SsaRenamer.getLocalForNewReg(I)Lcom/android/dx/rop/code/LocalItem; @ 19
Event: 2.215 Thread 0x0000000002279800 Uncommon trap: reason=unreached action=reinterpret pc=0x00000000027a9904 method=com.android.dx.rop.cst.Constant.compareTo(Lcom/android/dx/rop/cst/Constant;)I @ 12
Event: 3.871 Thread 0x0000000002279800 Uncommon trap: reason=null_check action=make_not_entrant pc=0x00000000028761a0 method=com.android.dx.rop.type.Type.putIntern(Lcom/android/dx/rop/type/Type;)Lcom/android/dx/rop/type/Type; @ 18
Event: 3.927 Thread 0x0000000002279800 Uncommon trap: reason=bimorphic action=maybe_recompile pc=0x000000000285c82c method=com.android.dx.cf.code.BytecodeArray.parseInstruction(ILcom/android/dx/cf/code/BytecodeArray$Visitor;)I @ 2281
Event: 3.927 Thread 0x0000000002279800 Uncommon trap: reason=bimorphic action=maybe_recompile pc=0x000000000285c82c method=com.android.dx.cf.code.BytecodeArray.parseInstruction(ILcom/android/dx/cf/code/BytecodeArray$Visitor;)I @ 2281
Event: 4.005 Thread 0x0000000002279800 Uncommon trap: reason=unreached action=reinterpret pc=0x00000000027ef05c method=com.android.dx.ssa.SCCP.simulateBranch(Lcom/android/dx/ssa/SsaInsn;)V @ 132
Event: 4.010 Thread 0x0000000002279800 Uncommon trap: reason=unloaded action=reinterpret pc=0x00000000028571bc method=com.android.dx.ssa.LiteralOpUpgrader$1.visitNonMoveInsn(Lcom/android/dx/ssa/NormalSsaInsn;)V @ 72

Internal exceptions (10 events):
Event: 0.927 Thread 0x0000000002279800 Threw 0x00000000f5eca510 at C:\re\jdk7u71\1605\hotspot\src\share\vm\prims\jvm.cpp:1281
Event: 0.942 Thread 0x0000000002279800 Threw 0x00000000f5f10510 at C:\re\jdk7u71\1605\hotspot\src\share\vm\prims\jvm.cpp:1281
Event: 0.945 Thread 0x0000000002279800 Threw 0x00000000f5f1b970 at C:\re\jdk7u71\1605\hotspot\src\share\vm\prims\jvm.cpp:1281
Event: 0.947 Thread 0x0000000002279800 Threw 0x00000000f5f28ea8 at C:\re\jdk7u71\1605\hotspot\src\share\vm\prims\jvm.cpp:1281
Event: 1.137 Thread 0x0000000002279800 Implicit null exception at 0x00000000027a0426 to 0x00000000027a0d09
Event: 1.138 Thread 0x0000000002279800 Implicit null exception at 0x00000000027a89a8 to 0x00000000027a8cd9
Event: 2.088 Thread 0x0000000002279800 Implicit null exception at 0x00000000027b35a0 to 0x00000000027b4065
Event: 3.871 Thread 0x0000000002279800 Implicit null exception at 0x0000000002875ab3 to 0x0000000002876191
Event: 3.926 Thread 0x0000000002279800 Threw 0x00000000f6a8fa88 at C:\re\jdk7u71\1605\hotspot\src\share\vm\prims\jvm.cpp:1281
Event: 4.010 Thread 0x0000000002279800 Threw 0x00000000f6ffcd50 at C:\re\jdk7u71\1605\hotspot\src\share\vm\prims\jvm.cpp:1281

Events (10 events):
Event: 3.927 Thread 0x0000000002279800 DEOPT UNPACKING pc=0x00000000027575a4 sp=0x000000000271e670 mode 2
Event: 4.005 Thread 0x0000000002279800 Uncommon trap: trap_request=0xffffffad fr.pc=0x00000000027ef05c
Event: 4.005 Thread 0x0000000002279800 DEOPT PACKING pc=0x00000000027ef05c sp=0x000000000271e760
Event: 4.005 Thread 0x0000000002279800 DEOPT UNPACKING pc=0x00000000027575a4 sp=0x000000000271e6e8 mode 2
Event: 4.010 Thread 0x0000000002279800 Uncommon trap: trap_request=0x0000004e fr.pc=0x00000000028571bc
Event: 4.010 loading class 0x0000000008d87e90
Event: 4.010 loading class 0x0000000008d87e90 done
Event: 4.011 Thread 0x0000000002279800 DEOPT PACKING pc=0x00000000028571bc sp=0x000000000271e740
Event: 4.011 Thread 0x0000000002279800 DEOPT UNPACKING pc=0x00000000027575a4 sp=0x000000000271e6d8 mode 2
Event: 4.083 Executing VM operation: ParallelGCFailedAllocation


Dynamic libraries:
0x000000013f840000 - 0x000000013f873000 	C:\Program Files\Java\jdk1.7.0_71\bin\java.exe
0x0000000077390000 - 0x0000000077539000 	C:\Windows\SYSTEM32\ntdll.dll
0x0000000077170000 - 0x000000007728f000 	C:\Windows\system32\kernel32.dll
0x000007fefc440000 - 0x000007fefc4ac000 	C:\Windows\system32\KERNELBASE.dll
0x000007fefc9b0000 - 0x000007fefca8b000 	C:\Windows\system32\ADVAPI32.dll
0x000007fefc6e0000 - 0x000007fefc77f000 	C:\Windows\system32\msvcrt.dll
0x000007fefe0c0000 - 0x000007fefe0df000 	C:\Windows\SYSTEM32\sechost.dll
0x000007fefdf90000 - 0x000007fefe0bd000 	C:\Windows\system32\RPCRT4.dll
0x0000000077290000 - 0x000000007738a000 	C:\Windows\system32\USER32.dll
0x000007fefd9d0000 - 0x000007fefda37000 	C:\Windows\system32\GDI32.dll
0x000007fefde30000 - 0x000007fefde3e000 	C:\Windows\system32\LPK.dll
0x000007fefde40000 - 0x000007fefdf09000 	C:\Windows\system32\USP10.dll
0x000007fefac00000 - 0x000007fefadf4000 	C:\Windows\WinSxS\amd64_microsoft.windows.common-controls_6595b64144ccf1df_6.0.7601.18837_none_fa3b1e3d17594757\COMCTL32.dll
0x000007fefdcd0000 - 0x000007fefdd41000 	C:\Windows\system32\SHLWAPI.dll
0x000007fefdc40000 - 0x000007fefdc6e000 	C:\Windows\system32\IMM32.DLL
0x000007fefcb30000 - 0x000007fefcc39000 	C:\Windows\system32\MSCTF.dll
0x0000000053580000 - 0x0000000053652000 	C:\Program Files\Java\jdk1.7.0_71\jre\bin\msvcr100.dll
0x0000000054220000 - 0x00000000549f3000 	C:\Program Files\Java\jdk1.7.0_71\jre\bin\server\jvm.dll
0x000007fef7910000 - 0x000007fef7919000 	C:\Windows\system32\WSOCK32.dll
0x000007fefc690000 - 0x000007fefc6dd000 	C:\Windows\system32\WS2_32.dll
0x000007fefe6f0000 - 0x000007fefe6f8000 	C:\Windows\system32\NSI.dll
0x000007fef9f80000 - 0x000007fef9fbb000 	C:\Windows\system32\WINMM.dll
0x0000000077560000 - 0x0000000077567000 	C:\Windows\system32\PSAPI.DLL
0x000000006f480000 - 0x000000006f48f000 	C:\Program Files\Java\jdk1.7.0_71\jre\bin\verify.dll
0x000000006f450000 - 0x000000006f478000 	C:\Program Files\Java\jdk1.7.0_71\jre\bin\java.dll
0x000000006f430000 - 0x000000006f445000 	C:\Program Files\Java\jdk1.7.0_71\jre\bin\zip.dll
0x000000006f410000 - 0x000000006f429000 	C:\Program Files\Java\jdk1.7.0_71\jre\bin\net.dll
0x000007fefb980000 - 0x000007fefb9d5000 	C:\Windows\system32\mswsock.dll
0x000007fefbb20000 - 0x000007fefbb27000 	C:\Windows\System32\wship6.dll
0x000000006f3f0000 - 0x000000006f401000 	C:\Program Files\Java\jdk1.7.0_71\jre\bin\nio.dll

VM Arguments:
jvm_args: -Xmx1024M -Dfile.encoding=windows-1252 -Duser.country=GB -Duser.language=en -Duser.variant -Xmx512M 
java_command: com.android.dx.command.Main --dex --output I:\GitHub\BuildItBigger\app\build\intermediates\pre-dexed\free\debug\google-http-client-1.19.0-9f92e019d7e83142433f845e535b1c3c8de17587.jar C:\Users\htan\.gradle\caches\modules-2\files-2.1\com.google.http-client\google-http-client\1.19.0\cdca49ad0977c040f603478aa2e16b2775c8fec6\google-http-client-1.19.0.jar
Launcher Type: SUN_STANDARD

Environment Variables:
JAVA_HOME=C:\Program Files\Java\jdk1.7.0_71
_JAVA_OPTIONS=-Xmx512M
PATH=C:\ProgramData\Oracle\Java\javapath;C:\Windows\system32;C:\Windows;C:\Windows\System32\Wbem;C:\Windows\System32\WindowsPowerShell\v1.0\;C:\Program Files (x86)\Microsoft SQL Server\100\Tools\Binn\VSShell\Common7\IDE\;C:\Program Files (x86)\Microsoft SQL Server\100\Tools\Binn\;C:\Program Files\Microsoft SQL Server\100\Tools\Binn\;C:\Program Files (x86)\Microsoft SQL Server\100\DTS\Binn\;C:\Program Files\Microsoft SQL Server\100\DTS\Binn\;C:\Program Files (x86)\Microsoft Team Foundation Server 2012 Power Tools\;C:\Program Files (x86)\Microsoft Team Foundation Server 2012 Power Tools\Best Practices Analyzer\;C:\Program Files\System Center Operations Manager 2007\;C:\Program Files (x86)\Microsoft ASP.NET\ASP.NET Web Pages\v1.0\;C:\Program Files\Microsoft SQL Server\110\Tools\Binn\;C:\Program Files\Microsoft\Web Platform Installer\;C:\Program Files\Devart\Review Assistant;C:\Program Files\Microsoft SQL Server\120\Tools\Binn\;C:\Program Files\nodejs\;C:\Users\htan\Documents\Visual Studio 2012\Projects\MvcApplication2\node_modules\protractor\selenium;C:\Program Files (x86)\Git\cmd;C:\Program Files (x86)\GtkSharp\2.12\bin;C:\Program Files (x86)\Windows Kits\8.1\Windows Performance Toolkit\;C:\Program Files (x86)\nodejs\;C:\Program Files (x86)\Skype\Phone\;C:\RailsInstaller\Git\cmd;C:\RailsInstaller\Ruby2.1.0\bin;C:\Ruby193\bin;C:\Program Files\Java\jdk1.7.0_71;C:\Program Files\Java\jre7;C:\apache-ant-1.9.3\bin;I:\Android\android-sdk\tools;I:\Android\android-sdk\platform-tools;C:\Users\htan\AppData\Roaming\npm
USERNAME=htan
OS=Windows_NT
PROCESSOR_IDENTIFIER=Intel64 Family 6 Model 42 Stepping 7, GenuineIntel



---------------  S Y S T E M  ---------------

OS: Windows 7 , 64 bit Build 7601 Service Pack 1

CPU:total 8 (4 cores per cpu, 2 threads per core) family 6 model 42 stepping 7, cmov, cx8, fxsr, mmx, sse, sse2, sse3, ssse3, sse4.1, sse4.2, popcnt, avx, aes, ht, tsc, tscinvbit

Memory: 4k page, physical 8233400k(1488008k free), swap 8834444k(5312k free)

vm_info: Java HotSpot(TM) 64-Bit Server VM (24.71-b01) for windows-amd64 JRE (1.7.0_71-b14), built on Sep 26 2014 16:16:12 by "java_re" with unknown MS VC++:1600

time: Thu Sep 10 15:56:18 2015
elapsed time: 4 seconds

