#
# There is insufficient memory for the Java Runtime Environment to continue.
# Native memory allocation (malloc) failed to allocate 43776 bytes for Chunk::new
# Possible reasons:
#   The system is out of physical RAM or swap space
#   In 32 bit mode, the process size limit was hit
# Possible solutions:
#   Reduce memory load on the system
#   Increase physical memory or swap space
#   Check if swap backing store is full
#   Use 64 bit Java on a 64 bit OS
#   Decrease Java heap size (-Xmx/-Xms)
#   Decrease number of Java threads
#   Decrease Java thread stack sizes (-Xss)
#   Set larger code cache with -XX:ReservedCodeCacheSize=
# This output file may be truncated or incomplete.
#
#  Out of Memory Error (allocation.cpp:323), pid=6152, tid=16392
#
# JRE version: Java(TM) SE Runtime Environment (7.0_71-b14) (build 1.7.0_71-b14)
# Java VM: Java HotSpot(TM) 64-Bit Server VM (24.71-b01 mixed mode windows-amd64 compressed oops)
# Failed to write core dump. Minidumps are not enabled by default on client versions of Windows
#

---------------  T H R E A D  ---------------

Current thread (0x00000000088f8000):  JavaThread "C2 CompilerThread1" daemon [_thread_in_native, id=16392, stack(0x000000000a330000,0x000000000a430000)]

Stack: [0x000000000a330000,0x000000000a430000]
[error occurred during error reporting (printing stack bounds), id 0xc0000005]


[error occurred during error reporting (printing native stack), id 0xc0000005]


Current CompileTask:
C2:     99    4             java.lang.String::replace (127 bytes)


---------------  P R O C E S S  ---------------

Java Threads: ( => current thread )
  0x00000000088ff800 JavaThread "Service Thread" daemon [_thread_blocked, id=11576, stack(0x00000000057b0000,0x00000000058b0000)]
=>0x00000000088f8000 JavaThread "C2 CompilerThread1" daemon [_thread_in_native, id=16392, stack(0x000000000a330000,0x000000000a430000)]
  0x000000000773f000 JavaThread "C2 CompilerThread0" daemon [_thread_blocked, id=7056, stack(0x000000000a0c0000,0x000000000a1c0000)]
  0x000000000773e000 JavaThread "Attach Listener" daemon [_thread_blocked, id=17812, stack(0x0000000009980000,0x0000000009a80000)]
  0x000000000773d000 JavaThread "Signal Dispatcher" daemon [_thread_blocked, id=9140, stack(0x0000000009eb0000,0x0000000009fb0000)]
  0x00000000021dd800 JavaThread "Finalizer" daemon [_thread_blocked, id=9640, stack(0x0000000009c90000,0x0000000009d90000)]
  0x0000000007721800 JavaThread "Reference Handler" daemon [_thread_blocked, id=15692, stack(0x0000000009a90000,0x0000000009b90000)]
  0x0000000002149000 JavaThread "main" [_thread_in_Java, id=9416, stack(0x0000000002460000,0x0000000002560000)]

Other Threads:
  0x000000000771c800 VMThread [stack: 0x0000000009820000,0x0000000009920000] [id=20420]
  0x0000000008909000 WatcherThread [stack: 0x000000000a530000,0x000000000a630000] [id=17252]

VM state:not at safepoint (normal execution)

VM Mutex/Monitor currently owned by a thread: None

Heap
 PSYoungGen      total 37888K, used 2628K [0x00000000f5500000, 0x00000000f7f00000, 0x0000000100000000)
  eden space 32768K, 8% used [0x00000000f5500000,0x00000000f57912e8,0x00000000f7500000)
  from space 5120K, 0% used [0x00000000f7a00000,0x00000000f7a00000,0x00000000f7f00000)
  to   space 5120K, 0% used [0x00000000f7500000,0x00000000f7500000,0x00000000f7a00000)
 ParOldGen       total 85504K, used 0K [0x00000000e0000000, 0x00000000e5380000, 0x00000000f5500000)
  object space 85504K, 0% used [0x00000000e0000000,0x00000000e0000000,0x00000000e5380000)
 PSPermGen       total 21504K, used 3617K [0x00000000dae00000, 0x00000000dc300000, 0x00000000e0000000)
  object space 21504K, 16% used [0x00000000dae00000,0x00000000db188608,0x00000000dc300000)

Card table byte_map: [0x0000000005560000,0x0000000005690000] byte_map_base: 0x0000000004e89000

Polling page: 0x0000000000330000

Code Cache  [0x0000000002560000, 0x00000000027d0000, 0x0000000005560000)
 total_blobs=217 nmethods=3 adapters=167 free_code_cache=48750Kb largest_free_block=49920192

Compilation events (7 events):
Event: 0.064 Thread 0x000000000773f000    1             java.lang.String::indexOf (70 bytes)
Event: 0.069 Thread 0x000000000773f000 nmethod 1 0x00000000025c0e10 code [0x00000000025c0f60, 0x00000000025c10e8]
Event: 0.070 Thread 0x00000000088f8000    2             java.lang.String::hashCode (55 bytes)
Event: 0.071 Thread 0x00000000088f8000 nmethod 2 0x00000000025c0ad0 code [0x00000000025c0c00, 0x00000000025c0d58]
Event: 0.074 Thread 0x000000000773f000    3             java.lang.String::lastIndexOf (52 bytes)
Event: 0.075 Thread 0x000000000773f000 nmethod 3 0x00000000025c04d0 code [0x00000000025c0620, 0x00000000025c0788]
Event: 0.098 Thread 0x00000000088f8000    4             java.lang.String::replace (127 bytes)

GC Heap History (0 events):
No events

Deoptimization events (0 events):
No events

Internal exceptions (10 events):
Event: 0.093 Thread 0x0000000002149000 Threw 0x00000000f5740db0 at C:\re\jdk7u71\1605\hotspot\src\share\vm\prims\jvm.cpp:1281
Event: 0.093 Thread 0x0000000002149000 Threw 0x00000000f5743e48 at C:\re\jdk7u71\1605\hotspot\src\share\vm\prims\jvm.cpp:1281
Event: 0.093 Thread 0x0000000002149000 Threw 0x00000000f5746530 at C:\re\jdk7u71\1605\hotspot\src\share\vm\prims\jvm.cpp:1281
Event: 0.094 Thread 0x0000000002149000 Threw 0x00000000f5748d60 at C:\re\jdk7u71\1605\hotspot\src\share\vm\prims\jvm.cpp:1281
Event: 0.096 Thread 0x0000000002149000 Threw 0x00000000f5757388 at C:\re\jdk7u71\1605\hotspot\src\share\vm\prims\jvm.cpp:1281
Event: 0.096 Thread 0x0000000002149000 Threw 0x00000000f575d1c8 at C:\re\jdk7u71\1605\hotspot\src\share\vm\prims\jvm.cpp:1281
Event: 0.096 Thread 0x0000000002149000 Threw 0x00000000f5762e78 at C:\re\jdk7u71\1605\hotspot\src\share\vm\prims\jvm.cpp:1281
Event: 0.098 Thread 0x0000000002149000 Threw 0x00000000f576e710 at C:\re\jdk7u71\1605\hotspot\src\share\vm\prims\jvm.cpp:1281
Event: 0.098 Thread 0x0000000002149000 Threw 0x00000000f5772348 at C:\re\jdk7u71\1605\hotspot\src\share\vm\prims\jvm.cpp:1281
Event: 0.099 Thread 0x0000000002149000 Threw 0x00000000f57751d8 at C:\re\jdk7u71\1605\hotspot\src\share\vm\prims\jvm.cpp:1281

Events (10 events):
Event: 0.097 loading class 0x0000000007540e30
Event: 0.097 loading class 0x0000000007540e30 done
Event: 0.098 loading class 0x0000000008931010
Event: 0.098 loading class 0x0000000008931010 done
Event: 0.098 loading class 0x00000000089b7670
Event: 0.098 loading class 0x00000000089b7670 done
Event: 0.098 loading class 0x00000000089beca0
Event: 0.098 loading class 0x00000000089beca0 done
Event: 0.099 loading class 0x00000000089c6fc0
Event: 0.099 loading class 0x00000000089c6fc0 done


Dynamic libraries:
0x000000013fe40000 - 0x000000013fe73000 	C:\Program Files\Java\jdk1.7.0_71\bin\java.exe
0x0000000077390000 - 0x0000000077539000 	C:\Windows\SYSTEM32\ntdll.dll
0x0000000077170000 - 0x000000007728f000 	C:\Windows\system32\kernel32.dll
0x000007fefc440000 - 0x000007fefc4ac000 	C:\Windows\system32\KERNELBASE.dll
0x000007fefc9b0000 - 0x000007fefca8b000 	C:\Windows\system32\ADVAPI32.dll
0x000007fefc6e0000 - 0x000007fefc77f000 	C:\Windows\system32\msvcrt.dll
0x000007fefe0c0000 - 0x000007fefe0df000 	C:\Windows\SYSTEM32\sechost.dll
0x000007fefdf90000 - 0x000007fefe0bd000 	C:\Windows\system32\RPCRT4.dll
0x0000000077290000 - 0x000000007738a000 	C:\Windows\system32\USER32.dll
0x000007fefd9d0000 - 0x000007fefda37000 	C:\Windows\system32\GDI32.dll
0x000007fefde30000 - 0x000007fefde3e000 	C:\Windows\system32\LPK.dll
0x000007fefde40000 - 0x000007fefdf09000 	C:\Windows\system32\USP10.dll
0x000007fefac00000 - 0x000007fefadf4000 	C:\Windows\WinSxS\amd64_microsoft.windows.common-controls_6595b64144ccf1df_6.0.7601.18837_none_fa3b1e3d17594757\COMCTL32.dll
0x000007fefdcd0000 - 0x000007fefdd41000 	C:\Windows\system32\SHLWAPI.dll
0x000007fefdc40000 - 0x000007fefdc6e000 	C:\Windows\system32\IMM32.DLL
0x000007fefcb30000 - 0x000007fefcc39000 	C:\Windows\system32\MSCTF.dll
0x000000006e620000 - 0x000000006e6f2000 	C:\Program Files\Java\jdk1.7.0_71\jre\bin\msvcr100.dll
0x0000000054220000 - 0x00000000549f3000 	C:\Program Files\Java\jdk1.7.0_71\jre\bin\server\jvm.dll
0x000007fef7910000 - 0x000007fef7919000 	C:\Windows\system32\WSOCK32.dll
0x000007fefc690000 - 0x000007fefc6dd000 	C:\Windows\system32\WS2_32.dll
0x000007fefe6f0000 - 0x000007fefe6f8000 	C:\Windows\system32\NSI.dll
0x000007fef9f80000 - 0x000007fef9fbb000 	C:\Windows\system32\WINMM.dll
0x0000000077560000 - 0x0000000077567000 	C:\Windows\system32\PSAPI.DLL
0x000000006f980000 - 0x000000006f98f000 	C:\Program Files\Java\jdk1.7.0_71\jre\bin\verify.dll
0x000000006f460000 - 0x000000006f488000 	C:\Program Files\Java\jdk1.7.0_71\jre\bin\java.dll
0x000000006f440000 - 0x000000006f455000 	C:\Program Files\Java\jdk1.7.0_71\jre\bin\zip.dll
0x000000006f420000 - 0x000000006f439000 	C:\Program Files\Java\jdk1.7.0_71\jre\bin\net.dll
0x000007fefb980000 - 0x000007fefb9d5000 	C:\Windows\system32\mswsock.dll
0x000007fefbb20000 - 0x000007fefbb27000 	C:\Windows\System32\wship6.dll
0x000000006f400000 - 0x000000006f411000 	C:\Program Files\Java\jdk1.7.0_71\jre\bin\nio.dll

VM Arguments:
jvm_args: -Xmx1024M -Dfile.encoding=windows-1252 -Duser.country=GB -Duser.language=en -Duser.variant -Xmx512M 
java_command: com.android.dx.command.Main --dex --output I:\GitHub\BuildItBigger\app\build\intermediates\pre-dexed\free\debug\classes-3605aed4267af00ce5c61bed0db5dc0127b00e7d.jar I:\GitHub\BuildItBigger\app\build\intermediates\exploded-aar\com.google.android.gms\play-services-cast\7.5.0\jars\classes.jar
Launcher Type: SUN_STANDARD

Environment Variables:



---------------  S Y S T E M  ---------------

OS: Windows 7 , 64 bit Build 7601 Service Pack 1

CPU:total 8 (4 cores per cpu, 2 threads per core) family 6 model 42 stepping 7, cmov, cx8, fxsr, mmx, sse, sse2, sse3, ssse3, sse4.1, sse4.2, popcnt, avx, aes, ht, tsc, tscinvbit

Memory: 4k page, physical 8233400k(845396k free), swap 8834444k(5120k free)

vm_info: Java HotSpot(TM) 64-Bit Server VM (24.71-b01) for windows-amd64 JRE (1.7.0_71-b14), built on Sep 26 2014 16:16:12 by "java_re" with unknown MS VC++:1600

time: Thu Sep 10 13:15:53 2015
elapsed time: 0 seconds

