  [jvm.dll+0x1ce357]
#
# Failed to write core dump. Minidumps are not enabled by default on client versions of Windows
#
# If you would like to submit a bug report, please visit:
#   http://bugreport.sun.com/bugreport/crash.jsp
#

---------------  T H R E A D  ---------------

Current thread (0x0000000007a03000):  JavaThread "Signal Dispatcher" daemon [_thread_in_vm, id=15316, stack(0x000000000a020000,0x000000000a120000)]

siginfo: ExceptionCode=0xc00000fd, ExceptionInformation=0x0000000000000001 0x000000000a11b740 

Registers:
RAX=0x000000000a11b740, RBX=0x0000000000000005, RCX=0x0000000000004000, RDX=0x000000000a029168
RSP=0x000000000a11f740, RBP=0x0000000000000000, RSI=0x000000000a11f740, RDI=0x0000000000000005
R8 =0x0000000000000009, R9 =0x0000000007a03000, R10=0x000000000a11f980, R11=0x000000000a11fb10
R12=0x000000000a11fb10, R13=0x000000000a11f888, R14=0x000000000a11f990, R15=0x00000000027c0840
RIP=0x00000000543ee357, EFLAGS=0x0000000000010202

Top of Stack: (sp=0x000000000a11f740)
0x000000000a11f740:   00000000022de920 0000000000000000
0x000000000a11f750:   0000000000000000 00000000542bfd83
0x000000000a11f760:   0000000000000000 00000000543eee9a
0x000000000a11f770:   000000000a11f900 00000000022de920
0x000000000a11f780:   0000000007a03000 0000000007a03000
0x000000000a11f790:   0000000000000000 0000000000000000
0x000000000a11f7a0:   0000000000000000 00000000542c2fdd
0x000000000a11f7b0:   0000000007a03000 0000000000000000
0x000000000a11f7c0:   0000000000000000 0000000000000000
0x000000000a11f7d0:   00000000022de920 0000000000000006
0x000000000a11f7e0:   0000000007a03000 0000000000000000
0x000000000a11f7f0:   0000000000000000 0000000000000000
0x000000000a11f800:   0000000007a03000 0000000007812670
0x000000000a11f810:   0000000007a03000 000000000a11f990
0x000000000a11f820:   0000000007813f90 000000000a11fb10
0x000000000a11f830:   0000000007a03000 0000000007813f90 

Instructions: (pc=0x00000000543ee357)
0x00000000543ee337:   48 89 6c 24 30 33 ed 66 90 e8 db b4 07 00 ff c3
0x00000000543ee347:   48 63 c8 48 8b c6 48 0f af cf 48 ff c7 48 2b c1
0x00000000543ee357:   89 28 48 63 c3 48 3b 05 cd c3 52 00 7e db 48 8b
0x00000000543ee367:   6c 24 30 48 8b 5c 24 38 48 8b 74 24 40 48 83 c4 


Register to memory mapping:

RAX=0x000000000a11b740 is pointing into the stack for thread: 0x0000000007a03000
RBX=0x0000000000000005 is an unknown value
RCX=0x0000000000004000 is an unknown value
RDX=0x000000000a029168 is pointing into the stack for thread: 0x0000000007a03000
RSP=0x000000000a11f740 is pointing into the stack for thread: 0x0000000007a03000
RBP=0x0000000000000000 is an unknown value
RSI=0x000000000a11f740 is pointing into the stack for thread: 0x0000000007a03000
RDI=0x0000000000000005 is an unknown value
R8 =0x0000000000000009 is an unknown value
R9 =0x0000000007a03000 is a thread
R10=0x000000000a11f980 is pointing into the stack for thread: 0x0000000007a03000
R11=0x000000000a11fb10 is pointing into the stack for thread: 0x0000000007a03000
R12=0x000000000a11fb10 is pointing into the stack for thread: 0x0000000007a03000
R13=0x000000000a11f888 is pointing into the stack for thread: 0x0000000007a03000
R14=0x000000000a11f990 is pointing into the stack for thread: 0x0000000007a03000
R15=0x00000000027c0840 is at code_begin+0 in an Interpreter codelet
method entry point (kind = zerolocals)  [0x00000000027c0840, 0x00000000027c0b40]  768 bytes


Stack: [0x000000000a020000,0x000000000a120000],  sp=0x000000000a11f740,  free space=1021k
Native frames: (J=compiled Java code, j=interpreted, Vv=VM code, C=native code)
V  [jvm.dll+0x1ce357]

[error occurred during error reporting (printing native stack), id 0xc0000005]


