#
# There is insufficient memory for the Java Runtime Environment to continue.
# Native memory allocation (malloc) failed to allocate 740656 bytes for Chunk::new
# Possible reasons:
#   The system is out of physical RAM or swap space
#   In 32 bit mode, the process size limit was hit
# Possible solutions:
#   Reduce memory load on the system
#   Increase physical memory or swap space
#   Check if swap backing store is full
#   Use 64 bit Java on a 64 bit OS
#   Decrease Java heap size (-Xmx/-Xms)
#   Decrease number of Java threads
#   Decrease Java thread stack sizes (-Xss)
#   Set larger code cache with -XX:ReservedCodeCacheSize=
# This output file may be truncated or incomplete.
#
#  Out of Memory Error (allocation.cpp:323), pid=6936, tid=14344
#
# JRE version: Java(TM) SE Runtime Environment (7.0_71-b14) (build 1.7.0_71-b14)
# Java VM: Java HotSpot(TM) 64-Bit Server VM (24.71-b01 mixed mode windows-amd64 compressed oops)
# Failed to write core dump. Minidumps are not enabled by default on client versions of Windows
#

---------------  T H R E A D  ---------------

Current thread (0x0000000008625000):  JavaThread "C2 CompilerThread1" daemon [_thread_in_native, id=14344, stack(0x0000000005340000,0x0000000005440000)]

Stack: [0x0000000005340000,0x0000000005440000]
[error occurred during error reporting (printing stack bounds), id 0xc0000005]


[error occurred during error reporting (printing native stack), id 0xc0000005]


Current CompileTask:
C2:   1694  220   !         com.android.dx.cf.code.Ropper::processBlock (1101 bytes)


---------------  P R O C E S S  ---------------

Java Threads: ( => current thread )
  0x0000000008632800 JavaThread "Service Thread" daemon [_thread_blocked, id=14412, stack(0x00000000096a0000,0x00000000097a0000)]
=>0x0000000008625000 JavaThread "C2 CompilerThread1" daemon [_thread_in_native, id=14344, stack(0x0000000005340000,0x0000000005440000)]
  0x0000000007475000 JavaThread "C2 CompilerThread0" daemon [_thread_in_native, id=10868, stack(0x0000000009d30000,0x0000000009e30000)]
  0x0000000007473800 JavaThread "Attach Listener" daemon [_thread_blocked, id=9432, stack(0x0000000009bc0000,0x0000000009cc0000)]
  0x0000000007473000 JavaThread "Signal Dispatcher" daemon [_thread_blocked, id=11392, stack(0x0000000009a30000,0x0000000009b30000)]
  0x0000000007467000 JavaThread "Finalizer" daemon [_thread_blocked, id=4336, stack(0x0000000009910000,0x0000000009a10000)]
  0x0000000007460800 JavaThread "Reference Handler" daemon [_thread_blocked, id=7744, stack(0x00000000097a0000,0x00000000098a0000)]
  0x0000000001e79800 JavaThread "main" [_thread_in_Java, id=7964, stack(0x0000000002110000,0x0000000002210000)]

Other Threads:
  0x000000000745d800 VMThread [stack: 0x0000000009580000,0x0000000009680000] [id=17068]
  0x000000000863b800 WatcherThread [stack: 0x0000000009f40000,0x000000000a040000] [id=5468]

VM state:not at safepoint (normal execution)

VM Mutex/Monitor currently owned by a thread: None

Heap
 PSYoungGen      total 37888K, used 31553K [0x00000000f5500000, 0x00000000f7f00000, 0x0000000100000000)
  eden space 32768K, 96% used [0x00000000f5500000,0x00000000f73d0580,0x00000000f7500000)
  from space 5120K, 0% used [0x00000000f7a00000,0x00000000f7a00000,0x00000000f7f00000)
  to   space 5120K, 0% used [0x00000000f7500000,0x00000000f7500000,0x00000000f7a00000)
 ParOldGen       total 85504K, used 0K [0x00000000e0000000, 0x00000000e5380000, 0x00000000f5500000)
  object space 85504K, 0% used [0x00000000e0000000,0x00000000e0000000,0x00000000e5380000)
 PSPermGen       total 21504K, used 5540K [0x00000000dae00000, 0x00000000dc300000, 0x00000000e0000000)
  object space 21504K, 25% used [0x00000000dae00000,0x00000000db369108,0x00000000dc300000)

Card table byte_map: [0x0000000005210000,0x0000000005340000] byte_map_base: 0x0000000004b39000

Polling page: 0x0000000000220000

Code Cache  [0x0000000002210000, 0x0000000002480000, 0x0000000005210000)
 total_blobs=452 nmethods=218 adapters=186 free_code_cache=48243Kb largest_free_block=49368064

Compilation events (10 events):
Event: 1.602 Thread 0x0000000008625000 nmethod 215 0x00000000022db150 code [0x00000000022db2a0, 0x00000000022db518]
Event: 1.602 Thread 0x0000000008625000  216             java.util.HashMap::<init> (9 bytes)
Event: 1.603 Thread 0x0000000008625000 nmethod 216 0x00000000022da0d0 code [0x00000000022da220, 0x00000000022da2d8]
Event: 1.603 Thread 0x0000000008625000  217             com.android.dx.util.BitIntSet::<init> (13 bytes)
Event: 1.603 Thread 0x0000000008625000 nmethod 217 0x00000000022d9d90 code [0x00000000022d9ee0, 0x00000000022d9ff8]
Event: 1.603 Thread 0x0000000008625000  218             com.android.dx.ssa.back.IdenticalBlockCombiner::process (323 bytes)
Event: 1.620 Thread 0x0000000007475000 nmethod 198 0x00000000022f1710 code [0x00000000022f1b20, 0x00000000022f3bf0]
Event: 1.621 Thread 0x0000000007475000  219             com.android.dx.ssa.SCCP::simulateBlock (54 bytes)
Event: 1.649 Thread 0x0000000008625000 nmethod 218 0x00000000022f7910 code [0x00000000022f7be0, 0x00000000022f9278]
Event: 1.649 Thread 0x0000000008625000  220   !         com.android.dx.cf.code.Ropper::processBlock (1101 bytes)

GC Heap History (0 events):
No events

Deoptimization events (4 events):
Event: 0.819 Thread 0x0000000001e79800 Uncommon trap: reason=class_check action=maybe_recompile pc=0x0000000002282734 method=com.android.dx.ssa.NormalSsaInsn.accept(Lcom/android/dx/ssa/SsaInsn$Visitor;)V @ 9
Event: 0.906 Thread 0x0000000001e79800 Uncommon trap: reason=null_check action=make_not_entrant pc=0x0000000002293650 method=com.android.dx.rop.code.LocalItem.equals(Ljava/lang/Object;)Z @ 1
Event: 1.348 Thread 0x0000000001e79800 Uncommon trap: reason=null_check action=make_not_entrant pc=0x00000000022cff84 method=com.android.dx.rop.code.RegisterSpec.equals(Ljava/lang/Object;)Z @ 1
Event: 1.610 Thread 0x0000000001e79800 Uncommon trap: reason=unreached action=reinterpret pc=0x0000000002294d84 method=com.android.dx.rop.cst.Constant.compareTo(Lcom/android/dx/rop/cst/Constant;)I @ 12

Internal exceptions (10 events):
Event: 0.645 Thread 0x0000000001e79800 Threw 0x00000000f5ebb148 at C:\re\jdk7u71\1605\hotspot\src\share\vm\prims\jvm.cpp:1281
Event: 0.646 Thread 0x0000000001e79800 Threw 0x00000000f5ec4cb0 at C:\re\jdk7u71\1605\hotspot\src\share\vm\prims\jvm.cpp:1281
Event: 0.646 Thread 0x0000000001e79800 Threw 0x00000000f5ec6e00 at C:\re\jdk7u71\1605\hotspot\src\share\vm\prims\jvm.cpp:1281
Event: 0.905 Thread 0x0000000001e79800 Implicit null exception at 0x00000000022932e3 to 0x0000000002293635
Event: 0.927 Thread 0x0000000001e79800 Threw 0x00000000f62367f0 at C:\re\jdk7u71\1605\hotspot\src\share\vm\prims\jvm.cpp:1281
Event: 0.990 Thread 0x0000000001e79800 Threw 0x00000000f6344450 at C:\re\jdk7u71\1605\hotspot\src\share\vm\prims\jvm.cpp:1281
Event: 1.304 Thread 0x0000000001e79800 Threw 0x00000000f6a59170 at C:\re\jdk7u71\1605\hotspot\src\share\vm\prims\jvm.cpp:1281
Event: 1.339 Thread 0x0000000001e79800 Threw 0x00000000f6b80448 at C:\re\jdk7u71\1605\hotspot\src\share\vm\prims\jvm.cpp:1281
Event: 1.348 Thread 0x0000000001e79800 Implicit null exception at 0x00000000022cef8f to 0x00000000022cff59
Event: 1.609 Thread 0x0000000001e79800 Threw 0x00000000f7116280 at C:\re\jdk7u71\1605\hotspot\src\share\vm\prims\jvm.cpp:1281

Events (10 events):
Event: 1.339 loading class 0x000000000867cc80
Event: 1.339 loading class 0x000000000867cc80 done
Event: 1.348 Thread 0x0000000001e79800 Uncommon trap: trap_request=0xfffffff4 fr.pc=0x00000000022cff84
Event: 1.348 Thread 0x0000000001e79800 DEOPT PACKING pc=0x00000000022cff84 sp=0x000000000220ea70
Event: 1.348 Thread 0x0000000001e79800 DEOPT UNPACKING pc=0x00000000022475a4 sp=0x000000000220e988 mode 2
Event: 1.609 loading class 0x0000000008819be0
Event: 1.609 loading class 0x0000000008819be0 done
Event: 1.610 Thread 0x0000000001e79800 Uncommon trap: trap_request=0xffffffad fr.pc=0x0000000002294d84
Event: 1.610 Thread 0x0000000001e79800 DEOPT PACKING pc=0x0000000002294d84 sp=0x000000000220e690
Event: 1.610 Thread 0x0000000001e79800 DEOPT UNPACKING pc=0x00000000022475a4 sp=0x000000000220e630 mode 2


Dynamic libraries:
0x000000013fdb0000 - 0x000000013fde3000 	C:\Program Files\Java\jdk1.7.0_71\bin\java.exe
0x00000000778d0000 - 0x0000000077a79000 	C:\Windows\SYSTEM32\ntdll.dll
0x00000000776b0000 - 0x00000000777cf000 	C:\Windows\system32\kernel32.dll
0x000007fefc7b0000 - 0x000007fefc81c000 	C:\Windows\system32\KERNELBASE.dll
0x000007fefcfd0000 - 0x000007fefd0ab000 	C:\Windows\system32\ADVAPI32.dll
0x000007fefe3f0000 - 0x000007fefe48f000 	C:\Windows\system32\msvcrt.dll
0x000007fefec20000 - 0x000007fefec3f000 	C:\Windows\SYSTEM32\sechost.dll
0x000007fefe520000 - 0x000007fefe64d000 	C:\Windows\system32\RPCRT4.dll
0x00000000777d0000 - 0x00000000778ca000 	C:\Windows\system32\USER32.dll
0x000007fefe810000 - 0x000007fefe877000 	C:\Windows\system32\GDI32.dll
0x000007fefe490000 - 0x000007fefe49e000 	C:\Windows\system32\LPK.dll
0x000007fefe6a0000 - 0x000007fefe769000 	C:\Windows\system32\USP10.dll
0x000007fefb140000 - 0x000007fefb334000 	C:\Windows\WinSxS\amd64_microsoft.windows.common-controls_6595b64144ccf1df_6.0.7601.18837_none_fa3b1e3d17594757\COMCTL32.dll
0x000007fefe790000 - 0x000007fefe801000 	C:\Windows\system32\SHLWAPI.dll
0x000007fefcb30000 - 0x000007fefcb5e000 	C:\Windows\system32\IMM32.DLL
0x000007fefe2e0000 - 0x000007fefe3e9000 	C:\Windows\system32\MSCTF.dll
0x00000000638d0000 - 0x00000000639a2000 	C:\Program Files\Java\jdk1.7.0_71\jre\bin\msvcr100.dll
0x000000006ed40000 - 0x000000006f513000 	C:\Program Files\Java\jdk1.7.0_71\jre\bin\server\jvm.dll
0x000007fef7e80000 - 0x000007fef7e89000 	C:\Windows\system32\WSOCK32.dll
0x000007fefe650000 - 0x000007fefe69d000 	C:\Windows\system32\WS2_32.dll
0x000007fefd150000 - 0x000007fefd158000 	C:\Windows\system32\NSI.dll
0x000007fefa3c0000 - 0x000007fefa3fb000 	C:\Windows\system32\WINMM.dll
0x0000000077a90000 - 0x0000000077a97000 	C:\Windows\system32\PSAPI.DLL
0x000000006e1f0000 - 0x000000006e1ff000 	C:\Program Files\Java\jdk1.7.0_71\jre\bin\verify.dll
0x000000006de60000 - 0x000000006de88000 	C:\Program Files\Java\jdk1.7.0_71\jre\bin\java.dll
0x000000006bb20000 - 0x000000006bb35000 	C:\Program Files\Java\jdk1.7.0_71\jre\bin\zip.dll
0x000000006bb00000 - 0x000000006bb19000 	C:\Program Files\Java\jdk1.7.0_71\jre\bin\net.dll
0x000007fefbf00000 - 0x000007fefbf55000 	C:\Windows\system32\mswsock.dll
0x000007fefbfa0000 - 0x000007fefbfa7000 	C:\Windows\System32\wship6.dll
0x000000006bae0000 - 0x000000006baf1000 	C:\Program Files\Java\jdk1.7.0_71\jre\bin\nio.dll

VM Arguments:
jvm_args: -Xmx1024M -Dfile.encoding=windows-1252 -Duser.country=GB -Duser.language=en -Duser.variant -Xmx512M 
java_command: com.android.dx.command.Main --dex --output I:\GitHub\BuildItBigger\app\build\intermediates\pre-dexed\debug\classes-477d909306002290b3a8c173a6f5c766e482bf2c.jar I:\GitHub\BuildItBigger\app\build\intermediates\exploded-aar\com.google.android.gms\play-services-appindexing\7.5.0\jars\classes.jar
Launcher Type: SUN_STANDARD

Environment Variables:
JAVA_HOME=C:\Program Files\Java\jdk1.7.0_71
_JAVA_OPTIONS=-Xmx512M
PATH=C:\ProgramData\Oracle\Java\javapath;C:\Windows\system32;C:\Windows;C:\Windows\System32\Wbem;C:\Windows\System32\WindowsPowerShell\v1.0\;C:\Program Files (x86)\Microsoft SQL Server\100\Tools\Binn\VSShell\Common7\IDE\;C:\Program Files (x86)\Microsoft SQL Server\100\Tools\Binn\;C:\Program Files\Microsoft SQL Server\100\Tools\Binn\;C:\Program Files (x86)\Microsoft SQL Server\100\DTS\Binn\;C:\Program Files\Microsoft SQL Server\100\DTS\Binn\;C:\Program Files (x86)\Microsoft Team Foundation Server 2012 Power Tools\;C:\Program Files (x86)\Microsoft Team Foundation Server 2012 Power Tools\Best Practices Analyzer\;C:\Program Files\System Center Operations Manager 2007\;C:\Program Files (x86)\Microsoft ASP.NET\ASP.NET Web Pages\v1.0\;C:\Program Files\Microsoft SQL Server\110\Tools\Binn\;C:\Program Files\Microsoft\Web Platform Installer\;C:\Program Files\Devart\Review Assistant;C:\Program Files\Microsoft SQL Server\120\Tools\Binn\;C:\Program Files\nodejs\;C:\Users\htan\Documents\Visual Studio 2012\Projects\MvcApplication2\node_modules\protractor\selenium;C:\Program Files (x86)\Git\cmd;C:\Program Files (x86)\GtkSharp\2.12\bin;C:\Program Files (x86)\Windows Kits\8.1\Windows Performance Toolkit\;C:\Program Files (x86)\Microsoft SDKs\TypeScript\1.4\;C:\Program Files (x86)\nodejs\;C:\Program Files (x86)\Skype\Phone\;C:\RailsInstaller\Git\cmd;C:\RailsInstaller\Ruby2.1.0\bin;C:\Ruby193\bin;C:\Program Files\Java\jdk1.7.0_71;C:\Program Files\Java\jre7;C:\apache-ant-1.9.3\bin;I:\Android\android-sdk\tools;I:\Android\android-sdk\platform-tools;C:\Users\htan\AppData\Roaming\npm
USERNAME=htan
OS=Windows_NT
PROCESSOR_IDENTIFIER=Intel64 Family 6 Model 42 Stepping 7, GenuineIntel



---------------  S Y S T E M  ---------------

OS: Windows 7 , 64 bit Build 7601 Service Pack 1

CPU:total 8 (4 cores per cpu, 2 threads per core) family 6 model 42 stepping 7, cmov, cx8, fxsr, mmx, sse, sse2, sse3, ssse3, sse4.1, sse4.2, popcnt, avx, aes, ht, tsc, tscinvbit

Memory: 4k page, physical 8233400k(780436k free), swap 10013888k(5284k free)

vm_info: Java HotSpot(TM) 64-Bit Server VM (24.71-b01) for windows-amd64 JRE (1.7.0_71-b14), built on Sep 26 2014 16:16:12 by "java_re" with unknown MS VC++:1600

time: Tue Sep 08 18:55:43 2015
elapsed time: 1 seconds

