#
# There is insufficient memory for the Java Runtime Environment to continue.
# Native memory allocation (malloc) failed to allocate 77936 bytes for Chunk::new
# Possible reasons:
#   The system is out of physical RAM or swap space
#   In 32 bit mode, the process size limit was hit
# Possible solutions:
#   Reduce memory load on the system
#   Increase physical memory or swap space
#   Check if swap backing store is full
#   Use 64 bit Java on a 64 bit OS
#   Decrease Java heap size (-Xmx/-Xms)
#   Decrease number of Java threads
#   Decrease Java thread stack sizes (-Xss)
#   Set larger code cache with -XX:ReservedCodeCacheSize=
# This output file may be truncated or incomplete.
#
#  Out of Memory Error (allocation.cpp:323), pid=9784, tid=10416
#
# JRE version: Java(TM) SE Runtime Environment (7.0_71-b14) (build 1.7.0_71-b14)
# Java VM: Java HotSpot(TM) 64-Bit Server VM (24.71-b01 mixed mode windows-amd64 compressed oops)
# Failed to write core dump. Minidumps are not enabled by default on client versions of Windows
#

---------------  T H R E A D  ---------------

Current thread (0x0000000008a3c800):  JavaThread "C2 CompilerThread1" daemon [_thread_in_native, id=10416, stack(0x000000000a200000,0x000000000a300000)]

Stack: [0x000000000a200000,0x000000000a300000]
[error occurred during error reporting (printing stack bounds), id 0xc0000005]


[error occurred during error reporting (printing native stack), id 0xc0000005]


Current CompileTask:
C2:   1709  219             com.android.dx.ssa.SCCP::simulateBlock (54 bytes)


---------------  P R O C E S S  ---------------

Java Threads: ( => current thread )
  0x0000000008a3e000 JavaThread "Service Thread" daemon [_thread_blocked, id=13812, stack(0x000000000a320000,0x000000000a420000)]
=>0x0000000008a3c800 JavaThread "C2 CompilerThread1" daemon [_thread_in_native, id=10416, stack(0x000000000a200000,0x000000000a300000)]
  0x000000000799c800 JavaThread "C2 CompilerThread0" daemon [_thread_in_native, id=11636, stack(0x00000000099a0000,0x0000000009aa0000)]
  0x000000000799b800 JavaThread "Attach Listener" daemon [_thread_blocked, id=19212, stack(0x000000000a000000,0x000000000a100000)]
  0x000000000799a800 JavaThread "Signal Dispatcher" daemon [_thread_blocked, id=12796, stack(0x0000000009dd0000,0x0000000009ed0000)]
  0x00000000021eb000 JavaThread "Finalizer" daemon [_thread_blocked, id=15616, stack(0x0000000009c40000,0x0000000009d40000)]
  0x0000000007980800 JavaThread "Reference Handler" daemon [_thread_blocked, id=17164, stack(0x0000000009af0000,0x0000000009bf0000)]
  0x0000000002159000 JavaThread "main" [_thread_in_Java, id=7744, stack(0x0000000002550000,0x0000000002650000)]

Other Threads:
  0x000000000797d800 VMThread [stack: 0x0000000006310000,0x0000000006410000] [id=8416]
  0x0000000008a4b800 WatcherThread [stack: 0x0000000009ef0000,0x0000000009ff0000] [id=9148]

VM state:not at safepoint (normal execution)

VM Mutex/Monitor currently owned by a thread: None

Heap
 PSYoungGen      total 37888K, used 28874K [0x00000000f5500000, 0x00000000f7f00000, 0x0000000100000000)
  eden space 32768K, 88% used [0x00000000f5500000,0x00000000f7132860,0x00000000f7500000)
  from space 5120K, 0% used [0x00000000f7a00000,0x00000000f7a00000,0x00000000f7f00000)
  to   space 5120K, 0% used [0x00000000f7500000,0x00000000f7500000,0x00000000f7a00000)
 ParOldGen       total 85504K, used 0K [0x00000000e0000000, 0x00000000e5380000, 0x00000000f5500000)
  object space 85504K, 0% used [0x00000000e0000000,0x00000000e0000000,0x00000000e5380000)
 PSPermGen       total 21504K, used 5518K [0x00000000dae00000, 0x00000000dc300000, 0x00000000e0000000)
  object space 21504K, 25% used [0x00000000dae00000,0x00000000db363838,0x00000000dc300000)

Card table byte_map: [0x00000000023b0000,0x00000000024e0000] byte_map_base: 0x0000000001cd9000

Polling page: 0x0000000000250000

Code Cache  [0x0000000002650000, 0x00000000028c0000, 0x0000000005650000)
 total_blobs=452 nmethods=218 adapters=186 free_code_cache=48288Kb largest_free_block=49409536

Compilation events (10 events):
Event: 1.643 Thread 0x000000000799c800 nmethod 208 0x0000000002723590 code [0x0000000002723960, 0x0000000002725460]
Event: 1.644 Thread 0x000000000799c800  216             com.android.dx.ssa.SsaBasicBlock::newFromRop (183 bytes)
Event: 1.692 Thread 0x000000000799c800 nmethod 216 0x0000000002720510 code [0x00000000027207a0, 0x0000000002721d00]
Event: 1.692 Thread 0x000000000799c800  217             com.android.dx.ssa.SsaBasicBlock::forEachPhiInsn (54 bytes)
Event: 1.697 Thread 0x000000000799c800 nmethod 217 0x0000000002719b90 code [0x0000000002719d20, 0x000000000271a0e8]
Event: 1.697 Thread 0x000000000799c800  218             com.android.dx.rop.code.BasicBlockList::forEachInsn (39 bytes)
Event: 1.698 Thread 0x0000000008a3c800 nmethod 215 0x000000000272c090 code [0x000000000272c360, 0x000000000272e0f8]
Event: 1.699 Thread 0x0000000008a3c800  219             com.android.dx.ssa.SCCP::simulateBlock (54 bytes)
Event: 1.700 Thread 0x000000000799c800 nmethod 218 0x00000000027192d0 code [0x0000000002719420, 0x00000000027196b8]
Event: 1.700 Thread 0x000000000799c800  220             com.android.dx.ssa.SsaMethod::buildUseList (112 bytes)

GC Heap History (0 events):
No events

Deoptimization events (3 events):
Event: 0.963 Thread 0x0000000002159000 Uncommon trap: reason=null_check action=make_not_entrant pc=0x00000000026cf410 method=com.android.dx.rop.code.LocalItem.equals(Ljava/lang/Object;)Z @ 1
Event: 1.092 Thread 0x0000000002159000 Uncommon trap: reason=unreached action=reinterpret pc=0x00000000026d8dc4 method=com.android.dx.rop.cst.Constant.compareTo(Lcom/android/dx/rop/cst/Constant;)I @ 12
Event: 1.680 Thread 0x0000000002159000 Uncommon trap: reason=null_check action=make_not_entrant pc=0x0000000002706b6c method=com.android.dx.rop.code.RegisterSpec.equals(Ljava/lang/Object;)Z @ 1

Internal exceptions (10 events):
Event: 0.706 Thread 0x0000000002159000 Threw 0x00000000f5d42eb0 at C:\re\jdk7u71\1605\hotspot\src\share\vm\prims\jvm.cpp:1281
Event: 0.707 Thread 0x0000000002159000 Threw 0x00000000f5d4cb18 at C:\re\jdk7u71\1605\hotspot\src\share\vm\prims\jvm.cpp:1281
Event: 0.712 Thread 0x0000000002159000 Threw 0x00000000f5d4ec68 at C:\re\jdk7u71\1605\hotspot\src\share\vm\prims\jvm.cpp:1281
Event: 0.749 Thread 0x0000000002159000 Threw 0x00000000f5dd27d8 at C:\re\jdk7u71\1605\hotspot\src\share\vm\prims\jvm.cpp:1281
Event: 0.750 Thread 0x0000000002159000 Threw 0x00000000f5dda2d0 at C:\re\jdk7u71\1605\hotspot\src\share\vm\prims\jvm.cpp:1281
Event: 0.963 Thread 0x0000000002159000 Implicit null exception at 0x00000000026cf0a3 to 0x00000000026cf3f5
Event: 1.037 Thread 0x0000000002159000 Threw 0x00000000f62496b0 at C:\re\jdk7u71\1605\hotspot\src\share\vm\prims\jvm.cpp:1281
Event: 1.370 Thread 0x0000000002159000 Threw 0x00000000f68c3120 at C:\re\jdk7u71\1605\hotspot\src\share\vm\prims\jvm.cpp:1281
Event: 1.627 Thread 0x0000000002159000 Threw 0x00000000f6f2e898 at C:\re\jdk7u71\1605\hotspot\src\share\vm\prims\jvm.cpp:1281
Event: 1.680 Thread 0x0000000002159000 Implicit null exception at 0x0000000002705e42 to 0x0000000002706b3d

Events (10 events):
Event: 1.092 Thread 0x0000000002159000 Uncommon trap: trap_request=0xffffffad fr.pc=0x00000000026d8dc4
Event: 1.092 Thread 0x0000000002159000 DEOPT PACKING pc=0x00000000026d8dc4 sp=0x000000000264e790
Event: 1.092 Thread 0x0000000002159000 DEOPT UNPACKING pc=0x00000000026875a4 sp=0x000000000264e730 mode 2
Event: 1.370 loading class 0x0000000008a8a0b0
Event: 1.370 loading class 0x0000000008a8a0b0 done
Event: 1.627 loading class 0x0000000008c0a210
Event: 1.627 loading class 0x0000000008c0a210 done
Event: 1.680 Thread 0x0000000002159000 Uncommon trap: trap_request=0xfffffff4 fr.pc=0x0000000002706b6c
Event: 1.680 Thread 0x0000000002159000 DEOPT PACKING pc=0x0000000002706b6c sp=0x000000000264eb60
Event: 1.680 Thread 0x0000000002159000 DEOPT UNPACKING pc=0x00000000026875a4 sp=0x000000000264ea88 mode 2


Dynamic libraries:
0x000000013fe40000 - 0x000000013fe73000 	C:\Program Files\Java\jdk1.7.0_71\bin\java.exe
0x0000000077390000 - 0x0000000077539000 	C:\Windows\SYSTEM32\ntdll.dll
0x0000000077170000 - 0x000000007728f000 	C:\Windows\system32\kernel32.dll
0x000007fefc440000 - 0x000007fefc4ac000 	C:\Windows\system32\KERNELBASE.dll
0x000007fefc9b0000 - 0x000007fefca8b000 	C:\Windows\system32\ADVAPI32.dll
0x000007fefc6e0000 - 0x000007fefc77f000 	C:\Windows\system32\msvcrt.dll
0x000007fefe0c0000 - 0x000007fefe0df000 	C:\Windows\SYSTEM32\sechost.dll
0x000007fefdf90000 - 0x000007fefe0bd000 	C:\Windows\system32\RPCRT4.dll
0x0000000077290000 - 0x000000007738a000 	C:\Windows\system32\USER32.dll
0x000007fefd9d0000 - 0x000007fefda37000 	C:\Windows\system32\GDI32.dll
0x000007fefde30000 - 0x000007fefde3e000 	C:\Windows\system32\LPK.dll
0x000007fefde40000 - 0x000007fefdf09000 	C:\Windows\system32\USP10.dll
0x000007fefac00000 - 0x000007fefadf4000 	C:\Windows\WinSxS\amd64_microsoft.windows.common-controls_6595b64144ccf1df_6.0.7601.18837_none_fa3b1e3d17594757\COMCTL32.dll
0x000007fefdcd0000 - 0x000007fefdd41000 	C:\Windows\system32\SHLWAPI.dll
0x000007fefdc40000 - 0x000007fefdc6e000 	C:\Windows\system32\IMM32.DLL
0x000007fefcb30000 - 0x000007fefcc39000 	C:\Windows\system32\MSCTF.dll
0x000000006e620000 - 0x000000006e6f2000 	C:\Program Files\Java\jdk1.7.0_71\jre\bin\msvcr100.dll
0x0000000054220000 - 0x00000000549f3000 	C:\Program Files\Java\jdk1.7.0_71\jre\bin\server\jvm.dll
0x000007fef7910000 - 0x000007fef7919000 	C:\Windows\system32\WSOCK32.dll
0x000007fefc690000 - 0x000007fefc6dd000 	C:\Windows\system32\WS2_32.dll
0x000007fefe6f0000 - 0x000007fefe6f8000 	C:\Windows\system32\NSI.dll
0x000007fef9f80000 - 0x000007fef9fbb000 	C:\Windows\system32\WINMM.dll
0x0000000077560000 - 0x0000000077567000 	C:\Windows\system32\PSAPI.DLL
0x000000006f980000 - 0x000000006f98f000 	C:\Program Files\Java\jdk1.7.0_71\jre\bin\verify.dll
0x000000006f460000 - 0x000000006f488000 	C:\Program Files\Java\jdk1.7.0_71\jre\bin\java.dll
0x000000006f440000 - 0x000000006f455000 	C:\Program Files\Java\jdk1.7.0_71\jre\bin\zip.dll
0x000000006f420000 - 0x000000006f439000 	C:\Program Files\Java\jdk1.7.0_71\jre\bin\net.dll
0x000007fefb980000 - 0x000007fefb9d5000 	C:\Windows\system32\mswsock.dll
0x000007fefbb20000 - 0x000007fefbb27000 	C:\Windows\System32\wship6.dll
0x000000006f400000 - 0x000000006f411000 	C:\Program Files\Java\jdk1.7.0_71\jre\bin\nio.dll

VM Arguments:
jvm_args: -Xmx1024M -Dfile.encoding=windows-1252 -Duser.country=GB -Duser.language=en -Duser.variant -Xmx512M 
java_command: com.android.dx.command.Main --dex --output I:\GitHub\BuildItBigger\app\build\intermediates\pre-dexed\free\debug\classes-166f668d8e8e0d0686650f85ddaf0ecd774ea796.jar I:\GitHub\BuildItBigger\app\build\intermediates\exploded-aar\com.google.android.gms\play-services-plus\7.5.0\jars\classes.jar
Launcher Type: SUN_STANDARD

Environment Variables:
JAVA_HOME=C:\Program Files\Java\jdk1.7.0_71
_JAVA_OPTIONS=-Xmx512M
PATH=C:\ProgramData\Oracle\Java\javapath;C:\Windows\system32;C:\Windows;C:\Windows\System32\Wbem;C:\Windows\System32\WindowsPowerShell\v1.0\;C:\Program Files (x86)\Microsoft SQL Server\100\Tools\Binn\VSShell\Common7\IDE\;C:\Program Files (x86)\Microsoft SQL Server\100\Tools\Binn\;C:\Program Files\Microsoft SQL Server\100\Tools\Binn\;C:\Program Files (x86)\Microsoft SQL Server\100\DTS\Binn\;C:\Program Files\Microsoft SQL Server\100\DTS\Binn\;C:\Program Files (x86)\Microsoft Team Foundation Server 2012 Power Tools\;C:\Program Files (x86)\Microsoft Team Foundation Server 2012 Power Tools\Best Practices Analyzer\;C:\Program Files\System Center Operations Manager 2007\;C:\Program Files (x86)\Microsoft ASP.NET\ASP.NET Web Pages\v1.0\;C:\Program Files\Microsoft SQL Server\110\Tools\Binn\;C:\Program Files\Microsoft\Web Platform Installer\;C:\Program Files\Devart\Review Assistant;C:\Program Files\Microsoft SQL Server\120\Tools\Binn\;C:\Program Files\nodejs\;C:\Users\htan\Documents\Visual Studio 2012\Projects\MvcApplication2\node_modules\protractor\selenium;C:\Program Files (x86)\Git\cmd;C:\Program Files (x86)\GtkSharp\2.12\bin;C:\Program Files (x86)\Windows Kits\8.1\Windows Performance Toolkit\;C:\Program Files (x86)\nodejs\;C:\Program Files (x86)\Skype\Phone\;C:\RailsInstaller\Git\cmd;C:\RailsInstaller\Ruby2.1.0\bin;C:\Ruby193\bin;C:\Program Files\Java\jdk1.7.0_71;C:\Program Files\Java\jre7;C:\apache-ant-1.9.3\bin;I:\Android\android-sdk\tools;I:\Android\android-sdk\platform-tools;C:\Users\htan\AppData\Roaming\npm
USERNAME=htan
OS=Windows_NT
PROCESSOR_IDENTIFIER=Intel64 Family 6 Model 42 Stepping 7, GenuineIntel



---------------  S Y S T E M  ---------------

OS: Windows 7 , 64 bit Build 7601 Service Pack 1

CPU:total 8 (4 cores per cpu, 2 threads per core) family 6 model 42 stepping 7, cmov, cx8, fxsr, mmx, sse, sse2, sse3, ssse3, sse4.1, sse4.2, popcnt, avx, aes, ht, tsc, tscinvbit

Memory: 4k page, physical 8233400k(590848k free), swap 8834444k(5104k free)

vm_info: Java HotSpot(TM) 64-Bit Server VM (24.71-b01) for windows-amd64 JRE (1.7.0_71-b14), built on Sep 26 2014 16:16:12 by "java_re" with unknown MS VC++:1600

time: Thu Sep 10 11:05:32 2015
elapsed time: 1 seconds

