#
# There is insufficient memory for the Java Runtime Environment to continue.
# Native memory allocation (malloc) failed to allocate 392816 bytes for Chunk::new
# Possible reasons:
#   The system is out of physical RAM or swap space
#   In 32 bit mode, the process size limit was hit
# Possible solutions:
#   Reduce memory load on the system
#   Increase physical memory or swap space
#   Check if swap backing store is full
#   Use 64 bit Java on a 64 bit OS
#   Decrease Java heap size (-Xmx/-Xms)
#   Decrease number of Java threads
#   Decrease Java thread stack sizes (-Xss)
#   Set larger code cache with -XX:ReservedCodeCacheSize=
# This output file may be truncated or incomplete.
#
#  Out of Memory Error (allocation.cpp:323), pid=17128, tid=10600
#
# JRE version: Java(TM) SE Runtime Environment (7.0_71-b14) (build 1.7.0_71-b14)
# Java VM: Java HotSpot(TM) 64-Bit Server VM (24.71-b01 mixed mode windows-amd64 compressed oops)
# Failed to write core dump. Minidumps are not enabled by default on client versions of Windows
#

---------------  T H R E A D  ---------------

Current thread (0x00000000078be800):  JavaThread "C2 CompilerThread0" daemon [_thread_in_native, id=10600, stack(0x000000000a170000,0x000000000a270000)]

Stack: [0x000000000a170000,0x000000000a270000]
[error occurred during error reporting (printing stack bounds), id 0xc0000005]


Current CompileTask:
C2:   3993  380             com.android.dx.ssa.SCCP::addUsersToWorklist (103 bytes)


---------------  P R O C E S S  ---------------

Java Threads: ( => current thread )
  0x0000000008960000 JavaThread "Service Thread" daemon [_thread_blocked, id=14524, stack(0x0000000009c20000,0x0000000009d20000)]
  0x000000000895a800 JavaThread "C2 CompilerThread1" daemon [_thread_blocked, id=9068, stack(0x000000000a2b0000,0x000000000a3b0000)]
=>0x00000000078be800 JavaThread "C2 CompilerThread0" daemon [_thread_in_native, id=10600, stack(0x000000000a170000,0x000000000a270000)]
  0x00000000078bd800 JavaThread "Attach Listener" daemon [_thread_blocked, id=8268, stack(0x00000000098a0000,0x00000000099a0000)]
  0x00000000078bd000 JavaThread "Signal Dispatcher" daemon [_thread_blocked, id=6908, stack(0x0000000009f50000,0x000000000a050000)]
  0x00000000078a6800 JavaThread "Finalizer" daemon [_thread_blocked, id=6000, stack(0x0000000009d90000,0x0000000009e90000)]
  0x00000000078a0800 JavaThread "Reference Handler" daemon [_thread_blocked, id=5996, stack(0x0000000009b00000,0x0000000009c00000)]
  0x00000000020d9000 JavaThread "main" [_thread_in_vm, id=14244, stack(0x0000000002440000,0x0000000002540000)]

Other Threads:
  0x000000000789d800 VMThread [stack: 0x00000000099a0000,0x0000000009aa0000] [id=16120]
  0x0000000008971800 WatcherThread [stack: 0x000000000a420000,0x000000000a520000] [id=9164]

VM state:not at safepoint (normal execution)

VM Mutex/Monitor currently owned by a thread: None

Heap
 PSYoungGen      total 70656K, used 6383K [0x00000000f5500000, 0x00000000f9f00000, 0x0000000100000000)
  eden space 65536K, 1% used [0x00000000f5500000,0x00000000f5642290,0x00000000f9500000)
  from space 5120K, 99% used [0x00000000f9a00000,0x00000000f9ef9c78,0x00000000f9f00000)
  to   space 5120K, 0% used [0x00000000f9500000,0x00000000f9500000,0x00000000f9a00000)
 ParOldGen       total 85504K, used 6630K [0x00000000e0000000, 0x00000000e5380000, 0x00000000f5500000)
  object space 85504K, 7% used [0x00000000e0000000,0x00000000e0679918,0x00000000e5380000)
 PSPermGen       total 21504K, used 5634K [0x00000000dae00000, 0x00000000dc300000, 0x00000000e0000000)
  object space 21504K, 26% used [0x00000000dae00000,0x00000000db380a48,0x00000000dc300000)

Card table byte_map: [0x0000000005540000,0x0000000005670000] byte_map_base: 0x0000000004e69000

Polling page: 0x0000000002170000

Code Cache  [0x0000000002540000, 0x00000000027b0000, 0x0000000005540000)
 total_blobs=630 nmethods=395 adapters=186 free_code_cache=47555Kb largest_free_block=48670912

Compilation events (10 events):
Event: 3.269 Thread 0x000000000895a800 nmethod 389 0x00000000026cbad0 code [0x00000000026cbc20, 0x00000000026cbd08]
Event: 3.269 Thread 0x000000000895a800  390             com.android.dx.util.LabeledList::rebuildLabelToIndex (46 bytes)
Event: 3.273 Thread 0x000000000895a800 nmethod 390 0x00000000026c9910 code [0x00000000026c9a60, 0x00000000026c9c98]
Event: 3.273 Thread 0x000000000895a800  391             com.android.dx.dex.code.DalvInsn::getPosition (5 bytes)
Event: 3.274 Thread 0x000000000895a800 nmethod 391 0x00000000026cb890 code [0x00000000026cb9c0, 0x00000000026cba18]
Event: 3.274 Thread 0x000000000895a800  392             com.android.dx.cf.code.ConcreteMethod::getCatches (8 bytes)
Event: 3.274 Thread 0x000000000895a800 nmethod 392 0x00000000026c96d0 code [0x00000000026c9800, 0x00000000026c9878]
Event: 3.274 Thread 0x000000000895a800  393             com.android.dx.cf.attrib.AttCode::getCatches (5 bytes)
Event: 3.274 Thread 0x000000000895a800 nmethod 393 0x00000000026c94d0 code [0x00000000026c9600, 0x00000000026c9658]
Event: 3.977 Thread 0x000000000895a800  394             com.android.dx.cf.code.Ropper::getRopMethod (64 bytes)

GC Heap History (4 events):
Event: 1.642 GC heap before
{Heap before GC invocations=1 (full 0):
 PSYoungGen      total 37888K, used 32768K [0x00000000f5500000, 0x00000000f7f00000, 0x0000000100000000)
  eden space 32768K, 100% used [0x00000000f5500000,0x00000000f7500000,0x00000000f7500000)
  from space 5120K, 0% used [0x00000000f7a00000,0x00000000f7a00000,0x00000000f7f00000)
  to   space 5120K, 0% used [0x00000000f7500000,0x00000000f7500000,0x00000000f7a00000)
 ParOldGen       total 85504K, used 0K [0x00000000e0000000, 0x00000000e5380000, 0x00000000f5500000)
  object space 85504K, 0% used [0x00000000e0000000,0x00000000e0000000,0x00000000e5380000)
 PSPermGen       total 21504K, used 5561K [0x00000000dae00000, 0x00000000dc300000, 0x00000000e0000000)
  object space 21504K, 25% used [0x00000000dae00000,0x00000000db36e4c8,0x00000000dc300000)
Event: 2.230 GC heap after
Heap after GC invocations=1 (full 0):
 PSYoungGen      total 37888K, used 5095K [0x00000000f5500000, 0x00000000f9f00000, 0x0000000100000000)
  eden space 32768K, 0% used [0x00000000f5500000,0x00000000f5500000,0x00000000f7500000)
  from space 5120K, 99% used [0x00000000f7500000,0x00000000f79f9c98,0x00000000f7a00000)
  to   space 5120K, 0% used [0x00000000f9a00000,0x00000000f9a00000,0x00000000f9f00000)
 ParOldGen       total 85504K, used 1680K [0x00000000e0000000, 0x00000000e5380000, 0x00000000f5500000)
  object space 85504K, 1% used [0x00000000e0000000,0x00000000e01a4000,0x00000000e5380000)
 PSPermGen       total 21504K, used 5561K [0x00000000dae00000, 0x00000000dc300000, 0x00000000e0000000)
  object space 21504K, 25% used [0x00000000dae00000,0x00000000db36e4c8,0x00000000dc300000)
}
Event: 3.276 GC heap before
{Heap before GC invocations=2 (full 0):
 PSYoungGen      total 37888K, used 37863K [0x00000000f5500000, 0x00000000f9f00000, 0x0000000100000000)
  eden space 32768K, 100% used [0x00000000f5500000,0x00000000f7500000,0x00000000f7500000)
  from space 5120K, 99% used [0x00000000f7500000,0x00000000f79f9c98,0x00000000f7a00000)
  to   space 5120K, 0% used [0x00000000f9a00000,0x00000000f9a00000,0x00000000f9f00000)
 ParOldGen       total 85504K, used 1680K [0x00000000e0000000, 0x00000000e5380000, 0x00000000f5500000)
  object space 85504K, 1% used [0x00000000e0000000,0x00000000e01a4000,0x00000000e5380000)
 PSPermGen       total 21504K, used 5633K [0x00000000dae00000, 0x00000000dc300000, 0x00000000e0000000)
  object space 21504K, 26% used [0x00000000dae00000,0x00000000db380610,0x00000000dc300000)
Event: 3.976 GC heap after
Heap after GC invocations=2 (full 0):
 PSYoungGen      total 70656K, used 5095K [0x00000000f5500000, 0x00000000f9f00000, 0x0000000100000000)
  eden space 65536K, 0% used [0x00000000f5500000,0x00000000f5500000,0x00000000f9500000)
  from space 5120K, 99% used [0x00000000f9a00000,0x00000000f9ef9c78,0x00000000f9f00000)
  to   space 5120K, 0% used [0x00000000f9500000,0x00000000f9500000,0x00000000f9a00000)
 ParOldGen       total 85504K, used 6630K [0x00000000e0000000, 0x00000000e5380000, 0x00000000f5500000)
  object space 85504K, 7% used [0x00000000e0000000,0x00000000e0679918,0x00000000e5380000)
 PSPermGen       total 21504K, used 5633K [0x00000000dae00000, 0x00000000dc300000, 0x00000000e0000000)
  object space 21504K, 26% used [0x00000000dae00000,0x00000000db380610,0x00000000dc300000)
}

Deoptimization events (10 events):
Event: 1.085 Thread 0x00000000020d9000 Uncommon trap: reason=class_check action=maybe_recompile pc=0x00000000025c9728 method=com.android.dx.rop.type.Type.equals(Ljava/lang/Object;)Z @ 8
Event: 1.085 Thread 0x00000000020d9000 Uncommon trap: reason=class_check action=maybe_recompile pc=0x00000000025c9728 method=com.android.dx.rop.type.Type.equals(Ljava/lang/Object;)Z @ 8
Event: 1.481 Thread 0x00000000020d9000 Uncommon trap: reason=null_check action=make_not_entrant pc=0x000000000260cce8 method=com.android.dx.rop.type.Type.putIntern(Lcom/android/dx/rop/type/Type;)Lcom/android/dx/rop/type/Type; @ 18
Event: 2.429 Thread 0x00000000020d9000 Uncommon trap: reason=null_check action=make_not_entrant pc=0x00000000025f3f84 method=com.android.dx.ssa.SsaRenamer.getLocalForNewReg(I)Lcom/android/dx/rop/code/LocalItem; @ 19
Event: 2.431 Thread 0x00000000020d9000 Uncommon trap: reason=unreached action=reinterpret pc=0x00000000025c8b04 method=com.android.dx.rop.cst.Constant.compareTo(Lcom/android/dx/rop/cst/Constant;)I @ 12
Event: 2.540 Thread 0x00000000020d9000 Uncommon trap: reason=bimorphic action=maybe_recompile pc=0x0000000002636440 method=java.util.HashMap.put(Ljava/lang/Object;Ljava/lang/Object;)Ljava/lang/Object; @ 83
Event: 2.853 Thread 0x00000000020d9000 Uncommon trap: reason=unreached action=reinterpret pc=0x0000000002658494 method=com.android.dx.cf.code.Ropper.processBlock(Lcom/android/dx/cf/code/ByteBlock;Lcom/android/dx/cf/code/Frame;[I)V @ 513
Event: 3.182 Thread 0x00000000020d9000 Uncommon trap: reason=unreached action=reinterpret pc=0x000000000261443c method=com.android.dx.ssa.SCCP.simulateBranch(Lcom/android/dx/ssa/SsaInsn;)V @ 132
Event: 3.182 Thread 0x00000000020d9000 Uncommon trap: reason=unloaded action=reinterpret pc=0x000000000265f474 method=com.android.dx.ssa.LiteralOpUpgrader$1.visitNonMoveInsn(Lcom/android/dx/ssa/NormalSsaInsn;)V @ 72
Event: 3.189 Thread 0x00000000020d9000 Uncommon trap: reason=null_check action=make_not_entrant pc=0x00000000026aeff8 method=com.android.dx.dex.file.FieldIdsSection.intern(Lcom/android/dx/rop/cst/CstFieldRef;)Lcom/android/dx/dex/file/FieldIdItem; @ 26

Internal exceptions (10 events):
Event: 0.737 Thread 0x00000000020d9000 Threw 0x00000000f5ee9228 at C:\re\jdk7u71\1605\hotspot\src\share\vm\prims\jvm.cpp:1281
Event: 0.764 Thread 0x00000000020d9000 Threw 0x00000000f5f39f08 at C:\re\jdk7u71\1605\hotspot\src\share\vm\prims\jvm.cpp:1281
Event: 0.766 Thread 0x00000000020d9000 Threw 0x00000000f5f45bc0 at C:\re\jdk7u71\1605\hotspot\src\share\vm\prims\jvm.cpp:1281
Event: 0.890 Thread 0x00000000020d9000 Implicit null exception at 0x00000000025bfea3 to 0x00000000025c01cd
Event: 1.119 Thread 0x00000000020d9000 Threw 0x00000000f6590ae0 at C:\re\jdk7u71\1605\hotspot\src\share\vm\prims\jvm.cpp:1281
Event: 1.242 Thread 0x00000000020d9000 Threw 0x00000000f689ed98 at C:\re\jdk7u71\1605\hotspot\src\share\vm\prims\jvm.cpp:1281
Event: 1.481 Thread 0x00000000020d9000 Implicit null exception at 0x000000000260c5db to 0x000000000260ccd9
Event: 2.244 Thread 0x00000000020d9000 Threw 0x00000000f5613bd0 at C:\re\jdk7u71\1605\hotspot\src\share\vm\prims\jvm.cpp:1281
Event: 2.429 Thread 0x00000000020d9000 Implicit null exception at 0x00000000025f2c79 to 0x00000000025f3f4d
Event: 3.182 Thread 0x00000000020d9000 Threw 0x00000000f70e8d70 at C:\re\jdk7u71\1605\hotspot\src\share\vm\prims\jvm.cpp:1281

Events (10 events):
Event: 3.182 Thread 0x00000000020d9000 Uncommon trap: trap_request=0x0000004e fr.pc=0x000000000265f474
Event: 3.182 loading class 0x0000000008b77cf0
Event: 3.182 loading class 0x0000000008b77cf0 done
Event: 3.183 Thread 0x00000000020d9000 DEOPT PACKING pc=0x000000000265f474 sp=0x000000000253eb30
Event: 3.183 Thread 0x00000000020d9000 DEOPT UNPACKING pc=0x00000000025775a4 sp=0x000000000253eac8 mode 2
Event: 3.189 Thread 0x00000000020d9000 Uncommon trap: trap_request=0xfffffff4 fr.pc=0x00000000026aeff8
Event: 3.189 Thread 0x00000000020d9000 DEOPT PACKING pc=0x00000000026aeff8 sp=0x000000000253ef50
Event: 3.189 Thread 0x00000000020d9000 DEOPT UNPACKING pc=0x00000000025775a4 sp=0x000000000253eea8 mode 2
Event: 3.276 Executing VM operation: ParallelGCFailedAllocation
Event: 3.976 Executing VM operation: ParallelGCFailedAllocation done


Dynamic libraries:
0x000000013f840000 - 0x000000013f873000 	C:\Program Files\Java\jdk1.7.0_71\bin\java.exe
0x0000000077390000 - 0x0000000077539000 	C:\Windows\SYSTEM32\ntdll.dll
0x0000000077170000 - 0x000000007728f000 	C:\Windows\system32\kernel32.dll
0x000007fefc440000 - 0x000007fefc4ac000 	C:\Windows\system32\KERNELBASE.dll
0x000007fefc9b0000 - 0x000007fefca8b000 	C:\Windows\system32\ADVAPI32.dll
0x000007fefc6e0000 - 0x000007fefc77f000 	C:\Windows\system32\msvcrt.dll
0x000007fefe0c0000 - 0x000007fefe0df000 	C:\Windows\SYSTEM32\sechost.dll
0x000007fefdf90000 - 0x000007fefe0bd000 	C:\Windows\system32\RPCRT4.dll
0x0000000077290000 - 0x000000007738a000 	C:\Windows\system32\USER32.dll
0x000007fefd9d0000 - 0x000007fefda37000 	C:\Windows\system32\GDI32.dll
0x000007fefde30000 - 0x000007fefde3e000 	C:\Windows\system32\LPK.dll
0x000007fefde40000 - 0x000007fefdf09000 	C:\Windows\system32\USP10.dll
0x000007fefac00000 - 0x000007fefadf4000 	C:\Windows\WinSxS\amd64_microsoft.windows.common-controls_6595b64144ccf1df_6.0.7601.18837_none_fa3b1e3d17594757\COMCTL32.dll
0x000007fefdcd0000 - 0x000007fefdd41000 	C:\Windows\system32\SHLWAPI.dll
0x000007fefdc40000 - 0x000007fefdc6e000 	C:\Windows\system32\IMM32.DLL
0x000007fefcb30000 - 0x000007fefcc39000 	C:\Windows\system32\MSCTF.dll
0x0000000053580000 - 0x0000000053652000 	C:\Program Files\Java\jdk1.7.0_71\jre\bin\msvcr100.dll
0x0000000054220000 - 0x00000000549f3000 	C:\Program Files\Java\jdk1.7.0_71\jre\bin\server\jvm.dll
0x000007fef7910000 - 0x000007fef7919000 	C:\Windows\system32\WSOCK32.dll
0x000007fefc690000 - 0x000007fefc6dd000 	C:\Windows\system32\WS2_32.dll
0x000007fefe6f0000 - 0x000007fefe6f8000 	C:\Windows\system32\NSI.dll
0x000007fef9f80000 - 0x000007fef9fbb000 	C:\Windows\system32\WINMM.dll
0x0000000077560000 - 0x0000000077567000 	C:\Windows\system32\PSAPI.DLL
0x000000006f480000 - 0x000000006f48f000 	C:\Program Files\Java\jdk1.7.0_71\jre\bin\verify.dll
0x000000006f450000 - 0x000000006f478000 	C:\Program Files\Java\jdk1.7.0_71\jre\bin\java.dll
0x000000006f430000 - 0x000000006f445000 	C:\Program Files\Java\jdk1.7.0_71\jre\bin\zip.dll
0x000000006f410000 - 0x000000006f429000 	C:\Program Files\Java\jdk1.7.0_71\jre\bin\net.dll
0x000007fefb980000 - 0x000007fefb9d5000 	C:\Windows\system32\mswsock.dll
0x000007fefbb20000 - 0x000007fefbb27000 	C:\Windows\System32\wship6.dll
0x000000006f3f0000 - 0x000000006f401000 	C:\Program Files\Java\jdk1.7.0_71\jre\bin\nio.dll

VM Arguments:
jvm_args: -Xmx1024M -Dfile.encoding=windows-1252 -Duser.country=GB -Duser.language=en -Duser.variant -Xmx512M 
java_command: com.android.dx.command.Main --dex --output I:\GitHub\BuildItBigger\app\build\intermediates\pre-dexed\free\debug\internal_impl-22.2.0-0c5285cde9be8e72c80e5b38b950d08054f38c10.jar I:\GitHub\BuildItBigger\app\build\intermediates\exploded-aar\com.android.support\support-v4\22.2.0\jars\libs\internal_impl-22.2.0.jar
Launcher Type: SUN_STANDARD

Environment Variables:
JAVA_HOME=C:\Program Files\Java\jdk1.7.0_71
_JAVA_OPTIONS=-Xmx512M
PATH=C:\ProgramData\Oracle\Java\javapath;C:\Windows\system32;C:\Windows;C:\Windows\System32\Wbem;C:\Windows\System32\WindowsPowerShell\v1.0\;C:\Program Files (x86)\Microsoft SQL Server\100\Tools\Binn\VSShell\Common7\IDE\;C:\Program Files (x86)\Microsoft SQL Server\100\Tools\Binn\;C:\Program Files\Microsoft SQL Server\100\Tools\Binn\;C:\Program Files (x86)\Microsoft SQL Server\100\DTS\Binn\;C:\Program Files\Microsoft SQL Server\100\DTS\Binn\;C:\Program Files (x86)\Microsoft Team Foundation Server 2012 Power Tools\;C:\Program Files (x86)\Microsoft Team Foundation Server 2012 Power Tools\Best Practices Analyzer\;C:\Program Files\System Center Operations Manager 2007\;C:\Program Files (x86)\Microsoft ASP.NET\ASP.NET Web Pages\v1.0\;C:\Program Files\Microsoft SQL Server\110\Tools\Binn\;C:\Program Files\Microsoft\Web Platform Installer\;C:\Program Files\Devart\Review Assistant;C:\Program Files\Microsoft SQL Server\120\Tools\Binn\;C:\Program Files\nodejs\;C:\Users\htan\Documents\Visual Studio 2012\Projects\MvcApplication2\node_modules\protractor\selenium;C:\Program Files (x86)\Git\cmd;C:\Program Files (x86)\GtkSharp\2.12\bin;C:\Program Files (x86)\Windows Kits\8.1\Windows Performance Toolkit\;C:\Program Files (x86)\nodejs\;C:\Program Files (x86)\Skype\Phone\;C:\RailsInstaller\Git\cmd;C:\RailsInstaller\Ruby2.1.0\bin;C:\Ruby193\bin;C:\Program Files\Java\jdk1.7.0_71;C:\Program Files\Java\jre7;C:\apache-ant-1.9.3\bin;I:\Android\android-sdk\tools;I:\Android\android-sdk\platform-tools;C:\Users\htan\AppData\Roaming\npm
USERNAME=htan
OS=Windows_NT
PROCESSOR_IDENTIFIER=Intel64 Family 6 Model 42 Stepping 7, GenuineIntel



---------------  S Y S T E M  ---------------

OS: Windows 7 , 64 bit Build 7601 Service Pack 1

CPU:total 8 (4 cores per cpu, 2 threads per core) family 6 model 42 stepping 7, cmov, cx8, fxsr, mmx, sse, sse2, sse3, ssse3, sse4.1, sse4.2, popcnt, avx, aes, ht, tsc, tscinvbit

Memory: 4k page, physical 8233400k(1482464k free), swap 8834444k(4456k free)

vm_info: Java HotSpot(TM) 64-Bit Server VM (24.71-b01) for windows-amd64 JRE (1.7.0_71-b14), built on Sep 26 2014 16:16:12 by "java_re" with unknown MS VC++:1600

time: Thu Sep 10 15:56:18 2015
elapsed time: 3 seconds

