#
# There is insufficient memory for the Java Runtime Environment to continue.
# Native memory allocation (malloc) failed to allocate 228016 bytes for Chunk::new
# Possible reasons:
#   The system is out of physical RAM or swap space
#   In 32 bit mode, the process size limit was hit
# Possible solutions:
#   Reduce memory load on the system
#   Increase physical memory or swap space
#   Check if swap backing store is full
#   Use 64 bit Java on a 64 bit OS
#   Decrease Java heap size (-Xmx/-Xms)
#   Decrease number of Java threads
#   Decrease Java thread stack sizes (-Xss)
#   Set larger code cache with -XX:ReservedCodeCacheSize=
# This output file may be truncated or incomplete.
#
#  Out of Memory Error (allocation.cpp:323), pid=16208, tid=18844
#
# JRE version: Java(TM) SE Runtime Environment (7.0_71-b14) (build 1.7.0_71-b14)
# Java VM: Java HotSpot(TM) 64-Bit Server VM (24.71-b01 mixed mode windows-amd64 compressed oops)
# Failed to write core dump. Minidumps are not enabled by default on client versions of Windows
#

---------------  T H R E A D  ---------------

Current thread (0x000000000796e000):  JavaThread "C2 CompilerThread1" daemon [_thread_in_native, id=18844, stack(0x000000000a3a0000,0x000000000a4a0000)]

Stack: [0x000000000a3a0000,0x000000000a4a0000]
[error occurred during error reporting (printing stack bounds), id 0xc0000005]


[error occurred during error reporting (printing native stack), id 0xc0000005]


Current CompileTask:
C2:    952   84             com.android.dx.ssa.SsaMethod::computeReachability (131 bytes)


---------------  P R O C E S S  ---------------

Java Threads: ( => current thread )
  0x00000000088f8000 JavaThread "Service Thread" daemon [_thread_blocked, id=16528, stack(0x000000000a580000,0x000000000a680000)]
=>0x000000000796e000 JavaThread "C2 CompilerThread1" daemon [_thread_in_native, id=18844, stack(0x000000000a3a0000,0x000000000a4a0000)]
  0x0000000007966800 JavaThread "C2 CompilerThread0" daemon [_thread_in_native, id=13488, stack(0x000000000a180000,0x000000000a280000)]
  0x0000000007965800 JavaThread "Attach Listener" daemon [_thread_blocked, id=9864, stack(0x0000000009fd0000,0x000000000a0d0000)]
  0x0000000007965000 JavaThread "Signal Dispatcher" daemon [_thread_blocked, id=8064, stack(0x0000000009e10000,0x0000000009f10000)]
  0x0000000001dbd000 JavaThread "Finalizer" daemon [_thread_blocked, id=1588, stack(0x0000000009c50000,0x0000000009d50000)]
  0x0000000007951000 JavaThread "Reference Handler" daemon [_thread_blocked, id=8052, stack(0x0000000009b40000,0x0000000009c40000)]
  0x0000000001d29000 JavaThread "main" [_thread_in_Java, id=10464, stack(0x0000000002410000,0x0000000002510000)]

Other Threads:
  0x000000000794c000 VMThread [stack: 0x0000000009910000,0x0000000009a10000] [id=10700]
  0x0000000008911000 WatcherThread [stack: 0x000000000a780000,0x000000000a880000] [id=12040]

VM state:not at safepoint (normal execution)

VM Mutex/Monitor currently owned by a thread: None

Heap
 PSYoungGen      total 37888K, used 11831K [0x00000000f5500000, 0x00000000f7f00000, 0x0000000100000000)
  eden space 32768K, 36% used [0x00000000f5500000,0x00000000f608dc78,0x00000000f7500000)
  from space 5120K, 0% used [0x00000000f7a00000,0x00000000f7a00000,0x00000000f7f00000)
  to   space 5120K, 0% used [0x00000000f7500000,0x00000000f7500000,0x00000000f7a00000)
 ParOldGen       total 85504K, used 0K [0x00000000e0000000, 0x00000000e5380000, 0x00000000f5500000)
  object space 85504K, 0% used [0x00000000e0000000,0x00000000e0000000,0x00000000e5380000)
 PSPermGen       total 21504K, used 5304K [0x00000000dae00000, 0x00000000dc300000, 0x00000000e0000000)
  object space 21504K, 24% used [0x00000000dae00000,0x00000000db32e020,0x00000000dc300000)

Card table byte_map: [0x0000000005510000,0x0000000005640000] byte_map_base: 0x0000000004e39000

Polling page: 0x0000000000430000

Code Cache  [0x0000000002510000, 0x0000000002780000, 0x0000000005510000)
 total_blobs=316 nmethods=82 adapters=186 free_code_cache=48636Kb largest_free_block=49784576

Compilation events (10 events):
Event: 0.903 Thread 0x000000000796e000 nmethod 79 0x0000000002592110 code [0x0000000002592260, 0x0000000002592328]
Event: 0.904 Thread 0x000000000796e000   80             java.util.BitSet::set (58 bytes)
Event: 0.905 Thread 0x0000000007966800 nmethod 75 0x000000000258d050 code [0x000000000258d1c0, 0x000000000258d7b8]
Event: 0.906 Thread 0x000000000796e000 nmethod 80 0x000000000258cb50 code [0x000000000258cca0, 0x000000000258ce08]
Event: 0.909 Thread 0x0000000007966800   81             com.android.dx.ssa.NormalSsaInsn::getOpcode (8 bytes)
Event: 0.909 Thread 0x0000000007966800 nmethod 81 0x0000000002593f50 code [0x0000000002594080, 0x00000000025940f8]
Event: 0.916 Thread 0x000000000796e000   82             com.android.dx.rop.code.BasicBlockList::get (9 bytes)
Event: 0.917 Thread 0x000000000796e000 nmethod 82 0x0000000002592410 code [0x0000000002592560, 0x0000000002592618]
Event: 0.942 Thread 0x0000000007966800   83             com.android.dx.rop.code.RopMethod::calcPredecessors (227 bytes)
Event: 0.944 Thread 0x000000000796e000   84             com.android.dx.ssa.SsaMethod::computeReachability (131 bytes)

GC Heap History (0 events):
No events

Deoptimization events (9 events):
Event: 0.800 Thread 0x0000000001d29000 Uncommon trap: reason=class_check action=maybe_recompile pc=0x00000000025869ec method=com.android.dx.ssa.NormalSsaInsn.accept(Lcom/android/dx/ssa/SsaInsn$Visitor;)V @ 9
Event: 0.800 Thread 0x0000000001d29000 Uncommon trap: reason=class_check action=maybe_recompile pc=0x00000000025869ec method=com.android.dx.ssa.NormalSsaInsn.accept(Lcom/android/dx/ssa/SsaInsn$Visitor;)V @ 9
Event: 0.800 Thread 0x0000000001d29000 Uncommon trap: reason=class_check action=maybe_recompile pc=0x00000000025869ec method=com.android.dx.ssa.NormalSsaInsn.accept(Lcom/android/dx/ssa/SsaInsn$Visitor;)V @ 9
Event: 0.824 Thread 0x0000000001d29000 Uncommon trap: reason=bimorphic action=maybe_recompile pc=0x000000000258500c method=java.util.HashMap.getEntry(Ljava/lang/Object;)Ljava/util/HashMap$Entry; @ 68
Event: 0.835 Thread 0x0000000001d29000 Uncommon trap: reason=bimorphic action=maybe_recompile pc=0x000000000258500c method=java.util.HashMap.getEntry(Ljava/lang/Object;)Ljava/util/HashMap$Entry; @ 68
Event: 0.843 Thread 0x0000000001d29000 Uncommon trap: reason=bimorphic action=maybe_recompile pc=0x000000000258500c method=java.util.HashMap.getEntry(Ljava/lang/Object;)Ljava/util/HashMap$Entry; @ 68
Event: 0.847 Thread 0x0000000001d29000 Uncommon trap: reason=bimorphic action=maybe_recompile pc=0x000000000258500c method=java.util.HashMap.getEntry(Ljava/lang/Object;)Ljava/util/HashMap$Entry; @ 68
Event: 0.895 Thread 0x0000000001d29000 Uncommon trap: reason=class_check action=maybe_recompile pc=0x00000000025869ec method=com.android.dx.ssa.NormalSsaInsn.accept(Lcom/android/dx/ssa/SsaInsn$Visitor;)V @ 9
Event: 0.932 Thread 0x0000000001d29000 Uncommon trap: reason=null_check action=make_not_entrant pc=0x000000000258d6f8 method=com.android.dx.rop.code.LocalItem.equals(Ljava/lang/Object;)Z @ 1

Internal exceptions (10 events):
Event: 0.671 Thread 0x0000000001d29000 Threw 0x00000000f5c8f470 at C:\re\jdk7u71\1605\hotspot\src\share\vm\prims\jvm.cpp:1281
Event: 0.672 Thread 0x0000000001d29000 Threw 0x00000000f5c97cd0 at C:\re\jdk7u71\1605\hotspot\src\share\vm\prims\jvm.cpp:1281
Event: 0.672 Thread 0x0000000001d29000 Threw 0x00000000f5c99f18 at C:\re\jdk7u71\1605\hotspot\src\share\vm\prims\jvm.cpp:1281
Event: 0.823 Thread 0x0000000001d29000 Threw 0x00000000f5e6d380 at C:\re\jdk7u71\1605\hotspot\src\share\vm\prims\jvm.cpp:1281
Event: 0.835 Thread 0x0000000001d29000 Threw 0x00000000f5e9d288 at C:\re\jdk7u71\1605\hotspot\src\share\vm\prims\jvm.cpp:1281
Event: 0.842 Thread 0x0000000001d29000 Threw 0x00000000f5ebca58 at C:\re\jdk7u71\1605\hotspot\src\share\vm\prims\jvm.cpp:1281
Event: 0.847 Thread 0x0000000001d29000 Threw 0x00000000f5ec01b0 at C:\re\jdk7u71\1605\hotspot\src\share\vm\prims\jvm.cpp:1281
Event: 0.848 Thread 0x0000000001d29000 Threw 0x00000000f5ec6390 at C:\re\jdk7u71\1605\hotspot\src\share\vm\prims\jvm.cpp:1281
Event: 0.877 Thread 0x0000000001d29000 Threw 0x00000000f5f29540 at C:\re\jdk7u71\1605\hotspot\src\share\vm\prims\jvm.cpp:1281
Event: 0.932 Thread 0x0000000001d29000 Implicit null exception at 0x000000000258d399 to 0x000000000258d6e5

Events (10 events):
Event: 0.848 loading class 0x0000000008b291a0
Event: 0.848 loading class 0x0000000008b291a0 done
Event: 0.877 loading class 0x0000000008b06b90
Event: 0.877 loading class 0x0000000008b06b90 done
Event: 0.895 Thread 0x0000000001d29000 Uncommon trap: trap_request=0xffffffde fr.pc=0x00000000025869ec
Event: 0.895 Thread 0x0000000001d29000 DEOPT PACKING pc=0x00000000025869ec sp=0x000000000250e7b0
Event: 0.895 Thread 0x0000000001d29000 DEOPT UNPACKING pc=0x00000000025475a4 sp=0x000000000250e700 mode 2
Event: 0.932 Thread 0x0000000001d29000 Uncommon trap: trap_request=0xfffffff4 fr.pc=0x000000000258d6f8
Event: 0.932 Thread 0x0000000001d29000 DEOPT PACKING pc=0x000000000258d6f8 sp=0x000000000250e5a0
Event: 0.932 Thread 0x0000000001d29000 DEOPT UNPACKING pc=0x00000000025475a4 sp=0x000000000250e4f0 mode 2


Dynamic libraries:
0x000000013fe40000 - 0x000000013fe73000 	C:\Program Files\Java\jdk1.7.0_71\bin\java.exe
0x0000000077390000 - 0x0000000077539000 	C:\Windows\SYSTEM32\ntdll.dll
0x0000000077170000 - 0x000000007728f000 	C:\Windows\system32\kernel32.dll
0x000007fefc440000 - 0x000007fefc4ac000 	C:\Windows\system32\KERNELBASE.dll
0x000007fefc9b0000 - 0x000007fefca8b000 	C:\Windows\system32\ADVAPI32.dll
0x000007fefc6e0000 - 0x000007fefc77f000 	C:\Windows\system32\msvcrt.dll
0x000007fefe0c0000 - 0x000007fefe0df000 	C:\Windows\SYSTEM32\sechost.dll
0x000007fefdf90000 - 0x000007fefe0bd000 	C:\Windows\system32\RPCRT4.dll
0x0000000077290000 - 0x000000007738a000 	C:\Windows\system32\USER32.dll
0x000007fefd9d0000 - 0x000007fefda37000 	C:\Windows\system32\GDI32.dll
0x000007fefde30000 - 0x000007fefde3e000 	C:\Windows\system32\LPK.dll
0x000007fefde40000 - 0x000007fefdf09000 	C:\Windows\system32\USP10.dll
0x000007fefac00000 - 0x000007fefadf4000 	C:\Windows\WinSxS\amd64_microsoft.windows.common-controls_6595b64144ccf1df_6.0.7601.18837_none_fa3b1e3d17594757\COMCTL32.dll
0x000007fefdcd0000 - 0x000007fefdd41000 	C:\Windows\system32\SHLWAPI.dll
0x000007fefdc40000 - 0x000007fefdc6e000 	C:\Windows\system32\IMM32.DLL
0x000007fefcb30000 - 0x000007fefcc39000 	C:\Windows\system32\MSCTF.dll
0x000000006e620000 - 0x000000006e6f2000 	C:\Program Files\Java\jdk1.7.0_71\jre\bin\msvcr100.dll
0x0000000054220000 - 0x00000000549f3000 	C:\Program Files\Java\jdk1.7.0_71\jre\bin\server\jvm.dll
0x000007fef7910000 - 0x000007fef7919000 	C:\Windows\system32\WSOCK32.dll
0x000007fefc690000 - 0x000007fefc6dd000 	C:\Windows\system32\WS2_32.dll
0x000007fefe6f0000 - 0x000007fefe6f8000 	C:\Windows\system32\NSI.dll
0x000007fef9f80000 - 0x000007fef9fbb000 	C:\Windows\system32\WINMM.dll
0x0000000077560000 - 0x0000000077567000 	C:\Windows\system32\PSAPI.DLL
0x000000006f980000 - 0x000000006f98f000 	C:\Program Files\Java\jdk1.7.0_71\jre\bin\verify.dll
0x000000006f460000 - 0x000000006f488000 	C:\Program Files\Java\jdk1.7.0_71\jre\bin\java.dll
0x000000006f440000 - 0x000000006f455000 	C:\Program Files\Java\jdk1.7.0_71\jre\bin\zip.dll
0x000000006f420000 - 0x000000006f439000 	C:\Program Files\Java\jdk1.7.0_71\jre\bin\net.dll
0x000007fefb980000 - 0x000007fefb9d5000 	C:\Windows\system32\mswsock.dll
0x000007fefbb20000 - 0x000007fefbb27000 	C:\Windows\System32\wship6.dll
0x000000006f400000 - 0x000000006f411000 	C:\Program Files\Java\jdk1.7.0_71\jre\bin\nio.dll

VM Arguments:
jvm_args: -Xmx1024M -Dfile.encoding=windows-1252 -Duser.country=GB -Duser.language=en -Duser.variant -Xmx512M 
java_command: com.android.dx.command.Main --dex --output I:\GitHub\BuildItBigger\app\build\intermediates\pre-dexed\free\debug\classes-07524898e1f4c16e47f30644e71abd72b7a930df.jar I:\GitHub\BuildItBigger\app\build\intermediates\exploded-aar\com.android.support\appcompat-v7\22.2.0\jars\classes.jar
Launcher Type: SUN_STANDARD

Environment Variables:



---------------  S Y S T E M  ---------------

OS: Windows 7 , 64 bit Build 7601 Service Pack 1

CPU:total 8 (4 cores per cpu, 2 threads per core) family 6 model 42 stepping 7, cmov, cx8, fxsr, mmx, sse, sse2, sse3, ssse3, sse4.1, sse4.2, popcnt, avx, aes, ht, tsc, tscinvbit

Memory: 4k page, physical 8233400k(637844k free), swap 8834444k(5032k free)

vm_info: Java HotSpot(TM) 64-Bit Server VM (24.71-b01) for windows-amd64 JRE (1.7.0_71-b14), built on Sep 26 2014 16:16:12 by "java_re" with unknown MS VC++:1600

time: Thu Sep 10 11:05:32 2015
elapsed time: 0 seconds

