#
# A fatal error has been detected by the Java Runtime Environment:
#
#  EXCEPTION_ACCESS_VIOLATION (0xc0000005) at pc=0x00000000543ee357, pid=5748, tid=19180
#
# JRE version:  (7.0_71-b14) (build )
# Java VM: Java HotSpot(TM) 64-Bit Server VM (24.71-b01 mixed mode windows-amd64 compressed oops)
# Problematic frame:
# V  [jvm.dll+0x1ce357]
#
# Failed to write core dump. Minidumps are not enabled by default on client versions of Windows
#
# If you would like to submit a bug report, please visit:
#   http://bugreport.sun.com/bugreport/crash.jsp
#

---------------  T H R E A D  ---------------

Current thread (0x0000000007877000):  JavaThread "Finalizer" daemon [_thread_in_vm, id=19180, stack(0x0000000009e50000,0x0000000009f50000)]

siginfo: ExceptionCode=0xc0000005, writing address 0x0000000009f49710

Registers:
RAX=0x0000000009f49710, RBX=0x0000000000000007, RCX=0x0000000000006000, RDX=0x0000000009e59178
RSP=0x0000000009f4f710, RBP=0x0000000000000000, RSI=0x0000000009f4f710, RDI=0x0000000000000007
R8 =0x0000000000000009, R9 =0x0000000007877000, R10=0x0000000009f4f950, R11=0x0000000009f4fa30
R12=0x0000000009f4fa30, R13=0x0000000009f4f858, R14=0x0000000009f4f960, R15=0x0000000002620840
RIP=0x00000000543ee357, EFLAGS=0x0000000000010202

Top of Stack: (sp=0x0000000009f4f710)
0x0000000009f4f710:   000000000221e140 0000000000000002
0x0000000009f4f720:   0000000000000000 00000000542bfd83
0x0000000009f4f730:   0000000000000000 00000000543eee9a
0x0000000009f4f740:   0000000009f4f900 000000000221e140
0x0000000009f4f750:   0000000007877000 0000000007877000
0x0000000009f4f760:   0000000000000000 0000000000000014
0x0000000009f4f770:   0000000000000000 00000000542c2fdd
0x0000000009f4f780:   0000000007877000 0000000000000014
0x0000000009f4f790:   0000000000000000 0000000000000000
0x0000000009f4f7a0:   000000000221e140 0000000000000005
0x0000000009f4f7b0:   0000000007877000 00000000022d0230
0x0000000009f4f7c0:   00000000773e62c0 0000000000000001
0x0000000009f4f7d0:   0000000000000000 0000000007692660
0x0000000009f4f7e0:   0000000007877000 0000000009f4f960
0x0000000009f4f7f0:   0000000007693f90 0000000009f4fa30
0x0000000009f4f800:   0000000000000000 0000000007693f90 

Instructions: (pc=0x00000000543ee357)
0x00000000543ee337:   48 89 6c 24 30 33 ed 66 90 e8 db b4 07 00 ff c3
0x00000000543ee347:   48 63 c8 48 8b c6 48 0f af cf 48 ff c7 48 2b c1
0x00000000543ee357:   89 28 48 63 c3 48 3b 05 cd c3 52 00 7e db 48 8b
0x00000000543ee367:   6c 24 30 48 8b 5c 24 38 48 8b 74 24 40 48 83 c4 


Register to memory mapping:

RAX=0x0000000009f49710 is pointing into the stack for thread: 0x0000000007877000
RBX=0x0000000000000007 is an unknown value
RCX=0x0000000000006000 is an unknown value
RDX=0x0000000009e59178 is pointing into the stack for thread: 0x0000000007877000
RSP=0x0000000009f4f710 is pointing into the stack for thread: 0x0000000007877000
RBP=0x0000000000000000 is an unknown value
RSI=0x0000000009f4f710 is pointing into the stack for thread: 0x0000000007877000
RDI=0x0000000000000007 is an unknown value
R8 =0x0000000000000009 is an unknown value
R9 =0x0000000007877000 is a thread
R10=0x0000000009f4f950 is pointing into the stack for thread: 0x0000000007877000
R11=0x0000000009f4fa30 is pointing into the stack for thread: 0x0000000007877000
R12=0x0000000009f4fa30 is pointing into the stack for thread: 0x0000000007877000
R13=0x0000000009f4f858 is pointing into the stack for thread: 0x0000000007877000
R14=0x0000000009f4f960 is pointing into the stack for thread: 0x0000000007877000
R15=0x0000000002620840 is at code_begin+0 in an Interpreter codelet
method entry point (kind = zerolocals)  [0x0000000002620840, 0x0000000002620b40]  768 bytes


Stack: [0x0000000009e50000,0x0000000009f50000],  sp=0x0000000009f4f710,  free space=1021k
Native frames: (J=compiled Java code, j=interpreted, Vv=VM code, C=native code)
V  [jvm.dll+0x1ce357]

[error occurred during error reporting (printing native stack), id 0xc0000005]


