#
# There is insufficient memory for the Java Runtime Environment to continue.
# Native memory allocation (malloc) failed to allocate 131088 bytes for Chunk::new
# Possible reasons:
#   The system is out of physical RAM or swap space
#   In 32 bit mode, the process size limit was hit
# Possible solutions:
#   Reduce memory load on the system
#   Increase physical memory or swap space
#   Check if swap backing store is full
#   Use 64 bit Java on a 64 bit OS
#   Decrease Java heap size (-Xmx/-Xms)
#   Decrease number of Java threads
#   Decrease Java thread stack sizes (-Xss)
#   Set larger code cache with -XX:ReservedCodeCacheSize=
# This output file may be truncated or incomplete.
#
#  Out of Memory Error (allocation.cpp:323), pid=13284, tid=11320
#
# JRE version: Java(TM) SE Runtime Environment (7.0_71-b14) (build 1.7.0_71-b14)
# Java VM: Java HotSpot(TM) 64-Bit Server VM (24.71-b01 mixed mode windows-amd64 compressed oops)
# Failed to write core dump. Minidumps are not enabled by default on client versions of Windows
#

---------------  T H R E A D  ---------------

Current thread (0x00000000077e4800):  JavaThread "C2 CompilerThread0" daemon [_thread_in_native, id=11320, stack(0x0000000009a40000,0x0000000009b40000)]

Stack: [0x0000000009a40000,0x0000000009b40000]
[error occurred during error reporting (printing stack bounds), id 0xc0000005]


Current CompileTask:
C2:   4048  370   !         com.android.dx.cf.code.RopperMachine::run (1550 bytes)


---------------  P R O C E S S  ---------------

Java Threads: ( => current thread )
  0x000000000888c000 JavaThread "Service Thread" daemon [_thread_blocked, id=12296, stack(0x000000000a1c0000,0x000000000a2c0000)]
  0x00000000077ee800 JavaThread "C2 CompilerThread1" daemon [_thread_blocked, id=15552, stack(0x000000000a090000,0x000000000a190000)]
=>0x00000000077e4800 JavaThread "C2 CompilerThread0" daemon [_thread_in_native, id=11320, stack(0x0000000009a40000,0x0000000009b40000)]
  0x00000000077e3800 JavaThread "Attach Listener" daemon [_thread_blocked, id=4708, stack(0x0000000009ef0000,0x0000000009ff0000)]
  0x00000000077e3000 JavaThread "Signal Dispatcher" daemon [_thread_blocked, id=7640, stack(0x0000000009d50000,0x0000000009e50000)]
  0x00000000077d7000 JavaThread "Finalizer" daemon [_thread_blocked, id=14132, stack(0x00000000097f0000,0x00000000098f0000)]
  0x00000000077d0800 JavaThread "Reference Handler" daemon [_thread_blocked, id=16188, stack(0x0000000009b50000,0x0000000009c50000)]
  0x00000000021a9000 JavaThread "main" [_thread_in_Java, id=9120, stack(0x0000000002410000,0x0000000002510000)]

Other Threads:
  0x00000000077cd800 VMThread [stack: 0x0000000009930000,0x0000000009a30000] [id=14220]
  0x000000000889d800 WatcherThread [stack: 0x000000000a370000,0x000000000a470000] [id=6336]

VM state:not at safepoint (normal execution)

VM Mutex/Monitor currently owned by a thread: None

Heap
 PSYoungGen      total 37888K, used 27268K [0x00000000f5500000, 0x00000000f9f00000, 0x0000000100000000)
  eden space 32768K, 67% used [0x00000000f5500000,0x00000000f6aa79a8,0x00000000f7500000)
  from space 5120K, 99% used [0x00000000f7500000,0x00000000f79f9728,0x00000000f7a00000)
  to   space 5120K, 0% used [0x00000000f9a00000,0x00000000f9a00000,0x00000000f9f00000)
 ParOldGen       total 85504K, used 1470K [0x00000000e0000000, 0x00000000e5380000, 0x00000000f5500000)
  object space 85504K, 1% used [0x00000000e0000000,0x00000000e016f9d8,0x00000000e5380000)
 PSPermGen       total 21504K, used 5582K [0x00000000dae00000, 0x00000000dc300000, 0x00000000e0000000)
  object space 21504K, 25% used [0x00000000dae00000,0x00000000db373ac8,0x00000000dc300000)

Card table byte_map: [0x0000000005510000,0x0000000005640000] byte_map_base: 0x0000000004e39000

Polling page: 0x0000000000130000

Code Cache  [0x0000000002510000, 0x0000000002780000, 0x0000000005510000)
 total_blobs=604 nmethods=370 adapters=186 free_code_cache=47671Kb largest_free_block=48777536

Compilation events (10 events):
Event: 3.969 Thread 0x00000000077e4800  367             com.android.dx.cf.code.BaseMachine::clearArgs (56 bytes)
Event: 3.969 Thread 0x00000000077ee800 nmethod 366 0x000000000267f410 code [0x000000000267f540, 0x000000000267f5d8]
Event: 3.969 Thread 0x00000000077ee800  368             com.android.dx.cf.code.ConcreteMethod::makeSourcePosistion (21 bytes)
Event: 3.969 Thread 0x00000000077e4800 nmethod 367 0x0000000002666250 code [0x0000000002666380, 0x00000000026663f8]
Event: 3.969 Thread 0x00000000077e4800  369             com.android.dx.cf.code.LineNumberList::pcToLine (73 bytes)
Event: 3.970 Thread 0x00000000077e4800 nmethod 369 0x000000000267d910 code [0x000000000267da60, 0x000000000267db28]
Event: 3.970 Thread 0x00000000077e4800  370   !         com.android.dx.cf.code.RopperMachine::run (1550 bytes)
Event: 3.971 Thread 0x00000000077ee800 nmethod 368 0x000000000267d410 code [0x000000000267d560, 0x000000000267d6c8]
Event: 3.971 Thread 0x00000000077ee800  371             com.android.dx.ssa.NormalSsaInsn::<init> (15 bytes)
Event: 3.972 Thread 0x00000000077ee800 nmethod 371 0x000000000267d150 code [0x000000000267d280, 0x000000000267d338]

GC Heap History (2 events):
Event: 2.299 GC heap before
{Heap before GC invocations=1 (full 0):
 PSYoungGen      total 37888K, used 32768K [0x00000000f5500000, 0x00000000f7f00000, 0x0000000100000000)
  eden space 32768K, 100% used [0x00000000f5500000,0x00000000f7500000,0x00000000f7500000)
  from space 5120K, 0% used [0x00000000f7a00000,0x00000000f7a00000,0x00000000f7f00000)
  to   space 5120K, 0% used [0x00000000f7500000,0x00000000f7500000,0x00000000f7a00000)
 ParOldGen       total 85504K, used 0K [0x00000000e0000000, 0x00000000e5380000, 0x00000000f5500000)
  object space 85504K, 0% used [0x00000000e0000000,0x00000000e0000000,0x00000000e5380000)
 PSPermGen       total 21504K, used 5536K [0x00000000dae00000, 0x00000000dc300000, 0x00000000e0000000)
  object space 21504K, 25% used [0x00000000dae00000,0x00000000db368280,0x00000000dc300000)
Event: 2.654 GC heap after
Heap after GC invocations=1 (full 0):
 PSYoungGen      total 37888K, used 5093K [0x00000000f5500000, 0x00000000f9f00000, 0x0000000100000000)
  eden space 32768K, 0% used [0x00000000f5500000,0x00000000f5500000,0x00000000f7500000)
  from space 5120K, 99% used [0x00000000f7500000,0x00000000f79f9728,0x00000000f7a00000)
  to   space 5120K, 0% used [0x00000000f9a00000,0x00000000f9a00000,0x00000000f9f00000)
 ParOldGen       total 85504K, used 1470K [0x00000000e0000000, 0x00000000e5380000, 0x00000000f5500000)
  object space 85504K, 1% used [0x00000000e0000000,0x00000000e016f9d8,0x00000000e5380000)
 PSPermGen       total 21504K, used 5536K [0x00000000dae00000, 0x00000000dc300000, 0x00000000e0000000)
  object space 21504K, 25% used [0x00000000dae00000,0x00000000db368280,0x00000000dc300000)
}

Deoptimization events (7 events):
Event: 1.069 Thread 0x00000000021a9000 Uncommon trap: reason=null_check action=make_not_entrant pc=0x000000000258fec8 method=com.android.dx.rop.code.LocalItem.equals(Ljava/lang/Object;)Z @ 1
Event: 1.480 Thread 0x00000000021a9000 Uncommon trap: reason=unreached action=reinterpret pc=0x000000000259c744 method=com.android.dx.rop.cst.Constant.compareTo(Lcom/android/dx/rop/cst/Constant;)I @ 12
Event: 2.111 Thread 0x00000000021a9000 Uncommon trap: reason=null_check action=make_not_entrant pc=0x00000000025c3488 method=com.android.dx.rop.code.RegisterSpec.equals(Ljava/lang/Object;)Z @ 1
Event: 2.128 Thread 0x00000000021a9000 Uncommon trap: reason=null_check action=make_not_entrant pc=0x00000000025e130c method=com.android.dx.rop.code.RegisterSpec.equals(Ljava/lang/Object;)Z @ 1
Event: 2.141 Thread 0x00000000021a9000 Uncommon trap: reason=null_check action=make_not_entrant pc=0x00000000025a16d0 method=com.android.dx.rop.type.Type.equals(Ljava/lang/Object;)Z @ 8
Event: 3.279 Thread 0x00000000021a9000 Uncommon trap: reason=null_check action=make_not_entrant pc=0x000000000260a398 method=com.android.dx.cf.code.Ropper$CatchInfo.getSetup(Lcom/android/dx/rop/type/Type;)Lcom/android/dx/cf/code/Ropper$ExceptionHandlerSetup; @ 10
Event: 3.322 Thread 0x00000000021a9000 Uncommon trap: reason=null_check action=make_not_entrant pc=0x000000000262181c method=com.android.dx.rop.type.Type.putIntern(Lcom/android/dx/rop/type/Type;)Lcom/android/dx/rop/type/Type; @ 18

Internal exceptions (10 events):
Event: 0.805 Thread 0x00000000021a9000 Threw 0x00000000f5ddace8 at C:\re\jdk7u71\1605\hotspot\src\share\vm\prims\jvm.cpp:1281
Event: 1.069 Thread 0x00000000021a9000 Implicit null exception at 0x000000000258fb75 to 0x000000000258fead
Event: 1.430 Thread 0x00000000021a9000 Threw 0x00000000f6249470 at C:\re\jdk7u71\1605\hotspot\src\share\vm\prims\jvm.cpp:1281
Event: 1.853 Thread 0x00000000021a9000 Threw 0x00000000f68c22f0 at C:\re\jdk7u71\1605\hotspot\src\share\vm\prims\jvm.cpp:1281
Event: 2.070 Thread 0x00000000021a9000 Threw 0x00000000f6f33400 at C:\re\jdk7u71\1605\hotspot\src\share\vm\prims\jvm.cpp:1281
Event: 2.111 Thread 0x00000000021a9000 Implicit null exception at 0x00000000025c287c to 0x00000000025c3461
Event: 2.128 Thread 0x00000000021a9000 Implicit null exception at 0x00000000025e0536 to 0x00000000025e12c5
Event: 2.141 Thread 0x00000000021a9000 Implicit null exception at 0x00000000025a15d2 to 0x00000000025a16c2
Event: 3.279 Thread 0x00000000021a9000 Implicit null exception at 0x0000000002608098 to 0x000000000260a381
Event: 3.322 Thread 0x00000000021a9000 Implicit null exception at 0x000000000262112b to 0x000000000262180d

Events (10 events):
Event: 2.141 Thread 0x00000000021a9000 DEOPT PACKING pc=0x00000000025a16d0 sp=0x000000000250e7c0
Event: 2.141 Thread 0x00000000021a9000 DEOPT UNPACKING pc=0x00000000025475a4 sp=0x000000000250e758 mode 2
Event: 2.299 Executing VM operation: ParallelGCFailedAllocation
Event: 2.654 Executing VM operation: ParallelGCFailedAllocation done
Event: 3.279 Thread 0x00000000021a9000 Uncommon trap: trap_request=0xfffffff4 fr.pc=0x000000000260a398
Event: 3.279 Thread 0x00000000021a9000 DEOPT PACKING pc=0x000000000260a398 sp=0x000000000250ead0
Event: 3.279 Thread 0x00000000021a9000 DEOPT UNPACKING pc=0x00000000025475a4 sp=0x000000000250ea18 mode 2
Event: 3.322 Thread 0x00000000021a9000 Uncommon trap: trap_request=0xfffffff4 fr.pc=0x000000000262181c
Event: 3.322 Thread 0x00000000021a9000 DEOPT PACKING pc=0x000000000262181c sp=0x000000000250ead0
Event: 3.322 Thread 0x00000000021a9000 DEOPT UNPACKING pc=0x00000000025475a4 sp=0x000000000250e9f0 mode 2


Dynamic libraries:
0x000000013f840000 - 0x000000013f873000 	C:\Program Files\Java\jdk1.7.0_71\bin\java.exe
0x0000000077390000 - 0x0000000077539000 	C:\Windows\SYSTEM32\ntdll.dll
0x0000000077170000 - 0x000000007728f000 	C:\Windows\system32\kernel32.dll
0x000007fefc440000 - 0x000007fefc4ac000 	C:\Windows\system32\KERNELBASE.dll
0x000007fefc9b0000 - 0x000007fefca8b000 	C:\Windows\system32\ADVAPI32.dll
0x000007fefc6e0000 - 0x000007fefc77f000 	C:\Windows\system32\msvcrt.dll
0x000007fefe0c0000 - 0x000007fefe0df000 	C:\Windows\SYSTEM32\sechost.dll
0x000007fefdf90000 - 0x000007fefe0bd000 	C:\Windows\system32\RPCRT4.dll
0x0000000077290000 - 0x000000007738a000 	C:\Windows\system32\USER32.dll
0x000007fefd9d0000 - 0x000007fefda37000 	C:\Windows\system32\GDI32.dll
0x000007fefde30000 - 0x000007fefde3e000 	C:\Windows\system32\LPK.dll
0x000007fefde40000 - 0x000007fefdf09000 	C:\Windows\system32\USP10.dll
0x000007fefac00000 - 0x000007fefadf4000 	C:\Windows\WinSxS\amd64_microsoft.windows.common-controls_6595b64144ccf1df_6.0.7601.18837_none_fa3b1e3d17594757\COMCTL32.dll
0x000007fefdcd0000 - 0x000007fefdd41000 	C:\Windows\system32\SHLWAPI.dll
0x000007fefdc40000 - 0x000007fefdc6e000 	C:\Windows\system32\IMM32.DLL
0x000007fefcb30000 - 0x000007fefcc39000 	C:\Windows\system32\MSCTF.dll
0x0000000053580000 - 0x0000000053652000 	C:\Program Files\Java\jdk1.7.0_71\jre\bin\msvcr100.dll
0x0000000054220000 - 0x00000000549f3000 	C:\Program Files\Java\jdk1.7.0_71\jre\bin\server\jvm.dll
0x000007fef7910000 - 0x000007fef7919000 	C:\Windows\system32\WSOCK32.dll
0x000007fefc690000 - 0x000007fefc6dd000 	C:\Windows\system32\WS2_32.dll
0x000007fefe6f0000 - 0x000007fefe6f8000 	C:\Windows\system32\NSI.dll
0x000007fef9f80000 - 0x000007fef9fbb000 	C:\Windows\system32\WINMM.dll
0x0000000077560000 - 0x0000000077567000 	C:\Windows\system32\PSAPI.DLL
0x000000006f480000 - 0x000000006f48f000 	C:\Program Files\Java\jdk1.7.0_71\jre\bin\verify.dll
0x000000006f450000 - 0x000000006f478000 	C:\Program Files\Java\jdk1.7.0_71\jre\bin\java.dll
0x000000006f430000 - 0x000000006f445000 	C:\Program Files\Java\jdk1.7.0_71\jre\bin\zip.dll
0x000000006f410000 - 0x000000006f429000 	C:\Program Files\Java\jdk1.7.0_71\jre\bin\net.dll
0x000007fefb980000 - 0x000007fefb9d5000 	C:\Windows\system32\mswsock.dll
0x000007fefbb20000 - 0x000007fefbb27000 	C:\Windows\System32\wship6.dll
0x000000006f3f0000 - 0x000000006f401000 	C:\Program Files\Java\jdk1.7.0_71\jre\bin\nio.dll

VM Arguments:
jvm_args: -Xmx1024M -Dfile.encoding=windows-1252 -Duser.country=GB -Duser.language=en -Duser.variant -Xmx512M 
java_command: com.android.dx.command.Main --dex --output I:\GitHub\BuildItBigger\app\build\intermediates\pre-dexed\free\debug\classes-166f668d8e8e0d0686650f85ddaf0ecd774ea796.jar I:\GitHub\BuildItBigger\app\build\intermediates\exploded-aar\com.google.android.gms\play-services-plus\7.5.0\jars\classes.jar
Launcher Type: SUN_STANDARD

Environment Variables:
JAVA_HOME=C:\Program Files\Java\jdk1.7.0_71
_JAVA_OPTIONS=-Xmx512M
PATH=C:\ProgramData\Oracle\Java\javapath;C:\Windows\system32;C:\Windows;C:\Windows\System32\Wbem;C:\Windows\System32\WindowsPowerShell\v1.0\;C:\Program Files (x86)\Microsoft SQL Server\100\Tools\Binn\VSShell\Common7\IDE\;C:\Program Files (x86)\Microsoft SQL Server\100\Tools\Binn\;C:\Program Files\Microsoft SQL Server\100\Tools\Binn\;C:\Program Files (x86)\Microsoft SQL Server\100\DTS\Binn\;C:\Program Files\Microsoft SQL Server\100\DTS\Binn\;C:\Program Files (x86)\Microsoft Team Foundation Server 2012 Power Tools\;C:\Program Files (x86)\Microsoft Team Foundation Server 2012 Power Tools\Best Practices Analyzer\;C:\Program Files\System Center Operations Manager 2007\;C:\Program Files (x86)\Microsoft ASP.NET\ASP.NET Web Pages\v1.0\;C:\Program Files\Microsoft SQL Server\110\Tools\Binn\;C:\Program Files\Microsoft\Web Platform Installer\;C:\Program Files\Devart\Review Assistant;C:\Program Files\Microsoft SQL Server\120\Tools\Binn\;C:\Program Files\nodejs\;C:\Users\htan\Documents\Visual Studio 2012\Projects\MvcApplication2\node_modules\protractor\selenium;C:\Program Files (x86)\Git\cmd;C:\Program Files (x86)\GtkSharp\2.12\bin;C:\Program Files (x86)\Windows Kits\8.1\Windows Performance Toolkit\;C:\Program Files (x86)\nodejs\;C:\Program Files (x86)\Skype\Phone\;C:\RailsInstaller\Git\cmd;C:\RailsInstaller\Ruby2.1.0\bin;C:\Ruby193\bin;C:\Program Files\Java\jdk1.7.0_71;C:\Program Files\Java\jre7;C:\apache-ant-1.9.3\bin;I:\Android\android-sdk\tools;I:\Android\android-sdk\platform-tools;C:\Users\htan\AppData\Roaming\npm
USERNAME=htan
OS=Windows_NT
PROCESSOR_IDENTIFIER=Intel64 Family 6 Model 42 Stepping 7, GenuineIntel



---------------  S Y S T E M  ---------------

OS: Windows 7 , 64 bit Build 7601 Service Pack 1

CPU:total 8 (4 cores per cpu, 2 threads per core) family 6 model 42 stepping 7, cmov, cx8, fxsr, mmx, sse, sse2, sse3, ssse3, sse4.1, sse4.2, popcnt, avx, aes, ht, tsc, tscinvbit

Memory: 4k page, physical 8233400k(1486012k free), swap 8834444k(5324k free)

vm_info: Java HotSpot(TM) 64-Bit Server VM (24.71-b01) for windows-amd64 JRE (1.7.0_71-b14), built on Sep 26 2014 16:16:12 by "java_re" with unknown MS VC++:1600

time: Thu Sep 10 15:56:18 2015
elapsed time: 4 seconds

