#
# There is insufficient memory for the Java Runtime Environment to continue.
# Native memory allocation (malloc) failed to allocate 634896 bytes for Chunk::new
# Possible reasons:
#   The system is out of physical RAM or swap space
#   In 32 bit mode, the process size limit was hit
# Possible solutions:
#   Reduce memory load on the system
#   Increase physical memory or swap space
#   Check if swap backing store is full
#   Use 64 bit Java on a 64 bit OS
#   Decrease Java heap size (-Xmx/-Xms)
#   Decrease number of Java threads
#   Decrease Java thread stack sizes (-Xss)
#   Set larger code cache with -XX:ReservedCodeCacheSize=
# This output file may be truncated or incomplete.
#
#  Out of Memory Error (allocation.cpp:323), pid=7912, tid=15456
#
# JRE version: Java(TM) SE Runtime Environment (7.0_71-b14) (build 1.7.0_71-b14)
# Java VM: Java HotSpot(TM) 64-Bit Server VM (24.71-b01 mixed mode windows-amd64 compressed oops)
# Failed to write core dump. Minidumps are not enabled by default on client versions of Windows
#

---------------  T H R E A D  ---------------

Current thread (0x00000000078c6000):  JavaThread "C2 CompilerThread0" daemon [_thread_in_native, id=15456, stack(0x000000000a170000,0x000000000a270000)]

Stack: [0x000000000a170000,0x000000000a270000]
[error occurred during error reporting (printing stack bounds), id 0xc0000005]


[error occurred during error reporting (printing native stack), id 0xc0000005]


Current CompileTask:
C2:   3916  356             com.android.dx.ssa.back.FirstFitLocalCombiningAllocator::handleNormalUnassociated (99 bytes)


---------------  P R O C E S S  ---------------

Java Threads: ( => current thread )
  0x00000000078cf000 JavaThread "Service Thread" daemon [_thread_blocked, id=10908, stack(0x000000000a460000,0x000000000a560000)]
  0x00000000078cd800 JavaThread "C2 CompilerThread1" daemon [_thread_in_native, id=18684, stack(0x000000000a310000,0x000000000a410000)]
=>0x00000000078c6000 JavaThread "C2 CompilerThread0" daemon [_thread_in_native, id=15456, stack(0x000000000a170000,0x000000000a270000)]
  0x00000000078c4800 JavaThread "Attach Listener" daemon [_thread_blocked, id=10332, stack(0x0000000009ec0000,0x0000000009fc0000)]
  0x00000000078c3800 JavaThread "Signal Dispatcher" daemon [_thread_blocked, id=4348, stack(0x0000000009a70000,0x0000000009b70000)]
  0x00000000078b1800 JavaThread "Finalizer" daemon [_thread_blocked, id=13208, stack(0x0000000009d50000,0x0000000009e50000)]
  0x00000000078b0800 JavaThread "Reference Handler" daemon [_thread_blocked, id=6124, stack(0x0000000009c00000,0x0000000009d00000)]
  0x0000000002399000 JavaThread "main" [_thread_in_Java, id=9764, stack(0x0000000002740000,0x0000000002840000)]

Other Threads:
  0x00000000078ad800 VMThread [stack: 0x0000000009930000,0x0000000009a30000] [id=15484]
  0x0000000008984800 WatcherThread [stack: 0x000000000a640000,0x000000000a740000] [id=14760]

VM state:not at safepoint (normal execution)

VM Mutex/Monitor currently owned by a thread: None

Heap
 PSYoungGen      total 70656K, used 6388K [0x00000000f5500000, 0x00000000f9f00000, 0x0000000100000000)
  eden space 65536K, 1% used [0x00000000f5500000,0x00000000f56431b0,0x00000000f9500000)
  from space 5120K, 99% used [0x00000000f9a00000,0x00000000f9efa078,0x00000000f9f00000)
  to   space 5120K, 0% used [0x00000000f9500000,0x00000000f9500000,0x00000000f9a00000)
 ParOldGen       total 85504K, used 6741K [0x00000000e0000000, 0x00000000e5380000, 0x00000000f5500000)
  object space 85504K, 7% used [0x00000000e0000000,0x00000000e06955d8,0x00000000e5380000)
 PSPermGen       total 21504K, used 5627K [0x00000000dae00000, 0x00000000dc300000, 0x00000000e0000000)
  object space 21504K, 26% used [0x00000000dae00000,0x00000000db37ecf8,0x00000000dc300000)

Card table byte_map: [0x00000000025d0000,0x0000000002700000] byte_map_base: 0x0000000001ef9000

Polling page: 0x0000000000130000

Code Cache  [0x0000000002840000, 0x0000000002ab0000, 0x0000000005840000)
 total_blobs=589 nmethods=355 adapters=186 free_code_cache=47716Kb largest_free_block=48815616

Compilation events (10 events):
Event: 3.360 Thread 0x00000000078c6000 nmethod 352 0x0000000002991410 code [0x0000000002991560, 0x00000000029917f8]
Event: 3.360 Thread 0x00000000078c6000  353             com.android.dx.cf.code.BaseMachine::popArgs (62 bytes)
Event: 3.368 Thread 0x00000000078c6000 nmethod 353 0x0000000002990810 code [0x00000000029909a0, 0x0000000002990ee8]
Event: 3.368 Thread 0x00000000078c6000  354             com.android.dx.rop.code.LocalItem::compareTo (32 bytes)
Event: 3.370 Thread 0x00000000078c6000 nmethod 354 0x00000000029937d0 code [0x0000000002993920, 0x0000000002993bf8]
Event: 3.370 Thread 0x00000000078c6000  355             com.android.dx.dex.code.RopToDop::dopFor (792 bytes)
Event: 3.387 Thread 0x00000000078c6000 nmethod 355 0x00000000029a2a10 code [0x00000000029a2ea0, 0x00000000029a39c0]
Event: 3.387 Thread 0x00000000078c6000  356             com.android.dx.ssa.back.FirstFitLocalCombiningAllocator::handleNormalUnassociated (99 bytes)
Event: 3.390 Thread 0x00000000078cd800 nmethod 336 0x00000000029aa610 code [0x00000000029aa9e0, 0x00000000029adaa0]
Event: 3.390 Thread 0x00000000078cd800  357             com.android.dx.ssa.SCCP::addUsersToWorklist (103 bytes)

GC Heap History (4 events):
Event: 2.055 GC heap before
{Heap before GC invocations=1 (full 0):
 PSYoungGen      total 37888K, used 32768K [0x00000000f5500000, 0x00000000f7f00000, 0x0000000100000000)
  eden space 32768K, 100% used [0x00000000f5500000,0x00000000f7500000,0x00000000f7500000)
  from space 5120K, 0% used [0x00000000f7a00000,0x00000000f7a00000,0x00000000f7f00000)
  to   space 5120K, 0% used [0x00000000f7500000,0x00000000f7500000,0x00000000f7a00000)
 ParOldGen       total 85504K, used 0K [0x00000000e0000000, 0x00000000e5380000, 0x00000000f5500000)
  object space 85504K, 0% used [0x00000000e0000000,0x00000000e0000000,0x00000000e5380000)
 PSPermGen       total 21504K, used 5546K [0x00000000dae00000, 0x00000000dc300000, 0x00000000e0000000)
  object space 21504K, 25% used [0x00000000dae00000,0x00000000db36a8a8,0x00000000dc300000)
Event: 2.532 GC heap after
Heap after GC invocations=1 (full 0):
 PSYoungGen      total 37888K, used 5095K [0x00000000f5500000, 0x00000000f9f00000, 0x0000000100000000)
  eden space 32768K, 0% used [0x00000000f5500000,0x00000000f5500000,0x00000000f7500000)
  from space 5120K, 99% used [0x00000000f7500000,0x00000000f79f9d68,0x00000000f7a00000)
  to   space 5120K, 0% used [0x00000000f9a00000,0x00000000f9a00000,0x00000000f9f00000)
 ParOldGen       total 85504K, used 1695K [0x00000000e0000000, 0x00000000e5380000, 0x00000000f5500000)
  object space 85504K, 1% used [0x00000000e0000000,0x00000000e01a7c80,0x00000000e5380000)
 PSPermGen       total 21504K, used 5546K [0x00000000dae00000, 0x00000000dc300000, 0x00000000e0000000)
  object space 21504K, 25% used [0x00000000dae00000,0x00000000db36a8a8,0x00000000dc300000)
}
Event: 3.391 GC heap before
{Heap before GC invocations=2 (full 0):
 PSYoungGen      total 37888K, used 37863K [0x00000000f5500000, 0x00000000f9f00000, 0x0000000100000000)
  eden space 32768K, 100% used [0x00000000f5500000,0x00000000f7500000,0x00000000f7500000)
  from space 5120K, 99% used [0x00000000f7500000,0x00000000f79f9d68,0x00000000f7a00000)
  to   space 5120K, 0% used [0x00000000f9a00000,0x00000000f9a00000,0x00000000f9f00000)
 ParOldGen       total 85504K, used 1695K [0x00000000e0000000, 0x00000000e5380000, 0x00000000f5500000)
  object space 85504K, 1% used [0x00000000e0000000,0x00000000e01a7c80,0x00000000e5380000)
 PSPermGen       total 21504K, used 5627K [0x00000000dae00000, 0x00000000dc300000, 0x00000000e0000000)
  object space 21504K, 26% used [0x00000000dae00000,0x00000000db37ecf8,0x00000000dc300000)
Event: 3.891 GC heap after
Heap after GC invocations=2 (full 0):
 PSYoungGen      total 70656K, used 5096K [0x00000000f5500000, 0x00000000f9f00000, 0x0000000100000000)
  eden space 65536K, 0% used [0x00000000f5500000,0x00000000f5500000,0x00000000f9500000)
  from space 5120K, 99% used [0x00000000f9a00000,0x00000000f9efa078,0x00000000f9f00000)
  to   space 5120K, 0% used [0x00000000f9500000,0x00000000f9500000,0x00000000f9a00000)
 ParOldGen       total 85504K, used 6741K [0x00000000e0000000, 0x00000000e5380000, 0x00000000f5500000)
  object space 85504K, 7% used [0x00000000e0000000,0x00000000e06955d8,0x00000000e5380000)
 PSPermGen       total 21504K, used 5627K [0x00000000dae00000, 0x00000000dc300000, 0x00000000e0000000)
  object space 21504K, 26% used [0x00000000dae00000,0x00000000db37ecf8,0x00000000dc300000)
}

Deoptimization events (10 events):
Event: 1.899 Thread 0x0000000002399000 Uncommon trap: reason=unreached action=reinterpret pc=0x00000000028f5c4c method=com.android.dx.ssa.SsaRenamer$BlockRenamer.process()V @ 90
Event: 1.937 Thread 0x0000000002399000 Uncommon trap: reason=unreached action=reinterpret pc=0x00000000028cb644 method=com.android.dx.rop.cst.Constant.compareTo(Lcom/android/dx/rop/cst/Constant;)I @ 12
Event: 3.077 Thread 0x0000000002399000 Uncommon trap: reason=unreached action=reinterpret pc=0x000000000290b608 method=com.android.dx.ssa.SCCP.simulateBranch(Lcom/android/dx/ssa/SsaInsn;)V @ 132
Event: 3.122 Thread 0x0000000002399000 Uncommon trap: reason=null_check action=make_not_entrant pc=0x0000000002981c1c method=com.android.dx.ssa.SsaRenamer.getLocalForNewReg(I)Lcom/android/dx/rop/code/LocalItem; @ 19
Event: 3.214 Thread 0x0000000002399000 Uncommon trap: reason=uninitialized action=reinterpret pc=0x0000000002966668 method=com.android.dx.cf.code.BytecodeArray.parseInstruction(ILcom/android/dx/cf/code/BytecodeArray$Visitor;)I @ 1031
Event: 3.216 Thread 0x0000000002399000 Uncommon trap: reason=class_check action=maybe_recompile pc=0x000000000290a134 method=java.util.HashMap.put(Ljava/lang/Object;Ljava/lang/Object;)Ljava/lang/Object; @ 83
Event: 3.264 Thread 0x0000000002399000 Uncommon trap: reason=unreached action=reinterpret pc=0x000000000295eb3c method=com.android.dx.cf.code.BaseMachine.getLocalTarget(Z)Lcom/android/dx/rop/code/RegisterSpec; @ 131
Event: 3.295 Thread 0x0000000002399000 Uncommon trap: reason=bimorphic action=maybe_recompile pc=0x0000000002987d34 method=com.android.dx.ssa.LiteralOpUpgrader.tryReplacingWithConstant(Lcom/android/dx/ssa/NormalSsaInsn;)Z @ 52
Event: 3.300 Thread 0x0000000002399000 Uncommon trap: reason=bimorphic action=maybe_recompile pc=0x0000000002987d34 method=com.android.dx.ssa.LiteralOpUpgrader.tryReplacingWithConstant(Lcom/android/dx/ssa/NormalSsaInsn;)Z @ 52
Event: 3.300 Thread 0x0000000002399000 Uncommon trap: reason=bimorphic action=maybe_recompile pc=0x0000000002987d34 method=com.android.dx.ssa.LiteralOpUpgrader.tryReplacingWithConstant(Lcom/android/dx/ssa/NormalSsaInsn;)Z @ 52

Internal exceptions (10 events):
Event: 1.271 Thread 0x0000000002399000 Threw 0x00000000f65bf438 at C:\re\jdk7u71\1605\hotspot\src\share\vm\prims\jvm.cpp:1281
Event: 1.704 Thread 0x0000000002399000 Implicit null exception at 0x00000000028ee3e2 to 0x00000000028ef369
Event: 2.000 Thread 0x0000000002399000 Threw 0x00000000f729df20 at C:\re\jdk7u71\1605\hotspot\src\share\vm\prims\jvm.cpp:1281
Event: 3.077 Thread 0x0000000002399000 Threw 0x00000000f61bd448 at C:\re\jdk7u71\1605\hotspot\src\share\vm\prims\jvm.cpp:1281
Event: 3.122 Thread 0x0000000002399000 Implicit null exception at 0x00000000029806a0 to 0x0000000002981be5
Event: 3.225 Thread 0x0000000002399000 Threw 0x00000000f6a22ab8 at C:\re\jdk7u71\1605\hotspot\src\share\vm\prims\jvm.cpp:1281
Event: 3.225 Thread 0x0000000002399000 Threw 0x00000000f6a24e98 at C:\re\jdk7u71\1605\hotspot\src\share\vm\prims\jvm.cpp:1281
Event: 3.249 Thread 0x0000000002399000 Threw 0x00000000f6bd37c0 at C:\re\jdk7u71\1605\hotspot\src\share\vm\prims\jvm.cpp:1281
Event: 3.250 Thread 0x0000000002399000 Threw 0x00000000f6bd8e78 at C:\re\jdk7u71\1605\hotspot\src\share\vm\prims\jvm.cpp:1281
Event: 3.250 Thread 0x0000000002399000 Threw 0x00000000f6bde2b8 at C:\re\jdk7u71\1605\hotspot\src\share\vm\prims\jvm.cpp:1281

Events (10 events):
Event: 3.295 Thread 0x0000000002399000 DEOPT PACKING pc=0x0000000002987d34 sp=0x000000000283e930
Event: 3.295 Thread 0x0000000002399000 DEOPT UNPACKING pc=0x00000000028775a4 sp=0x000000000283e7e8 mode 2
Event: 3.300 Thread 0x0000000002399000 Uncommon trap: trap_request=0xffffffc6 fr.pc=0x0000000002987d34
Event: 3.300 Thread 0x0000000002399000 DEOPT PACKING pc=0x0000000002987d34 sp=0x000000000283e930
Event: 3.300 Thread 0x0000000002399000 DEOPT UNPACKING pc=0x00000000028775a4 sp=0x000000000283e7e8 mode 2
Event: 3.300 Thread 0x0000000002399000 Uncommon trap: trap_request=0xffffffc6 fr.pc=0x0000000002987d34
Event: 3.300 Thread 0x0000000002399000 DEOPT PACKING pc=0x0000000002987d34 sp=0x000000000283e930
Event: 3.300 Thread 0x0000000002399000 DEOPT UNPACKING pc=0x00000000028775a4 sp=0x000000000283e7e8 mode 2
Event: 3.390 Executing VM operation: ParallelGCFailedAllocation
Event: 3.891 Executing VM operation: ParallelGCFailedAllocation done


Dynamic libraries:
0x000000013f840000 - 0x000000013f873000 	C:\Program Files\Java\jdk1.7.0_71\bin\java.exe
0x0000000077390000 - 0x0000000077539000 	C:\Windows\SYSTEM32\ntdll.dll
0x0000000077170000 - 0x000000007728f000 	C:\Windows\system32\kernel32.dll
0x000007fefc440000 - 0x000007fefc4ac000 	C:\Windows\system32\KERNELBASE.dll
0x000007fefc9b0000 - 0x000007fefca8b000 	C:\Windows\system32\ADVAPI32.dll
0x000007fefc6e0000 - 0x000007fefc77f000 	C:\Windows\system32\msvcrt.dll
0x000007fefe0c0000 - 0x000007fefe0df000 	C:\Windows\SYSTEM32\sechost.dll
0x000007fefdf90000 - 0x000007fefe0bd000 	C:\Windows\system32\RPCRT4.dll
0x0000000077290000 - 0x000000007738a000 	C:\Windows\system32\USER32.dll
0x000007fefd9d0000 - 0x000007fefda37000 	C:\Windows\system32\GDI32.dll
0x000007fefde30000 - 0x000007fefde3e000 	C:\Windows\system32\LPK.dll
0x000007fefde40000 - 0x000007fefdf09000 	C:\Windows\system32\USP10.dll
0x000007fefac00000 - 0x000007fefadf4000 	C:\Windows\WinSxS\amd64_microsoft.windows.common-controls_6595b64144ccf1df_6.0.7601.18837_none_fa3b1e3d17594757\COMCTL32.dll
0x000007fefdcd0000 - 0x000007fefdd41000 	C:\Windows\system32\SHLWAPI.dll
0x000007fefdc40000 - 0x000007fefdc6e000 	C:\Windows\system32\IMM32.DLL
0x000007fefcb30000 - 0x000007fefcc39000 	C:\Windows\system32\MSCTF.dll
0x0000000053580000 - 0x0000000053652000 	C:\Program Files\Java\jdk1.7.0_71\jre\bin\msvcr100.dll
0x0000000054220000 - 0x00000000549f3000 	C:\Program Files\Java\jdk1.7.0_71\jre\bin\server\jvm.dll
0x000007fef7910000 - 0x000007fef7919000 	C:\Windows\system32\WSOCK32.dll
0x000007fefc690000 - 0x000007fefc6dd000 	C:\Windows\system32\WS2_32.dll
0x000007fefe6f0000 - 0x000007fefe6f8000 	C:\Windows\system32\NSI.dll
0x000007fef9f80000 - 0x000007fef9fbb000 	C:\Windows\system32\WINMM.dll
0x0000000077560000 - 0x0000000077567000 	C:\Windows\system32\PSAPI.DLL
0x000000006f480000 - 0x000000006f48f000 	C:\Program Files\Java\jdk1.7.0_71\jre\bin\verify.dll
0x000000006f450000 - 0x000000006f478000 	C:\Program Files\Java\jdk1.7.0_71\jre\bin\java.dll
0x000000006f430000 - 0x000000006f445000 	C:\Program Files\Java\jdk1.7.0_71\jre\bin\zip.dll
0x000000006f410000 - 0x000000006f429000 	C:\Program Files\Java\jdk1.7.0_71\jre\bin\net.dll
0x000007fefb980000 - 0x000007fefb9d5000 	C:\Windows\system32\mswsock.dll
0x000007fefbb20000 - 0x000007fefbb27000 	C:\Windows\System32\wship6.dll
0x000000006f3f0000 - 0x000000006f401000 	C:\Program Files\Java\jdk1.7.0_71\jre\bin\nio.dll

VM Arguments:
jvm_args: -Xmx1024M -Dfile.encoding=windows-1252 -Duser.country=GB -Duser.language=en -Duser.variant -Xmx512M 
java_command: com.android.dx.command.Main --dex --output I:\GitHub\BuildItBigger\app\build\intermediates\pre-dexed\free\debug\classes-07524898e1f4c16e47f30644e71abd72b7a930df.jar I:\GitHub\BuildItBigger\app\build\intermediates\exploded-aar\com.android.support\appcompat-v7\22.2.0\jars\classes.jar
Launcher Type: SUN_STANDARD

Environment Variables:
JAVA_HOME=C:\Program Files\Java\jdk1.7.0_71
_JAVA_OPTIONS=-Xmx512M
PATH=C:\ProgramData\Oracle\Java\javapath;C:\Windows\system32;C:\Windows;C:\Windows\System32\Wbem;C:\Windows\System32\WindowsPowerShell\v1.0\;C:\Program Files (x86)\Microsoft SQL Server\100\Tools\Binn\VSShell\Common7\IDE\;C:\Program Files (x86)\Microsoft SQL Server\100\Tools\Binn\;C:\Program Files\Microsoft SQL Server\100\Tools\Binn\;C:\Program Files (x86)\Microsoft SQL Server\100\DTS\Binn\;C:\Program Files\Microsoft SQL Server\100\DTS\Binn\;C:\Program Files (x86)\Microsoft Team Foundation Server 2012 Power Tools\;C:\Program Files (x86)\Microsoft Team Foundation Server 2012 Power Tools\Best Practices Analyzer\;C:\Program Files\System Center Operations Manager 2007\;C:\Program Files (x86)\Microsoft ASP.NET\ASP.NET Web Pages\v1.0\;C:\Program Files\Microsoft SQL Server\110\Tools\Binn\;C:\Program Files\Microsoft\Web Platform Installer\;C:\Program Files\Devart\Review Assistant;C:\Program Files\Microsoft SQL Server\120\Tools\Binn\;C:\Program Files\nodejs\;C:\Users\htan\Documents\Visual Studio 2012\Projects\MvcApplication2\node_modules\protractor\selenium;C:\Program Files (x86)\Git\cmd;C:\Program Files (x86)\GtkSharp\2.12\bin;C:\Program Files (x86)\Windows Kits\8.1\Windows Performance Toolkit\;C:\Program Files (x86)\nodejs\;C:\Program Files (x86)\Skype\Phone\;C:\RailsInstaller\Git\cmd;C:\RailsInstaller\Ruby2.1.0\bin;C:\Ruby193\bin;C:\Program Files\Java\jdk1.7.0_71;C:\Program Files\Java\jre7;C:\apache-ant-1.9.3\bin;I:\Android\android-sdk\tools;I:\Android\android-sdk\platform-tools;C:\Users\htan\AppData\Roaming\npm
USERNAME=htan
OS=Windows_NT
PROCESSOR_IDENTIFIER=Intel64 Family 6 Model 42 Stepping 7, GenuineIntel



---------------  S Y S T E M  ---------------

OS: Windows 7 , 64 bit Build 7601 Service Pack 1

CPU:total 8 (4 cores per cpu, 2 threads per core) family 6 model 42 stepping 7, cmov, cx8, fxsr, mmx, sse, sse2, sse3, ssse3, sse4.1, sse4.2, popcnt, avx, aes, ht, tsc, tscinvbit

Memory: 4k page, physical 8233400k(1489160k free), swap 8834444k(5308k free)

vm_info: Java HotSpot(TM) 64-Bit Server VM (24.71-b01) for windows-amd64 JRE (1.7.0_71-b14), built on Sep 26 2014 16:16:12 by "java_re" with unknown MS VC++:1600

time: Thu Sep 10 15:56:18 2015
elapsed time: 3 seconds

