#
# There is insufficient memory for the Java Runtime Environment to continue.
# Native memory allocation (malloc) failed to allocate 32784 bytes for Chunk::new
# Possible reasons:
#   The system is out of physical RAM or swap space
#   In 32 bit mode, the process size limit was hit
# Possible solutions:
#   Reduce memory load on the system
#   Increase physical memory or swap space
#   Check if swap backing store is full
#   Use 64 bit Java on a 64 bit OS
#   Decrease Java heap size (-Xmx/-Xms)
#   Decrease number of Java threads
#   Decrease Java thread stack sizes (-Xss)
#   Set larger code cache with -XX:ReservedCodeCacheSize=
# This output file may be truncated or incomplete.
#
#  Out of Memory Error (allocation.cpp:323), pid=7284, tid=7912
#
# JRE version: Java(TM) SE Runtime Environment (7.0_71-b14) (build 1.7.0_71-b14)
# Java VM: Java HotSpot(TM) 64-Bit Server VM (24.71-b01 mixed mode windows-amd64 compressed oops)
# Failed to write core dump. Minidumps are not enabled by default on client versions of Windows
#

---------------  T H R E A D  ---------------

Current thread (0x00000000083db000):  JavaThread "C2 CompilerThread1" daemon [_thread_in_native, id=7912, stack(0x0000000009be0000,0x0000000009ce0000)]

Stack: [0x0000000009be0000,0x0000000009ce0000]
[error occurred during error reporting (printing stack bounds), id 0xc0000005]


[error occurred during error reporting (printing native stack), id 0xc0000005]


Current CompileTask:
C2:   2244  167             com.android.dx.ssa.back.LivenessAnalyzer::run (231 bytes)


---------------  P R O C E S S  ---------------

Java Threads: ( => current thread )
  0x00000000083dd000 JavaThread "Service Thread" daemon [_thread_blocked, id=16176, stack(0x0000000009d50000,0x0000000009e50000)]
=>0x00000000083db000 JavaThread "C2 CompilerThread1" daemon [_thread_in_native, id=7912, stack(0x0000000009be0000,0x0000000009ce0000)]
  0x000000000755e800 JavaThread "C2 CompilerThread0" daemon [_thread_in_native, id=12900, stack(0x0000000009a10000,0x0000000009b10000)]
  0x000000000755d800 JavaThread "Attach Listener" daemon [_thread_blocked, id=12064, stack(0x0000000009680000,0x0000000009780000)]
  0x000000000755d000 JavaThread "Signal Dispatcher" daemon [_thread_blocked, id=1548, stack(0x0000000009840000,0x0000000009940000)]
  0x0000000007547000 JavaThread "Finalizer" daemon [_thread_blocked, id=8544, stack(0x0000000009570000,0x0000000009670000)]
  0x0000000007540800 JavaThread "Reference Handler" daemon [_thread_blocked, id=17324, stack(0x0000000009460000,0x0000000009560000)]
  0x0000000001e19800 JavaThread "main" [_thread_in_Java, id=13972, stack(0x00000000020c0000,0x00000000021c0000)]

Other Threads:
  0x000000000753d800 VMThread [stack: 0x0000000009300000,0x0000000009400000] [id=12772]
  0x00000000083ea000 WatcherThread [stack: 0x000000000a010000,0x000000000a110000] [id=8076]

VM state:not at safepoint (normal execution)

VM Mutex/Monitor currently owned by a thread: None

Heap
 PSYoungGen      total 37888K, used 22325K [0x00000000f5500000, 0x00000000f7f00000, 0x0000000100000000)
  eden space 32768K, 68% used [0x00000000f5500000,0x00000000f6acd7f8,0x00000000f7500000)
  from space 5120K, 0% used [0x00000000f7a00000,0x00000000f7a00000,0x00000000f7f00000)
  to   space 5120K, 0% used [0x00000000f7500000,0x00000000f7500000,0x00000000f7a00000)
 ParOldGen       total 85504K, used 0K [0x00000000e0000000, 0x00000000e5380000, 0x00000000f5500000)
  object space 85504K, 0% used [0x00000000e0000000,0x00000000e0000000,0x00000000e5380000)
 PSPermGen       total 21504K, used 5432K [0x00000000dae00000, 0x00000000dc300000, 0x00000000e0000000)
  object space 21504K, 25% used [0x00000000dae00000,0x00000000db34e0e0,0x00000000dc300000)

Card table byte_map: [0x0000000001f90000,0x00000000020c0000] byte_map_base: 0x00000000018b9000

Polling page: 0x0000000000110000

Code Cache  [0x00000000021c0000, 0x0000000002430000, 0x00000000051c0000)
 total_blobs=400 nmethods=166 adapters=186 free_code_cache=48454Kb largest_free_block=49582080

Compilation events (10 events):
Event: 2.187 Thread 0x00000000083db000  163             com.android.dx.ssa.SsaRenamer$BlockRenamer::process (191 bytes)
Event: 2.192 Thread 0x000000000755e800  164             com.android.dx.ssa.LocalVariableExtractor::processBlock (383 bytes)
Event: 2.208 Thread 0x00000000083db000 nmethod 163 0x00000000022626d0 code [0x00000000022628e0, 0x0000000002263460]
Event: 2.208 Thread 0x00000000083db000  165             com.android.dx.ssa.SsaMethod::getUseListCopy (56 bytes)
Event: 2.215 Thread 0x00000000083db000 nmethod 165 0x0000000002261cd0 code [0x0000000002261e40, 0x0000000002262308]
Event: 2.215 Thread 0x00000000083db000  166             com.android.dx.ssa.SsaBasicBlock::getRopLabel (5 bytes)
Event: 2.215 Thread 0x00000000083db000 nmethod 166 0x0000000002261ad0 code [0x0000000002261c00, 0x0000000002261c58]
Event: 2.227 Thread 0x000000000755e800 nmethod 164 0x0000000002273390 code [0x0000000002273640, 0x0000000002274c48]
Event: 2.229 Thread 0x00000000083db000  167             com.android.dx.ssa.back.LivenessAnalyzer::run (231 bytes)
Event: 2.232 Thread 0x000000000755e800  168             com.android.dx.ssa.Dominators::run (506 bytes)

GC Heap History (0 events):
No events

Deoptimization events (7 events):
Event: 1.297 Thread 0x0000000001e19800 Uncommon trap: reason=class_check action=maybe_recompile pc=0x0000000002239740 method=com.android.dx.ssa.NormalSsaInsn.accept(Lcom/android/dx/ssa/SsaInsn$Visitor;)V @ 9
Event: 1.302 Thread 0x0000000001e19800 Uncommon trap: reason=class_check action=maybe_recompile pc=0x0000000002239740 method=com.android.dx.ssa.NormalSsaInsn.accept(Lcom/android/dx/ssa/SsaInsn$Visitor;)V @ 9
Event: 1.302 Thread 0x0000000001e19800 Uncommon trap: reason=class_check action=maybe_recompile pc=0x0000000002239740 method=com.android.dx.ssa.NormalSsaInsn.accept(Lcom/android/dx/ssa/SsaInsn$Visitor;)V @ 9
Event: 1.469 Thread 0x0000000001e19800 Uncommon trap: reason=null_check action=make_not_entrant pc=0x0000000002241374 method=com.android.dx.rop.code.LocalItem.equals(Ljava/lang/Object;)Z @ 1
Event: 1.860 Thread 0x0000000001e19800 Uncommon trap: reason=class_check action=maybe_recompile pc=0x0000000002239740 method=com.android.dx.ssa.NormalSsaInsn.accept(Lcom/android/dx/ssa/SsaInsn$Visitor;)V @ 9
Event: 2.164 Thread 0x0000000001e19800 Uncommon trap: reason=unreached action=reinterpret pc=0x0000000002242284 method=com.android.dx.rop.cst.Constant.compareTo(Lcom/android/dx/rop/cst/Constant;)I @ 12
Event: 2.234 Thread 0x0000000001e19800 Uncommon trap: reason=null_check action=make_not_entrant pc=0x0000000002274960 method=com.android.dx.rop.code.RegisterSpec.equals(Ljava/lang/Object;)Z @ 1

Internal exceptions (10 events):
Event: 1.290 Thread 0x0000000001e19800 Threw 0x00000000f5e974c0 at C:\re\jdk7u71\1605\hotspot\src\share\vm\prims\jvm.cpp:1281
Event: 1.291 Thread 0x0000000001e19800 Threw 0x00000000f5e9c018 at C:\re\jdk7u71\1605\hotspot\src\share\vm\prims\jvm.cpp:1281
Event: 1.451 Thread 0x0000000001e19800 Threw 0x00000000f5fd3698 at C:\re\jdk7u71\1605\hotspot\src\share\vm\prims\jvm.cpp:1281
Event: 1.466 Thread 0x0000000001e19800 Threw 0x00000000f6024de0 at C:\re\jdk7u71\1605\hotspot\src\share\vm\prims\jvm.cpp:1281
Event: 1.467 Thread 0x0000000001e19800 Threw 0x00000000f602ea48 at C:\re\jdk7u71\1605\hotspot\src\share\vm\prims\jvm.cpp:1281
Event: 1.467 Thread 0x0000000001e19800 Threw 0x00000000f6030b98 at C:\re\jdk7u71\1605\hotspot\src\share\vm\prims\jvm.cpp:1281
Event: 1.469 Thread 0x0000000001e19800 Implicit null exception at 0x0000000002241003 to 0x0000000002241359
Event: 1.869 Thread 0x0000000001e19800 Threw 0x00000000f64d8bb8 at C:\re\jdk7u71\1605\hotspot\src\share\vm\prims\jvm.cpp:1281
Event: 1.925 Thread 0x0000000001e19800 Threw 0x00000000f6569290 at C:\re\jdk7u71\1605\hotspot\src\share\vm\prims\jvm.cpp:1281
Event: 2.234 Thread 0x0000000001e19800 Implicit null exception at 0x0000000002273ade to 0x0000000002274931

Events (10 events):
Event: 1.869 loading class 0x000000000842c090
Event: 1.869 loading class 0x000000000842c090 done
Event: 1.925 loading class 0x00000000083dc5a0
Event: 1.925 loading class 0x00000000083dc5a0 done
Event: 2.164 Thread 0x0000000001e19800 Uncommon trap: trap_request=0xffffffad fr.pc=0x0000000002242284
Event: 2.164 Thread 0x0000000001e19800 DEOPT PACKING pc=0x0000000002242284 sp=0x00000000021be510
Event: 2.164 Thread 0x0000000001e19800 DEOPT UNPACKING pc=0x00000000021f75a4 sp=0x00000000021be4b0 mode 2
Event: 2.234 Thread 0x0000000001e19800 Uncommon trap: trap_request=0xfffffff4 fr.pc=0x0000000002274960
Event: 2.234 Thread 0x0000000001e19800 DEOPT PACKING pc=0x0000000002274960 sp=0x00000000021be8f0
Event: 2.234 Thread 0x0000000001e19800 DEOPT UNPACKING pc=0x00000000021f75a4 sp=0x00000000021be808 mode 2


Dynamic libraries:
0x000000013fdb0000 - 0x000000013fde3000 	C:\Program Files\Java\jdk1.7.0_71\bin\java.exe
0x00000000778d0000 - 0x0000000077a79000 	C:\Windows\SYSTEM32\ntdll.dll
0x00000000776b0000 - 0x00000000777cf000 	C:\Windows\system32\kernel32.dll
0x000007fefc7b0000 - 0x000007fefc81c000 	C:\Windows\system32\KERNELBASE.dll
0x000007fefcfd0000 - 0x000007fefd0ab000 	C:\Windows\system32\ADVAPI32.dll
0x000007fefe3f0000 - 0x000007fefe48f000 	C:\Windows\system32\msvcrt.dll
0x000007fefec20000 - 0x000007fefec3f000 	C:\Windows\SYSTEM32\sechost.dll
0x000007fefe520000 - 0x000007fefe64d000 	C:\Windows\system32\RPCRT4.dll
0x00000000777d0000 - 0x00000000778ca000 	C:\Windows\system32\USER32.dll
0x000007fefe810000 - 0x000007fefe877000 	C:\Windows\system32\GDI32.dll
0x000007fefe490000 - 0x000007fefe49e000 	C:\Windows\system32\LPK.dll
0x000007fefe6a0000 - 0x000007fefe769000 	C:\Windows\system32\USP10.dll
0x000007fefb140000 - 0x000007fefb334000 	C:\Windows\WinSxS\amd64_microsoft.windows.common-controls_6595b64144ccf1df_6.0.7601.18837_none_fa3b1e3d17594757\COMCTL32.dll
0x000007fefe790000 - 0x000007fefe801000 	C:\Windows\system32\SHLWAPI.dll
0x000007fefcb30000 - 0x000007fefcb5e000 	C:\Windows\system32\IMM32.DLL
0x000007fefe2e0000 - 0x000007fefe3e9000 	C:\Windows\system32\MSCTF.dll
0x00000000638d0000 - 0x00000000639a2000 	C:\Program Files\Java\jdk1.7.0_71\jre\bin\msvcr100.dll
0x000000006ed40000 - 0x000000006f513000 	C:\Program Files\Java\jdk1.7.0_71\jre\bin\server\jvm.dll
0x000007fef7e80000 - 0x000007fef7e89000 	C:\Windows\system32\WSOCK32.dll
0x000007fefe650000 - 0x000007fefe69d000 	C:\Windows\system32\WS2_32.dll
0x000007fefd150000 - 0x000007fefd158000 	C:\Windows\system32\NSI.dll
0x000007fefa3c0000 - 0x000007fefa3fb000 	C:\Windows\system32\WINMM.dll
0x0000000077a90000 - 0x0000000077a97000 	C:\Windows\system32\PSAPI.DLL
0x000000006e1f0000 - 0x000000006e1ff000 	C:\Program Files\Java\jdk1.7.0_71\jre\bin\verify.dll
0x000000006de60000 - 0x000000006de88000 	C:\Program Files\Java\jdk1.7.0_71\jre\bin\java.dll
0x000000006bb20000 - 0x000000006bb35000 	C:\Program Files\Java\jdk1.7.0_71\jre\bin\zip.dll
0x000000006bb00000 - 0x000000006bb19000 	C:\Program Files\Java\jdk1.7.0_71\jre\bin\net.dll
0x000007fefbf00000 - 0x000007fefbf55000 	C:\Windows\system32\mswsock.dll
0x000007fefbfa0000 - 0x000007fefbfa7000 	C:\Windows\System32\wship6.dll
0x000000006bae0000 - 0x000000006baf1000 	C:\Program Files\Java\jdk1.7.0_71\jre\bin\nio.dll

VM Arguments:
jvm_args: -Xmx1024M -Dfile.encoding=windows-1252 -Duser.country=GB -Duser.language=en -Duser.variant -Xmx512M 
java_command: com.android.dx.command.Main --dex --output I:\GitHub\BuildItBigger\app\build\intermediates\pre-dexed\debug\classes-49867b684ab8d377c394de936aae5c9e60def839.jar I:\GitHub\BuildItBigger\app\build\intermediates\exploded-aar\com.google.android.gms\play-services-drive\7.5.0\jars\classes.jar
Launcher Type: SUN_STANDARD

Environment Variables:
JAVA_HOME=C:\Program Files\Java\jdk1.7.0_71
_JAVA_OPTIONS=-Xmx512M
PATH=C:\ProgramData\Oracle\Java\javapath;C:\Windows\system32;C:\Windows;C:\Windows\System32\Wbem;C:\Windows\System32\WindowsPowerShell\v1.0\;C:\Program Files (x86)\Microsoft SQL Server\100\Tools\Binn\VSShell\Common7\IDE\;C:\Program Files (x86)\Microsoft SQL Server\100\Tools\Binn\;C:\Program Files\Microsoft SQL Server\100\Tools\Binn\;C:\Program Files (x86)\Microsoft SQL Server\100\DTS\Binn\;C:\Program Files\Microsoft SQL Server\100\DTS\Binn\;C:\Program Files (x86)\Microsoft Team Foundation Server 2012 Power Tools\;C:\Program Files (x86)\Microsoft Team Foundation Server 2012 Power Tools\Best Practices Analyzer\;C:\Program Files\System Center Operations Manager 2007\;C:\Program Files (x86)\Microsoft ASP.NET\ASP.NET Web Pages\v1.0\;C:\Program Files\Microsoft SQL Server\110\Tools\Binn\;C:\Program Files\Microsoft\Web Platform Installer\;C:\Program Files\Devart\Review Assistant;C:\Program Files\Microsoft SQL Server\120\Tools\Binn\;C:\Program Files\nodejs\;C:\Users\htan\Documents\Visual Studio 2012\Projects\MvcApplication2\node_modules\protractor\selenium;C:\Program Files (x86)\Git\cmd;C:\Program Files (x86)\GtkSharp\2.12\bin;C:\Program Files (x86)\Windows Kits\8.1\Windows Performance Toolkit\;C:\Program Files (x86)\Microsoft SDKs\TypeScript\1.4\;C:\Program Files (x86)\nodejs\;C:\Program Files (x86)\Skype\Phone\;C:\RailsInstaller\Git\cmd;C:\RailsInstaller\Ruby2.1.0\bin;C:\Ruby193\bin;C:\Program Files\Java\jdk1.7.0_71;C:\Program Files\Java\jre7;C:\apache-ant-1.9.3\bin;I:\Android\android-sdk\tools;I:\Android\android-sdk\platform-tools;C:\Users\htan\AppData\Roaming\npm
USERNAME=htan
OS=Windows_NT
PROCESSOR_IDENTIFIER=Intel64 Family 6 Model 42 Stepping 7, GenuineIntel



---------------  S Y S T E M  ---------------

OS: Windows 7 , 64 bit Build 7601 Service Pack 1

CPU:total 8 (4 cores per cpu, 2 threads per core) family 6 model 42 stepping 7, cmov, cx8, fxsr, mmx, sse, sse2, sse3, ssse3, sse4.1, sse4.2, popcnt, avx, aes, ht, tsc, tscinvbit

Memory: 4k page, physical 8233400k(599192k free), swap 10013888k(5116k free)

vm_info: Java HotSpot(TM) 64-Bit Server VM (24.71-b01) for windows-amd64 JRE (1.7.0_71-b14), built on Sep 26 2014 16:16:12 by "java_re" with unknown MS VC++:1600

time: Tue Sep 08 18:55:42 2015
elapsed time: 2 seconds

