#
# There is insufficient memory for the Java Runtime Environment to continue.
# Native memory allocation (malloc) failed to allocate 743696 bytes for Chunk::new
# Possible reasons:
#   The system is out of physical RAM or swap space
#   In 32 bit mode, the process size limit was hit
# Possible solutions:
#   Reduce memory load on the system
#   Increase physical memory or swap space
#   Check if swap backing store is full
#   Use 64 bit Java on a 64 bit OS
#   Decrease Java heap size (-Xmx/-Xms)
#   Decrease number of Java threads
#   Decrease Java thread stack sizes (-Xss)
#   Set larger code cache with -XX:ReservedCodeCacheSize=
# This output file may be truncated or incomplete.
#
#  Out of Memory Error (allocation.cpp:323), pid=16172, tid=10368
#
# JRE version: Java(TM) SE Runtime Environment (7.0_71-b14) (build 1.7.0_71-b14)
# Java VM: Java HotSpot(TM) 64-Bit Server VM (24.71-b01 mixed mode windows-amd64 compressed oops)
# Failed to write core dump. Minidumps are not enabled by default on client versions of Windows
#

---------------  T H R E A D  ---------------

Current thread (0x0000000007319000):  JavaThread "C2 CompilerThread1" daemon [_thread_in_native, id=10368, stack(0x0000000009ad0000,0x0000000009bd0000)]

Stack: [0x0000000009ad0000,0x0000000009bd0000]
[error occurred during error reporting (printing stack bounds), id 0xc0000005]


Current CompileTask:
C2:   8570  754             com.android.dx.dex.file.DebugInfoEncoder::emitHeader (530 bytes)


---------------  P R O C E S S  ---------------

Java Threads: ( => current thread )
  0x000000000731a800 JavaThread "Service Thread" daemon [_thread_blocked, id=10860, stack(0x0000000009d60000,0x0000000009e60000)]
=>0x0000000007319000 JavaThread "C2 CompilerThread1" daemon [_thread_in_native, id=10368, stack(0x0000000009ad0000,0x0000000009bd0000)]
  0x0000000007314800 JavaThread "C2 CompilerThread0" daemon [_thread_in_native, id=12412, stack(0x0000000009c10000,0x0000000009d10000)]
  0x0000000007313800 JavaThread "Attach Listener" daemon [_thread_blocked, id=16024, stack(0x0000000009690000,0x0000000009790000)]
  0x0000000007313000 JavaThread "Signal Dispatcher" daemon [_thread_blocked, id=11204, stack(0x0000000009940000,0x0000000009a40000)]
  0x0000000007301800 JavaThread "Finalizer" daemon [_thread_blocked, id=12832, stack(0x00000000097d0000,0x00000000098d0000)]
  0x0000000007300800 JavaThread "Reference Handler" daemon [_thread_blocked, id=12400, stack(0x0000000009560000,0x0000000009660000)]
  0x0000000001de9800 JavaThread "main" [_thread_in_Java, id=16728, stack(0x0000000002150000,0x0000000002250000)]

Other Threads:
  0x00000000072fd800 VMThread [stack: 0x0000000009410000,0x0000000009510000] [id=17088]
  0x0000000009e60800 WatcherThread [stack: 0x000000000a690000,0x000000000a790000] [id=10680]

VM state:not at safepoint (normal execution)

VM Mutex/Monitor currently owned by a thread: None

Heap
 PSYoungGen      total 70656K, used 60364K [0x00000000f5500000, 0x00000000fdf00000, 0x0000000100000000)
  eden space 65536K, 84% used [0x00000000f5500000,0x00000000f8afafa0,0x00000000f9500000)
  from space 5120K, 99% used [0x00000000f9500000,0x00000000f99f8180,0x00000000f9a00000)
  to   space 5120K, 0% used [0x00000000f9a00000,0x00000000f9a00000,0x00000000f9f00000)
 ParOldGen       total 85504K, used 36657K [0x00000000e0000000, 0x00000000e5380000, 0x00000000f5500000)
  object space 85504K, 42% used [0x00000000e0000000,0x00000000e23cc448,0x00000000e5380000)
 PSPermGen       total 21504K, used 6011K [0x00000000dae00000, 0x00000000dc300000, 0x00000000e0000000)
  object space 21504K, 27% used [0x00000000dae00000,0x00000000db3def38,0x00000000dc300000)

Card table byte_map: [0x0000000002010000,0x0000000002140000] byte_map_base: 0x0000000001939000

Polling page: 0x0000000000320000

Code Cache  [0x0000000002250000, 0x00000000024e0000, 0x0000000005250000)
 total_blobs=975 nmethods=740 adapters=187 free_code_cache=46615Kb largest_free_block=47690112

Compilation events (10 events):
Event: 8.521 Thread 0x0000000007314800 nmethod 759 0x00000000024d3310 code [0x00000000024d3540, 0x00000000024d4028]
Event: 8.521 Thread 0x0000000007314800  760             com.android.dx.dex.code.PositionList$Entry::getPosition (5 bytes)
Event: 8.521 Thread 0x0000000007314800 nmethod 760 0x00000000024cd410 code [0x00000000024cd540, 0x00000000024cd598]
Event: 8.521 Thread 0x0000000007314800  761             com.android.dx.dex.file.DebugInfoEncoder::buildSortedPositions (68 bytes)
Event: 8.528 Thread 0x0000000007314800 nmethod 761 0x00000000024cc810 code [0x00000000024cc9c0, 0x00000000024ccec8]
Event: 8.528 Thread 0x0000000007314800  762             com.android.dx.rop.code.LocalItem::getSignature (5 bytes)
Event: 8.529 Thread 0x0000000007314800 nmethod 762 0x00000000024cc590 code [0x00000000024cc6c0, 0x00000000024cc718]
Event: 8.529 Thread 0x0000000007314800  763             com.android.dx.util.ByteArrayAnnotatedOutput::getCursor (5 bytes)
Event: 8.529 Thread 0x0000000007314800 nmethod 763 0x00000000024d3110 code [0x00000000024d3240, 0x00000000024d3298]
Event: 8.529 Thread 0x0000000007314800  764             com.android.dx.dex.file.DebugInfoEncoder::convert0 (246 bytes)

GC Heap History (10 events):
Event: 1.893 GC heap before
{Heap before GC invocations=1 (full 0):
 PSYoungGen      total 37888K, used 32768K [0x00000000f5500000, 0x00000000f7f00000, 0x0000000100000000)
  eden space 32768K, 100% used [0x00000000f5500000,0x00000000f7500000,0x00000000f7500000)
  from space 5120K, 0% used [0x00000000f7a00000,0x00000000f7a00000,0x00000000f7f00000)
  to   space 5120K, 0% used [0x00000000f7500000,0x00000000f7500000,0x00000000f7a00000)
 ParOldGen       total 85504K, used 0K [0x00000000e0000000, 0x00000000e5380000, 0x00000000f5500000)
  object space 85504K, 0% used [0x00000000e0000000,0x00000000e0000000,0x00000000e5380000)
 PSPermGen       total 21504K, used 5545K [0x00000000dae00000, 0x00000000dc300000, 0x00000000e0000000)
  object space 21504K, 25% used [0x00000000dae00000,0x00000000db36a518,0x00000000dc300000)
Event: 2.362 GC heap after
Heap after GC invocations=1 (full 0):
 PSYoungGen      total 37888K, used 5095K [0x00000000f5500000, 0x00000000f9f00000, 0x0000000100000000)
  eden space 32768K, 0% used [0x00000000f5500000,0x00000000f5500000,0x00000000f7500000)
  from space 5120K, 99% used [0x00000000f7500000,0x00000000f79f9c78,0x00000000f7a00000)
  to   space 5120K, 0% used [0x00000000f9a00000,0x00000000f9a00000,0x00000000f9f00000)
 ParOldGen       total 85504K, used 1555K [0x00000000e0000000, 0x00000000e5380000, 0x00000000f5500000)
  object space 85504K, 1% used [0x00000000e0000000,0x00000000e0184f00,0x00000000e5380000)
 PSPermGen       total 21504K, used 5545K [0x00000000dae00000, 0x00000000dc300000, 0x00000000e0000000)
  object space 21504K, 25% used [0x00000000dae00000,0x00000000db36a518,0x00000000dc300000)
}
Event: 2.953 GC heap before
{Heap before GC invocations=2 (full 0):
 PSYoungGen      total 37888K, used 37863K [0x00000000f5500000, 0x00000000f9f00000, 0x0000000100000000)
  eden space 32768K, 100% used [0x00000000f5500000,0x00000000f7500000,0x00000000f7500000)
  from space 5120K, 99% used [0x00000000f7500000,0x00000000f79f9c78,0x00000000f7a00000)
  to   space 5120K, 0% used [0x00000000f9a00000,0x00000000f9a00000,0x00000000f9f00000)
 ParOldGen       total 85504K, used 1555K [0x00000000e0000000, 0x00000000e5380000, 0x00000000f5500000)
  object space 85504K, 1% used [0x00000000e0000000,0x00000000e0184f00,0x00000000e5380000)
 PSPermGen       total 21504K, used 5629K [0x00000000dae00000, 0x00000000dc300000, 0x00000000e0000000)
  object space 21504K, 26% used [0x00000000dae00000,0x00000000db37f7b0,0x00000000dc300000)
Event: 3.052 GC heap after
Heap after GC invocations=2 (full 0):
 PSYoungGen      total 70656K, used 5092K [0x00000000f5500000, 0x00000000f9f00000, 0x0000000100000000)
  eden space 65536K, 0% used [0x00000000f5500000,0x00000000f5500000,0x00000000f9500000)
  from space 5120K, 99% used [0x00000000f9a00000,0x00000000f9ef90c8,0x00000000f9f00000)
  to   space 5120K, 0% used [0x00000000f9500000,0x00000000f9500000,0x00000000f9a00000)
 ParOldGen       total 85504K, used 6563K [0x00000000e0000000, 0x00000000e5380000, 0x00000000f5500000)
  object space 85504K, 7% used [0x00000000e0000000,0x00000000e0668fa0,0x00000000e5380000)
 PSPermGen       total 21504K, used 5629K [0x00000000dae00000, 0x00000000dc300000, 0x00000000e0000000)
  object space 21504K, 26% used [0x00000000dae00000,0x00000000db37f7b0,0x00000000dc300000)
}
Event: 4.444 GC heap before
{Heap before GC invocations=3 (full 0):
 PSYoungGen      total 70656K, used 70628K [0x00000000f5500000, 0x00000000f9f00000, 0x0000000100000000)
  eden space 65536K, 100% used [0x00000000f5500000,0x00000000f9500000,0x00000000f9500000)
  from space 5120K, 99% used [0x00000000f9a00000,0x00000000f9ef90c8,0x00000000f9f00000)
  to   space 5120K, 0% used [0x00000000f9500000,0x00000000f9500000,0x00000000f9a00000)
 ParOldGen       total 85504K, used 6563K [0x00000000e0000000, 0x00000000e5380000, 0x00000000f5500000)
  object space 85504K, 7% used [0x00000000e0000000,0x00000000e0668fa0,0x00000000e5380000)
 PSPermGen       total 21504K, used 5682K [0x00000000dae00000, 0x00000000dc300000, 0x00000000e0000000)
  object space 21504K, 26% used [0x00000000dae00000,0x00000000db38c9c8,0x00000000dc300000)
Event: 5.144 GC heap after
Heap after GC invocations=3 (full 0):
 PSYoungGen      total 70656K, used 5115K [0x00000000f5500000, 0x00000000f9f00000, 0x0000000100000000)
  eden space 65536K, 0% used [0x00000000f5500000,0x00000000f5500000,0x00000000f9500000)
  from space 5120K, 99% used [0x00000000f9500000,0x00000000f99fecf0,0x00000000f9a00000)
  to   space 5120K, 0% used [0x00000000f9a00000,0x00000000f9a00000,0x00000000f9f00000)
 ParOldGen       total 85504K, used 16306K [0x00000000e0000000, 0x00000000e5380000, 0x00000000f5500000)
  object space 85504K, 19% used [0x00000000e0000000,0x00000000e0fec960,0x00000000e5380000)
 PSPermGen       total 21504K, used 5682K [0x00000000dae00000, 0x00000000dc300000, 0x00000000e0000000)
  object space 21504K, 26% used [0x00000000dae00000,0x00000000db38c9c8,0x00000000dc300000)
}
Event: 5.573 GC heap before
{Heap before GC invocations=4 (full 0):
 PSYoungGen      total 70656K, used 70651K [0x00000000f5500000, 0x00000000f9f00000, 0x0000000100000000)
  eden space 65536K, 100% used [0x00000000f5500000,0x00000000f9500000,0x00000000f9500000)
  from space 5120K, 99% used [0x00000000f9500000,0x00000000f99fecf0,0x00000000f9a00000)
  to   space 5120K, 0% used [0x00000000f9a00000,0x00000000f9a00000,0x00000000f9f00000)
 ParOldGen       total 85504K, used 16306K [0x00000000e0000000, 0x00000000e5380000, 0x00000000f5500000)
  object space 85504K, 19% used [0x00000000e0000000,0x00000000e0fec960,0x00000000e5380000)
 PSPermGen       total 21504K, used 5716K [0x00000000dae00000, 0x00000000dc300000, 0x00000000e0000000)
  object space 21504K, 26% used [0x00000000dae00000,0x00000000db3953f8,0x00000000dc300000)
Event: 6.356 GC heap after
Heap after GC invocations=4 (full 0):
 PSYoungGen      total 70656K, used 5110K [0x00000000f5500000, 0x00000000fdf00000, 0x0000000100000000)
  eden space 65536K, 0% used [0x00000000f5500000,0x00000000f5500000,0x00000000f9500000)
  from space 5120K, 99% used [0x00000000f9a00000,0x00000000f9efdae8,0x00000000f9f00000)
  to   space 5120K, 0% used [0x00000000f9500000,0x00000000f9500000,0x00000000f9a00000)
 ParOldGen       total 85504K, used 26655K [0x00000000e0000000, 0x00000000e5380000, 0x00000000f5500000)
  object space 85504K, 31% used [0x00000000e0000000,0x00000000e1a07f90,0x00000000e5380000)
 PSPermGen       total 21504K, used 5716K [0x00000000dae00000, 0x00000000dc300000, 0x00000000e0000000)
  object space 21504K, 26% used [0x00000000dae00000,0x00000000db3953f8,0x00000000dc300000)
}
Event: 6.772 GC heap before
{Heap before GC invocations=5 (full 0):
 PSYoungGen      total 70656K, used 70646K [0x00000000f5500000, 0x00000000fdf00000, 0x0000000100000000)
  eden space 65536K, 100% used [0x00000000f5500000,0x00000000f9500000,0x00000000f9500000)
  from space 5120K, 99% used [0x00000000f9a00000,0x00000000f9efdae8,0x00000000f9f00000)
  to   space 5120K, 0% used [0x00000000f9500000,0x00000000f9500000,0x00000000f9a00000)
 ParOldGen       total 85504K, used 26655K [0x00000000e0000000, 0x00000000e5380000, 0x00000000f5500000)
  object space 85504K, 31% used [0x00000000e0000000,0x00000000e1a07f90,0x00000000e5380000)
 PSPermGen       total 21504K, used 5736K [0x00000000dae00000, 0x00000000dc300000, 0x00000000e0000000)
  object space 21504K, 26% used [0x00000000dae00000,0x00000000db39a248,0x00000000dc300000)
Event: 6.876 GC heap after
Heap after GC invocations=5 (full 0):
 PSYoungGen      total 70656K, used 5088K [0x00000000f5500000, 0x00000000fdf00000, 0x0000000100000000)
  eden space 65536K, 0% used [0x00000000f5500000,0x00000000f5500000,0x00000000f9500000)
  from space 5120K, 99% used [0x00000000f9500000,0x00000000f99f8180,0x00000000f9a00000)
  to   space 5120K, 0% used [0x00000000f9a00000,0x00000000f9a00000,0x00000000f9f00000)
 ParOldGen       total 85504K, used 36657K [0x00000000e0000000, 0x00000000e5380000, 0x00000000f5500000)
  object space 85504K, 42% used [0x00000000e0000000,0x00000000e23cc448,0x00000000e5380000)
 PSPermGen       total 21504K, used 5736K [0x00000000dae00000, 0x00000000dc300000, 0x00000000e0000000)
  object space 21504K, 26% used [0x00000000dae00000,0x00000000db39a248,0x00000000dc300000)
}

Deoptimization events (10 events):
Event: 7.451 Thread 0x0000000001de9800 Uncommon trap: reason=unreached action=reinterpret pc=0x000000000239da6c method=com.android.dx.dex.file.DexFile.internIfAppropriate(Lcom/android/dx/rop/cst/Constant;)V @ 92
Event: 8.049 Thread 0x0000000001de9800 Uncommon trap: reason=predicate action=maybe_recompile pc=0x000000000242db1c method=java.util.ComparableTimSort.binarySort([Ljava/lang/Object;III)V @ 37
Event: 8.049 Thread 0x0000000001de9800 Uncommon trap: reason=class_check action=maybe_recompile pc=0x0000000002453144 method=com.android.dx.dex.code.OutputFinisher.massageInstructions([Lcom/android/dx/dex/code/Dop;)V @ 63
Event: 8.076 Thread 0x0000000001de9800 Uncommon trap: reason=class_check action=maybe_recompile pc=0x0000000002453144 method=com.android.dx.dex.code.OutputFinisher.massageInstructions([Lcom/android/dx/dex/code/Dop;)V @ 63
Event: 8.088 Thread 0x0000000001de9800 Uncommon trap: reason=class_check action=maybe_recompile pc=0x0000000002453144 method=com.android.dx.dex.code.OutputFinisher.massageInstructions([Lcom/android/dx/dex/code/Dop;)V @ 63
Event: 8.105 Thread 0x0000000001de9800 Uncommon trap: reason=class_check action=maybe_recompile pc=0x0000000002453144 method=com.android.dx.dex.code.OutputFinisher.massageInstructions([Lcom/android/dx/dex/code/Dop;)V @ 63
Event: 8.206 Thread 0x0000000001de9800 Uncommon trap: reason=array_check action=maybe_recompile pc=0x0000000002451558 method=java.util.ComparableTimSort.binarySort([Ljava/lang/Object;III)V @ 183
Event: 8.221 Thread 0x0000000001de9800 Uncommon trap: reason=array_check action=maybe_recompile pc=0x0000000002451490 method=java.util.ComparableTimSort.binarySort([Ljava/lang/Object;III)V @ 193
Event: 8.238 Thread 0x0000000001de9800 Uncommon trap: reason=array_check action=maybe_recompile pc=0x0000000002451490 method=java.util.ComparableTimSort.binarySort([Ljava/lang/Object;III)V @ 193
Event: 8.238 Thread 0x0000000001de9800 Uncommon trap: reason=array_check action=maybe_recompile pc=0x0000000002451490 method=java.util.ComparableTimSort.binarySort([Ljava/lang/Object;III)V @ 193

Internal exceptions (10 events):
Event: 7.888 Thread 0x0000000001de9800 Threw 0x00000000f7c38d18 at C:\re\jdk7u71\1605\hotspot\src\share\vm\prims\jvm.cpp:1281
Event: 7.889 Thread 0x0000000001de9800 Threw 0x00000000f7c3d880 at C:\re\jdk7u71\1605\hotspot\src\share\vm\prims\jvm.cpp:1281
Event: 7.890 Thread 0x0000000001de9800 Threw 0x00000000f7c41c78 at C:\re\jdk7u71\1605\hotspot\src\share\vm\prims\jvm.cpp:1281
Event: 7.895 Thread 0x0000000001de9800 Threw 0x00000000f7c52150 at C:\re\jdk7u71\1605\hotspot\src\share\vm\prims\jvm.cpp:1281
Event: 7.896 Thread 0x0000000001de9800 Threw 0x00000000f7c55148 at C:\re\jdk7u71\1605\hotspot\src\share\vm\prims\jvm.cpp:1281
Event: 7.896 Thread 0x0000000001de9800 Threw 0x00000000f7c57ff8 at C:\re\jdk7u71\1605\hotspot\src\share\vm\prims\jvm.cpp:1281
Event: 7.901 Thread 0x0000000001de9800 Threw 0x00000000f7c68f08 at C:\re\jdk7u71\1605\hotspot\src\share\vm\prims\jvm.cpp:1281
Event: 8.380 Thread 0x0000000001de9800 Threw 0x00000000f85603e8 at C:\re\jdk7u71\1605\hotspot\src\share\vm\prims\jvm.cpp:1281
Event: 8.381 Thread 0x0000000001de9800 Threw 0x00000000f856bde8 at C:\re\jdk7u71\1605\hotspot\src\share\vm\prims\jvm.cpp:1281
Event: 8.382 Thread 0x0000000001de9800 Threw 0x00000000f856e7e0 at C:\re\jdk7u71\1605\hotspot\src\share\vm\prims\jvm.cpp:1281

Events (10 events):
Event: 8.238 Thread 0x0000000001de9800 DEOPT UNPACKING pc=0x00000000022875a4 sp=0x000000000224ee08 mode 2
Event: 8.238 Thread 0x0000000001de9800 Uncommon trap: trap_request=0xffffffd6 fr.pc=0x0000000002451490
Event: 8.238 Thread 0x0000000001de9800 DEOPT PACKING pc=0x0000000002451490 sp=0x000000000224ee40
Event: 8.238 Thread 0x0000000001de9800 DEOPT UNPACKING pc=0x00000000022875a4 sp=0x000000000224ee08 mode 2
Event: 8.380 loading class 0x000000000867d8e0
Event: 8.380 loading class 0x000000000867d8e0 done
Event: 8.381 loading class 0x000000000867e7a0
Event: 8.381 loading class 0x000000000867e7a0 done
Event: 8.382 loading class 0x000000000867e7e0
Event: 8.382 loading class 0x000000000867e7e0 done


Dynamic libraries:
0x000000013fdb0000 - 0x000000013fde3000 	C:\Program Files\Java\jdk1.7.0_71\bin\java.exe
0x00000000778d0000 - 0x0000000077a79000 	C:\Windows\SYSTEM32\ntdll.dll
0x00000000776b0000 - 0x00000000777cf000 	C:\Windows\system32\kernel32.dll
0x000007fefc7b0000 - 0x000007fefc81c000 	C:\Windows\system32\KERNELBASE.dll
0x000007fefcfd0000 - 0x000007fefd0ab000 	C:\Windows\system32\ADVAPI32.dll
0x000007fefe3f0000 - 0x000007fefe48f000 	C:\Windows\system32\msvcrt.dll
0x000007fefec20000 - 0x000007fefec3f000 	C:\Windows\SYSTEM32\sechost.dll
0x000007fefe520000 - 0x000007fefe64d000 	C:\Windows\system32\RPCRT4.dll
0x00000000777d0000 - 0x00000000778ca000 	C:\Windows\system32\USER32.dll
0x000007fefe810000 - 0x000007fefe877000 	C:\Windows\system32\GDI32.dll
0x000007fefe490000 - 0x000007fefe49e000 	C:\Windows\system32\LPK.dll
0x000007fefe6a0000 - 0x000007fefe769000 	C:\Windows\system32\USP10.dll
0x000007fefb140000 - 0x000007fefb334000 	C:\Windows\WinSxS\amd64_microsoft.windows.common-controls_6595b64144ccf1df_6.0.7601.18837_none_fa3b1e3d17594757\COMCTL32.dll
0x000007fefe790000 - 0x000007fefe801000 	C:\Windows\system32\SHLWAPI.dll
0x000007fefcb30000 - 0x000007fefcb5e000 	C:\Windows\system32\IMM32.DLL
0x000007fefe2e0000 - 0x000007fefe3e9000 	C:\Windows\system32\MSCTF.dll
0x00000000638d0000 - 0x00000000639a2000 	C:\Program Files\Java\jdk1.7.0_71\jre\bin\msvcr100.dll
0x000000006ed40000 - 0x000000006f513000 	C:\Program Files\Java\jdk1.7.0_71\jre\bin\server\jvm.dll
0x000007fef7e80000 - 0x000007fef7e89000 	C:\Windows\system32\WSOCK32.dll
0x000007fefe650000 - 0x000007fefe69d000 	C:\Windows\system32\WS2_32.dll
0x000007fefd150000 - 0x000007fefd158000 	C:\Windows\system32\NSI.dll
0x000007fefa3c0000 - 0x000007fefa3fb000 	C:\Windows\system32\WINMM.dll
0x0000000077a90000 - 0x0000000077a97000 	C:\Windows\system32\PSAPI.DLL
0x000000006e1f0000 - 0x000000006e1ff000 	C:\Program Files\Java\jdk1.7.0_71\jre\bin\verify.dll
0x000000006de60000 - 0x000000006de88000 	C:\Program Files\Java\jdk1.7.0_71\jre\bin\java.dll
0x000000006bb20000 - 0x000000006bb35000 	C:\Program Files\Java\jdk1.7.0_71\jre\bin\zip.dll
0x000000006bb00000 - 0x000000006bb19000 	C:\Program Files\Java\jdk1.7.0_71\jre\bin\net.dll
0x000007fefbf00000 - 0x000007fefbf55000 	C:\Windows\system32\mswsock.dll
0x000007fefbfa0000 - 0x000007fefbfa7000 	C:\Windows\System32\wship6.dll
0x000000006bae0000 - 0x000000006baf1000 	C:\Program Files\Java\jdk1.7.0_71\jre\bin\nio.dll

VM Arguments:
jvm_args: -Xmx1024M -Dfile.encoding=windows-1252 -Duser.country=GB -Duser.language=en -Duser.variant -Xmx512M 
java_command: com.android.dx.command.Main --dex --output I:\GitHub\BuildItBigger\app\build\intermediates\pre-dexed\debug\classes-07524898e1f4c16e47f30644e71abd72b7a930df.jar I:\GitHub\BuildItBigger\app\build\intermediates\exploded-aar\com.android.support\appcompat-v7\22.2.0\jars\classes.jar
Launcher Type: SUN_STANDARD

Environment Variables:
JAVA_HOME=C:\Program Files\Java\jdk1.7.0_71
_JAVA_OPTIONS=-Xmx512M
PATH=C:\ProgramData\Oracle\Java\javapath;C:\Windows\system32;C:\Windows;C:\Windows\System32\Wbem;C:\Windows\System32\WindowsPowerShell\v1.0\;C:\Program Files (x86)\Microsoft SQL Server\100\Tools\Binn\VSShell\Common7\IDE\;C:\Program Files (x86)\Microsoft SQL Server\100\Tools\Binn\;C:\Program Files\Microsoft SQL Server\100\Tools\Binn\;C:\Program Files (x86)\Microsoft SQL Server\100\DTS\Binn\;C:\Program Files\Microsoft SQL Server\100\DTS\Binn\;C:\Program Files (x86)\Microsoft Team Foundation Server 2012 Power Tools\;C:\Program Files (x86)\Microsoft Team Foundation Server 2012 Power Tools\Best Practices Analyzer\;C:\Program Files\System Center Operations Manager 2007\;C:\Program Files (x86)\Microsoft ASP.NET\ASP.NET Web Pages\v1.0\;C:\Program Files\Microsoft SQL Server\110\Tools\Binn\;C:\Program Files\Microsoft\Web Platform Installer\;C:\Program Files\Devart\Review Assistant;C:\Program Files\Microsoft SQL Server\120\Tools\Binn\;C:\Program Files\nodejs\;C:\Users\htan\Documents\Visual Studio 2012\Projects\MvcApplication2\node_modules\protractor\selenium;C:\Program Files (x86)\Git\cmd;C:\Program Files (x86)\GtkSharp\2.12\bin;C:\Program Files (x86)\Windows Kits\8.1\Windows Performance Toolkit\;C:\Program Files (x86)\Microsoft SDKs\TypeScript\1.4\;C:\Program Files (x86)\nodejs\;C:\Program Files (x86)\Skype\Phone\;C:\RailsInstaller\Git\cmd;C:\RailsInstaller\Ruby2.1.0\bin;C:\Ruby193\bin;C:\Program Files\Java\jdk1.7.0_71;C:\Program Files\Java\jre7;C:\apache-ant-1.9.3\bin;I:\Android\android-sdk\tools;I:\Android\android-sdk\platform-tools;C:\Users\htan\AppData\Roaming\npm
USERNAME=htan
OS=Windows_NT
PROCESSOR_IDENTIFIER=Intel64 Family 6 Model 42 Stepping 7, GenuineIntel



---------------  S Y S T E M  ---------------

OS: Windows 7 , 64 bit Build 7601 Service Pack 1

CPU:total 8 (4 cores per cpu, 2 threads per core) family 6 model 42 stepping 7, cmov, cx8, fxsr, mmx, sse, sse2, sse3, ssse3, sse4.1, sse4.2, popcnt, avx, aes, ht, tsc, tscinvbit

Memory: 4k page, physical 8233400k(601820k free), swap 10013888k(6012k free)

vm_info: Java HotSpot(TM) 64-Bit Server VM (24.71-b01) for windows-amd64 JRE (1.7.0_71-b14), built on Sep 26 2014 16:16:12 by "java_re" with unknown MS VC++:1600

time: Tue Sep 08 18:55:42 2015
elapsed time: 8 seconds

