#
# There is insufficient memory for the Java Runtime Environment to continue.
# Native memory allocation (malloc) failed to allocate 56688 bytes for Chunk::new
# Possible reasons:
#   The system is out of physical RAM or swap space
#   In 32 bit mode, the process size limit was hit
# Possible solutions:
#   Reduce memory load on the system
#   Increase physical memory or swap space
#   Check if swap backing store is full
#   Use 64 bit Java on a 64 bit OS
#   Decrease Java heap size (-Xmx/-Xms)
#   Decrease number of Java threads
#   Decrease Java thread stack sizes (-Xss)
#   Set larger code cache with -XX:ReservedCodeCacheSize=
# This output file may be truncated or incomplete.
#
#  Out of Memory Error (allocation.cpp:323), pid=14588, tid=16996
#
# JRE version: Java(TM) SE Runtime Environment (7.0_71-b14) (build 1.7.0_71-b14)
# Java VM: Java HotSpot(TM) 64-Bit Server VM (24.71-b01 mixed mode windows-amd64 compressed oops)
# Failed to write core dump. Minidumps are not enabled by default on client versions of Windows
#

---------------  T H R E A D  ---------------

Current thread (0x00000000078f6800):  JavaThread "C2 CompilerThread0" daemon [_thread_in_native, id=16996, stack(0x00000000098a0000,0x00000000099a0000)]

Stack: [0x00000000098a0000,0x00000000099a0000]
[error occurred during error reporting (printing stack bounds), id 0xc0000005]


[error occurred during error reporting (printing native stack), id 0xc0000005]


Current CompileTask:
C2:   5205  505             com.android.dx.dex.cf.CfTranslator::translate0 (259 bytes)


---------------  P R O C E S S  ---------------

Java Threads: ( => current thread )
  0x00000000078fc800 JavaThread "Service Thread" daemon [_thread_blocked, id=14260, stack(0x0000000009c30000,0x0000000009d30000)]
  0x00000000078fa800 JavaThread "C2 CompilerThread1" daemon [_thread_in_vm, id=10332, stack(0x000000000a260000,0x000000000a360000)]
=>0x00000000078f6800 JavaThread "C2 CompilerThread0" daemon [_thread_in_native, id=16996, stack(0x00000000098a0000,0x00000000099a0000)]
  0x00000000078f6000 JavaThread "Attach Listener" daemon [_thread_blocked, id=17560, stack(0x0000000009e60000,0x0000000009f60000)]
  0x00000000078f5000 JavaThread "Signal Dispatcher" daemon [_thread_blocked, id=13996, stack(0x0000000009f90000,0x000000000a090000)]
  0x00000000022cd800 JavaThread "Finalizer" daemon [_thread_blocked, id=12300, stack(0x0000000009d30000,0x0000000009e30000)]
  0x00000000022cc800 JavaThread "Reference Handler" daemon [_thread_blocked, id=12588, stack(0x0000000009b30000,0x0000000009c30000)]
  0x0000000002239000 JavaThread "main" [_thread_in_vm, id=17140, stack(0x0000000002530000,0x0000000002630000)]

Other Threads:
  0x0000000008953800 VMThread [stack: 0x00000000099d0000,0x0000000009ad0000] [id=11308]
  0x00000000078fd800 WatcherThread [stack: 0x000000000a400000,0x000000000a500000] [id=7016]

VM state:not at safepoint (normal execution)

VM Mutex/Monitor currently owned by a thread: None

Heap
 PSYoungGen      total 70656K, used 60820K [0x00000000f5500000, 0x00000000f9f00000, 0x0000000100000000)
  eden space 65536K, 85% used [0x00000000f5500000,0x00000000f8b67710,0x00000000f9500000)
  from space 5120K, 99% used [0x00000000f9a00000,0x00000000f9efdc88,0x00000000f9f00000)
  to   space 5120K, 0% used [0x00000000f9500000,0x00000000f9500000,0x00000000f9a00000)
 ParOldGen       total 85504K, used 7096K [0x00000000e0000000, 0x00000000e5380000, 0x00000000f5500000)
  object space 85504K, 8% used [0x00000000e0000000,0x00000000e06ee220,0x00000000e5380000)
 PSPermGen       total 21504K, used 5641K [0x00000000dae00000, 0x00000000dc300000, 0x00000000e0000000)
  object space 21504K, 26% used [0x00000000dae00000,0x00000000db382660,0x00000000dc300000)

Card table byte_map: [0x0000000005630000,0x0000000005760000] byte_map_base: 0x0000000004f59000

Polling page: 0x0000000000430000

Code Cache  [0x0000000002630000, 0x00000000028a0000, 0x0000000005630000)
 total_blobs=735 nmethods=501 adapters=186 free_code_cache=47084Kb largest_free_block=48125696

Compilation events (10 events):
Event: 5.172 Thread 0x00000000078fa800 nmethod 477 0x000000000283acd0 code [0x000000000283b360, 0x0000000002841be8]
Event: 5.172 Thread 0x00000000078fa800  500             java.lang.StringBuilder::<init> (7 bytes)
Event: 5.173 Thread 0x00000000078fa800 nmethod 500 0x000000000281fe10 code [0x000000000281ff60, 0x0000000002820058]
Event: 5.173 Thread 0x00000000078fa800  501             com.android.dx.ssa.back.FirstFitLocalCombiningAllocator$Alignment$3::nextClearBit (6 bytes)
Event: 5.174 Thread 0x00000000078f6800 nmethod 499 0x000000000281f7d0 code [0x000000000281f920, 0x000000000281fbf8]
Event: 5.174 Thread 0x00000000078f6800  503             com.android.dx.cf.code.ByteBlockList::labelToBlock (46 bytes)
Event: 5.175 Thread 0x00000000078f6800 nmethod 503 0x00000000028178d0 code [0x0000000002817a20, 0x0000000002817b58]
Event: 5.175 Thread 0x00000000078f6800  504             com.android.dx.cf.code.ByteBlockList::get (9 bytes)
Event: 5.176 Thread 0x00000000078f6800 nmethod 504 0x0000000002817590 code [0x00000000028176e0, 0x0000000002817798]
Event: 5.176 Thread 0x00000000078f6800  505             com.android.dx.dex.cf.CfTranslator::translate0 (259 bytes)

GC Heap History (4 events):
Event: 2.110 GC heap before
{Heap before GC invocations=1 (full 0):
 PSYoungGen      total 37888K, used 32768K [0x00000000f5500000, 0x00000000f7f00000, 0x0000000100000000)
  eden space 32768K, 100% used [0x00000000f5500000,0x00000000f7500000,0x00000000f7500000)
  from space 5120K, 0% used [0x00000000f7a00000,0x00000000f7a00000,0x00000000f7f00000)
  to   space 5120K, 0% used [0x00000000f7500000,0x00000000f7500000,0x00000000f7a00000)
 ParOldGen       total 85504K, used 0K [0x00000000e0000000, 0x00000000e5380000, 0x00000000f5500000)
  object space 85504K, 0% used [0x00000000e0000000,0x00000000e0000000,0x00000000e5380000)
 PSPermGen       total 21504K, used 5519K [0x00000000dae00000, 0x00000000dc300000, 0x00000000e0000000)
  object space 21504K, 25% used [0x00000000dae00000,0x00000000db363c50,0x00000000dc300000)
Event: 2.442 GC heap after
Heap after GC invocations=1 (full 0):
 PSYoungGen      total 37888K, used 5095K [0x00000000f5500000, 0x00000000f9f00000, 0x0000000100000000)
  eden space 32768K, 0% used [0x00000000f5500000,0x00000000f5500000,0x00000000f7500000)
  from space 5120K, 99% used [0x00000000f7500000,0x00000000f79f9c98,0x00000000f7a00000)
  to   space 5120K, 0% used [0x00000000f9a00000,0x00000000f9a00000,0x00000000f9f00000)
 ParOldGen       total 85504K, used 1862K [0x00000000e0000000, 0x00000000e5380000, 0x00000000f5500000)
  object space 85504K, 2% used [0x00000000e0000000,0x00000000e01d19d8,0x00000000e5380000)
 PSPermGen       total 21504K, used 5519K [0x00000000dae00000, 0x00000000dc300000, 0x00000000e0000000)
  object space 21504K, 25% used [0x00000000dae00000,0x00000000db363c50,0x00000000dc300000)
}
Event: 3.003 GC heap before
{Heap before GC invocations=2 (full 0):
 PSYoungGen      total 37888K, used 37863K [0x00000000f5500000, 0x00000000f9f00000, 0x0000000100000000)
  eden space 32768K, 100% used [0x00000000f5500000,0x00000000f7500000,0x00000000f7500000)
  from space 5120K, 99% used [0x00000000f7500000,0x00000000f79f9c98,0x00000000f7a00000)
  to   space 5120K, 0% used [0x00000000f9a00000,0x00000000f9a00000,0x00000000f9f00000)
 ParOldGen       total 85504K, used 1862K [0x00000000e0000000, 0x00000000e5380000, 0x00000000f5500000)
  object space 85504K, 2% used [0x00000000e0000000,0x00000000e01d19d8,0x00000000e5380000)
 PSPermGen       total 21504K, used 5589K [0x00000000dae00000, 0x00000000dc300000, 0x00000000e0000000)
  object space 21504K, 25% used [0x00000000dae00000,0x00000000db3756e0,0x00000000dc300000)
Event: 4.043 GC heap after
Heap after GC invocations=2 (full 0):
 PSYoungGen      total 70656K, used 5111K [0x00000000f5500000, 0x00000000f9f00000, 0x0000000100000000)
  eden space 65536K, 0% used [0x00000000f5500000,0x00000000f5500000,0x00000000f9500000)
  from space 5120K, 99% used [0x00000000f9a00000,0x00000000f9efdc88,0x00000000f9f00000)
  to   space 5120K, 0% used [0x00000000f9500000,0x00000000f9500000,0x00000000f9a00000)
 ParOldGen       total 85504K, used 7096K [0x00000000e0000000, 0x00000000e5380000, 0x00000000f5500000)
  object space 85504K, 8% used [0x00000000e0000000,0x00000000e06ee220,0x00000000e5380000)
 PSPermGen       total 21504K, used 5589K [0x00000000dae00000, 0x00000000dc300000, 0x00000000e0000000)
  object space 21504K, 25% used [0x00000000dae00000,0x00000000db3756e0,0x00000000dc300000)
}

Deoptimization events (10 events):
Event: 4.586 Thread 0x0000000002239000 Uncommon trap: reason=null_check action=make_not_entrant pc=0x00000000027d32c4 method=com.android.dx.cf.code.Ropper$CatchInfo.getSetup(Lcom/android/dx/rop/type/Type;)Lcom/android/dx/cf/code/Ropper$ExceptionHandlerSetup; @ 10
Event: 4.605 Thread 0x0000000002239000 Uncommon trap: reason=unloaded action=reinterpret pc=0x000000000278c92c method=com.android.dx.cf.cst.ConstantPoolParser.parse0(ILjava/util/BitSet;)Lcom/android/dx/rop/cst/Constant; @ 220
Event: 4.814 Thread 0x0000000002239000 Uncommon trap: reason=unreached action=reinterpret pc=0x00000000027be118 method=com.android.dx.rop.code.RegisterSpecSet.intersect(Lcom/android/dx/rop/code/RegisterSpecSet;Z)V @ 73
Event: 4.845 Thread 0x0000000002239000 Uncommon trap: reason=unreached action=reinterpret pc=0x00000000027e5d9c method=com.android.dx.cf.code.RopperMachine.run(Lcom/android/dx/cf/code/Frame;II)V @ 1500
Event: 5.061 Thread 0x0000000002239000 Uncommon trap: reason=bimorphic action=maybe_recompile pc=0x00000000028063b8 method=com.android.dx.ssa.SCCP.simulatePhi(Lcom/android/dx/ssa/PhiInsn;)V @ 124
Event: 5.061 Thread 0x0000000002239000 Uncommon trap: reason=bimorphic action=maybe_recompile pc=0x00000000028063b8 method=com.android.dx.ssa.SCCP.simulatePhi(Lcom/android/dx/ssa/PhiInsn;)V @ 124
Event: 5.061 Thread 0x0000000002239000 Uncommon trap: reason=bimorphic action=maybe_recompile pc=0x00000000028063b8 method=com.android.dx.ssa.SCCP.simulatePhi(Lcom/android/dx/ssa/PhiInsn;)V @ 124
Event: 5.061 Thread 0x0000000002239000 Uncommon trap: reason=bimorphic action=maybe_recompile pc=0x00000000028063b8 method=com.android.dx.ssa.SCCP.simulatePhi(Lcom/android/dx/ssa/PhiInsn;)V @ 124
Event: 5.128 Thread 0x0000000002239000 Uncommon trap: reason=bimorphic action=maybe_recompile pc=0x000000000276cce0 method=com.android.dx.ssa.LiteralOpUpgrader.tryReplacingWithConstant(Lcom/android/dx/ssa/NormalSsaInsn;)Z @ 52
Event: 5.128 Thread 0x0000000002239000 Uncommon trap: reason=class_check action=maybe_recompile pc=0x00000000027b109c method=com.android.dx.ssa.ConstCollector.getConstsSortedByCountUse()Ljava/util/ArrayList; @ 168

Internal exceptions (10 events):
Event: 1.192 Thread 0x0000000002239000 Threw 0x00000000f6316e50 at C:\re\jdk7u71\1605\hotspot\src\share\vm\prims\jvm.cpp:1281
Event: 1.541 Thread 0x0000000002239000 Implicit null exception at 0x00000000026e89a0 to 0x00000000026e96c9
Event: 2.045 Thread 0x0000000002239000 Implicit null exception at 0x00000000027234eb to 0x0000000002723bc9
Event: 2.661 Thread 0x0000000002239000 Implicit null exception at 0x00000000026de492 to 0x00000000026de582
Event: 2.727 Thread 0x0000000002239000 Threw 0x00000000f5fb15d8 at C:\re\jdk7u71\1605\hotspot\src\share\vm\prims\jvm.cpp:1281
Event: 2.891 Thread 0x0000000002239000 Threw 0x00000000f6c7e418 at C:\re\jdk7u71\1605\hotspot\src\share\vm\prims\jvm.cpp:1281
Event: 2.976 Thread 0x0000000002239000 Threw 0x00000000f730a8c0 at C:\re\jdk7u71\1605\hotspot\src\share\vm\prims\jvm.cpp:1281
Event: 4.586 Thread 0x0000000002239000 Implicit null exception at 0x00000000027cfa94 to 0x00000000027d3285
Event: 4.633 Thread 0x0000000002239000 Threw 0x00000000f714c8b0 at C:\re\jdk7u71\1605\hotspot\src\share\vm\prims\jvm.cpp:1281
Event: 4.814 Thread 0x0000000002239000 Implicit null exception at 0x00000000027bdd77 to 0x00000000027be0c5

Events (10 events):
Event: 5.061 Thread 0x0000000002239000 Uncommon trap: trap_request=0xffffffc6 fr.pc=0x00000000028063b8
Event: 5.061 Thread 0x0000000002239000 DEOPT PACKING pc=0x00000000028063b8 sp=0x000000000262ea60
Event: 5.061 Thread 0x0000000002239000 DEOPT UNPACKING pc=0x00000000026675a4 sp=0x000000000262e9e8 mode 2
Event: 5.128 Thread 0x0000000002239000 Uncommon trap: trap_request=0xffffffc6 fr.pc=0x000000000276cce0
Event: 5.128 Thread 0x0000000002239000 DEOPT PACKING pc=0x000000000276cce0 sp=0x000000000262e950
Event: 5.128 Thread 0x0000000002239000 DEOPT UNPACKING pc=0x00000000026675a4 sp=0x000000000262e890 mode 2
Event: 5.128 Thread 0x0000000002239000 Uncommon trap: trap_request=0xffffffde fr.pc=0x00000000027b109c
Event: 5.128 Thread 0x0000000002239000 DEOPT PACKING pc=0x00000000027b109c sp=0x000000000262ea20
Event: 5.128 Thread 0x0000000002239000 DEOPT UNPACKING pc=0x00000000026675a4 sp=0x000000000262e9a8 mode 2
Event: 5.176 Thread 0x00000000078f6800 flushing nmethod 0x00000000026e82d0


Dynamic libraries:
0x000000013fe40000 - 0x000000013fe73000 	C:\Program Files\Java\jdk1.7.0_71\bin\java.exe
0x0000000077390000 - 0x0000000077539000 	C:\Windows\SYSTEM32\ntdll.dll
0x0000000077170000 - 0x000000007728f000 	C:\Windows\system32\kernel32.dll
0x000007fefc440000 - 0x000007fefc4ac000 	C:\Windows\system32\KERNELBASE.dll
0x000007fefc9b0000 - 0x000007fefca8b000 	C:\Windows\system32\ADVAPI32.dll
0x000007fefc6e0000 - 0x000007fefc77f000 	C:\Windows\system32\msvcrt.dll
0x000007fefe0c0000 - 0x000007fefe0df000 	C:\Windows\SYSTEM32\sechost.dll
0x000007fefdf90000 - 0x000007fefe0bd000 	C:\Windows\system32\RPCRT4.dll
0x0000000077290000 - 0x000000007738a000 	C:\Windows\system32\USER32.dll
0x000007fefd9d0000 - 0x000007fefda37000 	C:\Windows\system32\GDI32.dll
0x000007fefde30000 - 0x000007fefde3e000 	C:\Windows\system32\LPK.dll
0x000007fefde40000 - 0x000007fefdf09000 	C:\Windows\system32\USP10.dll
0x000007fefac00000 - 0x000007fefadf4000 	C:\Windows\WinSxS\amd64_microsoft.windows.common-controls_6595b64144ccf1df_6.0.7601.18837_none_fa3b1e3d17594757\COMCTL32.dll
0x000007fefdcd0000 - 0x000007fefdd41000 	C:\Windows\system32\SHLWAPI.dll
0x000007fefdc40000 - 0x000007fefdc6e000 	C:\Windows\system32\IMM32.DLL
0x000007fefcb30000 - 0x000007fefcc39000 	C:\Windows\system32\MSCTF.dll
0x0000000064b10000 - 0x0000000064be2000 	C:\Program Files\Java\jdk1.7.0_71\jre\bin\msvcr100.dll
0x0000000054220000 - 0x00000000549f3000 	C:\Program Files\Java\jdk1.7.0_71\jre\bin\server\jvm.dll
0x000007fef7910000 - 0x000007fef7919000 	C:\Windows\system32\WSOCK32.dll
0x000007fefc690000 - 0x000007fefc6dd000 	C:\Windows\system32\WS2_32.dll
0x000007fefe6f0000 - 0x000007fefe6f8000 	C:\Windows\system32\NSI.dll
0x000007fef9f80000 - 0x000007fef9fbb000 	C:\Windows\system32\WINMM.dll
0x0000000077560000 - 0x0000000077567000 	C:\Windows\system32\PSAPI.DLL
0x000000006f6a0000 - 0x000000006f6af000 	C:\Program Files\Java\jdk1.7.0_71\jre\bin\verify.dll
0x000000006f4b0000 - 0x000000006f4d8000 	C:\Program Files\Java\jdk1.7.0_71\jre\bin\java.dll
0x000000006f490000 - 0x000000006f4a5000 	C:\Program Files\Java\jdk1.7.0_71\jre\bin\zip.dll
0x000000006f420000 - 0x000000006f439000 	C:\Program Files\Java\jdk1.7.0_71\jre\bin\net.dll
0x000007fefb980000 - 0x000007fefb9d5000 	C:\Windows\system32\mswsock.dll
0x000007fefbb20000 - 0x000007fefbb27000 	C:\Windows\System32\wship6.dll
0x000000006f400000 - 0x000000006f411000 	C:\Program Files\Java\jdk1.7.0_71\jre\bin\nio.dll

VM Arguments:
jvm_args: -Xmx1024M -Dfile.encoding=windows-1252 -Duser.country=GB -Duser.language=en -Duser.variant -Xmx512M 
java_command: com.android.dx.command.Main --dex --output I:\GitHub\BuildItBigger\jokedisplaylibrary\build\intermediates\pre-dexed\androidTest\free\debug\classes-4dc70d52e1e957c7b7be34e0feb78bdf3e37920a.jar I:\GitHub\BuildItBigger\jokedisplaylibrary\build\intermediates\exploded-aar\com.google.android.gms\play-services-ads\7.5.0\jars\classes.jar
Launcher Type: SUN_STANDARD

Environment Variables:
JAVA_HOME=C:\Program Files\Java\jdk1.7.0_71
_JAVA_OPTIONS=-Xmx512M
PATH=C:\ProgramData\Oracle\Java\javapath;C:\Windows\system32;C:\Windows;C:\Windows\System32\Wbem;C:\Windows\System32\WindowsPowerShell\v1.0\;C:\Program Files (x86)\Microsoft SQL Server\100\Tools\Binn\VSShell\Common7\IDE\;C:\Program Files (x86)\Microsoft SQL Server\100\Tools\Binn\;C:\Program Files\Microsoft SQL Server\100\Tools\Binn\;C:\Program Files (x86)\Microsoft SQL Server\100\DTS\Binn\;C:\Program Files\Microsoft SQL Server\100\DTS\Binn\;C:\Program Files (x86)\Microsoft Team Foundation Server 2012 Power Tools\;C:\Program Files (x86)\Microsoft Team Foundation Server 2012 Power Tools\Best Practices Analyzer\;C:\Program Files\System Center Operations Manager 2007\;C:\Program Files (x86)\Microsoft ASP.NET\ASP.NET Web Pages\v1.0\;C:\Program Files\Microsoft SQL Server\110\Tools\Binn\;C:\Program Files\Microsoft\Web Platform Installer\;C:\Program Files\Devart\Review Assistant;C:\Program Files\Microsoft SQL Server\120\Tools\Binn\;C:\Program Files\nodejs\;C:\Users\htan\Documents\Visual Studio 2012\Projects\MvcApplication2\node_modules\protractor\selenium;C:\Program Files (x86)\Git\cmd;C:\Program Files (x86)\GtkSharp\2.12\bin;C:\Program Files (x86)\Windows Kits\8.1\Windows Performance Toolkit\;C:\Program Files (x86)\nodejs\;C:\Program Files (x86)\Skype\Phone\;C:\RailsInstaller\Git\cmd;C:\RailsInstaller\Ruby2.1.0\bin;C:\Ruby193\bin;C:\Program Files\Java\jdk1.7.0_71;C:\Program Files\Java\jre7;C:\apache-ant-1.9.3\bin;I:\Android\android-sdk\tools;I:\Android\android-sdk\platform-tools;C:\Users\htan\AppData\Roaming\npm
USERNAME=htan
OS=Windows_NT
PROCESSOR_IDENTIFIER=Intel64 Family 6 Model 42 Stepping 7, GenuineIntel



---------------  S Y S T E M  ---------------

OS: Windows 7 , 64 bit Build 7601 Service Pack 1

CPU:total 8 (4 cores per cpu, 2 threads per core) family 6 model 42 stepping 7, cmov, cx8, fxsr, mmx, sse, sse2, sse3, ssse3, sse4.1, sse4.2, popcnt, avx, aes, ht, tsc, tscinvbit

Memory: 4k page, physical 8233400k(1659248k free), swap 8834444k(6936k free)

vm_info: Java HotSpot(TM) 64-Bit Server VM (24.71-b01) for windows-amd64 JRE (1.7.0_71-b14), built on Sep 26 2014 16:16:12 by "java_re" with unknown MS VC++:1600

time: Thu Sep 10 16:23:57 2015
elapsed time: 5 seconds

