#
# There is insufficient memory for the Java Runtime Environment to continue.
# Native memory allocation (malloc) failed to allocate 182480 bytes for Chunk::new
# Possible reasons:
#   The system is out of physical RAM or swap space
#   In 32 bit mode, the process size limit was hit
# Possible solutions:
#   Reduce memory load on the system
#   Increase physical memory or swap space
#   Check if swap backing store is full
#   Use 64 bit Java on a 64 bit OS
#   Decrease Java heap size (-Xmx/-Xms)
#   Decrease number of Java threads
#   Decrease Java thread stack sizes (-Xss)
#   Set larger code cache with -XX:ReservedCodeCacheSize=
# This output file may be truncated or incomplete.
#
#  Out of Memory Error (allocation.cpp:323), pid=8616, tid=17840
#
# JRE version: Java(TM) SE Runtime Environment (7.0_71-b14) (build 1.7.0_71-b14)
# Java VM: Java HotSpot(TM) 64-Bit Server VM (24.71-b01 mixed mode windows-amd64 compressed oops)
# Failed to write core dump. Minidumps are not enabled by default on client versions of Windows
#

---------------  T H R E A D  ---------------

Current thread (0x00000000077dd000):  JavaThread "C2 CompilerThread1" daemon [_thread_in_native, id=17840, stack(0x000000000a020000,0x000000000a120000)]

Stack: [0x000000000a020000,0x000000000a120000]
[error occurred during error reporting (printing stack bounds), id 0xc0000005]


Current CompileTask:
C2:   3833  327   !         com.android.dx.rop.type.Type::intern (319 bytes)


---------------  P R O C E S S  ---------------

Java Threads: ( => current thread )
  0x00000000089a0000 JavaThread "Service Thread" daemon [_thread_blocked, id=6008, stack(0x000000000a3c0000,0x000000000a4c0000)]
=>0x00000000077dd000 JavaThread "C2 CompilerThread1" daemon [_thread_in_native, id=17840, stack(0x000000000a020000,0x000000000a120000)]
  0x00000000077d4800 JavaThread "C2 CompilerThread0" daemon [_thread_in_native, id=14544, stack(0x000000000a140000,0x000000000a240000)]
  0x00000000077d3800 JavaThread "Attach Listener" daemon [_thread_blocked, id=7752, stack(0x0000000009e80000,0x0000000009f80000)]
  0x00000000077d3000 JavaThread "Signal Dispatcher" daemon [_thread_blocked, id=3644, stack(0x0000000009d60000,0x0000000009e60000)]
  0x00000000077c7000 JavaThread "Finalizer" daemon [_thread_blocked, id=15220, stack(0x0000000009c10000,0x0000000009d10000)]
  0x00000000077c0800 JavaThread "Reference Handler" daemon [_thread_blocked, id=10000, stack(0x0000000009b10000,0x0000000009c10000)]
  0x00000000021c9000 JavaThread "main" [_thread_in_Java, id=9744, stack(0x00000000024e0000,0x00000000025e0000)]

Other Threads:
  0x00000000077bd800 VMThread [stack: 0x0000000009920000,0x0000000009a20000] [id=16516]
  0x00000000089a9000 WatcherThread [stack: 0x000000000a5c0000,0x000000000a6c0000] [id=20332]

VM state:not at safepoint (normal execution)

VM Mutex/Monitor currently owned by a thread: None

Heap
 PSYoungGen      total 37888K, used 31402K [0x00000000f5500000, 0x00000000f9f00000, 0x0000000100000000)
  eden space 32768K, 80% used [0x00000000f5500000,0x00000000f6eb0d10,0x00000000f7500000)
  from space 5120K, 99% used [0x00000000f7500000,0x00000000f79f9c78,0x00000000f7a00000)
  to   space 5120K, 0% used [0x00000000f9a00000,0x00000000f9a00000,0x00000000f9f00000)
 ParOldGen       total 85504K, used 1766K [0x00000000e0000000, 0x00000000e5380000, 0x00000000f5500000)
  object space 85504K, 2% used [0x00000000e0000000,0x00000000e01b9b10,0x00000000e5380000)
 PSPermGen       total 21504K, used 5577K [0x00000000dae00000, 0x00000000dc300000, 0x00000000e0000000)
  object space 21504K, 25% used [0x00000000dae00000,0x00000000db3726f8,0x00000000dc300000)

Card table byte_map: [0x00000000023b0000,0x00000000024e0000] byte_map_base: 0x0000000001cd9000

Polling page: 0x0000000001c60000

Code Cache  [0x00000000025e0000, 0x0000000002850000, 0x00000000055e0000)
 total_blobs=559 nmethods=325 adapters=186 free_code_cache=47878Kb largest_free_block=48993984

Compilation events (10 events):
Event: 3.765 Thread 0x00000000077d4800 nmethod 322 0x00000000027180d0 code [0x0000000002718260, 0x00000000027185c8]
Event: 3.765 Thread 0x00000000077d4800  323             com.android.dx.rop.code.LocalVariableInfo::getAssignment (12 bytes)
Event: 3.768 Thread 0x00000000077d4800 nmethod 323 0x000000000271b910 code [0x000000000271ba80, 0x000000000271bc98]
Event: 3.768 Thread 0x00000000077d4800  324             java.util.AbstractSet::<init> (5 bytes)
Event: 3.768 Thread 0x00000000077d4800 nmethod 324 0x0000000002717ed0 code [0x0000000002718000, 0x0000000002718058]
Event: 3.768 Thread 0x00000000077d4800  325             com.android.dx.ssa.DeadCodeRemover::run (194 bytes)
Event: 3.790 Thread 0x00000000077dd000 nmethod 319 0x000000000271add0 code [0x000000000271af40, 0x000000000271b448]
Event: 3.790 Thread 0x00000000077dd000  326             com.android.dx.ssa.Optimizer::getAdvice (4 bytes)
Event: 3.790 Thread 0x00000000077dd000 nmethod 326 0x0000000002717cd0 code [0x0000000002717e00, 0x0000000002717e58]
Event: 3.790 Thread 0x00000000077dd000  327   !         com.android.dx.rop.type.Type::intern (319 bytes)

GC Heap History (2 events):
Event: 2.766 GC heap before
{Heap before GC invocations=1 (full 0):
 PSYoungGen      total 37888K, used 32768K [0x00000000f5500000, 0x00000000f7f00000, 0x0000000100000000)
  eden space 32768K, 100% used [0x00000000f5500000,0x00000000f7500000,0x00000000f7500000)
  from space 5120K, 0% used [0x00000000f7a00000,0x00000000f7a00000,0x00000000f7f00000)
  to   space 5120K, 0% used [0x00000000f7500000,0x00000000f7500000,0x00000000f7a00000)
 ParOldGen       total 85504K, used 0K [0x00000000e0000000, 0x00000000e5380000, 0x00000000f5500000)
  object space 85504K, 0% used [0x00000000e0000000,0x00000000e0000000,0x00000000e5380000)
 PSPermGen       total 21504K, used 5536K [0x00000000dae00000, 0x00000000dc300000, 0x00000000e0000000)
  object space 21504K, 25% used [0x00000000dae00000,0x00000000db368188,0x00000000dc300000)
Event: 3.414 GC heap after
Heap after GC invocations=1 (full 0):
 PSYoungGen      total 37888K, used 5095K [0x00000000f5500000, 0x00000000f9f00000, 0x0000000100000000)
  eden space 32768K, 0% used [0x00000000f5500000,0x00000000f5500000,0x00000000f7500000)
  from space 5120K, 99% used [0x00000000f7500000,0x00000000f79f9c78,0x00000000f7a00000)
  to   space 5120K, 0% used [0x00000000f9a00000,0x00000000f9a00000,0x00000000f9f00000)
 ParOldGen       total 85504K, used 1766K [0x00000000e0000000, 0x00000000e5380000, 0x00000000f5500000)
  object space 85504K, 2% used [0x00000000e0000000,0x00000000e01b9b10,0x00000000e5380000)
 PSPermGen       total 21504K, used 5536K [0x00000000dae00000, 0x00000000dc300000, 0x00000000e0000000)
  object space 21504K, 25% used [0x00000000dae00000,0x00000000db368188,0x00000000dc300000)
}

Deoptimization events (7 events):
Event: 0.969 Thread 0x00000000021c9000 Uncommon trap: reason=null_check action=make_not_entrant pc=0x000000000265d4a0 method=com.android.dx.rop.code.LocalItem.equals(Ljava/lang/Object;)Z @ 1
Event: 1.312 Thread 0x00000000021c9000 Uncommon trap: reason=class_check action=maybe_recompile pc=0x0000000002672220 method=com.android.dx.ssa.NormalSsaInsn.accept(Lcom/android/dx/ssa/SsaInsn$Visitor;)V @ 9
Event: 1.314 Thread 0x00000000021c9000 Uncommon trap: reason=class_check action=maybe_recompile pc=0x0000000002672220 method=com.android.dx.ssa.NormalSsaInsn.accept(Lcom/android/dx/ssa/SsaInsn$Visitor;)V @ 9
Event: 1.314 Thread 0x00000000021c9000 Uncommon trap: reason=class_check action=maybe_recompile pc=0x0000000002656bd8 method=com.android.dx.ssa.NormalSsaInsn.accept(Lcom/android/dx/ssa/SsaInsn$Visitor;)V @ 9
Event: 1.388 Thread 0x00000000021c9000 Uncommon trap: reason=class_check action=maybe_recompile pc=0x0000000002672220 method=com.android.dx.ssa.NormalSsaInsn.accept(Lcom/android/dx/ssa/SsaInsn$Visitor;)V @ 9
Event: 2.004 Thread 0x00000000021c9000 Uncommon trap: reason=class_check action=maybe_recompile pc=0x0000000002656bd8 method=com.android.dx.ssa.NormalSsaInsn.accept(Lcom/android/dx/ssa/SsaInsn$Visitor;)V @ 9
Event: 2.763 Thread 0x00000000021c9000 Uncommon trap: reason=null_check action=make_not_entrant pc=0x00000000026cbca8 method=com.android.dx.rop.type.Type.putIntern(Lcom/android/dx/rop/type/Type;)Lcom/android/dx/rop/type/Type; @ 18

Internal exceptions (10 events):
Event: 0.810 Thread 0x00000000021c9000 Threw 0x00000000f5d783d0 at C:\re\jdk7u71\1605\hotspot\src\share\vm\prims\jvm.cpp:1281
Event: 0.810 Thread 0x00000000021c9000 Threw 0x00000000f5d7f130 at C:\re\jdk7u71\1605\hotspot\src\share\vm\prims\jvm.cpp:1281
Event: 1.133 Thread 0x00000000021c9000 Threw 0x00000000f6266c70 at C:\re\jdk7u71\1605\hotspot\src\share\vm\prims\jvm.cpp:1281
Event: 1.137 Thread 0x00000000021c9000 Threw 0x00000000f627a960 at C:\re\jdk7u71\1605\hotspot\src\share\vm\prims\jvm.cpp:1281
Event: 1.309 Thread 0x00000000021c9000 Threw 0x00000000f65d9300 at C:\re\jdk7u71\1605\hotspot\src\share\vm\prims\jvm.cpp:1281
Event: 1.315 Thread 0x00000000021c9000 Threw 0x00000000f660c850 at C:\re\jdk7u71\1605\hotspot\src\share\vm\prims\jvm.cpp:1281
Event: 1.316 Thread 0x00000000021c9000 Threw 0x00000000f66163b8 at C:\re\jdk7u71\1605\hotspot\src\share\vm\prims\jvm.cpp:1281
Event: 1.317 Thread 0x00000000021c9000 Threw 0x00000000f6618508 at C:\re\jdk7u71\1605\hotspot\src\share\vm\prims\jvm.cpp:1281
Event: 1.320 Thread 0x00000000021c9000 Threw 0x00000000f662bca0 at C:\re\jdk7u71\1605\hotspot\src\share\vm\prims\jvm.cpp:1281
Event: 2.763 Thread 0x00000000021c9000 Implicit null exception at 0x00000000026cb5b7 to 0x00000000026cbc99

Events (10 events):
Event: 1.388 Thread 0x00000000021c9000 DEOPT PACKING pc=0x0000000002672220 sp=0x00000000025deca0
Event: 1.388 Thread 0x00000000021c9000 DEOPT UNPACKING pc=0x00000000026175a4 sp=0x00000000025debe0 mode 2
Event: 2.004 Thread 0x00000000021c9000 Uncommon trap: trap_request=0xffffffde fr.pc=0x0000000002656bd8
Event: 2.004 Thread 0x00000000021c9000 DEOPT PACKING pc=0x0000000002656bd8 sp=0x00000000025dec80
Event: 2.004 Thread 0x00000000021c9000 DEOPT UNPACKING pc=0x00000000026175a4 sp=0x00000000025debd0 mode 2
Event: 2.763 Thread 0x00000000021c9000 Uncommon trap: trap_request=0xfffffff4 fr.pc=0x00000000026cbca8
Event: 2.763 Thread 0x00000000021c9000 DEOPT PACKING pc=0x00000000026cbca8 sp=0x00000000025deec0
Event: 2.763 Thread 0x00000000021c9000 DEOPT UNPACKING pc=0x00000000026175a4 sp=0x00000000025dede0 mode 2
Event: 2.766 Executing VM operation: ParallelGCFailedAllocation
Event: 3.414 Executing VM operation: ParallelGCFailedAllocation done


Dynamic libraries:
0x000000013fe40000 - 0x000000013fe73000 	C:\Program Files\Java\jdk1.7.0_71\bin\java.exe
0x0000000077390000 - 0x0000000077539000 	C:\Windows\SYSTEM32\ntdll.dll
0x0000000077170000 - 0x000000007728f000 	C:\Windows\system32\kernel32.dll
0x000007fefc440000 - 0x000007fefc4ac000 	C:\Windows\system32\KERNELBASE.dll
0x000007fefc9b0000 - 0x000007fefca8b000 	C:\Windows\system32\ADVAPI32.dll
0x000007fefc6e0000 - 0x000007fefc77f000 	C:\Windows\system32\msvcrt.dll
0x000007fefe0c0000 - 0x000007fefe0df000 	C:\Windows\SYSTEM32\sechost.dll
0x000007fefdf90000 - 0x000007fefe0bd000 	C:\Windows\system32\RPCRT4.dll
0x0000000077290000 - 0x000000007738a000 	C:\Windows\system32\USER32.dll
0x000007fefd9d0000 - 0x000007fefda37000 	C:\Windows\system32\GDI32.dll
0x000007fefde30000 - 0x000007fefde3e000 	C:\Windows\system32\LPK.dll
0x000007fefde40000 - 0x000007fefdf09000 	C:\Windows\system32\USP10.dll
0x000007fefac00000 - 0x000007fefadf4000 	C:\Windows\WinSxS\amd64_microsoft.windows.common-controls_6595b64144ccf1df_6.0.7601.18837_none_fa3b1e3d17594757\COMCTL32.dll
0x000007fefdcd0000 - 0x000007fefdd41000 	C:\Windows\system32\SHLWAPI.dll
0x000007fefdc40000 - 0x000007fefdc6e000 	C:\Windows\system32\IMM32.DLL
0x000007fefcb30000 - 0x000007fefcc39000 	C:\Windows\system32\MSCTF.dll
0x0000000064b10000 - 0x0000000064be2000 	C:\Program Files\Java\jdk1.7.0_71\jre\bin\msvcr100.dll
0x0000000054220000 - 0x00000000549f3000 	C:\Program Files\Java\jdk1.7.0_71\jre\bin\server\jvm.dll
0x000007fef7910000 - 0x000007fef7919000 	C:\Windows\system32\WSOCK32.dll
0x000007fefc690000 - 0x000007fefc6dd000 	C:\Windows\system32\WS2_32.dll
0x000007fefe6f0000 - 0x000007fefe6f8000 	C:\Windows\system32\NSI.dll
0x000007fef9f80000 - 0x000007fef9fbb000 	C:\Windows\system32\WINMM.dll
0x0000000077560000 - 0x0000000077567000 	C:\Windows\system32\PSAPI.DLL
0x000000006f6a0000 - 0x000000006f6af000 	C:\Program Files\Java\jdk1.7.0_71\jre\bin\verify.dll
0x000000006f4b0000 - 0x000000006f4d8000 	C:\Program Files\Java\jdk1.7.0_71\jre\bin\java.dll
0x000000006f490000 - 0x000000006f4a5000 	C:\Program Files\Java\jdk1.7.0_71\jre\bin\zip.dll
0x000000006f420000 - 0x000000006f439000 	C:\Program Files\Java\jdk1.7.0_71\jre\bin\net.dll
0x000007fefb980000 - 0x000007fefb9d5000 	C:\Windows\system32\mswsock.dll
0x000007fefbb20000 - 0x000007fefbb27000 	C:\Windows\System32\wship6.dll
0x000000006f400000 - 0x000000006f411000 	C:\Program Files\Java\jdk1.7.0_71\jre\bin\nio.dll

VM Arguments:
jvm_args: -Xmx1024M -Dfile.encoding=windows-1252 -Duser.country=GB -Duser.language=en -Duser.variant -Xmx512M 
java_command: com.android.dx.command.Main --dex --output I:\GitHub\BuildItBigger\jokedisplaylibrary\build\intermediates\pre-dexed\androidTest\free\debug\classes-1aa044a879a228d5a23be5b1f3cd8bb25aa0620a.jar I:\GitHub\BuildItBigger\jokedisplaylibrary\build\intermediates\exploded-aar\com.google.android.gms\play-services-location\7.5.0\jars\classes.jar
Launcher Type: SUN_STANDARD

Environment Variables:
JAVA_HOME=C:\Program Files\Java\jdk1.7.0_71
_JAVA_OPTIONS=-Xmx512M
PATH=C:\ProgramData\Oracle\Java\javapath;C:\Windows\system32;C:\Windows;C:\Windows\System32\Wbem;C:\Windows\System32\WindowsPowerShell\v1.0\;C:\Program Files (x86)\Microsoft SQL Server\100\Tools\Binn\VSShell\Common7\IDE\;C:\Program Files (x86)\Microsoft SQL Server\100\Tools\Binn\;C:\Program Files\Microsoft SQL Server\100\Tools\Binn\;C:\Program Files (x86)\Microsoft SQL Server\100\DTS\Binn\;C:\Program Files\Microsoft SQL Server\100\DTS\Binn\;C:\Program Files (x86)\Microsoft Team Foundation Server 2012 Power Tools\;C:\Program Files (x86)\Microsoft Team Foundation Server 2012 Power Tools\Best Practices Analyzer\;C:\Program Files\System Center Operations Manager 2007\;C:\Program Files (x86)\Microsoft ASP.NET\ASP.NET Web Pages\v1.0\;C:\Program Files\Microsoft SQL Server\110\Tools\Binn\;C:\Program Files\Microsoft\Web Platform Installer\;C:\Program Files\Devart\Review Assistant;C:\Program Files\Microsoft SQL Server\120\Tools\Binn\;C:\Program Files\nodejs\;C:\Users\htan\Documents\Visual Studio 2012\Projects\MvcApplication2\node_modules\protractor\selenium;C:\Program Files (x86)\Git\cmd;C:\Program Files (x86)\GtkSharp\2.12\bin;C:\Program Files (x86)\Windows Kits\8.1\Windows Performance Toolkit\;C:\Program Files (x86)\nodejs\;C:\Program Files (x86)\Skype\Phone\;C:\RailsInstaller\Git\cmd;C:\RailsInstaller\Ruby2.1.0\bin;C:\Ruby193\bin;C:\Program Files\Java\jdk1.7.0_71;C:\Program Files\Java\jre7;C:\apache-ant-1.9.3\bin;I:\Android\android-sdk\tools;I:\Android\android-sdk\platform-tools;C:\Users\htan\AppData\Roaming\npm
USERNAME=htan
OS=Windows_NT
PROCESSOR_IDENTIFIER=Intel64 Family 6 Model 42 Stepping 7, GenuineIntel



---------------  S Y S T E M  ---------------

OS: Windows 7 , 64 bit Build 7601 Service Pack 1

CPU:total 8 (4 cores per cpu, 2 threads per core) family 6 model 42 stepping 7, cmov, cx8, fxsr, mmx, sse, sse2, sse3, ssse3, sse4.1, sse4.2, popcnt, avx, aes, ht, tsc, tscinvbit

Memory: 4k page, physical 8233400k(1774768k free), swap 8834444k(5072k free)

vm_info: Java HotSpot(TM) 64-Bit Server VM (24.71-b01) for windows-amd64 JRE (1.7.0_71-b14), built on Sep 26 2014 16:16:12 by "java_re" with unknown MS VC++:1600

time: Thu Sep 10 16:24:07 2015
elapsed time: 3 seconds

