#
# There is insufficient memory for the Java Runtime Environment to continue.
# Native memory allocation (malloc) failed to allocate 1365696 bytes for Chunk::new
# Possible reasons:
#   The system is out of physical RAM or swap space
#   In 32 bit mode, the process size limit was hit
# Possible solutions:
#   Reduce memory load on the system
#   Increase physical memory or swap space
#   Check if swap backing store is full
#   Use 64 bit Java on a 64 bit OS
#   Decrease Java heap size (-Xmx/-Xms)
#   Decrease number of Java threads
#   Decrease Java thread stack sizes (-Xss)
#   Set larger code cache with -XX:ReservedCodeCacheSize=
# This output file may be truncated or incomplete.
#
#  Out of Memory Error (allocation.cpp:323), pid=17164, tid=16252
#
# JRE version: Java(TM) SE Runtime Environment (7.0_71-b14) (build 1.7.0_71-b14)
# Java VM: Java HotSpot(TM) 64-Bit Server VM (24.71-b01 mixed mode windows-amd64 compressed oops)
# Failed to write core dump. Minidumps are not enabled by default on client versions of Windows
#

---------------  T H R E A D  ---------------

Current thread (0x000000000788e000):  JavaThread "C2 CompilerThread1" daemon [_thread_in_native, id=16252, stack(0x000000000a3d0000,0x000000000a4d0000)]

Stack: [0x000000000a3d0000,0x000000000a4d0000]
[error occurred during error reporting (printing stack bounds), id 0xc0000005]


[error occurred during error reporting (printing native stack), id 0xc0000005]


Current CompileTask:
C2:   5159  252   !         com.android.dx.cf.code.BytecodeArray::parseInstruction (2764 bytes)


---------------  P R O C E S S  ---------------

Java Threads: ( => current thread )
  0x0000000008a38000 JavaThread "Service Thread" daemon [_thread_blocked, id=6012, stack(0x000000000a5a0000,0x000000000a6a0000)]
=>0x000000000788e000 JavaThread "C2 CompilerThread1" daemon [_thread_in_native, id=16252, stack(0x000000000a3d0000,0x000000000a4d0000)]
  0x0000000007886800 JavaThread "C2 CompilerThread0" daemon [_thread_in_native, id=13188, stack(0x000000000a150000,0x000000000a250000)]
  0x0000000007886000 JavaThread "Attach Listener" daemon [_thread_blocked, id=13388, stack(0x0000000009f10000,0x000000000a010000)]
  0x0000000007885000 JavaThread "Signal Dispatcher" daemon [_thread_blocked, id=8968, stack(0x0000000009d50000,0x0000000009e50000)]
  0x000000000229e000 JavaThread "Finalizer" daemon [_thread_blocked, id=12644, stack(0x0000000009ac0000,0x0000000009bc0000)]
  0x000000000229d000 JavaThread "Reference Handler" daemon [_thread_blocked, id=16880, stack(0x0000000009c30000,0x0000000009d30000)]
  0x0000000002209000 JavaThread "main" [_thread_blocked, id=20208, stack(0x0000000002560000,0x0000000002660000)]

Other Threads:
  0x000000000786d800 VMThread [stack: 0x0000000009980000,0x0000000009a80000] [id=13904]
  0x0000000008a51800 WatcherThread [stack: 0x000000000a030000,0x000000000a130000] [id=9164]

VM state:not at safepoint (normal execution)

VM Mutex/Monitor currently owned by a thread:  ([mutex/lock_event])
[0x000000000219e420] Heap_lock - owner thread: 0x0000000002209000

Heap
 PSYoungGen      total 37888K, used 5088K [0x00000000f5500000, 0x00000000f7f00000, 0x0000000100000000)
  eden space 32768K, 0% used [0x00000000f5500000,0x00000000f5500020,0x00000000f7500000)
  from space 5120K, 99% used [0x00000000f7500000,0x00000000f79f8028,0x00000000f7a00000)
  to   space 5120K, 0% used [0x00000000f7a00000,0x00000000f7a00000,0x00000000f7f00000)
 ParOldGen       total 85504K, used 2023K [0x00000000e0000000, 0x00000000e5380000, 0x00000000f5500000)
  object space 85504K, 2% used [0x00000000e0000000,0x00000000e01f9c68,0x00000000e5380000)
 PSPermGen       total 21504K, used 5520K [0x00000000dae00000, 0x00000000dc300000, 0x00000000e0000000)
  object space 21504K, 25% used [0x00000000dae00000,0x00000000db3641c8,0x00000000dc300000)

Card table byte_map: [0x00000000023b0000,0x00000000024e0000] byte_map_base: 0x0000000001cd9000

Polling page: 0x00000000005c0000

Code Cache  [0x0000000002660000, 0x00000000028d0000, 0x0000000005660000)
 total_blobs=489 nmethods=254 adapters=186 free_code_cache=48134Kb largest_free_block=49249408

Compilation events (10 events):
Event: 4.396 Thread 0x000000000788e000 nmethod 250 0x0000000002751190 code [0x00000000027512c0, 0x00000000027513f8]
Event: 4.396 Thread 0x000000000788e000  251             com.android.dx.rop.cst.CstString::compareTo0 (15 bytes)
Event: 4.397 Thread 0x000000000788e000 nmethod 251 0x0000000002750dd0 code [0x0000000002750f20, 0x0000000002751098]
Event: 4.399 Thread 0x000000000788e000  252   !         com.android.dx.cf.code.BytecodeArray::parseInstruction (2764 bytes)
Event: 5.132 Thread 0x0000000007886800 nmethod 247 0x0000000002763790 code [0x0000000002763b20, 0x00000000027653e0]
Event: 5.133 Thread 0x0000000007886800  253             com.android.dx.cf.code.ByteOps::opInfo (6 bytes)
Event: 5.133 Thread 0x0000000007886800 nmethod 253 0x00000000027494d0 code [0x0000000002749600, 0x0000000002749658]
Event: 5.133 Thread 0x0000000007886800  254             com.android.dx.ssa.SsaConverter::edgeSplitSuccessors (98 bytes)
Event: 5.151 Thread 0x0000000007886800 nmethod 254 0x0000000002749910 code [0x0000000002749ac0, 0x000000000274a358]
Event: 5.151 Thread 0x0000000007886800  255             com.android.dx.rop.type.Prototype::makeParameterArray (131 bytes)

GC Heap History (2 events):
Event: 4.419 GC heap before
{Heap before GC invocations=1 (full 0):
 PSYoungGen      total 37888K, used 32768K [0x00000000f5500000, 0x00000000f7f00000, 0x0000000100000000)
  eden space 32768K, 100% used [0x00000000f5500000,0x00000000f7500000,0x00000000f7500000)
  from space 5120K, 0% used [0x00000000f7a00000,0x00000000f7a00000,0x00000000f7f00000)
  to   space 5120K, 0% used [0x00000000f7500000,0x00000000f7500000,0x00000000f7a00000)
 ParOldGen       total 85504K, used 0K [0x00000000e0000000, 0x00000000e5380000, 0x00000000f5500000)
  object space 85504K, 0% used [0x00000000e0000000,0x00000000e0000000,0x00000000e5380000)
 PSPermGen       total 21504K, used 5520K [0x00000000dae00000, 0x00000000dc300000, 0x00000000e0000000)
  object space 21504K, 25% used [0x00000000dae00000,0x00000000db3641c8,0x00000000dc300000)
Event: 5.130 GC heap after
Heap after GC invocations=1 (full 0):
 PSYoungGen      total 37888K, used 5088K [0x00000000f5500000, 0x00000000f7f00000, 0x0000000100000000)
  eden space 32768K, 0% used [0x00000000f5500000,0x00000000f5500000,0x00000000f7500000)
  from space 5120K, 99% used [0x00000000f7500000,0x00000000f79f8028,0x00000000f7a00000)
  to   space 5120K, 0% used [0x00000000f7a00000,0x00000000f7a00000,0x00000000f7f00000)
 ParOldGen       total 85504K, used 2023K [0x00000000e0000000, 0x00000000e5380000, 0x00000000f5500000)
  object space 85504K, 2% used [0x00000000e0000000,0x00000000e01f9c68,0x00000000e5380000)
 PSPermGen       total 21504K, used 5520K [0x00000000dae00000, 0x00000000dc300000, 0x00000000e0000000)
  object space 21504K, 25% used [0x00000000dae00000,0x00000000db3641c8,0x00000000dc300000)
}

Deoptimization events (3 events):
Event: 1.090 Thread 0x0000000002209000 Uncommon trap: reason=unreached action=reinterpret pc=0x00000000026d69c4 method=com.android.dx.rop.cst.Constant.compareTo(Lcom/android/dx/rop/cst/Constant;)I @ 12
Event: 1.157 Thread 0x0000000002209000 Uncommon trap: reason=null_check action=make_not_entrant pc=0x00000000026eb070 method=com.android.dx.rop.code.LocalItem.equals(Ljava/lang/Object;)Z @ 1
Event: 2.348 Thread 0x0000000002209000 Uncommon trap: reason=null_check action=make_not_entrant pc=0x0000000002709b48 method=com.android.dx.rop.code.RegisterSpec.equals(Ljava/lang/Object;)Z @ 1

Internal exceptions (10 events):
Event: 0.723 Thread 0x0000000002209000 Threw 0x00000000f5c9fd28 at C:\re\jdk7u71\1605\hotspot\src\share\vm\prims\jvm.cpp:1281
Event: 0.723 Thread 0x0000000002209000 Threw 0x00000000f5ca1e78 at C:\re\jdk7u71\1605\hotspot\src\share\vm\prims\jvm.cpp:1281
Event: 0.724 Thread 0x0000000002209000 Threw 0x00000000f5ca75a8 at C:\re\jdk7u71\1605\hotspot\src\share\vm\prims\jvm.cpp:1281
Event: 1.078 Thread 0x0000000002209000 Threw 0x00000000f6139950 at C:\re\jdk7u71\1605\hotspot\src\share\vm\prims\jvm.cpp:1281
Event: 1.080 Thread 0x0000000002209000 Threw 0x00000000f6146ef8 at C:\re\jdk7u71\1605\hotspot\src\share\vm\prims\jvm.cpp:1281
Event: 1.117 Thread 0x0000000002209000 Threw 0x00000000f61db190 at C:\re\jdk7u71\1605\hotspot\src\share\vm\prims\jvm.cpp:1281
Event: 1.117 Thread 0x0000000002209000 Threw 0x00000000f61de308 at C:\re\jdk7u71\1605\hotspot\src\share\vm\prims\jvm.cpp:1281
Event: 1.157 Thread 0x0000000002209000 Implicit null exception at 0x00000000026ead03 to 0x00000000026eb055
Event: 1.222 Thread 0x0000000002209000 Threw 0x00000000f63d1320 at C:\re\jdk7u71\1605\hotspot\src\share\vm\prims\jvm.cpp:1281
Event: 2.348 Thread 0x0000000002209000 Implicit null exception at 0x0000000002708e31 to 0x0000000002709b2a

Events (10 events):
Event: 1.157 Thread 0x0000000002209000 DEOPT UNPACKING pc=0x00000000026975a4 sp=0x000000000265e6f0 mode 2
Event: 1.222 loading class 0x0000000008a89020
Event: 1.222 loading class 0x0000000008a89020 done
Event: 2.348 Thread 0x0000000002209000 Uncommon trap: trap_request=0xfffffff4 fr.pc=0x0000000002709b48
Event: 2.348 Thread 0x0000000002209000 DEOPT PACKING pc=0x0000000002709b48 sp=0x000000000265e9e0
Event: 2.348 Thread 0x0000000002209000 DEOPT UNPACKING pc=0x00000000026975a4 sp=0x000000000265e8f8 mode 2
Event: 4.123 Executing VM operation: EnableBiasedLocking
Event: 4.135 Executing VM operation: EnableBiasedLocking done
Event: 4.419 Executing VM operation: ParallelGCFailedAllocation
Event: 5.130 Executing VM operation: ParallelGCFailedAllocation done


Dynamic libraries:
0x000000013fe40000 - 0x000000013fe73000 	C:\Program Files\Java\jdk1.7.0_71\bin\java.exe
0x0000000077390000 - 0x0000000077539000 	C:\Windows\SYSTEM32\ntdll.dll
0x0000000077170000 - 0x000000007728f000 	C:\Windows\system32\kernel32.dll
0x000007fefc440000 - 0x000007fefc4ac000 	C:\Windows\system32\KERNELBASE.dll
0x000007fefc9b0000 - 0x000007fefca8b000 	C:\Windows\system32\ADVAPI32.dll
0x000007fefc6e0000 - 0x000007fefc77f000 	C:\Windows\system32\msvcrt.dll
0x000007fefe0c0000 - 0x000007fefe0df000 	C:\Windows\SYSTEM32\sechost.dll
0x000007fefdf90000 - 0x000007fefe0bd000 	C:\Windows\system32\RPCRT4.dll
0x0000000077290000 - 0x000000007738a000 	C:\Windows\system32\USER32.dll
0x000007fefd9d0000 - 0x000007fefda37000 	C:\Windows\system32\GDI32.dll
0x000007fefde30000 - 0x000007fefde3e000 	C:\Windows\system32\LPK.dll
0x000007fefde40000 - 0x000007fefdf09000 	C:\Windows\system32\USP10.dll
0x000007fefac00000 - 0x000007fefadf4000 	C:\Windows\WinSxS\amd64_microsoft.windows.common-controls_6595b64144ccf1df_6.0.7601.18837_none_fa3b1e3d17594757\COMCTL32.dll
0x000007fefdcd0000 - 0x000007fefdd41000 	C:\Windows\system32\SHLWAPI.dll
0x000007fefdc40000 - 0x000007fefdc6e000 	C:\Windows\system32\IMM32.DLL
0x000007fefcb30000 - 0x000007fefcc39000 	C:\Windows\system32\MSCTF.dll
0x0000000064b10000 - 0x0000000064be2000 	C:\Program Files\Java\jdk1.7.0_71\jre\bin\msvcr100.dll
0x0000000054220000 - 0x00000000549f3000 	C:\Program Files\Java\jdk1.7.0_71\jre\bin\server\jvm.dll
0x000007fef7910000 - 0x000007fef7919000 	C:\Windows\system32\WSOCK32.dll
0x000007fefc690000 - 0x000007fefc6dd000 	C:\Windows\system32\WS2_32.dll
0x000007fefe6f0000 - 0x000007fefe6f8000 	C:\Windows\system32\NSI.dll
0x000007fef9f80000 - 0x000007fef9fbb000 	C:\Windows\system32\WINMM.dll
0x0000000077560000 - 0x0000000077567000 	C:\Windows\system32\PSAPI.DLL
0x000000006f6a0000 - 0x000000006f6af000 	C:\Program Files\Java\jdk1.7.0_71\jre\bin\verify.dll
0x000000006f4b0000 - 0x000000006f4d8000 	C:\Program Files\Java\jdk1.7.0_71\jre\bin\java.dll
0x000000006f490000 - 0x000000006f4a5000 	C:\Program Files\Java\jdk1.7.0_71\jre\bin\zip.dll
0x000000006f420000 - 0x000000006f439000 	C:\Program Files\Java\jdk1.7.0_71\jre\bin\net.dll
0x000007fefb980000 - 0x000007fefb9d5000 	C:\Windows\system32\mswsock.dll
0x000007fefbb20000 - 0x000007fefbb27000 	C:\Windows\System32\wship6.dll
0x000000006f400000 - 0x000000006f411000 	C:\Program Files\Java\jdk1.7.0_71\jre\bin\nio.dll

VM Arguments:
jvm_args: -Xmx1024M -Dfile.encoding=windows-1252 -Duser.country=GB -Duser.language=en -Duser.variant -Xmx512M 
java_command: com.android.dx.command.Main --dex --output I:\GitHub\BuildItBigger\jokedisplaylibrary\build\intermediates\pre-dexed\androidTest\free\debug\classes-b1fc7ae54ecc306ca81a550ca220da2ccf20f8a5.jar I:\GitHub\BuildItBigger\jokedisplaylibrary\build\intermediates\exploded-aar\com.google.android.gms\play-services-fitness\7.5.0\jars\classes.jar
Launcher Type: SUN_STANDARD

Environment Variables:
JAVA_HOME=C:\Program Files\Java\jdk1.7.0_71
_JAVA_OPTIONS=-Xmx512M
PATH=C:\ProgramData\Oracle\Java\javapath;C:\Windows\system32;C:\Windows;C:\Windows\System32\Wbem;C:\Windows\System32\WindowsPowerShell\v1.0\;C:\Program Files (x86)\Microsoft SQL Server\100\Tools\Binn\VSShell\Common7\IDE\;C:\Program Files (x86)\Microsoft SQL Server\100\Tools\Binn\;C:\Program Files\Microsoft SQL Server\100\Tools\Binn\;C:\Program Files (x86)\Microsoft SQL Server\100\DTS\Binn\;C:\Program Files\Microsoft SQL Server\100\DTS\Binn\;C:\Program Files (x86)\Microsoft Team Foundation Server 2012 Power Tools\;C:\Program Files (x86)\Microsoft Team Foundation Server 2012 Power Tools\Best Practices Analyzer\;C:\Program Files\System Center Operations Manager 2007\;C:\Program Files (x86)\Microsoft ASP.NET\ASP.NET Web Pages\v1.0\;C:\Program Files\Microsoft SQL Server\110\Tools\Binn\;C:\Program Files\Microsoft\Web Platform Installer\;C:\Program Files\Devart\Review Assistant;C:\Program Files\Microsoft SQL Server\120\Tools\Binn\;C:\Program Files\nodejs\;C:\Users\htan\Documents\Visual Studio 2012\Projects\MvcApplication2\node_modules\protractor\selenium;C:\Program Files (x86)\Git\cmd;C:\Program Files (x86)\GtkSharp\2.12\bin;C:\Program Files (x86)\Windows Kits\8.1\Windows Performance Toolkit\;C:\Program Files (x86)\nodejs\;C:\Program Files (x86)\Skype\Phone\;C:\RailsInstaller\Git\cmd;C:\RailsInstaller\Ruby2.1.0\bin;C:\Ruby193\bin;C:\Program Files\Java\jdk1.7.0_71;C:\Program Files\Java\jre7;C:\apache-ant-1.9.3\bin;I:\Android\android-sdk\tools;I:\Android\android-sdk\platform-tools;C:\Users\htan\AppData\Roaming\npm
USERNAME=htan
OS=Windows_NT
PROCESSOR_IDENTIFIER=Intel64 Family 6 Model 42 Stepping 7, GenuineIntel



---------------  S Y S T E M  ---------------

OS: Windows 7 , 64 bit Build 7601 Service Pack 1

CPU:total 8 (4 cores per cpu, 2 threads per core) family 6 model 42 stepping 7, cmov, cx8, fxsr, mmx, sse, sse2, sse3, ssse3, sse4.1, sse4.2, popcnt, avx, aes, ht, tsc, tscinvbit

Memory: 4k page, physical 8233400k(1658112k free), swap 8834444k(5128k free)

vm_info: Java HotSpot(TM) 64-Bit Server VM (24.71-b01) for windows-amd64 JRE (1.7.0_71-b14), built on Sep 26 2014 16:16:12 by "java_re" with unknown MS VC++:1600

time: Thu Sep 10 16:23:57 2015
elapsed time: 5 seconds

