#
# There is insufficient memory for the Java Runtime Environment to continue.
# Native memory allocation (malloc) failed to allocate 745456 bytes for Chunk::new
# Possible reasons:
#   The system is out of physical RAM or swap space
#   In 32 bit mode, the process size limit was hit
# Possible solutions:
#   Reduce memory load on the system
#   Increase physical memory or swap space
#   Check if swap backing store is full
#   Use 64 bit Java on a 64 bit OS
#   Decrease Java heap size (-Xmx/-Xms)
#   Decrease number of Java threads
#   Decrease Java thread stack sizes (-Xss)
#   Set larger code cache with -XX:ReservedCodeCacheSize=
# This output file may be truncated or incomplete.
#
#  Out of Memory Error (allocation.cpp:323), pid=7108, tid=15896
#
# JRE version: Java(TM) SE Runtime Environment (7.0_71-b14) (build 1.7.0_71-b14)
# Java VM: Java HotSpot(TM) 64-Bit Server VM (24.71-b01 mixed mode windows-amd64 compressed oops)
# Failed to write core dump. Minidumps are not enabled by default on client versions of Windows
#

---------------  T H R E A D  ---------------

Current thread (0x0000000008a5c800):  JavaThread "C2 CompilerThread1" daemon [_thread_in_native, id=15896, stack(0x000000000a220000,0x000000000a320000)]

Stack: [0x000000000a220000,0x000000000a320000]
[error occurred during error reporting (printing stack bounds), id 0xc0000005]


Current CompileTask:
C2:   8171  460   !         com.android.dx.cf.code.RopperMachine::run (1550 bytes)


---------------  P R O C E S S  ---------------

Java Threads: ( => current thread )
  0x0000000008a5e000 JavaThread "Service Thread" daemon [_thread_blocked, id=10368, stack(0x000000000a470000,0x000000000a570000)]
=>0x0000000008a5c800 JavaThread "C2 CompilerThread1" daemon [_thread_in_native, id=15896, stack(0x000000000a220000,0x000000000a320000)]
  0x00000000079bc800 JavaThread "C2 CompilerThread0" daemon [_thread_in_native, id=14988, stack(0x000000000a350000,0x000000000a450000)]
  0x00000000079bb800 JavaThread "Attach Listener" daemon [_thread_blocked, id=18368, stack(0x000000000a120000,0x000000000a220000)]
  0x00000000079bb000 JavaThread "Signal Dispatcher" daemon [_thread_blocked, id=9404, stack(0x0000000009f60000,0x000000000a060000)]
  0x00000000079a7000 JavaThread "Finalizer" daemon [_thread_blocked, id=1472, stack(0x0000000009d90000,0x0000000009e90000)]
  0x00000000079a0800 JavaThread "Reference Handler" daemon [_thread_blocked, id=12236, stack(0x0000000009bd0000,0x0000000009cd0000)]
  0x0000000002269000 JavaThread "main" [_thread_in_Java, id=11240, stack(0x00000000024c0000,0x00000000025c0000)]

Other Threads:
  0x000000000799d800 VMThread [stack: 0x00000000099c0000,0x0000000009ac0000] [id=16580]
  0x0000000008a6b800 WatcherThread [stack: 0x000000000a690000,0x000000000a790000] [id=6880]

VM state:not at safepoint (normal execution)

VM Mutex/Monitor currently owned by a thread: None

Heap
 PSYoungGen      total 70656K, used 37326K [0x00000000f5500000, 0x00000000f9f00000, 0x0000000100000000)
  eden space 65536K, 49% used [0x00000000f5500000,0x00000000f7475cd8,0x00000000f9500000)
  from space 5120K, 99% used [0x00000000f9a00000,0x00000000f9efdc88,0x00000000f9f00000)
  to   space 5120K, 0% used [0x00000000f9500000,0x00000000f9500000,0x00000000f9a00000)
 ParOldGen       total 85504K, used 6753K [0x00000000e0000000, 0x00000000e5380000, 0x00000000f5500000)
  object space 85504K, 7% used [0x00000000e0000000,0x00000000e0698478,0x00000000e5380000)
 PSPermGen       total 21504K, used 5612K [0x00000000dae00000, 0x00000000dc300000, 0x00000000e0000000)
  object space 21504K, 26% used [0x00000000dae00000,0x00000000db37b068,0x00000000dc300000)

Card table byte_map: [0x00000000055c0000,0x00000000056f0000] byte_map_base: 0x0000000004ee9000

Polling page: 0x0000000000230000

Code Cache  [0x00000000025c0000, 0x0000000002830000, 0x00000000055c0000)
 total_blobs=692 nmethods=458 adapters=186 free_code_cache=47294Kb largest_free_block=48371136

Compilation events (10 events):
Event: 8.046 Thread 0x00000000079bc800 nmethod 459 0x0000000002799210 code [0x00000000027996a0, 0x000000000279b6f8]
Event: 8.047 Thread 0x00000000079bc800  461             com.android.dx.util.IntList::shrink (42 bytes)
Event: 8.047 Thread 0x00000000079bc800 nmethod 461 0x000000000277c810 code [0x000000000277c940, 0x000000000277c9d8]
Event: 8.047 Thread 0x00000000079bc800  462             java.util.HashSet::<init> (16 bytes)
Event: 8.048 Thread 0x00000000079bc800 nmethod 462 0x0000000002781650 code [0x00000000027817a0, 0x00000000027818b8]
Event: 8.048 Thread 0x00000000079bc800  463             com.android.dx.cf.code.ExecutionStack::copy (59 bytes)
Event: 8.053 Thread 0x00000000079bc800 nmethod 463 0x000000000277df10 code [0x000000000277e080, 0x000000000277e498]
Event: 8.053 Thread 0x00000000079bc800  464             com.android.dx.ssa.back.FirstFitLocalCombiningAllocator$Alignment$3::nextClearBit (6 bytes)
Event: 8.055 Thread 0x00000000079bc800 nmethod 464 0x000000000277dad0 code [0x000000000277dc20, 0x000000000277dd58]
Event: 8.055 Thread 0x00000000079bc800  465   !         com.android.dx.cf.code.Ropper::processBlock (1101 bytes)

GC Heap History (4 events):
Event: 4.242 GC heap before
{Heap before GC invocations=1 (full 0):
 PSYoungGen      total 37888K, used 32768K [0x00000000f5500000, 0x00000000f7f00000, 0x0000000100000000)
  eden space 32768K, 100% used [0x00000000f5500000,0x00000000f7500000,0x00000000f7500000)
  from space 5120K, 0% used [0x00000000f7a00000,0x00000000f7a00000,0x00000000f7f00000)
  to   space 5120K, 0% used [0x00000000f7500000,0x00000000f7500000,0x00000000f7a00000)
 ParOldGen       total 85504K, used 0K [0x00000000e0000000, 0x00000000e5380000, 0x00000000f5500000)
  object space 85504K, 0% used [0x00000000e0000000,0x00000000e0000000,0x00000000e5380000)
 PSPermGen       total 21504K, used 5534K [0x00000000dae00000, 0x00000000dc300000, 0x00000000e0000000)
  object space 21504K, 25% used [0x00000000dae00000,0x00000000db367ad8,0x00000000dc300000)
Event: 4.937 GC heap after
Heap after GC invocations=1 (full 0):
 PSYoungGen      total 37888K, used 5095K [0x00000000f5500000, 0x00000000f9f00000, 0x0000000100000000)
  eden space 32768K, 0% used [0x00000000f5500000,0x00000000f5500000,0x00000000f7500000)
  from space 5120K, 99% used [0x00000000f7500000,0x00000000f79f9c78,0x00000000f7a00000)
  to   space 5120K, 0% used [0x00000000f9a00000,0x00000000f9a00000,0x00000000f9f00000)
 ParOldGen       total 85504K, used 1804K [0x00000000e0000000, 0x00000000e5380000, 0x00000000f5500000)
  object space 85504K, 2% used [0x00000000e0000000,0x00000000e01c3340,0x00000000e5380000)
 PSPermGen       total 21504K, used 5534K [0x00000000dae00000, 0x00000000dc300000, 0x00000000e0000000)
  object space 21504K, 25% used [0x00000000dae00000,0x00000000db367ad8,0x00000000dc300000)
}
Event: 6.662 GC heap before
{Heap before GC invocations=2 (full 0):
 PSYoungGen      total 37888K, used 37863K [0x00000000f5500000, 0x00000000f9f00000, 0x0000000100000000)
  eden space 32768K, 100% used [0x00000000f5500000,0x00000000f7500000,0x00000000f7500000)
  from space 5120K, 99% used [0x00000000f7500000,0x00000000f79f9c78,0x00000000f7a00000)
  to   space 5120K, 0% used [0x00000000f9a00000,0x00000000f9a00000,0x00000000f9f00000)
 ParOldGen       total 85504K, used 1804K [0x00000000e0000000, 0x00000000e5380000, 0x00000000f5500000)
  object space 85504K, 2% used [0x00000000e0000000,0x00000000e01c3340,0x00000000e5380000)
 PSPermGen       total 21504K, used 5586K [0x00000000dae00000, 0x00000000dc300000, 0x00000000e0000000)
  object space 21504K, 25% used [0x00000000dae00000,0x00000000db374970,0x00000000dc300000)
Event: 7.275 GC heap after
Heap after GC invocations=2 (full 0):
 PSYoungGen      total 70656K, used 5111K [0x00000000f5500000, 0x00000000f9f00000, 0x0000000100000000)
  eden space 65536K, 0% used [0x00000000f5500000,0x00000000f5500000,0x00000000f9500000)
  from space 5120K, 99% used [0x00000000f9a00000,0x00000000f9efdc88,0x00000000f9f00000)
  to   space 5120K, 0% used [0x00000000f9500000,0x00000000f9500000,0x00000000f9a00000)
 ParOldGen       total 85504K, used 6753K [0x00000000e0000000, 0x00000000e5380000, 0x00000000f5500000)
  object space 85504K, 7% used [0x00000000e0000000,0x00000000e0698478,0x00000000e5380000)
 PSPermGen       total 21504K, used 5586K [0x00000000dae00000, 0x00000000dc300000, 0x00000000e0000000)
  object space 21504K, 25% used [0x00000000dae00000,0x00000000db374970,0x00000000dc300000)
}

Deoptimization events (10 events):
Event: 7.637 Thread 0x0000000002269000 Uncommon trap: reason=null_check action=make_not_entrant pc=0x0000000002762814 method=com.android.dx.dex.file.FieldIdsSection.intern(Lcom/android/dx/rop/cst/CstFieldRef;)Lcom/android/dx/dex/file/FieldIdItem; @ 26
Event: 7.649 Thread 0x0000000002269000 Uncommon trap: reason=unreached action=reinterpret pc=0x00000000026bcec0 method=com.android.dx.cf.code.Ropper.processBlock(Lcom/android/dx/cf/code/ByteBlock;Lcom/android/dx/cf/code/Frame;[I)V @ 963
Event: 7.698 Thread 0x0000000002269000 Uncommon trap: reason=class_check action=maybe_recompile pc=0x000000000273d700 method=com.android.dx.cf.code.RopperMachine.run(Lcom/android/dx/cf/code/Frame;II)V @ 978
Event: 7.698 Thread 0x0000000002269000 Uncommon trap: reason=class_check action=maybe_recompile pc=0x000000000273d700 method=com.android.dx.cf.code.RopperMachine.run(Lcom/android/dx/cf/code/Frame;II)V @ 978
Event: 7.699 Thread 0x0000000002269000 Uncommon trap: reason=class_check action=maybe_recompile pc=0x00000000026f23dc method=com.android.dx.ssa.SsaMethod.isRegALocal(Lcom/android/dx/rop/code/RegisterSpec;)Z @ 16
Event: 7.699 Thread 0x0000000002269000 Uncommon trap: reason=class_check action=maybe_recompile pc=0x00000000026ecdf8 method=com.android.dx.ssa.SsaMethod.isRegALocal(Lcom/android/dx/rop/code/RegisterSpec;)Z @ 16
Event: 7.805 Thread 0x0000000002269000 Uncommon trap: reason=bimorphic action=maybe_recompile pc=0x0000000002713098 method=com.android.dx.ssa.LiteralOpUpgrader.tryReplacingWithConstant(Lcom/android/dx/ssa/NormalSsaInsn;)Z @ 52
Event: 7.809 Thread 0x0000000002269000 Uncommon trap: reason=class_check action=maybe_recompile pc=0x000000000273d700 method=com.android.dx.cf.code.RopperMachine.run(Lcom/android/dx/cf/code/Frame;II)V @ 978
Event: 7.864 Thread 0x0000000002269000 Uncommon trap: reason=null_check action=make_not_entrant pc=0x000000000278de20 method=com.android.dx.dex.file.MethodIdsSection.intern(Lcom/android/dx/rop/cst/CstBaseMethodRef;)Lcom/android/dx/dex/file/MethodIdItem; @ 26
Event: 7.872 Thread 0x0000000002269000 Uncommon trap: reason=class_check action=maybe_recompile pc=0x000000000273d700 method=com.android.dx.cf.code.RopperMachine.run(Lcom/android/dx/cf/code/Frame;II)V @ 978

Internal exceptions (10 events):
Event: 0.715 Thread 0x0000000002269000 Implicit null exception at 0x000000000263f903 to 0x000000000263fc59
Event: 0.993 Thread 0x0000000002269000 Threw 0x00000000f64d8fb8 at C:\re\jdk7u71\1605\hotspot\src\share\vm\prims\jvm.cpp:1281
Event: 1.024 Thread 0x0000000002269000 Threw 0x00000000f6569698 at C:\re\jdk7u71\1605\hotspot\src\share\vm\prims\jvm.cpp:1281
Event: 2.993 Thread 0x0000000002269000 Implicit null exception at 0x000000000267475a to 0x00000000026755b1
Event: 3.372 Thread 0x0000000002269000 Threw 0x00000000f6cdb030 at C:\re\jdk7u71\1605\hotspot\src\share\vm\prims\jvm.cpp:1281
Event: 3.391 Thread 0x0000000002269000 Threw 0x00000000f6d90990 at C:\re\jdk7u71\1605\hotspot\src\share\vm\prims\jvm.cpp:1281
Event: 4.107 Thread 0x0000000002269000 Implicit null exception at 0x0000000002699837 to 0x0000000002699f19
Event: 5.704 Thread 0x0000000002269000 Implicit null exception at 0x00000000026f0248 to 0x00000000026f05fd
Event: 6.532 Thread 0x0000000002269000 Implicit null exception at 0x000000000265ac92 to 0x000000000265ad82
Event: 7.637 Thread 0x0000000002269000 Implicit null exception at 0x000000000276209c to 0x0000000002762805

Events (10 events):
Event: 7.805 Thread 0x0000000002269000 DEOPT UNPACKING pc=0x00000000025f75a4 sp=0x00000000025be848 mode 2
Event: 7.809 Thread 0x0000000002269000 Uncommon trap: trap_request=0xffffffde fr.pc=0x000000000273d700
Event: 7.809 Thread 0x0000000002269000 DEOPT PACKING pc=0x000000000273d700 sp=0x00000000025be8b0
Event: 7.809 Thread 0x0000000002269000 DEOPT UNPACKING pc=0x00000000025f75a4 sp=0x00000000025be848 mode 2
Event: 7.864 Thread 0x0000000002269000 Uncommon trap: trap_request=0xfffffff4 fr.pc=0x000000000278de20
Event: 7.864 Thread 0x0000000002269000 DEOPT PACKING pc=0x000000000278de20 sp=0x00000000025bee00
Event: 7.864 Thread 0x0000000002269000 DEOPT UNPACKING pc=0x00000000025f75a4 sp=0x00000000025bed48 mode 2
Event: 7.872 Thread 0x0000000002269000 Uncommon trap: trap_request=0xffffffde fr.pc=0x000000000273d700
Event: 7.872 Thread 0x0000000002269000 DEOPT PACKING pc=0x000000000273d700 sp=0x00000000025be8b0
Event: 7.872 Thread 0x0000000002269000 DEOPT UNPACKING pc=0x00000000025f75a4 sp=0x00000000025be848 mode 2


Dynamic libraries:
0x000000013f7a0000 - 0x000000013f7d3000 	C:\Program Files\Java\jdk1.7.0_71\bin\java.exe
0x0000000077390000 - 0x0000000077539000 	C:\Windows\SYSTEM32\ntdll.dll
0x0000000077170000 - 0x000000007728f000 	C:\Windows\system32\kernel32.dll
0x000007fefc440000 - 0x000007fefc4ac000 	C:\Windows\system32\KERNELBASE.dll
0x000007fefc9b0000 - 0x000007fefca8b000 	C:\Windows\system32\ADVAPI32.dll
0x000007fefc6e0000 - 0x000007fefc77f000 	C:\Windows\system32\msvcrt.dll
0x000007fefe0c0000 - 0x000007fefe0df000 	C:\Windows\SYSTEM32\sechost.dll
0x000007fefdf90000 - 0x000007fefe0bd000 	C:\Windows\system32\RPCRT4.dll
0x0000000077290000 - 0x000000007738a000 	C:\Windows\system32\USER32.dll
0x000007fefd9d0000 - 0x000007fefda37000 	C:\Windows\system32\GDI32.dll
0x000007fefde30000 - 0x000007fefde3e000 	C:\Windows\system32\LPK.dll
0x000007fefde40000 - 0x000007fefdf09000 	C:\Windows\system32\USP10.dll
0x000007fefac00000 - 0x000007fefadf4000 	C:\Windows\WinSxS\amd64_microsoft.windows.common-controls_6595b64144ccf1df_6.0.7601.18837_none_fa3b1e3d17594757\COMCTL32.dll
0x000007fefdcd0000 - 0x000007fefdd41000 	C:\Windows\system32\SHLWAPI.dll
0x000007fefdc40000 - 0x000007fefdc6e000 	C:\Windows\system32\IMM32.DLL
0x000007fefcb30000 - 0x000007fefcc39000 	C:\Windows\system32\MSCTF.dll
0x0000000066dc0000 - 0x0000000066e92000 	C:\Program Files\Java\jdk1.7.0_71\jre\bin\msvcr100.dll
0x0000000077820000 - 0x0000000077ff3000 	C:\Program Files\Java\jdk1.7.0_71\jre\bin\server\jvm.dll
0x000007fef7910000 - 0x000007fef7919000 	C:\Windows\system32\WSOCK32.dll
0x000007fefc690000 - 0x000007fefc6dd000 	C:\Windows\system32\WS2_32.dll
0x000007fefe6f0000 - 0x000007fefe6f8000 	C:\Windows\system32\NSI.dll
0x000007fef9f80000 - 0x000007fef9fbb000 	C:\Windows\system32\WINMM.dll
0x0000000077560000 - 0x0000000077567000 	C:\Windows\system32\PSAPI.DLL
0x000000006f480000 - 0x000000006f48f000 	C:\Program Files\Java\jdk1.7.0_71\jre\bin\verify.dll
0x000000006f450000 - 0x000000006f478000 	C:\Program Files\Java\jdk1.7.0_71\jre\bin\java.dll
0x000000006f410000 - 0x000000006f425000 	C:\Program Files\Java\jdk1.7.0_71\jre\bin\zip.dll
0x000000006f3f0000 - 0x000000006f409000 	C:\Program Files\Java\jdk1.7.0_71\jre\bin\net.dll
0x000007fefb980000 - 0x000007fefb9d5000 	C:\Windows\system32\mswsock.dll
0x000007fefbb20000 - 0x000007fefbb27000 	C:\Windows\System32\wship6.dll
0x000000006d950000 - 0x000000006d961000 	C:\Program Files\Java\jdk1.7.0_71\jre\bin\nio.dll

VM Arguments:
jvm_args: -Xmx1024M -Dfile.encoding=windows-1252 -Duser.country=GB -Duser.language=en -Duser.variant -Xmx512M 
java_command: com.android.dx.command.Main --dex --output I:\GitHub\BuildItBigger\jokedisplaylibrary\build\intermediates\pre-dexed\androidTest\free\debug\classes-688aad3bda48c0ea7df562fce5498e6eb035c10a.jar I:\GitHub\BuildItBigger\jokedisplaylibrary\build\intermediates\exploded-aar\com.google.android.gms\play-services-drive\7.5.0\jars\classes.jar
Launcher Type: SUN_STANDARD

Environment Variables:
JAVA_HOME=C:\Program Files\Java\jdk1.7.0_71
_JAVA_OPTIONS=-Xmx512M
PATH=C:\ProgramData\Oracle\Java\javapath;C:\Windows\system32;C:\Windows;C:\Windows\System32\Wbem;C:\Windows\System32\WindowsPowerShell\v1.0\;C:\Program Files (x86)\Microsoft SQL Server\100\Tools\Binn\VSShell\Common7\IDE\;C:\Program Files (x86)\Microsoft SQL Server\100\Tools\Binn\;C:\Program Files\Microsoft SQL Server\100\Tools\Binn\;C:\Program Files (x86)\Microsoft SQL Server\100\DTS\Binn\;C:\Program Files\Microsoft SQL Server\100\DTS\Binn\;C:\Program Files (x86)\Microsoft Team Foundation Server 2012 Power Tools\;C:\Program Files (x86)\Microsoft Team Foundation Server 2012 Power Tools\Best Practices Analyzer\;C:\Program Files\System Center Operations Manager 2007\;C:\Program Files (x86)\Microsoft ASP.NET\ASP.NET Web Pages\v1.0\;C:\Program Files\Microsoft SQL Server\110\Tools\Binn\;C:\Program Files\Microsoft\Web Platform Installer\;C:\Program Files\Devart\Review Assistant;C:\Program Files\Microsoft SQL Server\120\Tools\Binn\;C:\Program Files\nodejs\;C:\Users\htan\Documents\Visual Studio 2012\Projects\MvcApplication2\node_modules\protractor\selenium;C:\Program Files (x86)\Git\cmd;C:\Program Files (x86)\GtkSharp\2.12\bin;C:\Program Files (x86)\Windows Kits\8.1\Windows Performance Toolkit\;C:\Program Files (x86)\nodejs\;C:\Program Files (x86)\Skype\Phone\;C:\RailsInstaller\Git\cmd;C:\RailsInstaller\Ruby2.1.0\bin;C:\Ruby193\bin;C:\Program Files\Java\jdk1.7.0_71;C:\Program Files\Java\jre7;C:\apache-ant-1.9.3\bin;I:\Android\android-sdk\tools;I:\Android\android-sdk\platform-tools;C:\Users\htan\AppData\Roaming\npm
USERNAME=htan
OS=Windows_NT
PROCESSOR_IDENTIFIER=Intel64 Family 6 Model 42 Stepping 7, GenuineIntel



---------------  S Y S T E M  ---------------

OS: Windows 7 , 64 bit Build 7601 Service Pack 1

CPU:total 8 (4 cores per cpu, 2 threads per core) family 6 model 42 stepping 7, cmov, cx8, fxsr, mmx, sse, sse2, sse3, ssse3, sse4.1, sse4.2, popcnt, avx, aes, ht, tsc, tscinvbit

Memory: 4k page, physical 8233400k(1101020k free), swap 8834444k(7720k free)

vm_info: Java HotSpot(TM) 64-Bit Server VM (24.71-b01) for windows-amd64 JRE (1.7.0_71-b14), built on Sep 26 2014 16:16:12 by "java_re" with unknown MS VC++:1600

time: Thu Sep 10 10:44:07 2015
elapsed time: 8 seconds

