#
# There is insufficient memory for the Java Runtime Environment to continue.
# Native memory allocation (malloc) failed to allocate 32744 bytes for ChunkPool::allocate
# Possible reasons:
#   The system is out of physical RAM or swap space
#   In 32 bit mode, the process size limit was hit
# Possible solutions:
#   Reduce memory load on the system
#   Increase physical memory or swap space
#   Check if swap backing store is full
#   Use 64 bit Java on a 64 bit OS
#   Decrease Java heap size (-Xmx/-Xms)
#   Decrease number of Java threads
#   Decrease Java thread stack sizes (-Xss)
#   Set larger code cache with -XX:ReservedCodeCacheSize=
# This output file may be truncated or incomplete.
#
#  Out of Memory Error (allocation.cpp:211), pid=12692, tid=6168
#
# JRE version: Java(TM) SE Runtime Environment (7.0_71-b14) (build 1.7.0_71-b14)
# Java VM: Java HotSpot(TM) 64-Bit Server VM (24.71-b01 mixed mode windows-amd64 compressed oops)
# Failed to write core dump. Minidumps are not enabled by default on client versions of Windows
#

---------------  T H R E A D  ---------------

Current thread (0x00000000078bc800):  JavaThread "C2 CompilerThread0" daemon [_thread_in_native, id=6168, stack(0x0000000009a80000,0x0000000009b80000)]

Stack: [0x0000000009a80000,0x0000000009b80000]
[error occurred during error reporting (printing stack bounds), id 0xc0000005]


[error occurred during error reporting (printing native stack), id 0xc0000005]


Current CompileTask:
C2:   5255  241             com.android.dx.ssa.back.SsaToRop::removePhiFunctions (83 bytes)


---------------  P R O C E S S  ---------------

Java Threads: ( => current thread )
  0x0000000008962000 JavaThread "Service Thread" daemon [_thread_blocked, id=8300, stack(0x000000000a450000,0x000000000a550000)]
  0x000000000895c800 JavaThread "C2 CompilerThread1" daemon [_thread_in_native, id=13468, stack(0x000000000a1a0000,0x000000000a2a0000)]
=>0x00000000078bc800 JavaThread "C2 CompilerThread0" daemon [_thread_in_native, id=6168, stack(0x0000000009a80000,0x0000000009b80000)]
  0x00000000078bb800 JavaThread "Attach Listener" daemon [_thread_blocked, id=17948, stack(0x0000000009fd0000,0x000000000a0d0000)]
  0x00000000078bb000 JavaThread "Signal Dispatcher" daemon [_thread_blocked, id=19492, stack(0x0000000009e40000,0x0000000009f40000)]
  0x00000000078a7000 JavaThread "Finalizer" daemon [_thread_blocked, id=11644, stack(0x0000000009d20000,0x0000000009e20000)]
  0x00000000078a0800 JavaThread "Reference Handler" daemon [_thread_blocked, id=3604, stack(0x0000000009bd0000,0x0000000009cd0000)]
  0x00000000021b9000 JavaThread "main" [_thread_blocked, id=11076, stack(0x00000000023c0000,0x00000000024c0000)]

Other Threads:
  0x000000000789d800 VMThread [stack: 0x00000000098e0000,0x00000000099e0000] [id=2320]
  0x000000000896b800 WatcherThread [stack: 0x000000000a340000,0x000000000a440000] [id=16588]

VM state:not at safepoint (normal execution)

VM Mutex/Monitor currently owned by a thread:  ([mutex/lock_event])
[0x000000000228e420] Heap_lock - owner thread: 0x00000000021b9000

Heap
 PSYoungGen      total 37888K, used 5114K [0x00000000f5500000, 0x00000000f7f00000, 0x0000000100000000)
  eden space 32768K, 0% used [0x00000000f5500000,0x00000000f5500038,0x00000000f7500000)
  from space 5120K, 99% used [0x00000000f7500000,0x00000000f79feaa8,0x00000000f7a00000)
  to   space 5120K, 0% used [0x00000000f7a00000,0x00000000f7a00000,0x00000000f7f00000)
 ParOldGen       total 85504K, used 1788K [0x00000000e0000000, 0x00000000e5380000, 0x00000000f5500000)
  object space 85504K, 2% used [0x00000000e0000000,0x00000000e01bf2c8,0x00000000e5380000)
 PSPermGen       total 21504K, used 5534K [0x00000000dae00000, 0x00000000dc300000, 0x00000000e0000000)
  object space 21504K, 25% used [0x00000000dae00000,0x00000000db3679b8,0x00000000dc300000)

Card table byte_map: [0x0000000005580000,0x00000000056b0000] byte_map_base: 0x0000000004ea9000

Polling page: 0x00000000001c0000

Code Cache  [0x00000000024c0000, 0x0000000002730000, 0x00000000054c0000)
 total_blobs=474 nmethods=240 adapters=186 free_code_cache=48190Kb largest_free_block=49297536

Compilation events (10 events):
Event: 3.322 Thread 0x000000000895c800 nmethod 237 0x00000000025a4950 code [0x00000000025a4aa0, 0x00000000025a4c18]
Event: 3.322 Thread 0x000000000895c800  238             com.android.dx.cf.code.BasicBlocker::getBlockList (208 bytes)
Event: 3.393 Thread 0x000000000895c800 nmethod 238 0x00000000025ab2d0 code [0x00000000025ab4c0, 0x00000000025ac128]
Event: 3.393 Thread 0x000000000895c800  239             com.android.dx.cf.code.Ropper::addExceptionSetupBlocks (203 bytes)
Event: 3.410 Thread 0x000000000895c800 nmethod 239 0x00000000025acc50 code [0x00000000025acec0, 0x00000000025ad8a0]
Event: 3.410 Thread 0x000000000895c800  240             com.android.dx.ssa.SsaBasicBlock::getCountPhiInsns (45 bytes)
Event: 3.431 Thread 0x00000000078bc800 nmethod 224 0x00000000025b3790 code [0x00000000025b3cc0, 0x00000000025b7228]
Event: 3.431 Thread 0x00000000078bc800  241             com.android.dx.ssa.back.SsaToRop::removePhiFunctions (83 bytes)
Event: 5.240 Thread 0x000000000895c800 nmethod 240 0x00000000025a5d90 code [0x00000000025a5ee0, 0x00000000025a60d8]
Event: 5.240 Thread 0x000000000895c800  242   !         com.android.dx.cf.code.BytecodeArray::parseInstruction (2764 bytes)

GC Heap History (2 events):
Event: 3.491 GC heap before
{Heap before GC invocations=1 (full 0):
 PSYoungGen      total 37888K, used 32768K [0x00000000f5500000, 0x00000000f7f00000, 0x0000000100000000)
  eden space 32768K, 100% used [0x00000000f5500000,0x00000000f7500000,0x00000000f7500000)
  from space 5120K, 0% used [0x00000000f7a00000,0x00000000f7a00000,0x00000000f7f00000)
  to   space 5120K, 0% used [0x00000000f7500000,0x00000000f7500000,0x00000000f7a00000)
 ParOldGen       total 85504K, used 0K [0x00000000e0000000, 0x00000000e5380000, 0x00000000f5500000)
  object space 85504K, 0% used [0x00000000e0000000,0x00000000e0000000,0x00000000e5380000)
 PSPermGen       total 21504K, used 5534K [0x00000000dae00000, 0x00000000dc300000, 0x00000000e0000000)
  object space 21504K, 25% used [0x00000000dae00000,0x00000000db3679b8,0x00000000dc300000)
Event: 5.207 GC heap after
Heap after GC invocations=1 (full 0):
 PSYoungGen      total 37888K, used 5114K [0x00000000f5500000, 0x00000000f7f00000, 0x0000000100000000)
  eden space 32768K, 0% used [0x00000000f5500000,0x00000000f5500000,0x00000000f7500000)
  from space 5120K, 99% used [0x00000000f7500000,0x00000000f79feaa8,0x00000000f7a00000)
  to   space 5120K, 0% used [0x00000000f7a00000,0x00000000f7a00000,0x00000000f7f00000)
 ParOldGen       total 85504K, used 1788K [0x00000000e0000000, 0x00000000e5380000, 0x00000000f5500000)
  object space 85504K, 2% used [0x00000000e0000000,0x00000000e01bf2c8,0x00000000e5380000)
 PSPermGen       total 21504K, used 5534K [0x00000000dae00000, 0x00000000dc300000, 0x00000000e0000000)
  object space 21504K, 25% used [0x00000000dae00000,0x00000000db3679b8,0x00000000dc300000)
}

Deoptimization events (9 events):
Event: 0.856 Thread 0x00000000021b9000 Uncommon trap: reason=class_check action=maybe_recompile pc=0x0000000002539b64 method=com.android.dx.ssa.NormalSsaInsn.accept(Lcom/android/dx/ssa/SsaInsn$Visitor;)V @ 9
Event: 0.870 Thread 0x00000000021b9000 Uncommon trap: reason=class_check action=maybe_recompile pc=0x0000000002539b64 method=com.android.dx.ssa.NormalSsaInsn.accept(Lcom/android/dx/ssa/SsaInsn$Visitor;)V @ 9
Event: 0.870 Thread 0x00000000021b9000 Uncommon trap: reason=class_check action=maybe_recompile pc=0x0000000002539b64 method=com.android.dx.ssa.NormalSsaInsn.accept(Lcom/android/dx/ssa/SsaInsn$Visitor;)V @ 9
Event: 1.014 Thread 0x00000000021b9000 Uncommon trap: reason=null_check action=make_not_entrant pc=0x0000000002541ff4 method=com.android.dx.rop.code.LocalItem.equals(Ljava/lang/Object;)Z @ 1
Event: 1.260 Thread 0x00000000021b9000 Uncommon trap: reason=class_check action=maybe_recompile pc=0x0000000002539b64 method=com.android.dx.ssa.NormalSsaInsn.accept(Lcom/android/dx/ssa/SsaInsn$Visitor;)V @ 9
Event: 1.783 Thread 0x00000000021b9000 Uncommon trap: reason=unreached action=reinterpret pc=0x00000000025451c4 method=com.android.dx.rop.cst.Constant.compareTo(Lcom/android/dx/rop/cst/Constant;)I @ 12
Event: 2.121 Thread 0x00000000021b9000 Uncommon trap: reason=null_check action=make_not_entrant pc=0x0000000002574060 method=com.android.dx.rop.code.RegisterSpec.equals(Ljava/lang/Object;)Z @ 1
Event: 2.492 Thread 0x00000000021b9000 Uncommon trap: reason=unreached action=reinterpret pc=0x0000000002587eec method=com.android.dx.ssa.SCCP.simulateBranch(Lcom/android/dx/ssa/SsaInsn;)V @ 132
Event: 3.391 Thread 0x00000000021b9000 Uncommon trap: reason=null_check action=make_not_entrant pc=0x00000000025928a8 method=com.android.dx.rop.type.Type.putIntern(Lcom/android/dx/rop/type/Type;)Lcom/android/dx/rop/type/Type; @ 18

Internal exceptions (10 events):
Event: 0.933 Thread 0x00000000021b9000 Threw 0x00000000f6024dc0 at C:\re\jdk7u71\1605\hotspot\src\share\vm\prims\jvm.cpp:1281
Event: 0.934 Thread 0x00000000021b9000 Threw 0x00000000f602ea28 at C:\re\jdk7u71\1605\hotspot\src\share\vm\prims\jvm.cpp:1281
Event: 0.934 Thread 0x00000000021b9000 Threw 0x00000000f6030b78 at C:\re\jdk7u71\1605\hotspot\src\share\vm\prims\jvm.cpp:1281
Event: 1.014 Thread 0x00000000021b9000 Implicit null exception at 0x0000000002541c83 to 0x0000000002541fd9
Event: 1.270 Thread 0x00000000021b9000 Threw 0x00000000f64d75a8 at C:\re\jdk7u71\1605\hotspot\src\share\vm\prims\jvm.cpp:1281
Event: 1.297 Thread 0x00000000021b9000 Threw 0x00000000f6567808 at C:\re\jdk7u71\1605\hotspot\src\share\vm\prims\jvm.cpp:1281
Event: 2.121 Thread 0x00000000021b9000 Implicit null exception at 0x00000000025731e2 to 0x0000000002574031
Event: 2.408 Thread 0x00000000021b9000 Threw 0x00000000f6cd2a20 at C:\re\jdk7u71\1605\hotspot\src\share\vm\prims\jvm.cpp:1281
Event: 2.492 Thread 0x00000000021b9000 Threw 0x00000000f6d882b0 at C:\re\jdk7u71\1605\hotspot\src\share\vm\prims\jvm.cpp:1281
Event: 3.391 Thread 0x00000000021b9000 Implicit null exception at 0x00000000025921b7 to 0x0000000002592899

Events (10 events):
Event: 2.492 Thread 0x00000000021b9000 Uncommon trap: trap_request=0xffffffad fr.pc=0x0000000002587eec
Event: 2.492 Thread 0x00000000021b9000 DEOPT PACKING pc=0x0000000002587eec sp=0x00000000024bec90
Event: 2.492 Thread 0x00000000021b9000 DEOPT UNPACKING pc=0x00000000024f75a4 sp=0x00000000024bec08 mode 2
Event: 2.492 loading class 0x0000000008b821b0
Event: 2.492 loading class 0x0000000008b821b0 done
Event: 3.391 Thread 0x00000000021b9000 Uncommon trap: trap_request=0xfffffff4 fr.pc=0x00000000025928a8
Event: 3.391 Thread 0x00000000021b9000 DEOPT PACKING pc=0x00000000025928a8 sp=0x00000000024bee40
Event: 3.391 Thread 0x00000000021b9000 DEOPT UNPACKING pc=0x00000000024f75a4 sp=0x00000000024bed60 mode 2
Event: 3.491 Executing VM operation: ParallelGCFailedAllocation
Event: 5.207 Executing VM operation: ParallelGCFailedAllocation done


Dynamic libraries:
0x000000013fe40000 - 0x000000013fe73000 	C:\Program Files\Java\jdk1.7.0_71\bin\java.exe
0x0000000077390000 - 0x0000000077539000 	C:\Windows\SYSTEM32\ntdll.dll
0x0000000077170000 - 0x000000007728f000 	C:\Windows\system32\kernel32.dll
0x000007fefc440000 - 0x000007fefc4ac000 	C:\Windows\system32\KERNELBASE.dll
0x000007fefc9b0000 - 0x000007fefca8b000 	C:\Windows\system32\ADVAPI32.dll
0x000007fefc6e0000 - 0x000007fefc77f000 	C:\Windows\system32\msvcrt.dll
0x000007fefe0c0000 - 0x000007fefe0df000 	C:\Windows\SYSTEM32\sechost.dll
0x000007fefdf90000 - 0x000007fefe0bd000 	C:\Windows\system32\RPCRT4.dll
0x0000000077290000 - 0x000000007738a000 	C:\Windows\system32\USER32.dll
0x000007fefd9d0000 - 0x000007fefda37000 	C:\Windows\system32\GDI32.dll
0x000007fefde30000 - 0x000007fefde3e000 	C:\Windows\system32\LPK.dll
0x000007fefde40000 - 0x000007fefdf09000 	C:\Windows\system32\USP10.dll
0x000007fefac00000 - 0x000007fefadf4000 	C:\Windows\WinSxS\amd64_microsoft.windows.common-controls_6595b64144ccf1df_6.0.7601.18837_none_fa3b1e3d17594757\COMCTL32.dll
0x000007fefdcd0000 - 0x000007fefdd41000 	C:\Windows\system32\SHLWAPI.dll
0x000007fefdc40000 - 0x000007fefdc6e000 	C:\Windows\system32\IMM32.DLL
0x000007fefcb30000 - 0x000007fefcc39000 	C:\Windows\system32\MSCTF.dll
0x0000000064b10000 - 0x0000000064be2000 	C:\Program Files\Java\jdk1.7.0_71\jre\bin\msvcr100.dll
0x0000000054220000 - 0x00000000549f3000 	C:\Program Files\Java\jdk1.7.0_71\jre\bin\server\jvm.dll
0x000007fef7910000 - 0x000007fef7919000 	C:\Windows\system32\WSOCK32.dll
0x000007fefc690000 - 0x000007fefc6dd000 	C:\Windows\system32\WS2_32.dll
0x000007fefe6f0000 - 0x000007fefe6f8000 	C:\Windows\system32\NSI.dll
0x000007fef9f80000 - 0x000007fef9fbb000 	C:\Windows\system32\WINMM.dll
0x0000000077560000 - 0x0000000077567000 	C:\Windows\system32\PSAPI.DLL
0x000000006f6a0000 - 0x000000006f6af000 	C:\Program Files\Java\jdk1.7.0_71\jre\bin\verify.dll
0x000000006f4b0000 - 0x000000006f4d8000 	C:\Program Files\Java\jdk1.7.0_71\jre\bin\java.dll
0x000000006f490000 - 0x000000006f4a5000 	C:\Program Files\Java\jdk1.7.0_71\jre\bin\zip.dll
0x000000006f420000 - 0x000000006f439000 	C:\Program Files\Java\jdk1.7.0_71\jre\bin\net.dll
0x000007fefb980000 - 0x000007fefb9d5000 	C:\Windows\system32\mswsock.dll
