#
# There is insufficient memory for the Java Runtime Environment to continue.
# Native memory allocation (malloc) failed to allocate 172656 bytes for Chunk::new
# Possible reasons:
#   The system is out of physical RAM or swap space
#   In 32 bit mode, the process size limit was hit
# Possible solutions:
#   Reduce memory load on the system
#   Increase physical memory or swap space
#   Check if swap backing store is full
#   Use 64 bit Java on a 64 bit OS
#   Decrease Java heap size (-Xmx/-Xms)
#   Decrease number of Java threads
#   Decrease Java thread stack sizes (-Xss)
#   Set larger code cache with -XX:ReservedCodeCacheSize=
# This output file may be truncated or incomplete.
#
#  Out of Memory Error (allocation.cpp:323), pid=7000, tid=15900
#
# JRE version: Java(TM) SE Runtime Environment (7.0_71-b14) (build 1.7.0_71-b14)
# Java VM: Java HotSpot(TM) 64-Bit Server VM (24.71-b01 mixed mode windows-amd64 compressed oops)
# Failed to write core dump. Minidumps are not enabled by default on client versions of Windows
#

---------------  T H R E A D  ---------------

Current thread (0x0000000008bbc800):  JavaThread "C2 CompilerThread1" daemon [_thread_in_native, id=15900, stack(0x0000000009ad0000,0x0000000009bd0000)]

Stack: [0x0000000009ad0000,0x0000000009bd0000]
[error occurred during error reporting (printing stack bounds), id 0xc0000005]


Current CompileTask:
C2:   6749  343   !         com.android.dx.cf.code.RopperMachine::run (1550 bytes)


---------------  P R O C E S S  ---------------

Java Threads: ( => current thread )
  0x0000000008bc2000 JavaThread "Service Thread" daemon [_thread_blocked, id=9992, stack(0x000000000a6f0000,0x000000000a7f0000)]
=>0x0000000008bbc800 JavaThread "C2 CompilerThread1" daemon [_thread_in_native, id=15900, stack(0x0000000009ad0000,0x0000000009bd0000)]
  0x0000000007b1c800 JavaThread "C2 CompilerThread0" daemon [_thread_in_native, id=10136, stack(0x000000000a470000,0x000000000a570000)]
  0x0000000007b1b800 JavaThread "Attach Listener" daemon [_thread_blocked, id=7304, stack(0x0000000009d70000,0x0000000009e70000)]
  0x0000000007b1b000 JavaThread "Signal Dispatcher" daemon [_thread_blocked, id=7392, stack(0x000000000a220000,0x000000000a320000)]
  0x0000000007b07000 JavaThread "Finalizer" daemon [_thread_blocked, id=8792, stack(0x000000000a070000,0x000000000a170000)]
  0x0000000007b00800 JavaThread "Reference Handler" daemon [_thread_blocked, id=1148, stack(0x0000000009e80000,0x0000000009f80000)]
  0x00000000022f9000 JavaThread "main" [_thread_in_Java, id=13796, stack(0x00000000026d0000,0x00000000027d0000)]

Other Threads:
  0x0000000007afd800 VMThread [stack: 0x0000000009c30000,0x0000000009d30000] [id=10460]
  0x0000000008bcb800 WatcherThread [stack: 0x000000000a590000,0x000000000a690000] [id=15356]

VM state:not at safepoint (normal execution)

VM Mutex/Monitor currently owned by a thread: None

Heap
 PSYoungGen      total 70656K, used 8980K [0x00000000f5500000, 0x00000000f9f00000, 0x0000000100000000)
  eden space 65536K, 5% used [0x00000000f5500000,0x00000000f58c6700,0x00000000f9500000)
  from space 5120K, 99% used [0x00000000f9a00000,0x00000000f9efeac8,0x00000000f9f00000)
  to   space 5120K, 0% used [0x00000000f9500000,0x00000000f9500000,0x00000000f9a00000)
 ParOldGen       total 85504K, used 7067K [0x00000000e0000000, 0x00000000e5380000, 0x00000000f5500000)
  object space 85504K, 8% used [0x00000000e0000000,0x00000000e06e6d98,0x00000000e5380000)
 PSPermGen       total 21504K, used 5595K [0x00000000dae00000, 0x00000000dc300000, 0x00000000e0000000)
  object space 21504K, 26% used [0x00000000dae00000,0x00000000db376f50,0x00000000dc300000)

Card table byte_map: [0x00000000057d0000,0x0000000005900000] byte_map_base: 0x00000000050f9000

Polling page: 0x0000000000130000

Code Cache  [0x00000000027d0000, 0x0000000002a40000, 0x00000000057d0000)
 total_blobs=586 nmethods=352 adapters=186 free_code_cache=47732Kb largest_free_block=48843904

Compilation events (10 events):
Event: 6.700 Thread 0x0000000007b1c800 nmethod 351 0x0000000002935610 code [0x00000000029360e0, 0x00000000029377c0]
Event: 6.700 Thread 0x0000000007b1c800  352             com.android.dx.cf.code.Merger::mergeType (142 bytes)
Event: 6.704 Thread 0x0000000007b1c800 nmethod 352 0x000000000292ad90 code [0x000000000292af40, 0x000000000292b220]
Event: 6.704 Thread 0x0000000007b1c800  353             com.android.dx.cf.code.BaseMachine::clearArgs (56 bytes)
Event: 6.705 Thread 0x0000000007b1c800 nmethod 353 0x000000000292ab90 code [0x000000000292acc0, 0x000000000292ad38]
Event: 6.705 Thread 0x0000000007b1c800  354             com.android.dx.rop.code.InsnList::<init> (6 bytes)
Event: 6.707 Thread 0x0000000007b1c800 nmethod 354 0x000000000292a810 code [0x000000000292a960, 0x000000000292aa98]
Event: 6.707 Thread 0x0000000007b1c800  355             com.android.dx.cf.code.BaseMachine::getLocalTarget (151 bytes)
Event: 6.718 Thread 0x0000000007b1c800 nmethod 355 0x000000000292b790 code [0x000000000292b9a0, 0x000000000292c280]
Event: 6.718 Thread 0x0000000007b1c800  356             com.android.dx.ssa.SCCP::addUsersToWorklist (103 bytes)

GC Heap History (4 events):
Event: 4.880 GC heap before
{Heap before GC invocations=1 (full 0):
 PSYoungGen      total 37888K, used 32768K [0x00000000f5500000, 0x00000000f7f00000, 0x0000000100000000)
  eden space 32768K, 100% used [0x00000000f5500000,0x00000000f7500000,0x00000000f7500000)
  from space 5120K, 0% used [0x00000000f7a00000,0x00000000f7a00000,0x00000000f7f00000)
  to   space 5120K, 0% used [0x00000000f7500000,0x00000000f7500000,0x00000000f7a00000)
 ParOldGen       total 85504K, used 0K [0x00000000e0000000, 0x00000000e5380000, 0x00000000f5500000)
  object space 85504K, 0% used [0x00000000e0000000,0x00000000e0000000,0x00000000e5380000)
 PSPermGen       total 21504K, used 5520K [0x00000000dae00000, 0x00000000dc300000, 0x00000000e0000000)
  object space 21504K, 25% used [0x00000000dae00000,0x00000000db364038,0x00000000dc300000)
Event: 5.335 GC heap after
Heap after GC invocations=1 (full 0):
 PSYoungGen      total 37888K, used 5095K [0x00000000f5500000, 0x00000000f9f00000, 0x0000000100000000)
  eden space 32768K, 0% used [0x00000000f5500000,0x00000000f5500000,0x00000000f7500000)
  from space 5120K, 99% used [0x00000000f7500000,0x00000000f79f9c78,0x00000000f7a00000)
  to   space 5120K, 0% used [0x00000000f9a00000,0x00000000f9a00000,0x00000000f9f00000)
 ParOldGen       total 85504K, used 1923K [0x00000000e0000000, 0x00000000e5380000, 0x00000000f5500000)
  object space 85504K, 2% used [0x00000000e0000000,0x00000000e01e0c38,0x00000000e5380000)
 PSPermGen       total 21504K, used 5520K [0x00000000dae00000, 0x00000000dc300000, 0x00000000e0000000)
  object space 21504K, 25% used [0x00000000dae00000,0x00000000db364038,0x00000000dc300000)
}
Event: 6.664 GC heap before
{Heap before GC invocations=2 (full 0):
 PSYoungGen      total 37888K, used 37863K [0x00000000f5500000, 0x00000000f9f00000, 0x0000000100000000)
  eden space 32768K, 100% used [0x00000000f5500000,0x00000000f7500000,0x00000000f7500000)
  from space 5120K, 99% used [0x00000000f7500000,0x00000000f79f9c78,0x00000000f7a00000)
  to   space 5120K, 0% used [0x00000000f9a00000,0x00000000f9a00000,0x00000000f9f00000)
 ParOldGen       total 85504K, used 1923K [0x00000000e0000000, 0x00000000e5380000, 0x00000000f5500000)
  object space 85504K, 2% used [0x00000000e0000000,0x00000000e01e0c38,0x00000000e5380000)
 PSPermGen       total 21504K, used 5594K [0x00000000dae00000, 0x00000000dc300000, 0x00000000e0000000)
  object space 21504K, 26% used [0x00000000dae00000,0x00000000db376990,0x00000000dc300000)
Event: 6.696 GC heap after
Heap after GC invocations=2 (full 0):
 PSYoungGen      total 70656K, used 5114K [0x00000000f5500000, 0x00000000f9f00000, 0x0000000100000000)
  eden space 65536K, 0% used [0x00000000f5500000,0x00000000f5500000,0x00000000f9500000)
  from space 5120K, 99% used [0x00000000f9a00000,0x00000000f9efeac8,0x00000000f9f00000)
  to   space 5120K, 0% used [0x00000000f9500000,0x00000000f9500000,0x00000000f9a00000)
 ParOldGen       total 85504K, used 7067K [0x00000000e0000000, 0x00000000e5380000, 0x00000000f5500000)
  object space 85504K, 8% used [0x00000000e0000000,0x00000000e06e6d98,0x00000000e5380000)
 PSPermGen       total 21504K, used 5594K [0x00000000dae00000, 0x00000000dc300000, 0x00000000e0000000)
  object space 21504K, 26% used [0x00000000dae00000,0x00000000db376990,0x00000000dc300000)
}

Deoptimization events (10 events):
Event: 6.171 Thread 0x00000000022f9000 Uncommon trap: reason=class_check action=maybe_recompile pc=0x0000000002846c34 method=com.android.dx.ssa.NormalSsaInsn.accept(Lcom/android/dx/ssa/SsaInsn$Visitor;)V @ 9
Event: 6.323 Thread 0x00000000022f9000 Uncommon trap: reason=uninitialized action=reinterpret pc=0x00000000028c1428 method=com.android.dx.cf.code.ByteCatchList.toRopCatchList()Lcom/android/dx/rop/type/TypeList; @ 36
Event: 6.324 Thread 0x00000000022f9000 Uncommon trap: reason=unreached action=reinterpret pc=0x00000000028be600 method=com.android.dx.cf.code.Ropper.addExceptionSetupBlocks()V @ 21
Event: 6.326 Thread 0x00000000022f9000 Uncommon trap: reason=unreached action=reinterpret pc=0x00000000028cce74 method=com.android.dx.util.LabeledList.set(ILcom/android/dx/util/LabeledItem;)V @ 16
Event: 6.326 Thread 0x00000000022f9000 Uncommon trap: reason=unreached action=reinterpret pc=0x00000000028a9cb8 method=com.android.dx.util.LabeledList.set(ILcom/android/dx/util/LabeledItem;)V @ 16
Event: 6.542 Thread 0x00000000022f9000 Uncommon trap: reason=bimorphic action=maybe_recompile pc=0x00000000028ddfd4 method=com.android.dx.cf.code.BytecodeArray.parseInstruction(ILcom/android/dx/cf/code/BytecodeArray$Visitor;)I @ 939
Event: 6.543 Thread 0x00000000022f9000 Uncommon trap: reason=bimorphic action=maybe_recompile pc=0x00000000028dded4 method=com.android.dx.cf.code.BytecodeArray.parseInstruction(ILcom/android/dx/cf/code/BytecodeArray$Visitor;)I @ 907
Event: 6.543 Thread 0x00000000022f9000 Uncommon trap: reason=bimorphic action=maybe_recompile pc=0x00000000028dded4 method=com.android.dx.cf.code.BytecodeArray.parseInstruction(ILcom/android/dx/cf/code/BytecodeArray$Visitor;)I @ 907
Event: 6.543 Thread 0x00000000022f9000 Uncommon trap: reason=bimorphic action=maybe_recompile pc=0x00000000028ddf54 method=com.android.dx.cf.code.BytecodeArray.parseInstruction(ILcom/android/dx/cf/code/BytecodeArray$Visitor;)I @ 923
Event: 6.543 Thread 0x00000000022f9000 Uncommon trap: reason=bimorphic action=maybe_recompile pc=0x00000000028ddf54 method=com.android.dx.cf.code.BytecodeArray.parseInstruction(ILcom/android/dx/cf/code/BytecodeArray$Visitor;)I @ 923

Internal exceptions (10 events):
Event: 1.773 Thread 0x00000000022f9000 Threw 0x00000000f61dd760 at C:\re\jdk7u71\1605\hotspot\src\share\vm\prims\jvm.cpp:1281
Event: 1.776 Thread 0x00000000022f9000 Threw 0x00000000f61ead08 at C:\re\jdk7u71\1605\hotspot\src\share\vm\prims\jvm.cpp:1281
Event: 1.805 Thread 0x00000000022f9000 Threw 0x00000000f627f0c0 at C:\re\jdk7u71\1605\hotspot\src\share\vm\prims\jvm.cpp:1281
Event: 1.806 Thread 0x00000000022f9000 Threw 0x00000000f6282190 at C:\re\jdk7u71\1605\hotspot\src\share\vm\prims\jvm.cpp:1281
Event: 1.844 Thread 0x00000000022f9000 Implicit null exception at 0x000000000285a483 to 0x000000000285a7d5
Event: 1.901 Thread 0x00000000022f9000 Threw 0x00000000f64751b8 at C:\re\jdk7u71\1605\hotspot\src\share\vm\prims\jvm.cpp:1281
Event: 2.717 Thread 0x00000000022f9000 Implicit null exception at 0x00000000028a09ad to 0x00000000028a15fd
Event: 6.118 Thread 0x00000000022f9000 Implicit null exception at 0x00000000028bf62b to 0x00000000028bfd0d
Event: 6.323 Thread 0x00000000022f9000 Threw 0x00000000f6250350 at C:\re\jdk7u71\1605\hotspot\src\share\vm\prims\jvm.cpp:1281
Event: 6.542 Thread 0x00000000022f9000 Threw 0x00000000f6f2eb70 at C:\re\jdk7u71\1605\hotspot\src\share\vm\prims\jvm.cpp:1281

Events (10 events):
Event: 6.706 Executing VM operation: RevokeBias
Event: 6.706 Executing VM operation: RevokeBias done
Event: 6.706 Executing VM operation: RevokeBias
Event: 6.706 Executing VM operation: RevokeBias done
Event: 6.706 Executing VM operation: RevokeBias
Event: 6.706 Executing VM operation: RevokeBias done
Event: 6.706 Executing VM operation: RevokeBias
Event: 6.706 Executing VM operation: RevokeBias done
Event: 6.706 Executing VM operation: BulkRevokeBias
Event: 6.706 Executing VM operation: BulkRevokeBias done


Dynamic libraries:
0x000000013fe70000 - 0x000000013fea3000 	C:\Program Files\Java\jdk1.7.0_71\bin\java.exe
0x0000000077390000 - 0x0000000077539000 	C:\Windows\SYSTEM32\ntdll.dll
0x0000000077170000 - 0x000000007728f000 	C:\Windows\system32\kernel32.dll
0x000007fefc440000 - 0x000007fefc4ac000 	C:\Windows\system32\KERNELBASE.dll
0x000007fefc9b0000 - 0x000007fefca8b000 	C:\Windows\system32\ADVAPI32.dll
0x000007fefc6e0000 - 0x000007fefc77f000 	C:\Windows\system32\msvcrt.dll
0x000007fefe0c0000 - 0x000007fefe0df000 	C:\Windows\SYSTEM32\sechost.dll
0x000007fefdf90000 - 0x000007fefe0bd000 	C:\Windows\system32\RPCRT4.dll
0x0000000077290000 - 0x000000007738a000 	C:\Windows\system32\USER32.dll
0x000007fefd9d0000 - 0x000007fefda37000 	C:\Windows\system32\GDI32.dll
0x000007fefde30000 - 0x000007fefde3e000 	C:\Windows\system32\LPK.dll
0x000007fefde40000 - 0x000007fefdf09000 	C:\Windows\system32\USP10.dll
0x000007fefac00000 - 0x000007fefadf4000 	C:\Windows\WinSxS\amd64_microsoft.windows.common-controls_6595b64144ccf1df_6.0.7601.18837_none_fa3b1e3d17594757\COMCTL32.dll
0x000007fefdcd0000 - 0x000007fefdd41000 	C:\Windows\system32\SHLWAPI.dll
0x000007fefdc40000 - 0x000007fefdc6e000 	C:\Windows\system32\IMM32.DLL
0x000007fefcb30000 - 0x000007fefcc39000 	C:\Windows\system32\MSCTF.dll
0x0000000067630000 - 0x0000000067702000 	C:\Program Files\Java\jdk1.7.0_71\jre\bin\msvcr100.dll
0x0000000054220000 - 0x00000000549f3000 	C:\Program Files\Java\jdk1.7.0_71\jre\bin\server\jvm.dll
0x000007fef7910000 - 0x000007fef7919000 	C:\Windows\system32\WSOCK32.dll
0x000007fefc690000 - 0x000007fefc6dd000 	C:\Windows\system32\WS2_32.dll
0x000007fefe6f0000 - 0x000007fefe6f8000 	C:\Windows\system32\NSI.dll
0x000007fef9f80000 - 0x000007fef9fbb000 	C:\Windows\system32\WINMM.dll
0x0000000077560000 - 0x0000000077567000 	C:\Windows\system32\PSAPI.DLL
0x000000006f6a0000 - 0x000000006f6af000 	C:\Program Files\Java\jdk1.7.0_71\jre\bin\verify.dll
0x000000006f4b0000 - 0x000000006f4d8000 	C:\Program Files\Java\jdk1.7.0_71\jre\bin\java.dll
0x000000006f490000 - 0x000000006f4a5000 	C:\Program Files\Java\jdk1.7.0_71\jre\bin\zip.dll
0x000000006f420000 - 0x000000006f439000 	C:\Program Files\Java\jdk1.7.0_71\jre\bin\net.dll
0x000007fefb980000 - 0x000007fefb9d5000 	C:\Windows\system32\mswsock.dll
0x000007fefbb20000 - 0x000007fefbb27000 	C:\Windows\System32\wship6.dll
0x000000006f400000 - 0x000000006f411000 	C:\Program Files\Java\jdk1.7.0_71\jre\bin\nio.dll

VM Arguments:
jvm_args: -Xmx1024M -Dfile.encoding=windows-1252 -Duser.country=GB -Duser.language=en -Duser.variant -Xmx512M 
java_command: com.android.dx.command.Main --dex --output I:\GitHub\BuildItBigger\jokedisplaylibrary\build\intermediates\pre-dexed\androidTest\free\debug\classes-b1fc7ae54ecc306ca81a550ca220da2ccf20f8a5.jar I:\GitHub\BuildItBigger\jokedisplaylibrary\build\intermediates\exploded-aar\com.google.android.gms\play-services-fitness\7.5.0\jars\classes.jar
Launcher Type: SUN_STANDARD

Environment Variables:
JAVA_HOME=C:\Program Files\Java\jdk1.7.0_71
_JAVA_OPTIONS=-Xmx512M
PATH=C:\ProgramData\Oracle\Java\javapath;C:\Windows\system32;C:\Windows;C:\Windows\System32\Wbem;C:\Windows\System32\WindowsPowerShell\v1.0\;C:\Program Files (x86)\Microsoft SQL Server\100\Tools\Binn\VSShell\Common7\IDE\;C:\Program Files (x86)\Microsoft SQL Server\100\Tools\Binn\;C:\Program Files\Microsoft SQL Server\100\Tools\Binn\;C:\Program Files (x86)\Microsoft SQL Server\100\DTS\Binn\;C:\Program Files\Microsoft SQL Server\100\DTS\Binn\;C:\Program Files (x86)\Microsoft Team Foundation Server 2012 Power Tools\;C:\Program Files (x86)\Microsoft Team Foundation Server 2012 Power Tools\Best Practices Analyzer\;C:\Program Files\System Center Operations Manager 2007\;C:\Program Files (x86)\Microsoft ASP.NET\ASP.NET Web Pages\v1.0\;C:\Program Files\Microsoft SQL Server\110\Tools\Binn\;C:\Program Files\Microsoft\Web Platform Installer\;C:\Program Files\Devart\Review Assistant;C:\Program Files\Microsoft SQL Server\120\Tools\Binn\;C:\Program Files\nodejs\;C:\Users\htan\Documents\Visual Studio 2012\Projects\MvcApplication2\node_modules\protractor\selenium;C:\Program Files (x86)\Git\cmd;C:\Program Files (x86)\GtkSharp\2.12\bin;C:\Program Files (x86)\Windows Kits\8.1\Windows Performance Toolkit\;C:\Program Files (x86)\nodejs\;C:\Program Files (x86)\Skype\Phone\;C:\RailsInstaller\Git\cmd;C:\RailsInstaller\Ruby2.1.0\bin;C:\Ruby193\bin;C:\Program Files\Java\jdk1.7.0_71;C:\Program Files\Java\jre7;C:\apache-ant-1.9.3\bin;I:\Android\android-sdk\tools;I:\Android\android-sdk\platform-tools;C:\Users\htan\AppData\Roaming\npm
USERNAME=htan
OS=Windows_NT
PROCESSOR_IDENTIFIER=Intel64 Family 6 Model 42 Stepping 7, GenuineIntel



---------------  S Y S T E M  ---------------

OS: Windows 7 , 64 bit Build 7601 Service Pack 1

CPU:total 8 (4 cores per cpu, 2 threads per core) family 6 model 42 stepping 7, cmov, cx8, fxsr, mmx, sse, sse2, sse3, ssse3, sse4.1, sse4.2, popcnt, avx, aes, ht, tsc, tscinvbit

Memory: 4k page, physical 8233400k(1804880k free), swap 8834444k(5196k free)

vm_info: Java HotSpot(TM) 64-Bit Server VM (24.71-b01) for windows-amd64 JRE (1.7.0_71-b14), built on Sep 26 2014 16:16:12 by "java_re" with unknown MS VC++:1600

time: Thu Sep 10 17:22:49 2015
elapsed time: 6 seconds

