#
# There is insufficient memory for the Java Runtime Environment to continue.
# Native memory allocation (malloc) failed to allocate 1091456 bytes for Chunk::new
# Possible reasons:
#   The system is out of physical RAM or swap space
#   In 32 bit mode, the process size limit was hit
# Possible solutions:
#   Reduce memory load on the system
#   Increase physical memory or swap space
#   Check if swap backing store is full
#   Use 64 bit Java on a 64 bit OS
#   Decrease Java heap size (-Xmx/-Xms)
#   Decrease number of Java threads
#   Decrease Java thread stack sizes (-Xss)
#   Set larger code cache with -XX:ReservedCodeCacheSize=
# This output file may be truncated or incomplete.
#
#  Out of Memory Error (allocation.cpp:323), pid=19468, tid=9796
#
# JRE version: Java(TM) SE Runtime Environment (7.0_71-b14) (build 1.7.0_71-b14)
# Java VM: Java HotSpot(TM) 64-Bit Server VM (24.71-b01 mixed mode windows-amd64 compressed oops)
# Failed to write core dump. Minidumps are not enabled by default on client versions of Windows
#

---------------  T H R E A D  ---------------

Current thread (0x0000000007999000):  JavaThread "C2 CompilerThread1" daemon [_thread_in_native, id=9796, stack(0x000000000a3b0000,0x000000000a4b0000)]

Stack: [0x000000000a3b0000,0x000000000a4b0000]
[error occurred during error reporting (printing stack bounds), id 0xc0000005]


[error occurred during error reporting (printing native stack), id 0xc0000005]


Current CompileTask:
C2:   6008  351             com.android.dx.ssa.DeadCodeRemover::run (194 bytes)


---------------  P R O C E S S  ---------------

Java Threads: ( => current thread )
  0x0000000008b54000 JavaThread "Service Thread" daemon [_thread_blocked, id=7968, stack(0x000000000a4b0000,0x000000000a5b0000)]
=>0x0000000007999000 JavaThread "C2 CompilerThread1" daemon [_thread_in_native, id=9796, stack(0x000000000a3b0000,0x000000000a4b0000)]
  0x0000000007994800 JavaThread "C2 CompilerThread0" daemon [_thread_in_native, id=14828, stack(0x000000000a100000,0x000000000a200000)]
  0x0000000007993800 JavaThread "Attach Listener" daemon [_thread_blocked, id=7016, stack(0x0000000009f60000,0x000000000a060000)]
  0x0000000007993000 JavaThread "Signal Dispatcher" daemon [_thread_blocked, id=5052, stack(0x0000000009a50000,0x0000000009b50000)]
  0x0000000007981800 JavaThread "Finalizer" daemon [_thread_blocked, id=10616, stack(0x0000000005e70000,0x0000000005f70000)]
  0x0000000007980800 JavaThread "Reference Handler" daemon [_thread_blocked, id=12844, stack(0x0000000009d40000,0x0000000009e40000)]
  0x00000000021a9800 JavaThread "main" [_thread_in_Java, id=6188, stack(0x0000000002450000,0x0000000002550000)]

Other Threads:
  0x000000000797d800 VMThread [stack: 0x0000000009ba0000,0x0000000009ca0000] [id=7440]
  0x0000000008b59000 WatcherThread [stack: 0x000000000a670000,0x000000000a770000] [id=18308]

VM state:not at safepoint (normal execution)

VM Mutex/Monitor currently owned by a thread: None

Heap
 PSYoungGen      total 70656K, used 19412K [0x00000000f5500000, 0x00000000f9f00000, 0x0000000100000000)
  eden space 65536K, 21% used [0x00000000f5500000,0x00000000f62fb560,0x00000000f9500000)
  from space 5120K, 99% used [0x00000000f9a00000,0x00000000f9ef9c78,0x00000000f9f00000)
  to   space 5120K, 0% used [0x00000000f9500000,0x00000000f9500000,0x00000000f9a00000)
 ParOldGen       total 85504K, used 6719K [0x00000000e0000000, 0x00000000e5380000, 0x00000000f5500000)
  object space 85504K, 7% used [0x00000000e0000000,0x00000000e068fe78,0x00000000e5380000)
 PSPermGen       total 21504K, used 5656K [0x00000000dae00000, 0x00000000dc300000, 0x00000000e0000000)
  object space 21504K, 26% used [0x00000000dae00000,0x00000000db3863e8,0x00000000dc300000)

Card table byte_map: [0x0000000005550000,0x0000000005680000] byte_map_base: 0x0000000004e79000

Polling page: 0x0000000000440000

Code Cache  [0x0000000002550000, 0x00000000027c0000, 0x0000000005550000)
 total_blobs=588 nmethods=354 adapters=186 free_code_cache=47681Kb largest_free_block=48754048

Compilation events (10 events):
Event: 5.972 Thread 0x0000000007994800 nmethod 353 0x00000000026213d0 code [0x0000000002621500, 0x0000000002621558]
Event: 5.972 Thread 0x0000000007994800  354             java.lang.Long::numberOfTrailingZeros (116 bytes)
Event: 5.972 Thread 0x0000000007994800 nmethod 354 0x0000000002621e50 code [0x0000000002621f80, 0x0000000002622038]
Event: 5.972 Thread 0x0000000007994800  355             com.android.dx.ssa.LocalVariableExtractor::doit (59 bytes)
Event: 5.978 Thread 0x0000000007994800 nmethod 355 0x0000000002691890 code [0x00000000026919e0, 0x0000000002691ce8]
Event: 5.978 Thread 0x0000000007994800  356             com.android.dx.rop.type.Type::getBasicType (5 bytes)
Event: 5.978 Thread 0x0000000007994800 nmethod 356 0x00000000026ac190 code [0x00000000026ac2c0, 0x00000000026ac318]
Event: 5.978 Thread 0x0000000007994800  357             com.android.dx.rop.code.ThrowingCstInsn::accept (8 bytes)
Event: 5.979 Thread 0x0000000007994800 nmethod 357 0x00000000026abf50 code [0x00000000026ac0a0, 0x00000000026ac118]
Event: 5.979 Thread 0x0000000007994800  358             com.android.dx.ssa.PhiTypeResolver::run (179 bytes)

GC Heap History (4 events):
Event: 3.245 GC heap before
{Heap before GC invocations=1 (full 0):
 PSYoungGen      total 37888K, used 32768K [0x00000000f5500000, 0x00000000f7f00000, 0x0000000100000000)
  eden space 32768K, 100% used [0x00000000f5500000,0x00000000f7500000,0x00000000f7500000)
  from space 5120K, 0% used [0x00000000f7a00000,0x00000000f7a00000,0x00000000f7f00000)
  to   space 5120K, 0% used [0x00000000f7500000,0x00000000f7500000,0x00000000f7a00000)
 ParOldGen       total 85504K, used 0K [0x00000000e0000000, 0x00000000e5380000, 0x00000000f5500000)
  object space 85504K, 0% used [0x00000000e0000000,0x00000000e0000000,0x00000000e5380000)
 PSPermGen       total 21504K, used 5563K [0x00000000dae00000, 0x00000000dc300000, 0x00000000e0000000)
  object space 21504K, 25% used [0x00000000dae00000,0x00000000db36ecb0,0x00000000dc300000)
Event: 3.632 GC heap after
Heap after GC invocations=1 (full 0):
 PSYoungGen      total 37888K, used 5111K [0x00000000f5500000, 0x00000000f9f00000, 0x0000000100000000)
  eden space 32768K, 0% used [0x00000000f5500000,0x00000000f5500000,0x00000000f7500000)
  from space 5120K, 99% used [0x00000000f7500000,0x00000000f79fdfc0,0x00000000f7a00000)
  to   space 5120K, 0% used [0x00000000f9a00000,0x00000000f9a00000,0x00000000f9f00000)
 ParOldGen       total 85504K, used 1609K [0x00000000e0000000, 0x00000000e5380000, 0x00000000f5500000)
  object space 85504K, 1% used [0x00000000e0000000,0x00000000e01924d0,0x00000000e5380000)
 PSPermGen       total 21504K, used 5563K [0x00000000dae00000, 0x00000000dc300000, 0x00000000e0000000)
  object space 21504K, 25% used [0x00000000dae00000,0x00000000db36ecb0,0x00000000dc300000)
}
Event: 4.497 GC heap before
{Heap before GC invocations=2 (full 0):
 PSYoungGen      total 37888K, used 37879K [0x00000000f5500000, 0x00000000f9f00000, 0x0000000100000000)
  eden space 32768K, 100% used [0x00000000f5500000,0x00000000f7500000,0x00000000f7500000)
  from space 5120K, 99% used [0x00000000f7500000,0x00000000f79fdfc0,0x00000000f7a00000)
  to   space 5120K, 0% used [0x00000000f9a00000,0x00000000f9a00000,0x00000000f9f00000)
 ParOldGen       total 85504K, used 1609K [0x00000000e0000000, 0x00000000e5380000, 0x00000000f5500000)
  object space 85504K, 1% used [0x00000000e0000000,0x00000000e01924d0,0x00000000e5380000)
 PSPermGen       total 21504K, used 5636K [0x00000000dae00000, 0x00000000dc300000, 0x00000000e0000000)
  object space 21504K, 26% used [0x00000000dae00000,0x00000000db381210,0x00000000dc300000)
Event: 5.282 GC heap after
Heap after GC invocations=2 (full 0):
 PSYoungGen      total 70656K, used 5095K [0x00000000f5500000, 0x00000000f9f00000, 0x0000000100000000)
  eden space 65536K, 0% used [0x00000000f5500000,0x00000000f5500000,0x00000000f9500000)
  from space 5120K, 99% used [0x00000000f9a00000,0x00000000f9ef9c78,0x00000000f9f00000)
  to   space 5120K, 0% used [0x00000000f9500000,0x00000000f9500000,0x00000000f9a00000)
 ParOldGen       total 85504K, used 6719K [0x00000000e0000000, 0x00000000e5380000, 0x00000000f5500000)
  object space 85504K, 7% used [0x00000000e0000000,0x00000000e068fe78,0x00000000e5380000)
 PSPermGen       total 21504K, used 5636K [0x00000000dae00000, 0x00000000dc300000, 0x00000000e0000000)
  object space 21504K, 26% used [0x00000000dae00000,0x00000000db381210,0x00000000dc300000)
}

Deoptimization events (10 events):
Event: 2.556 Thread 0x00000000021a9800 Uncommon trap: reason=class_check action=maybe_recompile pc=0x00000000025d7e68 method=com.android.dx.rop.type.Type.equals(Ljava/lang/Object;)Z @ 8
Event: 2.556 Thread 0x00000000021a9800 Uncommon trap: reason=class_check action=maybe_recompile pc=0x00000000025d7e68 method=com.android.dx.rop.type.Type.equals(Ljava/lang/Object;)Z @ 8
Event: 2.556 Thread 0x00000000021a9800 Uncommon trap: reason=class_check action=maybe_recompile pc=0x00000000025d7e68 method=com.android.dx.rop.type.Type.equals(Ljava/lang/Object;)Z @ 8
Event: 2.557 Thread 0x00000000021a9800 Uncommon trap: reason=class_check action=maybe_recompile pc=0x00000000025d7e68 method=com.android.dx.rop.type.Type.equals(Ljava/lang/Object;)Z @ 8
Event: 3.243 Thread 0x00000000021a9800 Uncommon trap: reason=null_check action=make_not_entrant pc=0x00000000026200a8 method=com.android.dx.rop.type.Type.putIntern(Lcom/android/dx/rop/type/Type;)Lcom/android/dx/rop/type/Type; @ 18
Event: 3.968 Thread 0x00000000021a9800 Uncommon trap: reason=null_check action=make_not_entrant pc=0x00000000026061ec method=com.android.dx.ssa.SsaRenamer.getLocalForNewReg(I)Lcom/android/dx/rop/code/LocalItem; @ 19
Event: 3.994 Thread 0x00000000021a9800 Uncommon trap: reason=unreached action=reinterpret pc=0x00000000025d2304 method=com.android.dx.rop.cst.Constant.compareTo(Lcom/android/dx/rop/cst/Constant;)I @ 12
Event: 4.217 Thread 0x00000000021a9800 Uncommon trap: reason=bimorphic action=maybe_recompile pc=0x0000000002643940 method=java.util.HashMap.put(Ljava/lang/Object;Ljava/lang/Object;)Ljava/lang/Object; @ 83
Event: 4.340 Thread 0x00000000021a9800 Uncommon trap: reason=unreached action=reinterpret pc=0x000000000268298c method=com.android.dx.cf.code.Ropper.processBlock(Lcom/android/dx/cf/code/ByteBlock;Lcom/android/dx/cf/code/Frame;[I)V @ 513
Event: 4.378 Thread 0x00000000021a9800 Uncommon trap: reason=unreached action=reinterpret pc=0x000000000261c79c method=com.android.dx.ssa.SCCP.simulateBranch(Lcom/android/dx/ssa/SsaInsn;)V @ 132

Internal exceptions (10 events):
Event: 1.834 Thread 0x00000000021a9800 Threw 0x00000000f5e96060 at C:\re\jdk7u71\1605\hotspot\src\share\vm\prims\jvm.cpp:1281
Event: 1.835 Thread 0x00000000021a9800 Threw 0x00000000f5ea1d18 at C:\re\jdk7u71\1605\hotspot\src\share\vm\prims\jvm.cpp:1281
Event: 2.070 Thread 0x00000000021a9800 Implicit null exception at 0x00000000025d1223 to 0x00000000025d154d
Event: 2.597 Thread 0x00000000021a9800 Threw 0x00000000f64ecf38 at C:\re\jdk7u71\1605\hotspot\src\share\vm\prims\jvm.cpp:1281
Event: 2.744 Thread 0x00000000021a9800 Threw 0x00000000f67fac60 at C:\re\jdk7u71\1605\hotspot\src\share\vm\prims\jvm.cpp:1281
Event: 3.243 Thread 0x00000000021a9800 Implicit null exception at 0x000000000261f99b to 0x0000000002620099
Event: 3.641 Thread 0x00000000021a9800 Threw 0x00000000f552c2c8 at C:\re\jdk7u71\1605\hotspot\src\share\vm\prims\jvm.cpp:1281
Event: 3.968 Thread 0x00000000021a9800 Implicit null exception at 0x0000000002604e29 to 0x00000000026061c1
Event: 4.379 Thread 0x00000000021a9800 Threw 0x00000000f702d3d0 at C:\re\jdk7u71\1605\hotspot\src\share\vm\prims\jvm.cpp:1281
Event: 5.476 Thread 0x00000000021a9800 Threw 0x00000000f5c13608 at C:\re\jdk7u71\1605\hotspot\src\share\vm\prims\jvm.cpp:1281

Events (10 events):
Event: 5.893 Executing VM operation: RevokeBias done
Event: 5.912 Thread 0x0000000007999000 flushing nmethod 0x000000000261f2d0
Event: 5.925 Executing VM operation: RevokeBias
Event: 5.925 Executing VM operation: RevokeBias done
Event: 5.957 Executing VM operation: RevokeBias
Event: 5.959 Executing VM operation: RevokeBias done
Event: 5.990 Executing VM operation: RevokeBias
Event: 5.995 Executing VM operation: RevokeBias done
Event: 6.001 Executing VM operation: BulkRevokeBias
Event: 6.001 Executing VM operation: BulkRevokeBias done


Dynamic libraries:
0x000000013fe70000 - 0x000000013fea3000 	C:\Program Files\Java\jdk1.7.0_71\bin\java.exe
0x0000000077390000 - 0x0000000077539000 	C:\Windows\SYSTEM32\ntdll.dll
0x0000000077170000 - 0x000000007728f000 	C:\Windows\system32\kernel32.dll
0x000007fefc440000 - 0x000007fefc4ac000 	C:\Windows\system32\KERNELBASE.dll
0x000007fefc9b0000 - 0x000007fefca8b000 	C:\Windows\system32\ADVAPI32.dll
0x000007fefc6e0000 - 0x000007fefc77f000 	C:\Windows\system32\msvcrt.dll
0x000007fefe0c0000 - 0x000007fefe0df000 	C:\Windows\SYSTEM32\sechost.dll
0x000007fefdf90000 - 0x000007fefe0bd000 	C:\Windows\system32\RPCRT4.dll
0x0000000077290000 - 0x000000007738a000 	C:\Windows\system32\USER32.dll
0x000007fefd9d0000 - 0x000007fefda37000 	C:\Windows\system32\GDI32.dll
0x000007fefde30000 - 0x000007fefde3e000 	C:\Windows\system32\LPK.dll
0x000007fefde40000 - 0x000007fefdf09000 	C:\Windows\system32\USP10.dll
0x000007fefac00000 - 0x000007fefadf4000 	C:\Windows\WinSxS\amd64_microsoft.windows.common-controls_6595b64144ccf1df_6.0.7601.18837_none_fa3b1e3d17594757\COMCTL32.dll
0x000007fefdcd0000 - 0x000007fefdd41000 	C:\Windows\system32\SHLWAPI.dll
0x000007fefdc40000 - 0x000007fefdc6e000 	C:\Windows\system32\IMM32.DLL
0x000007fefcb30000 - 0x000007fefcc39000 	C:\Windows\system32\MSCTF.dll
0x0000000067630000 - 0x0000000067702000 	C:\Program Files\Java\jdk1.7.0_71\jre\bin\msvcr100.dll
0x0000000054220000 - 0x00000000549f3000 	C:\Program Files\Java\jdk1.7.0_71\jre\bin\server\jvm.dll
0x000007fef7910000 - 0x000007fef7919000 	C:\Windows\system32\WSOCK32.dll
0x000007fefc690000 - 0x000007fefc6dd000 	C:\Windows\system32\WS2_32.dll
0x000007fefe6f0000 - 0x000007fefe6f8000 	C:\Windows\system32\NSI.dll
0x000007fef9f80000 - 0x000007fef9fbb000 	C:\Windows\system32\WINMM.dll
0x0000000077560000 - 0x0000000077567000 	C:\Windows\system32\PSAPI.DLL
0x000000006f6a0000 - 0x000000006f6af000 	C:\Program Files\Java\jdk1.7.0_71\jre\bin\verify.dll
0x000000006f4b0000 - 0x000000006f4d8000 	C:\Program Files\Java\jdk1.7.0_71\jre\bin\java.dll
0x000000006f490000 - 0x000000006f4a5000 	C:\Program Files\Java\jdk1.7.0_71\jre\bin\zip.dll
0x000000006f420000 - 0x000000006f439000 	C:\Program Files\Java\jdk1.7.0_71\jre\bin\net.dll
0x000007fefb980000 - 0x000007fefb9d5000 	C:\Windows\system32\mswsock.dll
0x000007fefbb20000 - 0x000007fefbb27000 	C:\Windows\System32\wship6.dll
0x000000006f400000 - 0x000000006f411000 	C:\Program Files\Java\jdk1.7.0_71\jre\bin\nio.dll

VM Arguments:
jvm_args: -Xmx1024M -Dfile.encoding=windows-1252 -Duser.country=GB -Duser.language=en -Duser.variant -Xmx512M 
java_command: com.android.dx.command.Main --dex --output I:\GitHub\BuildItBigger\jokedisplaylibrary\build\intermediates\pre-dexed\androidTest\free\debug\internal_impl-22.2.0-2a44ee450e05e938913333fdbb3f19dd8e98734e.jar I:\GitHub\BuildItBigger\jokedisplaylibrary\build\intermediates\exploded-aar\com.android.support\support-v4\22.2.0\jars\libs\internal_impl-22.2.0.jar
Launcher Type: SUN_STANDARD

Environment Variables:



---------------  S Y S T E M  ---------------

OS: Windows 7 , 64 bit Build 7601 Service Pack 1

CPU:total 8 (4 cores per cpu, 2 threads per core) family 6 model 42 stepping 7, cmov, cx8, fxsr, mmx, sse, sse2, sse3, ssse3, sse4.1, sse4.2, popcnt, avx, aes, ht, tsc, tscinvbit

Memory: 4k page, physical 8233400k(1632488k free), swap 8834444k(5096k free)

vm_info: Java HotSpot(TM) 64-Bit Server VM (24.71-b01) for windows-amd64 JRE (1.7.0_71-b14), built on Sep 26 2014 16:16:12 by "java_re" with unknown MS VC++:1600

time: Thu Sep 10 17:22:49 2015
elapsed time: 6 seconds

