#
# There is insufficient memory for the Java Runtime Environment to continue.
# Native memory allocation (malloc) failed to allocate 107408 bytes for Chunk::new
# Possible reasons:
#   The system is out of physical RAM or swap space
#   In 32 bit mode, the process size limit was hit
# Possible solutions:
#   Reduce memory load on the system
#   Increase physical memory or swap space
#   Check if swap backing store is full
#   Use 64 bit Java on a 64 bit OS
#   Decrease Java heap size (-Xmx/-Xms)
#   Decrease number of Java threads
#   Decrease Java thread stack sizes (-Xss)
#   Set larger code cache with -XX:ReservedCodeCacheSize=
# This output file may be truncated or incomplete.
#
#  Out of Memory Error (allocation.cpp:323), pid=6636, tid=18480
#
# JRE version: Java(TM) SE Runtime Environment (7.0_71-b14) (build 1.7.0_71-b14)
# Java VM: Java HotSpot(TM) 64-Bit Server VM (24.71-b01 mixed mode windows-amd64 compressed oops)
# Failed to write core dump. Minidumps are not enabled by default on client versions of Windows
#

---------------  T H R E A D  ---------------

Current thread (0x00000000089b8800):  JavaThread "C2 CompilerThread1" daemon [_thread_in_native, id=18480, stack(0x000000000a2f0000,0x000000000a3f0000)]

Stack: [0x000000000a2f0000,0x000000000a3f0000]
[error occurred during error reporting (printing stack bounds), id 0xc0000005]


[error occurred during error reporting (printing native stack), id 0xc0000005]


Current CompileTask:
C2:   5325  189             com.android.dx.ssa.SCCP::simulateBranch (666 bytes)


---------------  P R O C E S S  ---------------

Java Threads: ( => current thread )
  0x00000000089c2000 JavaThread "Service Thread" daemon [_thread_blocked, id=17672, stack(0x000000000a3f0000,0x000000000a4f0000)]
=>0x00000000089b8800 JavaThread "C2 CompilerThread1" daemon [_thread_in_native, id=18480, stack(0x000000000a2f0000,0x000000000a3f0000)]
  0x000000000791c800 JavaThread "C2 CompilerThread0" daemon [_thread_in_native, id=7612, stack(0x00000000098e0000,0x00000000099e0000)]
  0x000000000791b800 JavaThread "Attach Listener" daemon [_thread_blocked, id=7884, stack(0x000000000a0b0000,0x000000000a1b0000)]
  0x000000000791b000 JavaThread "Signal Dispatcher" daemon [_thread_blocked, id=15748, stack(0x0000000009ea0000,0x0000000009fa0000)]
  0x0000000007907000 JavaThread "Finalizer" daemon [_thread_blocked, id=8932, stack(0x0000000009b80000,0x0000000009c80000)]
  0x0000000007900800 JavaThread "Reference Handler" daemon [_thread_blocked, id=11528, stack(0x0000000009c90000,0x0000000009d90000)]
  0x0000000002159000 JavaThread "main" [_thread_in_Java, id=13024, stack(0x0000000002400000,0x0000000002500000)]

Other Threads:
  0x00000000078fd800 VMThread [stack: 0x0000000009a70000,0x0000000009b70000] [id=10284]
  0x00000000089cd800 WatcherThread [stack: 0x000000000a510000,0x000000000a610000] [id=14252]

VM state:not at safepoint (normal execution)

VM Mutex/Monitor currently owned by a thread: None

Heap
 PSYoungGen      total 37888K, used 24284K [0x00000000f5500000, 0x00000000f7f00000, 0x0000000100000000)
  eden space 32768K, 74% used [0x00000000f5500000,0x00000000f6cb7068,0x00000000f7500000)
  from space 5120K, 0% used [0x00000000f7a00000,0x00000000f7a00000,0x00000000f7f00000)
  to   space 5120K, 0% used [0x00000000f7500000,0x00000000f7500000,0x00000000f7a00000)
 ParOldGen       total 85504K, used 0K [0x00000000e0000000, 0x00000000e5380000, 0x00000000f5500000)
  object space 85504K, 0% used [0x00000000e0000000,0x00000000e0000000,0x00000000e5380000)
 PSPermGen       total 21504K, used 5465K [0x00000000dae00000, 0x00000000dc300000, 0x00000000e0000000)
  object space 21504K, 25% used [0x00000000dae00000,0x00000000db356530,0x00000000dc300000)

Card table byte_map: [0x0000000005500000,0x0000000005630000] byte_map_base: 0x0000000004e29000

Polling page: 0x0000000000230000

Code Cache  [0x0000000002500000, 0x0000000002770000, 0x0000000005500000)
 total_blobs=424 nmethods=190 adapters=186 free_code_cache=48368Kb largest_free_block=49507264

Compilation events (10 events):
Event: 5.241 Thread 0x00000000089b8800  185             com.android.dx.rop.cst.Constant::compareTo (9 bytes)
Event: 5.242 Thread 0x00000000089b8800 nmethod 185 0x00000000025a3a90 code [0x00000000025a3be0, 0x00000000025a3cb8]
Event: 5.242 Thread 0x00000000089b8800  186             com.android.dx.rop.cst.CstType::compareTo0 (25 bytes)
Event: 5.243 Thread 0x00000000089b8800 nmethod 186 0x00000000025a3650 code [0x00000000025a37a0, 0x00000000025a3938]
Event: 5.243 Thread 0x00000000089b8800  187             com.android.dx.rop.cst.CstMemberRef::compareTo0 (49 bytes)
Event: 5.245 Thread 0x00000000089b8800 nmethod 187 0x00000000025a5f90 code [0x00000000025a60e0, 0x00000000025a63d8]
Event: 5.248 Thread 0x00000000089b8800  188   !         com.android.dx.rop.cst.StdConstantPool::getOrNull (13 bytes)
Event: 5.249 Thread 0x00000000089b8800 nmethod 188 0x00000000025a33d0 code [0x00000000025a3500, 0x00000000025a3598]
Event: 5.251 Thread 0x000000000791c800 nmethod 184 0x00000000025bf450 code [0x00000000025bf680, 0x00000000025bfec0]
Event: 5.306 Thread 0x00000000089b8800  189             com.android.dx.ssa.SCCP::simulateBranch (666 bytes)

GC Heap History (0 events):
No events

Deoptimization events (10 events):
Event: 0.741 Thread 0x0000000002159000 Uncommon trap: reason=class_check action=maybe_recompile pc=0x000000000257546c method=com.android.dx.ssa.NormalSsaInsn.accept(Lcom/android/dx/ssa/SsaInsn$Visitor;)V @ 9
Event: 0.741 Thread 0x0000000002159000 Uncommon trap: reason=class_check action=maybe_recompile pc=0x000000000257546c method=com.android.dx.ssa.NormalSsaInsn.accept(Lcom/android/dx/ssa/SsaInsn$Visitor;)V @ 9
Event: 0.765 Thread 0x0000000002159000 Uncommon trap: reason=bimorphic action=maybe_recompile pc=0x00000000025739cc method=java.util.HashMap.getEntry(Ljava/lang/Object;)Ljava/util/HashMap$Entry; @ 68
Event: 0.780 Thread 0x0000000002159000 Uncommon trap: reason=bimorphic action=maybe_recompile pc=0x00000000025739cc method=java.util.HashMap.getEntry(Ljava/lang/Object;)Ljava/util/HashMap$Entry; @ 68
Event: 0.788 Thread 0x0000000002159000 Uncommon trap: reason=bimorphic action=maybe_recompile pc=0x00000000025739cc method=java.util.HashMap.getEntry(Ljava/lang/Object;)Ljava/util/HashMap$Entry; @ 68
Event: 0.788 Thread 0x0000000002159000 Uncommon trap: reason=bimorphic action=maybe_recompile pc=0x00000000025739cc method=java.util.HashMap.getEntry(Ljava/lang/Object;)Ljava/util/HashMap$Entry; @ 68
Event: 0.959 Thread 0x0000000002159000 Uncommon trap: reason=class_check action=maybe_recompile pc=0x000000000257546c method=com.android.dx.ssa.NormalSsaInsn.accept(Lcom/android/dx/ssa/SsaInsn$Visitor;)V @ 9
Event: 0.991 Thread 0x0000000002159000 Uncommon trap: reason=null_check action=make_not_entrant pc=0x000000000257fc38 method=com.android.dx.rop.code.LocalItem.equals(Ljava/lang/Object;)Z @ 1
Event: 1.073 Thread 0x0000000002159000 Uncommon trap: reason=null_check action=make_not_entrant pc=0x0000000002587eec method=com.android.dx.rop.code.LocalItem.equals(Ljava/lang/Object;)Z @ 1
Event: 5.121 Thread 0x0000000002159000 Uncommon trap: reason=null_check action=make_not_entrant pc=0x00000000025b1918 method=com.android.dx.rop.code.RegisterSpec.equals(Ljava/lang/Object;)Z @ 1

Internal exceptions (10 events):
Event: 0.789 Thread 0x0000000002159000 Threw 0x00000000f5ec6390 at C:\re\jdk7u71\1605\hotspot\src\share\vm\prims\jvm.cpp:1281
Event: 0.899 Thread 0x0000000002159000 Threw 0x00000000f5f29540 at C:\re\jdk7u71\1605\hotspot\src\share\vm\prims\jvm.cpp:1281
Event: 0.991 Thread 0x0000000002159000 Implicit null exception at 0x000000000257f8d9 to 0x000000000257fc25
Event: 1.073 Thread 0x0000000002159000 Implicit null exception at 0x00000000025876fe to 0x0000000002587ed1
Event: 1.127 Thread 0x0000000002159000 Threw 0x00000000f60ab448 at C:\re\jdk7u71\1605\hotspot\src\share\vm\prims\jvm.cpp:1281
Event: 4.411 Thread 0x0000000002159000 Threw 0x00000000f658c588 at C:\re\jdk7u71\1605\hotspot\src\share\vm\prims\jvm.cpp:1281
Event: 4.596 Thread 0x0000000002159000 Threw 0x00000000f6596138 at C:\re\jdk7u71\1605\hotspot\src\share\vm\prims\jvm.cpp:1281
Event: 4.596 Thread 0x0000000002159000 Threw 0x00000000f65982e8 at C:\re\jdk7u71\1605\hotspot\src\share\vm\prims\jvm.cpp:1281
Event: 4.631 Thread 0x0000000002159000 Threw 0x00000000f6663e40 at C:\re\jdk7u71\1605\hotspot\src\share\vm\prims\jvm.cpp:1281
Event: 5.121 Thread 0x0000000002159000 Implicit null exception at 0x00000000025b0962 to 0x00000000025b18e9

Events (10 events):
Event: 4.411 loading class 0x00000000089fb6d0 done
Event: 4.596 loading class 0x00000000089c1820
Event: 4.596 loading class 0x00000000089c1820 done
Event: 4.596 loading class 0x0000000008b9edc0
Event: 4.596 loading class 0x0000000008b9edc0 done
Event: 4.630 loading class 0x00000000089c1870
Event: 4.630 loading class 0x00000000089c1870 done
Event: 5.121 Thread 0x0000000002159000 Uncommon trap: trap_request=0xfffffff4 fr.pc=0x00000000025b1918
Event: 5.121 Thread 0x0000000002159000 DEOPT PACKING pc=0x00000000025b1918 sp=0x00000000024feab0
Event: 5.121 Thread 0x0000000002159000 DEOPT UNPACKING pc=0x00000000025375a4 sp=0x00000000024fe9c8 mode 2


Dynamic libraries:
0x000000013fe70000 - 0x000000013fea3000 	C:\Program Files\Java\jdk1.7.0_71\bin\java.exe
0x0000000077390000 - 0x0000000077539000 	C:\Windows\SYSTEM32\ntdll.dll
0x0000000077170000 - 0x000000007728f000 	C:\Windows\system32\kernel32.dll
0x000007fefc440000 - 0x000007fefc4ac000 	C:\Windows\system32\KERNELBASE.dll
0x000007fefc9b0000 - 0x000007fefca8b000 	C:\Windows\system32\ADVAPI32.dll
0x000007fefc6e0000 - 0x000007fefc77f000 	C:\Windows\system32\msvcrt.dll
0x000007fefe0c0000 - 0x000007fefe0df000 	C:\Windows\SYSTEM32\sechost.dll
0x000007fefdf90000 - 0x000007fefe0bd000 	C:\Windows\system32\RPCRT4.dll
0x0000000077290000 - 0x000000007738a000 	C:\Windows\system32\USER32.dll
0x000007fefd9d0000 - 0x000007fefda37000 	C:\Windows\system32\GDI32.dll
0x000007fefde30000 - 0x000007fefde3e000 	C:\Windows\system32\LPK.dll
0x000007fefde40000 - 0x000007fefdf09000 	C:\Windows\system32\USP10.dll
0x000007fefac00000 - 0x000007fefadf4000 	C:\Windows\WinSxS\amd64_microsoft.windows.common-controls_6595b64144ccf1df_6.0.7601.18837_none_fa3b1e3d17594757\COMCTL32.dll
0x000007fefdcd0000 - 0x000007fefdd41000 	C:\Windows\system32\SHLWAPI.dll
0x000007fefdc40000 - 0x000007fefdc6e000 	C:\Windows\system32\IMM32.DLL
0x000007fefcb30000 - 0x000007fefcc39000 	C:\Windows\system32\MSCTF.dll
0x0000000067630000 - 0x0000000067702000 	C:\Program Files\Java\jdk1.7.0_71\jre\bin\msvcr100.dll
0x0000000054220000 - 0x00000000549f3000 	C:\Program Files\Java\jdk1.7.0_71\jre\bin\server\jvm.dll
0x000007fef7910000 - 0x000007fef7919000 	C:\Windows\system32\WSOCK32.dll
0x000007fefc690000 - 0x000007fefc6dd000 	C:\Windows\system32\WS2_32.dll
0x000007fefe6f0000 - 0x000007fefe6f8000 	C:\Windows\system32\NSI.dll
0x000007fef9f80000 - 0x000007fef9fbb000 	C:\Windows\system32\WINMM.dll
0x0000000077560000 - 0x0000000077567000 	C:\Windows\system32\PSAPI.DLL
0x000000006f6a0000 - 0x000000006f6af000 	C:\Program Files\Java\jdk1.7.0_71\jre\bin\verify.dll
0x000000006f4b0000 - 0x000000006f4d8000 	C:\Program Files\Java\jdk1.7.0_71\jre\bin\java.dll
0x000000006f490000 - 0x000000006f4a5000 	C:\Program Files\Java\jdk1.7.0_71\jre\bin\zip.dll
0x000000006f420000 - 0x000000006f439000 	C:\Program Files\Java\jdk1.7.0_71\jre\bin\net.dll
0x000007fefb980000 - 0x000007fefb9d5000 	C:\Windows\system32\mswsock.dll
0x000007fefbb20000 - 0x000007fefbb27000 	C:\Windows\System32\wship6.dll
0x000000006f400000 - 0x000000006f411000 	C:\Program Files\Java\jdk1.7.0_71\jre\bin\nio.dll

VM Arguments:
jvm_args: -Xmx1024M -Dfile.encoding=windows-1252 -Duser.country=GB -Duser.language=en -Duser.variant -Xmx512M 
java_command: com.android.dx.command.Main --dex --output I:\GitHub\BuildItBigger\jokedisplaylibrary\build\intermediates\pre-dexed\androidTest\free\debug\classes-33f671c5a3b171128498440b1d1a98d90ab5bb66.jar I:\GitHub\BuildItBigger\jokedisplaylibrary\build\intermediates\exploded-aar\com.android.support\appcompat-v7\22.2.0\jars\classes.jar
Launcher Type: SUN_STANDARD

Environment Variables:
JAVA_HOME=C:\Program Files\Java\jdk1.7.0_71
_JAVA_OPTIONS=-Xmx512M
PATH=C:\ProgramData\Oracle\Java\javapath;C:\Windows\system32;C:\Windows;C:\Windows\System32\Wbem;C:\Windows\System32\WindowsPowerShell\v1.0\;C:\Program Files (x86)\Microsoft SQL Server\100\Tools\Binn\VSShell\Common7\IDE\;C:\Program Files (x86)\Microsoft SQL Server\100\Tools\Binn\;C:\Program Files\Microsoft SQL Server\100\Tools\Binn\;C:\Program Files (x86)\Microsoft SQL Server\100\DTS\Binn\;C:\Program Files\Microsoft SQL Server\100\DTS\Binn\;C:\Program Files (x86)\Microsoft Team Foundation Server 2012 Power Tools\;C:\Program Files (x86)\Microsoft Team Foundation Server 2012 Power Tools\Best Practices Analyzer\;C:\Program Files\System Center Operations Manager 2007\;C:\Program Files (x86)\Microsoft ASP.NET\ASP.NET Web Pages\v1.0\;C:\Program Files\Microsoft SQL Server\110\Tools\Binn\;C:\Program Files\Microsoft\Web Platform Installer\;C:\Program Files\Devart\Review Assistant;C:\Program Files\Microsoft SQL Server\120\Tools\Binn\;C:\Program Files\nodejs\;C:\Users\htan\Documents\Visual Studio 2012\Projects\MvcApplication2\node_modules\protractor\selenium;C:\Program Files (x86)\Git\cmd;C:\Program Files (x86)\GtkSharp\2.12\bin;C:\Program Files (x86)\Windows Kits\8.1\Windows Performance Toolkit\;C:\Program Files (x86)\nodejs\;C:\Program Files (x86)\Skype\Phone\;C:\RailsInstaller\Git\cmd;C:\RailsInstaller\Ruby2.1.0\bin;C:\Ruby193\bin;C:\Program Files\Java\jdk1.7.0_71;C:\Program Files\Java\jre7;C:\apache-ant-1.9.3\bin;I:\Android\android-sdk\tools;I:\Android\android-sdk\platform-tools;C:\Users\htan\AppData\Roaming\npm
USERNAME=htan
OS=Windows_NT
PROCESSOR_IDENTIFIER=Intel64 Family 6 Model 42 Stepping 7, GenuineIntel



---------------  S Y S T E M  ---------------

OS: Windows 7 , 64 bit Build 7601 Service Pack 1

CPU:total 8 (4 cores per cpu, 2 threads per core) family 6 model 42 stepping 7, cmov, cx8, fxsr, mmx, sse, sse2, sse3, ssse3, sse4.1, sse4.2, popcnt, avx, aes, ht, tsc, tscinvbit

Memory: 4k page, physical 8233400k(1862856k free), swap 8834444k(5012k free)

vm_info: Java HotSpot(TM) 64-Bit Server VM (24.71-b01) for windows-amd64 JRE (1.7.0_71-b14), built on Sep 26 2014 16:16:12 by "java_re" with unknown MS VC++:1600

time: Thu Sep 10 17:17:06 2015
elapsed time: 5 seconds

