#
# There is insufficient memory for the Java Runtime Environment to continue.
# Native memory allocation (malloc) failed to allocate 77776 bytes for Chunk::new
# Possible reasons:
#   The system is out of physical RAM or swap space
#   In 32 bit mode, the process size limit was hit
# Possible solutions:
#   Reduce memory load on the system
#   Increase physical memory or swap space
#   Check if swap backing store is full
#   Use 64 bit Java on a 64 bit OS
#   Decrease Java heap size (-Xmx/-Xms)
#   Decrease number of Java threads
#   Decrease Java thread stack sizes (-Xss)
#   Set larger code cache with -XX:ReservedCodeCacheSize=
# This output file may be truncated or incomplete.
#
#  Out of Memory Error (allocation.cpp:323), pid=11876, tid=10696
#
# JRE version: Java(TM) SE Runtime Environment (7.0_71-b14) (build 1.7.0_71-b14)
# Java VM: Java HotSpot(TM) 64-Bit Server VM (24.71-b01 mixed mode windows-amd64 compressed oops)
# Failed to write core dump. Minidumps are not enabled by default on client versions of Windows
#

---------------  T H R E A D  ---------------

Current thread (0x0000000008a35000):  JavaThread "C2 CompilerThread1" daemon [_thread_in_native, id=10696, stack(0x000000000a3e0000,0x000000000a4e0000)]

Stack: [0x000000000a3e0000,0x000000000a4e0000]
[error occurred during error reporting (printing stack bounds), id 0xc0000005]


Current CompileTask:
C2:   6166  468             com.android.dx.ssa.PhiInsn::getSources (95 bytes)


---------------  P R O C E S S  ---------------

Java Threads: ( => current thread )
  0x0000000008a42000 JavaThread "Service Thread" daemon [_thread_blocked, id=14936, stack(0x000000000a290000,0x000000000a390000)]
=>0x0000000008a35000 JavaThread "C2 CompilerThread1" daemon [_thread_in_native, id=10696, stack(0x000000000a3e0000,0x000000000a4e0000)]
  0x000000000788c800 JavaThread "C2 CompilerThread0" daemon [_thread_blocked, id=14560, stack(0x000000000a150000,0x000000000a250000)]
  0x000000000788b800 JavaThread "Attach Listener" daemon [_thread_blocked, id=7860, stack(0x000000000a000000,0x000000000a100000)]
  0x000000000788a800 JavaThread "Signal Dispatcher" daemon [_thread_blocked, id=17768, stack(0x0000000009e70000,0x0000000009f70000)]
  0x0000000007871800 JavaThread "Finalizer" daemon [_thread_blocked, id=4432, stack(0x0000000009c30000,0x0000000009d30000)]
  0x0000000007870800 JavaThread "Reference Handler" daemon [_thread_blocked, id=12336, stack(0x0000000009b30000,0x0000000009c30000)]
  0x00000000021c9000 JavaThread "main" [_thread_in_Java, id=6212, stack(0x0000000002440000,0x0000000002540000)]

Other Threads:
  0x000000000786d800 VMThread [stack: 0x00000000099f0000,0x0000000009af0000] [id=11720]
  0x0000000008a4b800 WatcherThread [stack: 0x000000000a560000,0x000000000a660000] [id=7432]

VM state:not at safepoint (normal execution)

VM Mutex/Monitor currently owned by a thread: None

Heap
 PSYoungGen      total 70656K, used 34884K [0x00000000f5500000, 0x00000000f9f00000, 0x0000000100000000)
  eden space 65536K, 45% used [0x00000000f5500000,0x00000000f7214778,0x00000000f9500000)
  from space 5120K, 99% used [0x00000000f9a00000,0x00000000f9efcbf8,0x00000000f9f00000)
  to   space 5120K, 0% used [0x00000000f9500000,0x00000000f9500000,0x00000000f9a00000)
 ParOldGen       total 85504K, used 7136K [0x00000000e0000000, 0x00000000e5380000, 0x00000000f5500000)
  object space 85504K, 8% used [0x00000000e0000000,0x00000000e06f8390,0x00000000e5380000)
 PSPermGen       total 21504K, used 5614K [0x00000000dae00000, 0x00000000dc300000, 0x00000000e0000000)
  object space 21504K, 26% used [0x00000000dae00000,0x00000000db37b808,0x00000000dc300000)

Card table byte_map: [0x0000000005540000,0x0000000005670000] byte_map_base: 0x0000000004e69000

Polling page: 0x0000000000130000

Code Cache  [0x0000000002540000, 0x00000000027b0000, 0x0000000005540000)
 total_blobs=693 nmethods=459 adapters=186 free_code_cache=47187Kb largest_free_block=48277312

Compilation events (10 events):
Event: 6.052 Thread 0x000000000788c800  464             com.android.dx.cf.code.LocalsArray::<init> (6 bytes)
Event: 6.052 Thread 0x000000000788c800 nmethod 464 0x000000000270a210 code [0x000000000270a340, 0x000000000270a398]
Event: 6.064 Thread 0x000000000788c800  465             com.android.dx.rop.type.StdTypeList::withFirst (53 bytes)
Event: 6.069 Thread 0x000000000788c800 nmethod 465 0x000000000270b3d0 code [0x000000000270b520, 0x000000000270b7b8]
Event: 6.086 Thread 0x000000000788c800  466   !         com.android.dx.cf.code.Ropper::doit (126 bytes)
Event: 6.104 Thread 0x0000000008a35000 nmethod 443 0x0000000002729610 code [0x0000000002729d00, 0x000000000272e280]
Event: 6.105 Thread 0x0000000008a35000  467             com.android.dx.cf.code.ExecutionStack::copy (59 bytes)
Event: 6.110 Thread 0x0000000008a35000 nmethod 467 0x0000000002727290 code [0x0000000002727400, 0x0000000002727818]
Event: 6.133 Thread 0x000000000788c800 nmethod 466 0x0000000002721a50 code [0x0000000002721d20, 0x0000000002722f20]
Event: 6.160 Thread 0x0000000008a35000  468             com.android.dx.ssa.PhiInsn::getSources (95 bytes)

GC Heap History (4 events):
Event: 2.692 GC heap before
{Heap before GC invocations=1 (full 0):
 PSYoungGen      total 37888K, used 32768K [0x00000000f5500000, 0x00000000f7f00000, 0x0000000100000000)
  eden space 32768K, 100% used [0x00000000f5500000,0x00000000f7500000,0x00000000f7500000)
  from space 5120K, 0% used [0x00000000f7a00000,0x00000000f7a00000,0x00000000f7f00000)
  to   space 5120K, 0% used [0x00000000f7500000,0x00000000f7500000,0x00000000f7a00000)
 ParOldGen       total 85504K, used 0K [0x00000000e0000000, 0x00000000e5380000, 0x00000000f5500000)
  object space 85504K, 0% used [0x00000000e0000000,0x00000000e0000000,0x00000000e5380000)
 PSPermGen       total 21504K, used 5536K [0x00000000dae00000, 0x00000000dc300000, 0x00000000e0000000)
  object space 21504K, 25% used [0x00000000dae00000,0x00000000db3683c8,0x00000000dc300000)
Event: 3.311 GC heap after
Heap after GC invocations=1 (full 0):
 PSYoungGen      total 37888K, used 5106K [0x00000000f5500000, 0x00000000f9f00000, 0x0000000100000000)
  eden space 32768K, 0% used [0x00000000f5500000,0x00000000f5500000,0x00000000f7500000)
  from space 5120K, 99% used [0x00000000f7500000,0x00000000f79fc8f8,0x00000000f7a00000)
  to   space 5120K, 0% used [0x00000000f9a00000,0x00000000f9a00000,0x00000000f9f00000)
 ParOldGen       total 85504K, used 1467K [0x00000000e0000000, 0x00000000e5380000, 0x00000000f5500000)
  object space 85504K, 1% used [0x00000000e0000000,0x00000000e016efe0,0x00000000e5380000)
 PSPermGen       total 21504K, used 5536K [0x00000000dae00000, 0x00000000dc300000, 0x00000000e0000000)
  object space 21504K, 25% used [0x00000000dae00000,0x00000000db3683c8,0x00000000dc300000)
}
Event: 4.733 GC heap before
{Heap before GC invocations=2 (full 0):
 PSYoungGen      total 37888K, used 37874K [0x00000000f5500000, 0x00000000f9f00000, 0x0000000100000000)
  eden space 32768K, 100% used [0x00000000f5500000,0x00000000f7500000,0x00000000f7500000)
  from space 5120K, 99% used [0x00000000f7500000,0x00000000f79fc8f8,0x00000000f7a00000)
  to   space 5120K, 0% used [0x00000000f9a00000,0x00000000f9a00000,0x00000000f9f00000)
 ParOldGen       total 85504K, used 1467K [0x00000000e0000000, 0x00000000e5380000, 0x00000000f5500000)
  object space 85504K, 1% used [0x00000000e0000000,0x00000000e016efe0,0x00000000e5380000)
 PSPermGen       total 21504K, used 5592K [0x00000000dae00000, 0x00000000dc300000, 0x00000000e0000000)
  object space 21504K, 26% used [0x00000000dae00000,0x00000000db376150,0x00000000dc300000)
Event: 5.593 GC heap after
Heap after GC invocations=2 (full 0):
 PSYoungGen      total 70656K, used 5106K [0x00000000f5500000, 0x00000000f9f00000, 0x0000000100000000)
  eden space 65536K, 0% used [0x00000000f5500000,0x00000000f5500000,0x00000000f9500000)
  from space 5120K, 99% used [0x00000000f9a00000,0x00000000f9efcbf8,0x00000000f9f00000)
  to   space 5120K, 0% used [0x00000000f9500000,0x00000000f9500000,0x00000000f9a00000)
 ParOldGen       total 85504K, used 7136K [0x00000000e0000000, 0x00000000e5380000, 0x00000000f5500000)
  object space 85504K, 8% used [0x00000000e0000000,0x00000000e06f8390,0x00000000e5380000)
 PSPermGen       total 21504K, used 5592K [0x00000000dae00000, 0x00000000dc300000, 0x00000000e0000000)
  object space 21504K, 26% used [0x00000000dae00000,0x00000000db376150,0x00000000dc300000)
}

Deoptimization events (10 events):
Event: 2.384 Thread 0x00000000021c9000 Uncommon trap: reason=class_check action=maybe_recompile pc=0x00000000025ce550 method=com.android.dx.ssa.NormalSsaInsn.accept(Lcom/android/dx/ssa/SsaInsn$Visitor;)V @ 9
Event: 2.384 Thread 0x00000000021c9000 Uncommon trap: reason=class_check action=maybe_recompile pc=0x00000000025b69b4 method=com.android.dx.ssa.NormalSsaInsn.accept(Lcom/android/dx/ssa/SsaInsn$Visitor;)V @ 9
Event: 3.869 Thread 0x00000000021c9000 Uncommon trap: reason=null_check action=make_not_entrant pc=0x000000000265d15c method=com.android.dx.rop.type.Type.putIntern(Lcom/android/dx/rop/type/Type;)Lcom/android/dx/rop/type/Type; @ 18
Event: 3.875 Thread 0x00000000021c9000 Uncommon trap: reason=null_check action=make_not_entrant pc=0x000000000264da9c method=com.android.dx.cf.code.Ropper$CatchInfo.getSetup(Lcom/android/dx/rop/type/Type;)Lcom/android/dx/cf/code/Ropper$ExceptionHandlerSetup; @ 10
Event: 4.491 Thread 0x00000000021c9000 Uncommon trap: reason=null_check action=make_not_entrant pc=0x00000000025d2f90 method=com.android.dx.rop.type.Type.equals(Ljava/lang/Object;)Z @ 8
Event: 4.491 Thread 0x00000000021c9000 Uncommon trap: reason=unreached action=reinterpret pc=0x00000000026ab808 method=com.android.dx.cf.code.Merger.mergeType(Lcom/android/dx/rop/type/TypeBearer;Lcom/android/dx/rop/type/TypeBearer;)Lcom/android/dx/rop/type/TypeBearer; @ 15
Event: 5.612 Thread 0x00000000021c9000 Uncommon trap: reason=null_check action=make_not_entrant pc=0x00000000026e33cc method=com.android.dx.dex.file.MethodIdsSection.intern(Lcom/android/dx/rop/cst/CstBaseMethodRef;)Lcom/android/dx/dex/file/MethodIdItem; @ 26
Event: 6.024 Thread 0x00000000021c9000 Uncommon trap: reason=bimorphic action=maybe_recompile pc=0x00000000026ed2a0 method=com.android.dx.cf.code.RopperMachine.run(Lcom/android/dx/cf/code/Frame;II)V @ 978
Event: 6.025 Thread 0x00000000021c9000 Uncommon trap: reason=bimorphic action=maybe_recompile pc=0x00000000026ed2a0 method=com.android.dx.cf.code.RopperMachine.run(Lcom/android/dx/cf/code/Frame;II)V @ 978
Event: 6.077 Thread 0x00000000021c9000 Uncommon trap: reason=unloaded action=reinterpret pc=0x00000000026c24dc method=com.android.dx.cf.cst.ConstantPoolParser.parse0(ILjava/util/BitSet;)Lcom/android/dx/rop/cst/Constant; @ 176

Internal exceptions (10 events):
Event: 1.468 Thread 0x00000000021c9000 Threw 0x00000000f6150910 at C:\re\jdk7u71\1605\hotspot\src\share\vm\prims\jvm.cpp:1281
Event: 1.658 Thread 0x00000000021c9000 Implicit null exception at 0x00000000025c6ae3 to 0x00000000025c6e25
Event: 1.871 Thread 0x00000000021c9000 Threw 0x00000000f67ff3e8 at C:\re\jdk7u71\1605\hotspot\src\share\vm\prims\jvm.cpp:1281
Event: 2.003 Thread 0x00000000021c9000 Threw 0x00000000f6a66c90 at C:\re\jdk7u71\1605\hotspot\src\share\vm\prims\jvm.cpp:1281
Event: 2.004 Thread 0x00000000021c9000 Threw 0x00000000f6a708f8 at C:\re\jdk7u71\1605\hotspot\src\share\vm\prims\jvm.cpp:1281
Event: 2.004 Thread 0x00000000021c9000 Threw 0x00000000f6a72a48 at C:\re\jdk7u71\1605\hotspot\src\share\vm\prims\jvm.cpp:1281
Event: 2.225 Thread 0x00000000021c9000 Implicit null exception at 0x0000000002617564 to 0x0000000002618289
Event: 3.869 Thread 0x00000000021c9000 Implicit null exception at 0x000000000265ca6b to 0x000000000265d14d
Event: 3.875 Thread 0x00000000021c9000 Implicit null exception at 0x000000000264bb6c to 0x000000000264da91
Event: 4.491 Thread 0x00000000021c9000 Implicit null exception at 0x00000000025d2e92 to 0x00000000025d2f82

Events (10 events):
Event: 5.629 Thread 0x0000000008a35000 flushing nmethod 0x0000000002616fd0
Event: 6.024 Thread 0x00000000021c9000 Uncommon trap: trap_request=0xffffffc6 fr.pc=0x00000000026ed2a0
Event: 6.024 Thread 0x00000000021c9000 DEOPT PACKING pc=0x00000000026ed2a0 sp=0x000000000253ec30
Event: 6.024 Thread 0x00000000021c9000 DEOPT UNPACKING pc=0x00000000025775a4 sp=0x000000000253ebc8 mode 2
Event: 6.025 Thread 0x00000000021c9000 Uncommon trap: trap_request=0xffffffc6 fr.pc=0x00000000026ed2a0
Event: 6.025 Thread 0x00000000021c9000 DEOPT PACKING pc=0x00000000026ed2a0 sp=0x000000000253ec30
Event: 6.025 Thread 0x00000000021c9000 DEOPT UNPACKING pc=0x00000000025775a4 sp=0x000000000253ebc8 mode 2
Event: 6.077 Thread 0x00000000021c9000 Uncommon trap: trap_request=0x000000cd fr.pc=0x00000000026c24dc
Event: 6.077 Thread 0x00000000021c9000 DEOPT PACKING pc=0x00000000026c24dc sp=0x000000000253efe0
Event: 6.077 Thread 0x00000000021c9000 DEOPT UNPACKING pc=0x00000000025775a4 sp=0x000000000253ef88 mode 2


Dynamic libraries:
0x000000013fdb0000 - 0x000000013fde3000 	C:\Program Files\Java\jdk1.7.0_71\bin\java.exe
0x0000000077390000 - 0x0000000077539000 	C:\Windows\SYSTEM32\ntdll.dll
0x0000000077170000 - 0x000000007728f000 	C:\Windows\system32\kernel32.dll
0x000007fefc440000 - 0x000007fefc4ac000 	C:\Windows\system32\KERNELBASE.dll
0x000007fefc9b0000 - 0x000007fefca8b000 	C:\Windows\system32\ADVAPI32.dll
0x000007fefc6e0000 - 0x000007fefc77f000 	C:\Windows\system32\msvcrt.dll
0x000007fefe0c0000 - 0x000007fefe0df000 	C:\Windows\SYSTEM32\sechost.dll
0x000007fefdf90000 - 0x000007fefe0bd000 	C:\Windows\system32\RPCRT4.dll
0x0000000077290000 - 0x000000007738a000 	C:\Windows\system32\USER32.dll
0x000007fefd9d0000 - 0x000007fefda37000 	C:\Windows\system32\GDI32.dll
0x000007fefde30000 - 0x000007fefde3e000 	C:\Windows\system32\LPK.dll
0x000007fefde40000 - 0x000007fefdf09000 	C:\Windows\system32\USP10.dll
0x000007fefac00000 - 0x000007fefadf4000 	C:\Windows\WinSxS\amd64_microsoft.windows.common-controls_6595b64144ccf1df_6.0.7601.18837_none_fa3b1e3d17594757\COMCTL32.dll
0x000007fefdcd0000 - 0x000007fefdd41000 	C:\Windows\system32\SHLWAPI.dll
0x000007fefdc40000 - 0x000007fefdc6e000 	C:\Windows\system32\IMM32.DLL
0x000007fefcb30000 - 0x000007fefcc39000 	C:\Windows\system32\MSCTF.dll
0x0000000078ab0000 - 0x0000000078b82000 	C:\Program Files\Java\jdk1.7.0_71\jre\bin\msvcr100.dll
0x000000006e580000 - 0x000000006ed53000 	C:\Program Files\Java\jdk1.7.0_71\jre\bin\server\jvm.dll
0x000007fef7910000 - 0x000007fef7919000 	C:\Windows\system32\WSOCK32.dll
0x000007fefc690000 - 0x000007fefc6dd000 	C:\Windows\system32\WS2_32.dll
0x000007fefe6f0000 - 0x000007fefe6f8000 	C:\Windows\system32\NSI.dll
0x000007fef9f80000 - 0x000007fef9fbb000 	C:\Windows\system32\WINMM.dll
0x0000000077560000 - 0x0000000077567000 	C:\Windows\system32\PSAPI.DLL
0x000000006f980000 - 0x000000006f98f000 	C:\Program Files\Java\jdk1.7.0_71\jre\bin\verify.dll
0x000000006f400000 - 0x000000006f428000 	C:\Program Files\Java\jdk1.7.0_71\jre\bin\java.dll
0x0000000066610000 - 0x0000000066625000 	C:\Program Files\Java\jdk1.7.0_71\jre\bin\zip.dll
0x00000000665f0000 - 0x0000000066609000 	C:\Program Files\Java\jdk1.7.0_71\jre\bin\net.dll
0x000007fefb980000 - 0x000007fefb9d5000 	C:\Windows\system32\mswsock.dll
0x000007fefbb20000 - 0x000007fefbb27000 	C:\Windows\System32\wship6.dll
0x00000000665d0000 - 0x00000000665e1000 	C:\Program Files\Java\jdk1.7.0_71\jre\bin\nio.dll

VM Arguments:
jvm_args: -Xmx1024M -Dfile.encoding=windows-1252 -Duser.country=GB -Duser.language=en -Duser.variant -Xmx512M 
java_command: com.android.dx.command.Main --dex --output I:\GitHub\BuildItBigger\jokedisplaylibrary\build\intermediates\pre-dexed\androidTest\free\debug\classes-9dadfa06b965d1b5870648cb2d1ed5bee5d45f8b.jar I:\GitHub\BuildItBigger\jokedisplaylibrary\build\intermediates\exploded-aar\com.google.android.gms\play-services-base\7.5.0\jars\classes.jar
Launcher Type: SUN_STANDARD

Environment Variables:
JAVA_HOME=C:\Program Files\Java\jdk1.7.0_71
_JAVA_OPTIONS=-Xmx512M
PATH=C:\ProgramData\Oracle\Java\javapath;C:\Windows\system32;C:\Windows;C:\Windows\System32\Wbem;C:\Windows\System32\WindowsPowerShell\v1.0\;C:\Program Files (x86)\Microsoft SQL Server\100\Tools\Binn\VSShell\Common7\IDE\;C:\Program Files (x86)\Microsoft SQL Server\100\Tools\Binn\;C:\Program Files\Microsoft SQL Server\100\Tools\Binn\;C:\Program Files (x86)\Microsoft SQL Server\100\DTS\Binn\;C:\Program Files\Microsoft SQL Server\100\DTS\Binn\;C:\Program Files (x86)\Microsoft Team Foundation Server 2012 Power Tools\;C:\Program Files (x86)\Microsoft Team Foundation Server 2012 Power Tools\Best Practices Analyzer\;C:\Program Files\System Center Operations Manager 2007\;C:\Program Files (x86)\Microsoft ASP.NET\ASP.NET Web Pages\v1.0\;C:\Program Files\Microsoft SQL Server\110\Tools\Binn\;C:\Program Files\Microsoft\Web Platform Installer\;C:\Program Files\Devart\Review Assistant;C:\Program Files\Microsoft SQL Server\120\Tools\Binn\;C:\Program Files\nodejs\;C:\Users\htan\Documents\Visual Studio 2012\Projects\MvcApplication2\node_modules\protractor\selenium;C:\Program Files (x86)\Git\cmd;C:\Program Files (x86)\GtkSharp\2.12\bin;C:\Program Files (x86)\Windows Kits\8.1\Windows Performance Toolkit\;C:\Program Files (x86)\nodejs\;C:\Program Files (x86)\Skype\Phone\;C:\RailsInstaller\Git\cmd;C:\RailsInstaller\Ruby2.1.0\bin;C:\Ruby193\bin;C:\Program Files\Java\jdk1.7.0_71;C:\Program Files\Java\jre7;C:\apache-ant-1.9.3\bin;I:\Android\android-sdk\tools;I:\Android\android-sdk\platform-tools;C:\Users\htan\AppData\Roaming\npm
USERNAME=htan
OS=Windows_NT
PROCESSOR_IDENTIFIER=Intel64 Family 6 Model 42 Stepping 7, GenuineIntel



---------------  S Y S T E M  ---------------

OS: Windows 7 , 64 bit Build 7601 Service Pack 1

CPU:total 8 (4 cores per cpu, 2 threads per core) family 6 model 42 stepping 7, cmov, cx8, fxsr, mmx, sse, sse2, sse3, ssse3, sse4.1, sse4.2, popcnt, avx, aes, ht, tsc, tscinvbit

Memory: 4k page, physical 8233400k(924060k free), swap 8834444k(6292k free)

vm_info: Java HotSpot(TM) 64-Bit Server VM (24.71-b01) for windows-amd64 JRE (1.7.0_71-b14), built on Sep 26 2014 16:16:12 by "java_re" with unknown MS VC++:1600

time: Thu Sep 10 10:31:38 2015
elapsed time: 6 seconds

