#
# There is insufficient memory for the Java Runtime Environment to continue.
# Native memory allocation (malloc) failed to allocate 335856 bytes for Chunk::new
# Possible reasons:
#   The system is out of physical RAM or swap space
#   In 32 bit mode, the process size limit was hit
# Possible solutions:
#   Reduce memory load on the system
#   Increase physical memory or swap space
#   Check if swap backing store is full
#   Use 64 bit Java on a 64 bit OS
#   Decrease Java heap size (-Xmx/-Xms)
#   Decrease number of Java threads
#   Decrease Java thread stack sizes (-Xss)
#   Set larger code cache with -XX:ReservedCodeCacheSize=
# This output file may be truncated or incomplete.
#
#  Out of Memory Error (allocation.cpp:323), pid=13080, tid=16260
#
# JRE version: Java(TM) SE Runtime Environment (7.0_71-b14) (build 1.7.0_71-b14)
# Java VM: Java HotSpot(TM) 64-Bit Server VM (24.71-b01 mixed mode windows-amd64 compressed oops)
# Failed to write core dump. Minidumps are not enabled by default on client versions of Windows
#

---------------  T H R E A D  ---------------

Current thread (0x0000000007779000):  JavaThread "C2 CompilerThread1" daemon [_thread_in_native, id=16260, stack(0x000000000a2c0000,0x000000000a3c0000)]

Stack: [0x000000000a2c0000,0x000000000a3c0000]
[error occurred during error reporting (printing stack bounds), id 0xc0000005]


[error occurred during error reporting (printing native stack), id 0xc0000005]


Current CompileTask:
C2:   1408  199             com.android.dx.ssa.LocalVariableExtractor::processBlock (383 bytes)


---------------  P R O C E S S  ---------------

Java Threads: ( => current thread )
  0x000000000777a800 JavaThread "Service Thread" daemon [_thread_blocked, id=18512, stack(0x000000000a490000,0x000000000a590000)]
=>0x0000000007779000 JavaThread "C2 CompilerThread1" daemon [_thread_in_native, id=16260, stack(0x000000000a2c0000,0x000000000a3c0000)]
  0x0000000007774800 JavaThread "C2 CompilerThread0" daemon [_thread_in_native, id=14388, stack(0x000000000a070000,0x000000000a170000)]
  0x0000000007773800 JavaThread "Attach Listener" daemon [_thread_blocked, id=8652, stack(0x0000000009cb0000,0x0000000009db0000)]
  0x0000000007772800 JavaThread "Signal Dispatcher" daemon [_thread_blocked, id=18360, stack(0x0000000009df0000,0x0000000009ef0000)]
  0x0000000007761800 JavaThread "Finalizer" daemon [_thread_blocked, id=11344, stack(0x0000000009b70000,0x0000000009c70000)]
  0x0000000007760800 JavaThread "Reference Handler" daemon [_thread_blocked, id=16704, stack(0x0000000009850000,0x0000000009950000)]
  0x0000000002189000 JavaThread "main" [_thread_in_vm, id=13216, stack(0x0000000002240000,0x0000000002340000)]

Other Threads:
  0x000000000775d800 VMThread [stack: 0x00000000099c0000,0x0000000009ac0000] [id=7172]
  0x0000000008928000 WatcherThread [stack: 0x000000000a650000,0x000000000a750000] [id=17304]

VM state:not at safepoint (normal execution)

VM Mutex/Monitor currently owned by a thread: None

Heap
 PSYoungGen      total 37888K, used 25578K [0x00000000f5500000, 0x00000000f7f00000, 0x0000000100000000)
  eden space 32768K, 78% used [0x00000000f5500000,0x00000000f6dfaad0,0x00000000f7500000)
  from space 5120K, 0% used [0x00000000f7a00000,0x00000000f7a00000,0x00000000f7f00000)
  to   space 5120K, 0% used [0x00000000f7500000,0x00000000f7500000,0x00000000f7a00000)
 ParOldGen       total 85504K, used 0K [0x00000000e0000000, 0x00000000e5380000, 0x00000000f5500000)
  object space 85504K, 0% used [0x00000000e0000000,0x00000000e0000000,0x00000000e5380000)
 PSPermGen       total 21504K, used 5481K [0x00000000dae00000, 0x00000000dc300000, 0x00000000e0000000)
  object space 21504K, 25% used [0x00000000dae00000,0x00000000db35a550,0x00000000dc300000)

Card table byte_map: [0x0000000005510000,0x0000000005640000] byte_map_base: 0x0000000004e39000

Polling page: 0x0000000000140000

Code Cache  [0x0000000002450000, 0x00000000026c0000, 0x0000000005450000)
 total_blobs=432 nmethods=198 adapters=186 free_code_cache=48363Kb largest_free_block=49499392

Compilation events (10 events):
Event: 1.386 Thread 0x0000000007779000 nmethod 194 0x000000000250eb50 code [0x000000000250ec80, 0x000000000250ecd8]
Event: 1.386 Thread 0x0000000007779000  195             com.android.dx.util.IntList::mutableCopy (39 bytes)
Event: 1.394 Thread 0x0000000007779000 nmethod 195 0x00000000025015d0 code [0x0000000002501740, 0x0000000002501d18]
Event: 1.394 Thread 0x0000000007779000  196             java.util.HashMap::<init> (119 bytes)
Event: 1.395 Thread 0x0000000007779000 nmethod 196 0x0000000002519810 code [0x0000000002519960, 0x0000000002519a58]
Event: 1.395 Thread 0x0000000007779000  197             java.util.HashMap::init (1 bytes)
Event: 1.395 Thread 0x0000000007779000 nmethod 197 0x000000000250e910 code [0x000000000250ea40, 0x000000000250ea98]
Event: 1.395 Thread 0x0000000007779000  198             com.android.dx.util.Bits::makeBitSet (11 bytes)
Event: 1.396 Thread 0x0000000007779000 nmethod 198 0x0000000002501310 code [0x0000000002501460, 0x0000000002501538]
Event: 1.396 Thread 0x0000000007779000  199             com.android.dx.ssa.LocalVariableExtractor::processBlock (383 bytes)

GC Heap History (0 events):
No events

Deoptimization events (3 events):
Event: 0.568 Thread 0x0000000002189000 Uncommon trap: reason=class_check action=maybe_recompile pc=0x00000000024c6f58 method=com.android.dx.ssa.NormalSsaInsn.accept(Lcom/android/dx/ssa/SsaInsn$Visitor;)V @ 9
Event: 0.670 Thread 0x0000000002189000 Uncommon trap: reason=null_check action=make_not_entrant pc=0x00000000024d3f3c method=com.android.dx.rop.code.LocalItem.equals(Ljava/lang/Object;)Z @ 1
Event: 1.348 Thread 0x0000000002189000 Uncommon trap: reason=null_check action=make_not_entrant pc=0x000000000250a4a0 method=com.android.dx.rop.code.RegisterSpec.equals(Ljava/lang/Object;)Z @ 1

Internal exceptions (10 events):
Event: 0.435 Thread 0x0000000002189000 Threw 0x00000000f5ca48d0 at C:\re\jdk7u71\1605\hotspot\src\share\vm\prims\jvm.cpp:1281
Event: 0.514 Thread 0x0000000002189000 Threw 0x00000000f5d7f058 at C:\re\jdk7u71\1605\hotspot\src\share\vm\prims\jvm.cpp:1281
Event: 0.515 Thread 0x0000000002189000 Threw 0x00000000f5d82e78 at C:\re\jdk7u71\1605\hotspot\src\share\vm\prims\jvm.cpp:1281
Event: 0.518 Thread 0x0000000002189000 Threw 0x00000000f5d90e78 at C:\re\jdk7u71\1605\hotspot\src\share\vm\prims\jvm.cpp:1281
Event: 0.518 Thread 0x0000000002189000 Threw 0x00000000f5d930f0 at C:\re\jdk7u71\1605\hotspot\src\share\vm\prims\jvm.cpp:1281
Event: 0.525 Thread 0x0000000002189000 Threw 0x00000000f5db0770 at C:\re\jdk7u71\1605\hotspot\src\share\vm\prims\jvm.cpp:1281
Event: 0.593 Thread 0x0000000002189000 Threw 0x00000000f5ea77a8 at C:\re\jdk7u71\1605\hotspot\src\share\vm\prims\jvm.cpp:1281
Event: 0.670 Thread 0x0000000002189000 Implicit null exception at 0x00000000024d3bcd to 0x00000000024d3f21
Event: 0.848 Thread 0x0000000002189000 Threw 0x00000000f6317140 at C:\re\jdk7u71\1605\hotspot\src\share\vm\prims\jvm.cpp:1281
Event: 1.348 Thread 0x0000000002189000 Implicit null exception at 0x0000000002509721 to 0x000000000250a475

Events (10 events):
Event: 0.670 Thread 0x0000000002189000 DEOPT UNPACKING pc=0x00000000024875a4 sp=0x000000000233e970 mode 2
Event: 0.795 loading class 0x000000000893e860
Event: 0.795 loading class 0x000000000893e860 done
Event: 0.795 loading class 0x000000000893e830
Event: 0.796 loading class 0x000000000893e830 done
Event: 0.847 loading class 0x000000000897ad80
Event: 0.847 loading class 0x000000000897ad80 done
Event: 1.348 Thread 0x0000000002189000 Uncommon trap: trap_request=0xfffffff4 fr.pc=0x000000000250a4a0
Event: 1.348 Thread 0x0000000002189000 DEOPT PACKING pc=0x000000000250a4a0 sp=0x000000000233ec70
Event: 1.348 Thread 0x0000000002189000 DEOPT UNPACKING pc=0x00000000024875a4 sp=0x000000000233eb78 mode 2


Dynamic libraries:
0x000000013fdb0000 - 0x000000013fde3000 	C:\Program Files\Java\jdk1.7.0_71\bin\java.exe
0x0000000077390000 - 0x0000000077539000 	C:\Windows\SYSTEM32\ntdll.dll
0x0000000077170000 - 0x000000007728f000 	C:\Windows\system32\kernel32.dll
0x000007fefc440000 - 0x000007fefc4ac000 	C:\Windows\system32\KERNELBASE.dll
0x000007fefc9b0000 - 0x000007fefca8b000 	C:\Windows\system32\ADVAPI32.dll
0x000007fefc6e0000 - 0x000007fefc77f000 	C:\Windows\system32\msvcrt.dll
0x000007fefe0c0000 - 0x000007fefe0df000 	C:\Windows\SYSTEM32\sechost.dll
0x000007fefdf90000 - 0x000007fefe0bd000 	C:\Windows\system32\RPCRT4.dll
0x0000000077290000 - 0x000000007738a000 	C:\Windows\system32\USER32.dll
0x000007fefd9d0000 - 0x000007fefda37000 	C:\Windows\system32\GDI32.dll
0x000007fefde30000 - 0x000007fefde3e000 	C:\Windows\system32\LPK.dll
0x000007fefde40000 - 0x000007fefdf09000 	C:\Windows\system32\USP10.dll
0x000007fefac00000 - 0x000007fefadf4000 	C:\Windows\WinSxS\amd64_microsoft.windows.common-controls_6595b64144ccf1df_6.0.7601.18837_none_fa3b1e3d17594757\COMCTL32.dll
0x000007fefdcd0000 - 0x000007fefdd41000 	C:\Windows\system32\SHLWAPI.dll
0x000007fefdc40000 - 0x000007fefdc6e000 	C:\Windows\system32\IMM32.DLL
0x000007fefcb30000 - 0x000007fefcc39000 	C:\Windows\system32\MSCTF.dll
0x0000000078ab0000 - 0x0000000078b82000 	C:\Program Files\Java\jdk1.7.0_71\jre\bin\msvcr100.dll
0x000000006e580000 - 0x000000006ed53000 	C:\Program Files\Java\jdk1.7.0_71\jre\bin\server\jvm.dll
0x000007fef7910000 - 0x000007fef7919000 	C:\Windows\system32\WSOCK32.dll
0x000007fefc690000 - 0x000007fefc6dd000 	C:\Windows\system32\WS2_32.dll
0x000007fefe6f0000 - 0x000007fefe6f8000 	C:\Windows\system32\NSI.dll
0x000007fef9f80000 - 0x000007fef9fbb000 	C:\Windows\system32\WINMM.dll
0x0000000077560000 - 0x0000000077567000 	C:\Windows\system32\PSAPI.DLL
0x000000006f980000 - 0x000000006f98f000 	C:\Program Files\Java\jdk1.7.0_71\jre\bin\verify.dll
0x000000006f400000 - 0x000000006f428000 	C:\Program Files\Java\jdk1.7.0_71\jre\bin\java.dll
0x0000000066610000 - 0x0000000066625000 	C:\Program Files\Java\jdk1.7.0_71\jre\bin\zip.dll
0x00000000665f0000 - 0x0000000066609000 	C:\Program Files\Java\jdk1.7.0_71\jre\bin\net.dll
0x000007fefb980000 - 0x000007fefb9d5000 	C:\Windows\system32\mswsock.dll
0x000007fefbb20000 - 0x000007fefbb27000 	C:\Windows\System32\wship6.dll
0x00000000665d0000 - 0x00000000665e1000 	C:\Program Files\Java\jdk1.7.0_71\jre\bin\nio.dll

VM Arguments:
jvm_args: -Xmx1024M -Dfile.encoding=windows-1252 -Duser.country=GB -Duser.language=en -Duser.variant -Xmx512M 
java_command: com.android.dx.command.Main --dex --output I:\GitHub\BuildItBigger\jokedisplaylibrary\build\intermediates\pre-dexed\androidTest\free\debug\classes-4dc70d52e1e957c7b7be34e0feb78bdf3e37920a.jar I:\GitHub\BuildItBigger\jokedisplaylibrary\build\intermediates\exploded-aar\com.google.android.gms\play-services-ads\7.5.0\jars\classes.jar
Launcher Type: SUN_STANDARD

Environment Variables:
JAVA_HOME=C:\Program Files\Java\jdk1.7.0_71
_JAVA_OPTIONS=-Xmx512M
PATH=C:\ProgramData\Oracle\Java\javapath;C:\Windows\system32;C:\Windows;C:\Windows\System32\Wbem;C:\Windows\System32\WindowsPowerShell\v1.0\;C:\Program Files (x86)\Microsoft SQL Server\100\Tools\Binn\VSShell\Common7\IDE\;C:\Program Files (x86)\Microsoft SQL Server\100\Tools\Binn\;C:\Program Files\Microsoft SQL Server\100\Tools\Binn\;C:\Program Files (x86)\Microsoft SQL Server\100\DTS\Binn\;C:\Program Files\Microsoft SQL Server\100\DTS\Binn\;C:\Program Files (x86)\Microsoft Team Foundation Server 2012 Power Tools\;C:\Program Files (x86)\Microsoft Team Foundation Server 2012 Power Tools\Best Practices Analyzer\;C:\Program Files\System Center Operations Manager 2007\;C:\Program Files (x86)\Microsoft ASP.NET\ASP.NET Web Pages\v1.0\;C:\Program Files\Microsoft SQL Server\110\Tools\Binn\;C:\Program Files\Microsoft\Web Platform Installer\;C:\Program Files\Devart\Review Assistant;C:\Program Files\Microsoft SQL Server\120\Tools\Binn\;C:\Program Files\nodejs\;C:\Users\htan\Documents\Visual Studio 2012\Projects\MvcApplication2\node_modules\protractor\selenium;C:\Program Files (x86)\Git\cmd;C:\Program Files (x86)\GtkSharp\2.12\bin;C:\Program Files (x86)\Windows Kits\8.1\Windows Performance Toolkit\;C:\Program Files (x86)\nodejs\;C:\Program Files (x86)\Skype\Phone\;C:\RailsInstaller\Git\cmd;C:\RailsInstaller\Ruby2.1.0\bin;C:\Ruby193\bin;C:\Program Files\Java\jdk1.7.0_71;C:\Program Files\Java\jre7;C:\apache-ant-1.9.3\bin;I:\Android\android-sdk\tools;I:\Android\android-sdk\platform-tools;C:\Users\htan\AppData\Roaming\npm
USERNAME=htan
OS=Windows_NT
PROCESSOR_IDENTIFIER=Intel64 Family 6 Model 42 Stepping 7, GenuineIntel



---------------  S Y S T E M  ---------------

OS: Windows 7 , 64 bit Build 7601 Service Pack 1

CPU:total 8 (4 cores per cpu, 2 threads per core) family 6 model 42 stepping 7, cmov, cx8, fxsr, mmx, sse, sse2, sse3, ssse3, sse4.1, sse4.2, popcnt, avx, aes, ht, tsc, tscinvbit

Memory: 4k page, physical 8233400k(1056940k free), swap 8834444k(5084k free)

vm_info: Java HotSpot(TM) 64-Bit Server VM (24.71-b01) for windows-amd64 JRE (1.7.0_71-b14), built on Sep 26 2014 16:16:12 by "java_re" with unknown MS VC++:1600

time: Thu Sep 10 10:31:33 2015
elapsed time: 1 seconds

