#
# There is insufficient memory for the Java Runtime Environment to continue.
# Native memory allocation (malloc) failed to allocate 424496 bytes for Chunk::new
# Possible reasons:
#   The system is out of physical RAM or swap space
#   In 32 bit mode, the process size limit was hit
# Possible solutions:
#   Reduce memory load on the system
#   Increase physical memory or swap space
#   Check if swap backing store is full
#   Use 64 bit Java on a 64 bit OS
#   Decrease Java heap size (-Xmx/-Xms)
#   Decrease number of Java threads
#   Decrease Java thread stack sizes (-Xss)
#   Set larger code cache with -XX:ReservedCodeCacheSize=
# This output file may be truncated or incomplete.
#
#  Out of Memory Error (allocation.cpp:323), pid=7936, tid=4276
#
# JRE version: Java(TM) SE Runtime Environment (7.0_71-b14) (build 1.7.0_71-b14)
# Java VM: Java HotSpot(TM) 64-Bit Server VM (24.71-b01 mixed mode windows-amd64 compressed oops)
# Failed to write core dump. Minidumps are not enabled by default on client versions of Windows
#

---------------  T H R E A D  ---------------

Current thread (0x0000000008798800):  JavaThread "C2 CompilerThread1" daemon [_thread_in_native, id=4276, stack(0x0000000009e90000,0x0000000009f90000)]

Stack: [0x0000000009e90000,0x0000000009f90000]
[error occurred during error reporting (printing stack bounds), id 0xc0000005]


Current CompileTask:
C2:   5399  432             com.android.dx.rop.code.Rops::ropFor (771 bytes)


---------------  P R O C E S S  ---------------

Java Threads: ( => current thread )
  0x00000000087a2000 JavaThread "Service Thread" daemon [_thread_blocked, id=16460, stack(0x000000000a1d0000,0x000000000a2d0000)]
=>0x0000000008798800 JavaThread "C2 CompilerThread1" daemon [_thread_in_native, id=4276, stack(0x0000000009e90000,0x0000000009f90000)]
  0x000000000780c800 JavaThread "C2 CompilerThread0" daemon [_thread_in_native, id=6832, stack(0x0000000009fb0000,0x000000000a0b0000)]
  0x000000000780b800 JavaThread "Attach Listener" daemon [_thread_blocked, id=12712, stack(0x0000000009d70000,0x0000000009e70000)]
  0x000000000780b000 JavaThread "Signal Dispatcher" daemon [_thread_blocked, id=18448, stack(0x0000000009b60000,0x0000000009c60000)]
  0x00000000077f7000 JavaThread "Finalizer" daemon [_thread_blocked, id=17052, stack(0x0000000009750000,0x0000000009850000)]
  0x00000000077f0800 JavaThread "Reference Handler" daemon [_thread_blocked, id=7468, stack(0x0000000009a50000,0x0000000009b50000)]
  0x0000000002239000 JavaThread "main" [_thread_in_vm, id=18580, stack(0x00000000024b0000,0x00000000025b0000)]

Other Threads:
  0x00000000077ed800 VMThread [stack: 0x0000000009870000,0x0000000009970000] [id=7200]
  0x00000000087ab800 WatcherThread [stack: 0x000000000a3b0000,0x000000000a4b0000] [id=1520]

VM state:not at safepoint (normal execution)

VM Mutex/Monitor currently owned by a thread: None

Heap
 PSYoungGen      total 37888K, used 37553K [0x00000000f5500000, 0x00000000f9f00000, 0x0000000100000000)
  eden space 32768K, 99% used [0x00000000f5500000,0x00000000f74af890,0x00000000f7500000)
  from space 5120K, 99% used [0x00000000f7500000,0x00000000f79fce58,0x00000000f7a00000)
  to   space 5120K, 0% used [0x00000000f9a00000,0x00000000f9a00000,0x00000000f9f00000)
 ParOldGen       total 85504K, used 10199K [0x00000000e0000000, 0x00000000e5380000, 0x00000000f5500000)
  object space 85504K, 11% used [0x00000000e0000000,0x00000000e09f5ce0,0x00000000e5380000)
 PSPermGen       total 21504K, used 5699K [0x00000000dae00000, 0x00000000dc300000, 0x00000000e0000000)
  object space 21504K, 26% used [0x00000000dae00000,0x00000000db390e20,0x00000000dc300000)

Card table byte_map: [0x00000000055b0000,0x00000000056e0000] byte_map_base: 0x0000000004ed9000

Polling page: 0x0000000000150000

Code Cache  [0x00000000025b0000, 0x0000000002820000, 0x00000000055b0000)
 total_blobs=688 nmethods=454 adapters=186 free_code_cache=47385Kb largest_free_block=48483456

Compilation events (10 events):
Event: 5.335 Thread 0x000000000780c800 nmethod 454 0x0000000002765010 code [0x0000000002765200, 0x00000000027658d0]
Event: 5.335 Thread 0x000000000780c800  455             com.android.dx.util.IntList::shrink (42 bytes)
Event: 5.335 Thread 0x000000000780c800 nmethod 455 0x0000000002763610 code [0x0000000002763740, 0x00000000027637d8]
Event: 5.335 Thread 0x000000000780c800  456             com.android.dx.rop.code.RegisterSpec::getBasicType (10 bytes)
Event: 5.336 Thread 0x000000000780c800 nmethod 456 0x0000000002763350 code [0x00000000027634a0, 0x0000000002763538]
Event: 5.336 Thread 0x000000000780c800  457             java.util.BitSet::set (124 bytes)
Event: 5.342 Thread 0x000000000780c800 nmethod 457 0x0000000002747090 code [0x0000000002747200, 0x0000000002747568]
Event: 5.342 Thread 0x000000000780c800  458             java.util.BitSet::checkRange (104 bytes)
Event: 5.342 Thread 0x000000000780c800 nmethod 458 0x00000000027630d0 code [0x0000000002763200, 0x0000000002763278]
Event: 5.343 Thread 0x000000000780c800  459             com.android.dx.dex.code.RopTranslator::outputBlock (202 bytes)

GC Heap History (6 events):
Event: 1.956 GC heap before
{Heap before GC invocations=1 (full 0):
 PSYoungGen      total 37888K, used 32768K [0x00000000f5500000, 0x00000000f7f00000, 0x0000000100000000)
  eden space 32768K, 100% used [0x00000000f5500000,0x00000000f7500000,0x00000000f7500000)
  from space 5120K, 0% used [0x00000000f7a00000,0x00000000f7a00000,0x00000000f7f00000)
  to   space 5120K, 0% used [0x00000000f7500000,0x00000000f7500000,0x00000000f7a00000)
 ParOldGen       total 85504K, used 0K [0x00000000e0000000, 0x00000000e5380000, 0x00000000f5500000)
  object space 85504K, 0% used [0x00000000e0000000,0x00000000e0000000,0x00000000e5380000)
 PSPermGen       total 21504K, used 5547K [0x00000000dae00000, 0x00000000dc300000, 0x00000000e0000000)
  object space 21504K, 25% used [0x00000000dae00000,0x00000000db36ae10,0x00000000dc300000)
Event: 2.216 GC heap after
Heap after GC invocations=1 (full 0):
 PSYoungGen      total 37888K, used 5095K [0x00000000f5500000, 0x00000000f7f00000, 0x0000000100000000)
  eden space 32768K, 0% used [0x00000000f5500000,0x00000000f5500000,0x00000000f7500000)
  from space 5120K, 99% used [0x00000000f7500000,0x00000000f79f9fb0,0x00000000f7a00000)
  to   space 5120K, 0% used [0x00000000f7a00000,0x00000000f7a00000,0x00000000f7f00000)
 ParOldGen       total 85504K, used 1667K [0x00000000e0000000, 0x00000000e5380000, 0x00000000f5500000)
  object space 85504K, 1% used [0x00000000e0000000,0x00000000e01a0c08,0x00000000e5380000)
 PSPermGen       total 21504K, used 5547K [0x00000000dae00000, 0x00000000dc300000, 0x00000000e0000000)
  object space 21504K, 25% used [0x00000000dae00000,0x00000000db36ae10,0x00000000dc300000)
}
Event: 3.003 GC heap before
{Heap before GC invocations=2 (full 0):
 PSYoungGen      total 37888K, used 37863K [0x00000000f5500000, 0x00000000f7f00000, 0x0000000100000000)
  eden space 32768K, 100% used [0x00000000f5500000,0x00000000f7500000,0x00000000f7500000)
  from space 5120K, 99% used [0x00000000f7500000,0x00000000f79f9fb0,0x00000000f7a00000)
  to   space 5120K, 0% used [0x00000000f7a00000,0x00000000f7a00000,0x00000000f7f00000)
 ParOldGen       total 85504K, used 1667K [0x00000000e0000000, 0x00000000e5380000, 0x00000000f5500000)
  object space 85504K, 1% used [0x00000000e0000000,0x00000000e01a0c08,0x00000000e5380000)
 PSPermGen       total 21504K, used 5630K [0x00000000dae00000, 0x00000000dc300000, 0x00000000e0000000)
  object space 21504K, 26% used [0x00000000dae00000,0x00000000db37f8d0,0x00000000dc300000)
Event: 3.724 GC heap after
Heap after GC invocations=2 (full 0):
 PSYoungGen      total 37888K, used 5091K [0x00000000f5500000, 0x00000000f9f00000, 0x0000000100000000)
  eden space 32768K, 0% used [0x00000000f5500000,0x00000000f5500000,0x00000000f7500000)
  from space 5120K, 99% used [0x00000000f7a00000,0x00000000f7ef8d80,0x00000000f7f00000)
  to   space 5120K, 0% used [0x00000000f7500000,0x00000000f7500000,0x00000000f7a00000)
 ParOldGen       total 85504K, used 6641K [0x00000000e0000000, 0x00000000e5380000, 0x00000000f5500000)
  object space 85504K, 7% used [0x00000000e0000000,0x00000000e067c6c0,0x00000000e5380000)
 PSPermGen       total 21504K, used 5630K [0x00000000dae00000, 0x00000000dc300000, 0x00000000e0000000)
  object space 21504K, 26% used [0x00000000dae00000,0x00000000db37f8d0,0x00000000dc300000)
}
Event: 4.331 GC heap before
{Heap before GC invocations=3 (full 0):
 PSYoungGen      total 37888K, used 37859K [0x00000000f5500000, 0x00000000f9f00000, 0x0000000100000000)
  eden space 32768K, 100% used [0x00000000f5500000,0x00000000f7500000,0x00000000f7500000)
  from space 5120K, 99% used [0x00000000f7a00000,0x00000000f7ef8d80,0x00000000f7f00000)
  to   space 5120K, 0% used [0x00000000f7500000,0x00000000f7500000,0x00000000f7a00000)
 ParOldGen       total 85504K, used 6641K [0x00000000e0000000, 0x00000000e5380000, 0x00000000f5500000)
  object space 85504K, 7% used [0x00000000e0000000,0x00000000e067c6c0,0x00000000e5380000)
 PSPermGen       total 21504K, used 5661K [0x00000000dae00000, 0x00000000dc300000, 0x00000000e0000000)
  object space 21504K, 26% used [0x00000000dae00000,0x00000000db387458,0x00000000dc300000)
Event: 4.668 GC heap after
Heap after GC invocations=3 (full 0):
 PSYoungGen      total 37888K, used 5107K [0x00000000f5500000, 0x00000000f9f00000, 0x0000000100000000)
  eden space 32768K, 0% used [0x00000000f5500000,0x00000000f5500000,0x00000000f7500000)
  from space 5120K, 99% used [0x00000000f7500000,0x00000000f79fce58,0x00000000f7a00000)
  to   space 5120K, 0% used [0x00000000f9a00000,0x00000000f9a00000,0x00000000f9f00000)
 ParOldGen       total 85504K, used 10199K [0x00000000e0000000, 0x00000000e5380000, 0x00000000f5500000)
  object space 85504K, 11% used [0x00000000e0000000,0x00000000e09f5ce0,0x00000000e5380000)
 PSPermGen       total 21504K, used 5661K [0x00000000dae00000, 0x00000000dc300000, 0x00000000e0000000)
  object space 21504K, 26% used [0x00000000dae00000,0x00000000db387458,0x00000000dc300000)
}

Deoptimization events (10 events):
Event: 4.118 Thread 0x0000000002239000 Uncommon trap: reason=bimorphic action=maybe_recompile pc=0x00000000026c6f64 method=com.android.dx.cf.code.BytecodeArray.parseInstruction(ILcom/android/dx/cf/code/BytecodeArray$Visitor;)I @ 923
Event: 4.845 Thread 0x0000000002239000 Uncommon trap: reason=class_check action=maybe_recompile pc=0x00000000026b6d10 method=com.android.dx.cf.code.Ropper.processBlock(Lcom/android/dx/cf/code/ByteBlock;Lcom/android/dx/cf/code/Frame;[I)V @ 777
Event: 4.848 Thread 0x0000000002239000 Uncommon trap: reason=class_check action=maybe_recompile pc=0x00000000026b6d10 method=com.android.dx.cf.code.Ropper.processBlock(Lcom/android/dx/cf/code/ByteBlock;Lcom/android/dx/cf/code/Frame;[I)V @ 777
Event: 4.851 Thread 0x0000000002239000 Uncommon trap: reason=class_check action=maybe_recompile pc=0x00000000026b6d10 method=com.android.dx.cf.code.Ropper.processBlock(Lcom/android/dx/cf/code/ByteBlock;Lcom/android/dx/cf/code/Frame;[I)V @ 777
Event: 5.282 Thread 0x0000000002239000 Uncommon trap: reason=unreached action=reinterpret pc=0x00000000026831f4 method=com.android.dx.ssa.SCCP.simulateBranch(Lcom/android/dx/ssa/SsaInsn;)V @ 132
Event: 5.282 Thread 0x0000000002239000 Uncommon trap: reason=unloaded action=reinterpret pc=0x00000000026e3434 method=com.android.dx.ssa.LiteralOpUpgrader$1.visitNonMoveInsn(Lcom/android/dx/ssa/NormalSsaInsn;)V @ 72
Event: 5.284 Thread 0x0000000002239000 Uncommon trap: reason=unreached action=reinterpret pc=0x00000000026e0528 method=com.android.dx.rop.code.LocalItem.compareHandlesNulls(Lcom/android/dx/rop/cst/CstString;Lcom/android/dx/rop/cst/CstString;)I @ 14
Event: 5.284 Thread 0x0000000002239000 Uncommon trap: reason=unreached action=reinterpret pc=0x00000000026ef440 method=com.android.dx.rop.code.LocalItem.compareHandlesNulls(Lcom/android/dx/rop/cst/CstString;Lcom/android/dx/rop/cst/CstString;)I @ 14
Event: 5.388 Thread 0x0000000002239000 Uncommon trap: reason=unreached action=reinterpret pc=0x00000000026d614c method=com.android.dx.cf.code.BaseMachine.getLocalTarget(Z)Lcom/android/dx/rop/code/RegisterSpec; @ 131
Event: 5.394 Thread 0x0000000002239000 Uncommon trap: reason=unreached action=reinterpret pc=0x000000000264b51c method=com.android.dx.cf.code.BaseMachine.getLocalTarget(Z)Lcom/android/dx/rop/code/RegisterSpec; @ 131

Internal exceptions (10 events):
Event: 2.736 Thread 0x0000000002239000 Threw 0x00000000f668a9c8 at C:\re\jdk7u71\1605\hotspot\src\share\vm\prims\jvm.cpp:1281
Event: 2.736 Thread 0x0000000002239000 Threw 0x00000000f668cb18 at C:\re\jdk7u71\1605\hotspot\src\share\vm\prims\jvm.cpp:1281
Event: 2.738 Thread 0x0000000002239000 Threw 0x00000000f669b628 at C:\re\jdk7u71\1605\hotspot\src\share\vm\prims\jvm.cpp:1281
Event: 2.894 Thread 0x0000000002239000 Threw 0x00000000f6e960e0 at C:\re\jdk7u71\1605\hotspot\src\share\vm\prims\jvm.cpp:1281
Event: 3.877 Thread 0x0000000002239000 Implicit null exception at 0x0000000002655792 to 0x0000000002655882
Event: 4.716 Thread 0x0000000002239000 Threw 0x00000000f57380e8 at C:\re\jdk7u71\1605\hotspot\src\share\vm\prims\jvm.cpp:1281
Event: 5.272 Thread 0x0000000002239000 Threw 0x00000000f6ca99b0 at C:\re\jdk7u71\1605\hotspot\src\share\vm\prims\jvm.cpp:1281
Event: 5.282 Thread 0x0000000002239000 Threw 0x00000000f6d437c0 at C:\re\jdk7u71\1605\hotspot\src\share\vm\prims\jvm.cpp:1281
Event: 5.284 Thread 0x0000000002239000 Implicit null exception at 0x00000000026dfacb to 0x00000000026e04fd
Event: 5.284 Thread 0x0000000002239000 Implicit null exception at 0x00000000026ef2c3 to 0x00000000026ef42d

Events (10 events):
Event: 5.284 Thread 0x0000000002239000 DEOPT UNPACKING pc=0x00000000025e75a4 sp=0x00000000025ae958 mode 2
Event: 5.284 Thread 0x0000000002239000 Uncommon trap: trap_request=0xffffffad fr.pc=0x00000000026ef440
Event: 5.284 Thread 0x0000000002239000 DEOPT PACKING pc=0x00000000026ef440 sp=0x00000000025aea60
Event: 5.284 Thread 0x0000000002239000 DEOPT UNPACKING pc=0x00000000025e75a4 sp=0x00000000025ae9b0 mode 2
Event: 5.387 Thread 0x0000000002239000 Uncommon trap: trap_request=0xffffffad fr.pc=0x00000000026d614c
Event: 5.388 Thread 0x0000000002239000 DEOPT PACKING pc=0x00000000026d614c sp=0x00000000025aeae0
Event: 5.388 Thread 0x0000000002239000 DEOPT UNPACKING pc=0x00000000025e75a4 sp=0x00000000025aea00 mode 2
Event: 5.394 Thread 0x0000000002239000 Uncommon trap: trap_request=0xffffffad fr.pc=0x000000000264b51c
Event: 5.394 Thread 0x0000000002239000 DEOPT PACKING pc=0x000000000264b51c sp=0x00000000025aea30
Event: 5.394 Thread 0x0000000002239000 DEOPT UNPACKING pc=0x00000000025e75a4 sp=0x00000000025ae9e8 mode 2


Dynamic libraries:
0x000000013fe70000 - 0x000000013fea3000 	C:\Program Files\Java\jdk1.7.0_71\bin\java.exe
0x0000000077390000 - 0x0000000077539000 	C:\Windows\SYSTEM32\ntdll.dll
0x0000000077170000 - 0x000000007728f000 	C:\Windows\system32\kernel32.dll
0x000007fefc440000 - 0x000007fefc4ac000 	C:\Windows\system32\KERNELBASE.dll
0x000007fefc9b0000 - 0x000007fefca8b000 	C:\Windows\system32\ADVAPI32.dll
0x000007fefc6e0000 - 0x000007fefc77f000 	C:\Windows\system32\msvcrt.dll
0x000007fefe0c0000 - 0x000007fefe0df000 	C:\Windows\SYSTEM32\sechost.dll
0x000007fefdf90000 - 0x000007fefe0bd000 	C:\Windows\system32\RPCRT4.dll
0x0000000077290000 - 0x000000007738a000 	C:\Windows\system32\USER32.dll
0x000007fefd9d0000 - 0x000007fefda37000 	C:\Windows\system32\GDI32.dll
0x000007fefde30000 - 0x000007fefde3e000 	C:\Windows\system32\LPK.dll
0x000007fefde40000 - 0x000007fefdf09000 	C:\Windows\system32\USP10.dll
0x000007fefac00000 - 0x000007fefadf4000 	C:\Windows\WinSxS\amd64_microsoft.windows.common-controls_6595b64144ccf1df_6.0.7601.18837_none_fa3b1e3d17594757\COMCTL32.dll
0x000007fefdcd0000 - 0x000007fefdd41000 	C:\Windows\system32\SHLWAPI.dll
0x000007fefdc40000 - 0x000007fefdc6e000 	C:\Windows\system32\IMM32.DLL
0x000007fefcb30000 - 0x000007fefcc39000 	C:\Windows\system32\MSCTF.dll
0x0000000067630000 - 0x0000000067702000 	C:\Program Files\Java\jdk1.7.0_71\jre\bin\msvcr100.dll
0x0000000054220000 - 0x00000000549f3000 	C:\Program Files\Java\jdk1.7.0_71\jre\bin\server\jvm.dll
0x000007fef7910000 - 0x000007fef7919000 	C:\Windows\system32\WSOCK32.dll
0x000007fefc690000 - 0x000007fefc6dd000 	C:\Windows\system32\WS2_32.dll
0x000007fefe6f0000 - 0x000007fefe6f8000 	C:\Windows\system32\NSI.dll
0x000007fef9f80000 - 0x000007fef9fbb000 	C:\Windows\system32\WINMM.dll
0x0000000077560000 - 0x0000000077567000 	C:\Windows\system32\PSAPI.DLL
0x000000006f6a0000 - 0x000000006f6af000 	C:\Program Files\Java\jdk1.7.0_71\jre\bin\verify.dll
0x000000006f4b0000 - 0x000000006f4d8000 	C:\Program Files\Java\jdk1.7.0_71\jre\bin\java.dll
0x000000006f490000 - 0x000000006f4a5000 	C:\Program Files\Java\jdk1.7.0_71\jre\bin\zip.dll
0x000000006f420000 - 0x000000006f439000 	C:\Program Files\Java\jdk1.7.0_71\jre\bin\net.dll
0x000007fefb980000 - 0x000007fefb9d5000 	C:\Windows\system32\mswsock.dll
0x000007fefbb20000 - 0x000007fefbb27000 	C:\Windows\System32\wship6.dll
0x000000006f400000 - 0x000000006f411000 	C:\Program Files\Java\jdk1.7.0_71\jre\bin\nio.dll

VM Arguments:
jvm_args: -Xmx1024M -Dfile.encoding=windows-1252 -Duser.country=GB -Duser.language=en -Duser.variant -Xmx512M 
java_command: com.android.dx.command.Main --dex --output I:\GitHub\BuildItBigger\jokedisplaylibrary\build\intermediates\pre-dexed\androidTest\free\debug\classes-889889efcb4f3bc2f2904e47b3447810bef47cd1.jar I:\GitHub\BuildItBigger\jokedisplaylibrary\build\intermediates\exploded-aar\com.android.support\support-v4\22.2.0\jars\classes.jar
Launcher Type: SUN_STANDARD

Environment Variables:
JAVA_HOME=C:\Program Files\Java\jdk1.7.0_71
_JAVA_OPTIONS=-Xmx512M
PATH=C:\ProgramData\Oracle\Java\javapath;C:\Windows\system32;C:\Windows;C:\Windows\System32\Wbem;C:\Windows\System32\WindowsPowerShell\v1.0\;C:\Program Files (x86)\Microsoft SQL Server\100\Tools\Binn\VSShell\Common7\IDE\;C:\Program Files (x86)\Microsoft SQL Server\100\Tools\Binn\;C:\Program Files\Microsoft SQL Server\100\Tools\Binn\;C:\Program Files (x86)\Microsoft SQL Server\100\DTS\Binn\;C:\Program Files\Microsoft SQL Server\100\DTS\Binn\;C:\Program Files (x86)\Microsoft Team Foundation Server 2012 Power Tools\;C:\Program Files (x86)\Microsoft Team Foundation Server 2012 Power Tools\Best Practices Analyzer\;C:\Program Files\System Center Operations Manager 2007\;C:\Program Files (x86)\Microsoft ASP.NET\ASP.NET Web Pages\v1.0\;C:\Program Files\Microsoft SQL Server\110\Tools\Binn\;C:\Program Files\Microsoft\Web Platform Installer\;C:\Program Files\Devart\Review Assistant;C:\Program Files\Microsoft SQL Server\120\Tools\Binn\;C:\Program Files\nodejs\;C:\Users\htan\Documents\Visual Studio 2012\Projects\MvcApplication2\node_modules\protractor\selenium;C:\Program Files (x86)\Git\cmd;C:\Program Files (x86)\GtkSharp\2.12\bin;C:\Program Files (x86)\Windows Kits\8.1\Windows Performance Toolkit\;C:\Program Files (x86)\nodejs\;C:\Program Files (x86)\Skype\Phone\;C:\RailsInstaller\Git\cmd;C:\RailsInstaller\Ruby2.1.0\bin;C:\Ruby193\bin;C:\Program Files\Java\jdk1.7.0_71;C:\Program Files\Java\jre7;C:\apache-ant-1.9.3\bin;I:\Android\android-sdk\tools;I:\Android\android-sdk\platform-tools;C:\Users\htan\AppData\Roaming\npm
USERNAME=htan
OS=Windows_NT
PROCESSOR_IDENTIFIER=Intel64 Family 6 Model 42 Stepping 7, GenuineIntel



---------------  S Y S T E M  ---------------

OS: Windows 7 , 64 bit Build 7601 Service Pack 1

CPU:total 8 (4 cores per cpu, 2 threads per core) family 6 model 42 stepping 7, cmov, cx8, fxsr, mmx, sse, sse2, sse3, ssse3, sse4.1, sse4.2, popcnt, avx, aes, ht, tsc, tscinvbit

Memory: 4k page, physical 8233400k(1633632k free), swap 8834444k(5476k free)

vm_info: Java HotSpot(TM) 64-Bit Server VM (24.71-b01) for windows-amd64 JRE (1.7.0_71-b14), built on Sep 26 2014 16:16:12 by "java_re" with unknown MS VC++:1600

time: Thu Sep 10 17:22:49 2015
elapsed time: 5 seconds

