#
# There is insufficient memory for the Java Runtime Environment to continue.
# Native memory allocation (malloc) failed to allocate 225056 bytes for Chunk::new
# Possible reasons:
#   The system is out of physical RAM or swap space
#   In 32 bit mode, the process size limit was hit
# Possible solutions:
#   Reduce memory load on the system
#   Increase physical memory or swap space
#   Check if swap backing store is full
#   Use 64 bit Java on a 64 bit OS
#   Decrease Java heap size (-Xmx/-Xms)
#   Decrease number of Java threads
#   Decrease Java thread stack sizes (-Xss)
#   Set larger code cache with -XX:ReservedCodeCacheSize=
# This output file may be truncated or incomplete.
#
#  Out of Memory Error (allocation.cpp:323), pid=3164, tid=9312
#
# JRE version: Java(TM) SE Runtime Environment (7.0_71-b14) (build 1.7.0_71-b14)
# Java VM: Java HotSpot(TM) 64-Bit Server VM (24.71-b01 mixed mode windows-amd64 compressed oops)
# Failed to write core dump. Minidumps are not enabled by default on client versions of Windows
#

---------------  T H R E A D  ---------------

Current thread (0x000000000773d800):  JavaThread "C2 CompilerThread1" daemon [_thread_in_native, id=9312, stack(0x000000000a2c0000,0x000000000a3c0000)]

Stack: [0x000000000a2c0000,0x000000000a3c0000]
[error occurred during error reporting (printing stack bounds), id 0xc0000005]


Current CompileTask:
C2:   6667  525             com.android.dx.ssa.LiteralOpUpgrader$1::visitNonMoveInsn (203 bytes)


---------------  P R O C E S S  ---------------

Java Threads: ( => current thread )
  0x000000000773f000 JavaThread "Service Thread" daemon [_thread_blocked, id=18392, stack(0x000000000a460000,0x000000000a560000)]
=>0x000000000773d800 JavaThread "C2 CompilerThread1" daemon [_thread_in_native, id=9312, stack(0x000000000a2c0000,0x000000000a3c0000)]
  0x0000000007735800 JavaThread "C2 CompilerThread0" daemon [_thread_in_native, id=15444, stack(0x000000000a170000,0x000000000a270000)]
  0x0000000007734800 JavaThread "Attach Listener" daemon [_thread_blocked, id=18276, stack(0x0000000009f50000,0x000000000a050000)]
  0x0000000007734000 JavaThread "Signal Dispatcher" daemon [_thread_blocked, id=9384, stack(0x0000000009ca0000,0x0000000009da0000)]
  0x0000000007721800 JavaThread "Finalizer" daemon [_thread_blocked, id=14232, stack(0x0000000009ba0000,0x0000000009ca0000)]
  0x0000000007720800 JavaThread "Reference Handler" daemon [_thread_blocked, id=11532, stack(0x0000000009a00000,0x0000000009b00000)]
  0x0000000002109000 JavaThread "main" [_thread_in_Java, id=8920, stack(0x0000000002300000,0x0000000002400000)]

Other Threads:
  0x000000000771d800 VMThread [stack: 0x0000000009840000,0x0000000009940000] [id=11468]
  0x00000000088fc800 WatcherThread [stack: 0x0000000009e20000,0x0000000009f20000] [id=11376]

VM state:not at safepoint (normal execution)

VM Mutex/Monitor currently owned by a thread: None

Heap
 PSYoungGen      total 70656K, used 6417K [0x00000000f5500000, 0x00000000f9f00000, 0x0000000100000000)
  eden space 65536K, 1% used [0x00000000f5500000,0x00000000f5644658,0x00000000f9500000)
  from space 5120K, 100% used [0x00000000f9500000,0x00000000f9a00000,0x00000000f9a00000)
  to   space 5120K, 0% used [0x00000000f9a00000,0x00000000f9a00000,0x00000000f9f00000)
 ParOldGen       total 85504K, used 18048K [0x00000000e0000000, 0x00000000e5380000, 0x00000000f5500000)
  object space 85504K, 21% used [0x00000000e0000000,0x00000000e11a0248,0x00000000e5380000)
 PSPermGen       total 21504K, used 5636K [0x00000000dae00000, 0x00000000dc300000, 0x00000000e0000000)
  object space 21504K, 26% used [0x00000000dae00000,0x00000000db381340,0x00000000dc300000)

Card table byte_map: [0x0000000005570000,0x00000000056a0000] byte_map_base: 0x0000000004e99000

Polling page: 0x0000000000240000

Code Cache  [0x00000000024b0000, 0x0000000002720000, 0x00000000054b0000)
 total_blobs=755 nmethods=521 adapters=186 free_code_cache=47055Kb largest_free_block=48120128

Compilation events (10 events):
Event: 6.519 Thread 0x000000000773d800 nmethod 497 0x00000000026c0750 code [0x00000000026c0e40, 0x00000000026c57a0]
Event: 6.520 Thread 0x000000000773d800  521             com.android.dx.rop.cst.CstString::getType (4 bytes)
Event: 6.520 Thread 0x000000000773d800 nmethod 521 0x0000000002693510 code [0x0000000002693640, 0x0000000002693698]
Event: 6.520 Thread 0x000000000773d800  522             com.android.dx.dex.file.Item::<init> (5 bytes)
Event: 6.520 Thread 0x000000000773d800 nmethod 522 0x0000000002693310 code [0x0000000002693440, 0x0000000002693498]
Event: 6.520 Thread 0x000000000773d800  523   !         java.util.BitSet::clone (48 bytes)
Event: 6.522 Thread 0x000000000773d800 nmethod 523 0x0000000002692e10 code [0x0000000002692f80, 0x0000000002693188]
Event: 6.522 Thread 0x000000000773d800  524             com.android.dx.ssa.SsaRenamer::<init> (100 bytes)
Event: 6.528 Thread 0x000000000773d800 nmethod 524 0x0000000002692610 code [0x0000000002692780, 0x0000000002692b68]
Event: 6.528 Thread 0x000000000773d800  525             com.android.dx.ssa.LiteralOpUpgrader$1::visitNonMoveInsn (203 bytes)

GC Heap History (6 events):
Event: 2.930 GC heap before
{Heap before GC invocations=1 (full 0):
 PSYoungGen      total 37888K, used 32768K [0x00000000f5500000, 0x00000000f7f00000, 0x0000000100000000)
  eden space 32768K, 100% used [0x00000000f5500000,0x00000000f7500000,0x00000000f7500000)
  from space 5120K, 0% used [0x00000000f7a00000,0x00000000f7a00000,0x00000000f7f00000)
  to   space 5120K, 0% used [0x00000000f7500000,0x00000000f7500000,0x00000000f7a00000)
 ParOldGen       total 85504K, used 0K [0x00000000e0000000, 0x00000000e5380000, 0x00000000f5500000)
  object space 85504K, 0% used [0x00000000e0000000,0x00000000e0000000,0x00000000e5380000)
 PSPermGen       total 21504K, used 5533K [0x00000000dae00000, 0x00000000dc300000, 0x00000000e0000000)
  object space 21504K, 25% used [0x00000000dae00000,0x00000000db367448,0x00000000dc300000)
Event: 3.595 GC heap after
Heap after GC invocations=1 (full 0):
 PSYoungGen      total 37888K, used 5095K [0x00000000f5500000, 0x00000000f9f00000, 0x0000000100000000)
  eden space 32768K, 0% used [0x00000000f5500000,0x00000000f5500000,0x00000000f7500000)
  from space 5120K, 99% used [0x00000000f7500000,0x00000000f79f9c78,0x00000000f7a00000)
  to   space 5120K, 0% used [0x00000000f9a00000,0x00000000f9a00000,0x00000000f9f00000)
 ParOldGen       total 85504K, used 1762K [0x00000000e0000000, 0x00000000e5380000, 0x00000000f5500000)
  object space 85504K, 2% used [0x00000000e0000000,0x00000000e01b8bd0,0x00000000e5380000)
 PSPermGen       total 21504K, used 5533K [0x00000000dae00000, 0x00000000dc300000, 0x00000000e0000000)
  object space 21504K, 25% used [0x00000000dae00000,0x00000000db367448,0x00000000dc300000)
}
Event: 4.751 GC heap before
{Heap before GC invocations=2 (full 0):
 PSYoungGen      total 37888K, used 37863K [0x00000000f5500000, 0x00000000f9f00000, 0x0000000100000000)
  eden space 32768K, 100% used [0x00000000f5500000,0x00000000f7500000,0x00000000f7500000)
  from space 5120K, 99% used [0x00000000f7500000,0x00000000f79f9c78,0x00000000f7a00000)
  to   space 5120K, 0% used [0x00000000f9a00000,0x00000000f9a00000,0x00000000f9f00000)
 ParOldGen       total 85504K, used 1762K [0x00000000e0000000, 0x00000000e5380000, 0x00000000f5500000)
  object space 85504K, 2% used [0x00000000e0000000,0x00000000e01b8bd0,0x00000000e5380000)
 PSPermGen       total 21504K, used 5586K [0x00000000dae00000, 0x00000000dc300000, 0x00000000e0000000)
  object space 21504K, 25% used [0x00000000dae00000,0x00000000db3748f0,0x00000000dc300000)
Event: 5.244 GC heap after
Heap after GC invocations=2 (full 0):
 PSYoungGen      total 70656K, used 5095K [0x00000000f5500000, 0x00000000f9f00000, 0x0000000100000000)
  eden space 65536K, 0% used [0x00000000f5500000,0x00000000f5500000,0x00000000f9500000)
  from space 5120K, 99% used [0x00000000f9a00000,0x00000000f9ef9c78,0x00000000f9f00000)
  to   space 5120K, 0% used [0x00000000f9500000,0x00000000f9500000,0x00000000f9a00000)
 ParOldGen       total 85504K, used 6826K [0x00000000e0000000, 0x00000000e5380000, 0x00000000f5500000)
  object space 85504K, 7% used [0x00000000e0000000,0x00000000e06aa830,0x00000000e5380000)
 PSPermGen       total 21504K, used 5586K [0x00000000dae00000, 0x00000000dc300000, 0x00000000e0000000)
  object space 21504K, 25% used [0x00000000dae00000,0x00000000db3748f0,0x00000000dc300000)
}
Event: 6.533 GC heap before
{Heap before GC invocations=3 (full 0):
 PSYoungGen      total 70656K, used 70631K [0x00000000f5500000, 0x00000000f9f00000, 0x0000000100000000)
  eden space 65536K, 100% used [0x00000000f5500000,0x00000000f9500000,0x00000000f9500000)
  from space 5120K, 99% used [0x00000000f9a00000,0x00000000f9ef9c78,0x00000000f9f00000)
  to   space 5120K, 0% used [0x00000000f9500000,0x00000000f9500000,0x00000000f9a00000)
 ParOldGen       total 85504K, used 6826K [0x00000000e0000000, 0x00000000e5380000, 0x00000000f5500000)
  object space 85504K, 7% used [0x00000000e0000000,0x00000000e06aa830,0x00000000e5380000)
 PSPermGen       total 21504K, used 5636K [0x00000000dae00000, 0x00000000dc300000, 0x00000000e0000000)
  object space 21504K, 26% used [0x00000000dae00000,0x00000000db381340,0x00000000dc300000)
Event: 6.664 GC heap after
Heap after GC invocations=3 (full 0):
 PSYoungGen      total 70656K, used 5120K [0x00000000f5500000, 0x00000000f9f00000, 0x0000000100000000)
  eden space 65536K, 0% used [0x00000000f5500000,0x00000000f5500000,0x00000000f9500000)
  from space 5120K, 100% used [0x00000000f9500000,0x00000000f9a00000,0x00000000f9a00000)
  to   space 5120K, 0% used [0x00000000f9a00000,0x00000000f9a00000,0x00000000f9f00000)
 ParOldGen       total 85504K, used 18048K [0x00000000e0000000, 0x00000000e5380000, 0x00000000f5500000)
  object space 85504K, 21% used [0x00000000e0000000,0x00000000e11a0248,0x00000000e5380000)
 PSPermGen       total 21504K, used 5636K [0x00000000dae00000, 0x00000000dc300000, 0x00000000e0000000)
  object space 21504K, 26% used [0x00000000dae00000,0x00000000db381340,0x00000000dc300000)
}

Deoptimization events (10 events):
Event: 6.065 Thread 0x0000000002109000 Uncommon trap: reason=null_check action=make_not_entrant pc=0x0000000002687510 method=com.android.dx.dex.file.FieldIdsSection.intern(Lcom/android/dx/rop/cst/CstFieldRef;)Lcom/android/dx/dex/file/FieldIdItem; @ 26
Event: 6.091 Thread 0x0000000002109000 Uncommon trap: reason=bimorphic action=maybe_recompile pc=0x00000000025e4c18 method=com.android.dx.ssa.LiteralOpUpgrader.tryReplacingWithConstant(Lcom/android/dx/ssa/NormalSsaInsn;)Z @ 52
Event: 6.245 Thread 0x0000000002109000 Uncommon trap: reason=class_check action=maybe_recompile pc=0x0000000002659458 method=com.android.dx.ssa.SCCP.setLatticeValueTo(IILcom/android/dx/rop/cst/Constant;)Z @ 43
Event: 6.245 Thread 0x0000000002109000 Uncommon trap: reason=class_check action=maybe_recompile pc=0x0000000002648b98 method=com.android.dx.ssa.SCCP.replaceConstants()V @ 81
Event: 6.273 Thread 0x0000000002109000 Uncommon trap: reason=bimorphic action=maybe_recompile pc=0x00000000025e4c18 method=com.android.dx.ssa.LiteralOpUpgrader.tryReplacingWithConstant(Lcom/android/dx/ssa/NormalSsaInsn;)Z @ 52
Event: 6.334 Thread 0x0000000002109000 Uncommon trap: reason=class_check action=maybe_recompile pc=0x0000000002659458 method=com.android.dx.ssa.SCCP.setLatticeValueTo(IILcom/android/dx/rop/cst/Constant;)Z @ 43
Event: 6.335 Thread 0x0000000002109000 Uncommon trap: reason=class_check action=maybe_recompile pc=0x0000000002659458 method=com.android.dx.ssa.SCCP.setLatticeValueTo(IILcom/android/dx/rop/cst/Constant;)Z @ 43
Event: 6.335 Thread 0x0000000002109000 Uncommon trap: reason=class_check action=maybe_recompile pc=0x0000000002659458 method=com.android.dx.ssa.SCCP.setLatticeValueTo(IILcom/android/dx/rop/cst/Constant;)Z @ 43
Event: 6.335 Thread 0x0000000002109000 Uncommon trap: reason=class_check action=maybe_recompile pc=0x0000000002648b98 method=com.android.dx.ssa.SCCP.replaceConstants()V @ 81
Event: 6.469 Thread 0x0000000002109000 Uncommon trap: reason=null_check action=make_not_entrant pc=0x00000000026b0c9c method=com.android.dx.cf.code.Ropper$CatchInfo.getSetup(Lcom/android/dx/rop/type/Type;)Lcom/android/dx/cf/code/Ropper$ExceptionHandlerSetup; @ 10

Internal exceptions (10 events):
Event: 1.623 Thread 0x0000000002109000 Implicit null exception at 0x00000000025328c3 to 0x0000000002532c19
Event: 1.900 Thread 0x0000000002109000 Threw 0x00000000f64d9050 at C:\re\jdk7u71\1605\hotspot\src\share\vm\prims\jvm.cpp:1281
Event: 1.920 Thread 0x0000000002109000 Threw 0x00000000f6569730 at C:\re\jdk7u71\1605\hotspot\src\share\vm\prims\jvm.cpp:1281
Event: 2.153 Thread 0x0000000002109000 Implicit null exception at 0x00000000025644a2 to 0x00000000025652f1
Event: 2.333 Thread 0x0000000002109000 Threw 0x00000000f6cdd7d8 at C:\re\jdk7u71\1605\hotspot\src\share\vm\prims\jvm.cpp:1281
Event: 2.352 Thread 0x0000000002109000 Threw 0x00000000f6d93388 at C:\re\jdk7u71\1605\hotspot\src\share\vm\prims\jvm.cpp:1281
Event: 2.573 Thread 0x0000000002109000 Implicit null exception at 0x000000000258a677 to 0x000000000258ad59
Event: 4.674 Thread 0x0000000002109000 Implicit null exception at 0x0000000002548612 to 0x0000000002548702
Event: 6.040 Thread 0x0000000002109000 Threw 0x00000000f763b0b8 at C:\re\jdk7u71\1605\hotspot\src\share\vm\prims\jvm.cpp:1281
Event: 6.469 Thread 0x0000000002109000 Implicit null exception at 0x00000000026ad23c to 0x00000000026b0c69

Events (10 events):
Event: 6.335 Thread 0x0000000002109000 DEOPT PACKING pc=0x0000000002659458 sp=0x00000000023fe870
Event: 6.335 Thread 0x0000000002109000 DEOPT UNPACKING pc=0x00000000024e75a4 sp=0x00000000023fe788 mode 2
Event: 6.335 Thread 0x0000000002109000 Uncommon trap: trap_request=0xffffffde fr.pc=0x0000000002648b98
Event: 6.335 Thread 0x0000000002109000 DEOPT PACKING pc=0x0000000002648b98 sp=0x00000000023fe890
Event: 6.335 Thread 0x0000000002109000 DEOPT UNPACKING pc=0x00000000024e75a4 sp=0x00000000023fe7e8 mode 2
Event: 6.469 Thread 0x0000000002109000 Uncommon trap: trap_request=0xfffffff4 fr.pc=0x00000000026b0c9c
Event: 6.469 Thread 0x0000000002109000 DEOPT PACKING pc=0x00000000026b0c9c sp=0x00000000023fe950
Event: 6.469 Thread 0x0000000002109000 DEOPT UNPACKING pc=0x00000000024e75a4 sp=0x00000000023fe898 mode 2
Event: 6.532 Executing VM operation: ParallelGCFailedAllocation
Event: 6.664 Executing VM operation: ParallelGCFailedAllocation done


Dynamic libraries:
0x000000013fe70000 - 0x000000013fea3000 	C:\Program Files\Java\jdk1.7.0_71\bin\java.exe
0x0000000077390000 - 0x0000000077539000 	C:\Windows\SYSTEM32\ntdll.dll
0x0000000077170000 - 0x000000007728f000 	C:\Windows\system32\kernel32.dll
0x000007fefc440000 - 0x000007fefc4ac000 	C:\Windows\system32\KERNELBASE.dll
0x000007fefc9b0000 - 0x000007fefca8b000 	C:\Windows\system32\ADVAPI32.dll
0x000007fefc6e0000 - 0x000007fefc77f000 	C:\Windows\system32\msvcrt.dll
0x000007fefe0c0000 - 0x000007fefe0df000 	C:\Windows\SYSTEM32\sechost.dll
0x000007fefdf90000 - 0x000007fefe0bd000 	C:\Windows\system32\RPCRT4.dll
0x0000000077290000 - 0x000000007738a000 	C:\Windows\system32\USER32.dll
0x000007fefd9d0000 - 0x000007fefda37000 	C:\Windows\system32\GDI32.dll
0x000007fefde30000 - 0x000007fefde3e000 	C:\Windows\system32\LPK.dll
0x000007fefde40000 - 0x000007fefdf09000 	C:\Windows\system32\USP10.dll
0x000007fefac00000 - 0x000007fefadf4000 	C:\Windows\WinSxS\amd64_microsoft.windows.common-controls_6595b64144ccf1df_6.0.7601.18837_none_fa3b1e3d17594757\COMCTL32.dll
0x000007fefdcd0000 - 0x000007fefdd41000 	C:\Windows\system32\SHLWAPI.dll
0x000007fefdc40000 - 0x000007fefdc6e000 	C:\Windows\system32\IMM32.DLL
0x000007fefcb30000 - 0x000007fefcc39000 	C:\Windows\system32\MSCTF.dll
0x0000000067630000 - 0x0000000067702000 	C:\Program Files\Java\jdk1.7.0_71\jre\bin\msvcr100.dll
0x0000000054220000 - 0x00000000549f3000 	C:\Program Files\Java\jdk1.7.0_71\jre\bin\server\jvm.dll
0x000007fef7910000 - 0x000007fef7919000 	C:\Windows\system32\WSOCK32.dll
0x000007fefc690000 - 0x000007fefc6dd000 	C:\Windows\system32\WS2_32.dll
0x000007fefe6f0000 - 0x000007fefe6f8000 	C:\Windows\system32\NSI.dll
0x000007fef9f80000 - 0x000007fef9fbb000 	C:\Windows\system32\WINMM.dll
0x0000000077560000 - 0x0000000077567000 	C:\Windows\system32\PSAPI.DLL
0x000000006f6a0000 - 0x000000006f6af000 	C:\Program Files\Java\jdk1.7.0_71\jre\bin\verify.dll
0x000000006f4b0000 - 0x000000006f4d8000 	C:\Program Files\Java\jdk1.7.0_71\jre\bin\java.dll
0x000000006f490000 - 0x000000006f4a5000 	C:\Program Files\Java\jdk1.7.0_71\jre\bin\zip.dll
0x000000006f420000 - 0x000000006f439000 	C:\Program Files\Java\jdk1.7.0_71\jre\bin\net.dll
0x000007fefb980000 - 0x000007fefb9d5000 	C:\Windows\system32\mswsock.dll
0x000007fefbb20000 - 0x000007fefbb27000 	C:\Windows\System32\wship6.dll
0x000000006f400000 - 0x000000006f411000 	C:\Program Files\Java\jdk1.7.0_71\jre\bin\nio.dll

VM Arguments:
jvm_args: -Xmx1024M -Dfile.encoding=windows-1252 -Duser.country=GB -Duser.language=en -Duser.variant -Xmx512M 
java_command: com.android.dx.command.Main --dex --output I:\GitHub\BuildItBigger\jokedisplaylibrary\build\intermediates\pre-dexed\androidTest\free\debug\classes-688aad3bda48c0ea7df562fce5498e6eb035c10a.jar I:\GitHub\BuildItBigger\jokedisplaylibrary\build\intermediates\exploded-aar\com.google.android.gms\play-services-drive\7.5.0\jars\classes.jar
Launcher Type: SUN_STANDARD

Environment Variables:
JAVA_HOME=C:\Program Files\Java\jdk1.7.0_71
_JAVA_OPTIONS=-Xmx512M
PATH=C:\ProgramData\Oracle\Java\javapath;C:\Windows\system32;C:\Windows;C:\Windows\System32\Wbem;C:\Windows\System32\WindowsPowerShell\v1.0\;C:\Program Files (x86)\Microsoft SQL Server\100\Tools\Binn\VSShell\Common7\IDE\;C:\Program Files (x86)\Microsoft SQL Server\100\Tools\Binn\;C:\Program Files\Microsoft SQL Server\100\Tools\Binn\;C:\Program Files (x86)\Microsoft SQL Server\100\DTS\Binn\;C:\Program Files\Microsoft SQL Server\100\DTS\Binn\;C:\Program Files (x86)\Microsoft Team Foundation Server 2012 Power Tools\;C:\Program Files (x86)\Microsoft Team Foundation Server 2012 Power Tools\Best Practices Analyzer\;C:\Program Files\System Center Operations Manager 2007\;C:\Program Files (x86)\Microsoft ASP.NET\ASP.NET Web Pages\v1.0\;C:\Program Files\Microsoft SQL Server\110\Tools\Binn\;C:\Program Files\Microsoft\Web Platform Installer\;C:\Program Files\Devart\Review Assistant;C:\Program Files\Microsoft SQL Server\120\Tools\Binn\;C:\Program Files\nodejs\;C:\Users\htan\Documents\Visual Studio 2012\Projects\MvcApplication2\node_modules\protractor\selenium;C:\Program Files (x86)\Git\cmd;C:\Program Files (x86)\GtkSharp\2.12\bin;C:\Program Files (x86)\Windows Kits\8.1\Windows Performance Toolkit\;C:\Program Files (x86)\nodejs\;C:\Program Files (x86)\Skype\Phone\;C:\RailsInstaller\Git\cmd;C:\RailsInstaller\Ruby2.1.0\bin;C:\Ruby193\bin;C:\Program Files\Java\jdk1.7.0_71;C:\Program Files\Java\jre7;C:\apache-ant-1.9.3\bin;I:\Android\android-sdk\tools;I:\Android\android-sdk\platform-tools;C:\Users\htan\AppData\Roaming\npm
USERNAME=htan
OS=Windows_NT
PROCESSOR_IDENTIFIER=Intel64 Family 6 Model 42 Stepping 7, GenuineIntel



---------------  S Y S T E M  ---------------

OS: Windows 7 , 64 bit Build 7601 Service Pack 1

CPU:total 8 (4 cores per cpu, 2 threads per core) family 6 model 42 stepping 7, cmov, cx8, fxsr, mmx, sse, sse2, sse3, ssse3, sse4.1, sse4.2, popcnt, avx, aes, ht, tsc, tscinvbit

Memory: 4k page, physical 8233400k(1810860k free), swap 8834444k(190664k free)

vm_info: Java HotSpot(TM) 64-Bit Server VM (24.71-b01) for windows-amd64 JRE (1.7.0_71-b14), built on Sep 26 2014 16:16:12 by "java_re" with unknown MS VC++:1600

time: Thu Sep 10 17:22:49 2015
elapsed time: 6 seconds

