#
# There is insufficient memory for the Java Runtime Environment to continue.
# Native memory allocation (malloc) failed to allocate 238336 bytes for Chunk::new
# Possible reasons:
#   The system is out of physical RAM or swap space
#   In 32 bit mode, the process size limit was hit
# Possible solutions:
#   Reduce memory load on the system
#   Increase physical memory or swap space
#   Check if swap backing store is full
#   Use 64 bit Java on a 64 bit OS
#   Decrease Java heap size (-Xmx/-Xms)
#   Decrease number of Java threads
#   Decrease Java thread stack sizes (-Xss)
#   Set larger code cache with -XX:ReservedCodeCacheSize=
# This output file may be truncated or incomplete.
#
#  Out of Memory Error (allocation.cpp:323), pid=7176, tid=17968
#
# JRE version: Java(TM) SE Runtime Environment (7.0_71-b14) (build 1.7.0_71-b14)
# Java VM: Java HotSpot(TM) 64-Bit Server VM (24.71-b01 mixed mode windows-amd64 compressed oops)
# Failed to write core dump. Minidumps are not enabled by default on client versions of Windows
#

---------------  T H R E A D  ---------------

Current thread (0x000000000761c800):  JavaThread "C2 CompilerThread0" daemon [_thread_in_native, id=17968, stack(0x0000000009e70000,0x0000000009f70000)]

Stack: [0x0000000009e70000,0x0000000009f70000]
[error occurred during error reporting (printing stack bounds), id 0xc0000005]


[error occurred during error reporting (printing native stack), id 0xc0000005]


Current CompileTask:
C2:   1932  170             com.android.dx.ssa.SsaRenamer$BlockRenamer::process (191 bytes)


---------------  P R O C E S S  ---------------

Java Threads: ( => current thread )
  0x00000000086be000 JavaThread "Service Thread" daemon [_thread_blocked, id=18612, stack(0x0000000009d20000,0x0000000009e20000)]
  0x00000000086bc800 JavaThread "C2 CompilerThread1" daemon [_thread_in_native, id=4300, stack(0x000000000a000000,0x000000000a100000)]
=>0x000000000761c800 JavaThread "C2 CompilerThread0" daemon [_thread_in_native, id=17968, stack(0x0000000009e70000,0x0000000009f70000)]
  0x000000000761c000 JavaThread "Attach Listener" daemon [_thread_blocked, id=9204, stack(0x00000000099b0000,0x0000000009ab0000)]
  0x000000000761b000 JavaThread "Signal Dispatcher" daemon [_thread_blocked, id=12664, stack(0x0000000009c00000,0x0000000009d00000)]
  0x0000000007601800 JavaThread "Finalizer" daemon [_thread_blocked, id=8168, stack(0x0000000009ae0000,0x0000000009be0000)]
  0x0000000007600800 JavaThread "Reference Handler" daemon [_thread_blocked, id=15588, stack(0x0000000009860000,0x0000000009960000)]
  0x0000000002179000 JavaThread "main" [_thread_in_Java, id=19064, stack(0x0000000002580000,0x0000000002680000)]

Other Threads:
  0x00000000075fd800 VMThread [stack: 0x0000000009620000,0x0000000009720000] [id=10444]
  0x00000000086cb800 WatcherThread [stack: 0x0000000009750000,0x0000000009850000] [id=10756]

VM state:not at safepoint (normal execution)

VM Mutex/Monitor currently owned by a thread: None

Heap
 PSYoungGen      total 37888K, used 22971K [0x00000000f5500000, 0x00000000f7f00000, 0x0000000100000000)
  eden space 32768K, 70% used [0x00000000f5500000,0x00000000f6b6ed18,0x00000000f7500000)
  from space 5120K, 0% used [0x00000000f7a00000,0x00000000f7a00000,0x00000000f7f00000)
  to   space 5120K, 0% used [0x00000000f7500000,0x00000000f7500000,0x00000000f7a00000)
 ParOldGen       total 85504K, used 0K [0x00000000e0000000, 0x00000000e5380000, 0x00000000f5500000)
  object space 85504K, 0% used [0x00000000e0000000,0x00000000e0000000,0x00000000e5380000)
 PSPermGen       total 21504K, used 5453K [0x00000000dae00000, 0x00000000dc300000, 0x00000000e0000000)
  object space 21504K, 25% used [0x00000000dae00000,0x00000000db3537d8,0x00000000dc300000)

Card table byte_map: [0x0000000002310000,0x0000000002440000] byte_map_base: 0x0000000001c39000

Polling page: 0x0000000000430000

Code Cache  [0x0000000002680000, 0x00000000028f0000, 0x0000000005680000)
 total_blobs=404 nmethods=168 adapters=186 free_code_cache=48456Kb largest_free_block=49606016

Compilation events (10 events):
Event: 1.892 Thread 0x000000000761c800 nmethod 165 0x0000000002724ad0 code [0x0000000002724c00, 0x0000000002724cd8]
Event: 1.893 Thread 0x000000000761c800  166             com.android.dx.rop.type.Type::equals (31 bytes)
Event: 1.895 Thread 0x000000000761c800 nmethod 166 0x0000000002724710 code [0x0000000002724860, 0x00000000027249d8]
Event: 1.902 Thread 0x000000000761c800  167             com.android.dx.rop.code.BasicBlockList::labelToBlock (46 bytes)
Event: 1.905 Thread 0x000000000761c800 nmethod 167 0x0000000002724210 code [0x0000000002724360, 0x0000000002724498]
Event: 1.915 Thread 0x000000000761c800  168             com.android.dx.rop.code.BasicBlock::getPrimarySuccessor (5 bytes)
Event: 1.915 Thread 0x000000000761c800 nmethod 168 0x0000000002721c50 code [0x0000000002721d80, 0x0000000002721dd8]
Event: 1.922 Thread 0x000000000761c800  169             com.android.dx.rop.code.RegisterSpec::makeLocalOptional (7 bytes)
Event: 1.922 Thread 0x000000000761c800 nmethod 169 0x0000000002723fd0 code [0x0000000002724120, 0x0000000002724188]
Event: 1.922 Thread 0x000000000761c800  170             com.android.dx.ssa.SsaRenamer$BlockRenamer::process (191 bytes)

GC Heap History (0 events):
No events

Deoptimization events (10 events):
Event: 1.307 Thread 0x0000000002179000 Uncommon trap: reason=class_check action=maybe_recompile pc=0x00000000026f89b4 method=com.android.dx.ssa.NormalSsaInsn.accept(Lcom/android/dx/ssa/SsaInsn$Visitor;)V @ 9
Event: 1.307 Thread 0x0000000002179000 Uncommon trap: reason=class_check action=maybe_recompile pc=0x00000000026f89b4 method=com.android.dx.ssa.NormalSsaInsn.accept(Lcom/android/dx/ssa/SsaInsn$Visitor;)V @ 9
Event: 1.307 Thread 0x0000000002179000 Uncommon trap: reason=class_check action=maybe_recompile pc=0x00000000026f89b4 method=com.android.dx.ssa.NormalSsaInsn.accept(Lcom/android/dx/ssa/SsaInsn$Visitor;)V @ 9
Event: 1.308 Thread 0x0000000002179000 Uncommon trap: reason=class_check action=maybe_recompile pc=0x00000000026f89b4 method=com.android.dx.ssa.NormalSsaInsn.accept(Lcom/android/dx/ssa/SsaInsn$Visitor;)V @ 9
Event: 1.426 Thread 0x0000000002179000 Uncommon trap: reason=null_check action=make_not_entrant pc=0x0000000002700f48 method=com.android.dx.ssa.SsaRenamer.getLocalForNewReg(I)Lcom/android/dx/rop/code/LocalItem; @ 19
Event: 1.845 Thread 0x0000000002179000 Uncommon trap: reason=null_check action=make_not_entrant pc=0x0000000002725e70 method=com.android.dx.rop.type.Type.putIntern(Lcom/android/dx/rop/type/Type;)Lcom/android/dx/rop/type/Type; @ 18
Event: 1.861 Thread 0x0000000002179000 Uncommon trap: reason=class_check action=maybe_recompile pc=0x00000000027107e8 method=com.android.dx.rop.type.Type.equals(Ljava/lang/Object;)Z @ 8
Event: 1.865 Thread 0x0000000002179000 Uncommon trap: reason=class_check action=maybe_recompile pc=0x00000000027107e8 method=com.android.dx.rop.type.Type.equals(Ljava/lang/Object;)Z @ 8
Event: 1.871 Thread 0x0000000002179000 Uncommon trap: reason=class_check action=maybe_recompile pc=0x00000000027107e8 method=com.android.dx.rop.type.Type.equals(Ljava/lang/Object;)Z @ 8
Event: 1.871 Thread 0x0000000002179000 Uncommon trap: reason=class_check action=maybe_recompile pc=0x00000000027107e8 method=com.android.dx.rop.type.Type.equals(Ljava/lang/Object;)Z @ 8

Internal exceptions (10 events):
Event: 1.250 Thread 0x0000000002179000 Threw 0x00000000f5edc7f8 at C:\re\jdk7u71\1605\hotspot\src\share\vm\prims\jvm.cpp:1281
Event: 1.250 Thread 0x0000000002179000 Threw 0x00000000f5ee1eb0 at C:\re\jdk7u71\1605\hotspot\src\share\vm\prims\jvm.cpp:1281
Event: 1.251 Thread 0x0000000002179000 Threw 0x00000000f5ee72f0 at C:\re\jdk7u71\1605\hotspot\src\share\vm\prims\jvm.cpp:1281
Event: 1.256 Thread 0x0000000002179000 Threw 0x00000000f5eff880 at C:\re\jdk7u71\1605\hotspot\src\share\vm\prims\jvm.cpp:1281
Event: 1.276 Thread 0x0000000002179000 Threw 0x00000000f5f5ec78 at C:\re\jdk7u71\1605\hotspot\src\share\vm\prims\jvm.cpp:1281
Event: 1.424 Thread 0x0000000002179000 Threw 0x00000000f61747f8 at C:\re\jdk7u71\1605\hotspot\src\share\vm\prims\jvm.cpp:1281
Event: 1.425 Thread 0x0000000002179000 Threw 0x00000000f617a2e8 at C:\re\jdk7u71\1605\hotspot\src\share\vm\prims\jvm.cpp:1281
Event: 1.426 Thread 0x0000000002179000 Implicit null exception at 0x0000000002700562 to 0x0000000002700f2d
Event: 1.489 Thread 0x0000000002179000 Threw 0x00000000f62c8238 at C:\re\jdk7u71\1605\hotspot\src\share\vm\prims\jvm.cpp:1281
Event: 1.845 Thread 0x0000000002179000 Implicit null exception at 0x0000000002725767 to 0x0000000002725e61

Events (10 events):
Event: 1.861 Thread 0x0000000002179000 DEOPT UNPACKING pc=0x00000000026b75a4 sp=0x000000000267e518 mode 2
Event: 1.865 Thread 0x0000000002179000 Uncommon trap: trap_request=0xffffffde fr.pc=0x00000000027107e8
Event: 1.865 Thread 0x0000000002179000 DEOPT PACKING pc=0x00000000027107e8 sp=0x000000000267e500
Event: 1.865 Thread 0x0000000002179000 DEOPT UNPACKING pc=0x00000000026b75a4 sp=0x000000000267e438 mode 2
Event: 1.871 Thread 0x0000000002179000 Uncommon trap: trap_request=0xffffffde fr.pc=0x00000000027107e8
Event: 1.871 Thread 0x0000000002179000 DEOPT PACKING pc=0x00000000027107e8 sp=0x000000000267e890
Event: 1.871 Thread 0x0000000002179000 DEOPT UNPACKING pc=0x00000000026b75a4 sp=0x000000000267e7c8 mode 2
Event: 1.871 Thread 0x0000000002179000 Uncommon trap: trap_request=0xffffffde fr.pc=0x00000000027107e8
Event: 1.871 Thread 0x0000000002179000 DEOPT PACKING pc=0x00000000027107e8 sp=0x000000000267e810
Event: 1.871 Thread 0x0000000002179000 DEOPT UNPACKING pc=0x00000000026b75a4 sp=0x000000000267e748 mode 2


Dynamic libraries:
0x000000013fdb0000 - 0x000000013fde3000 	C:\Program Files\Java\jdk1.7.0_71\bin\java.exe
0x0000000077390000 - 0x0000000077539000 	C:\Windows\SYSTEM32\ntdll.dll
0x0000000077170000 - 0x000000007728f000 	C:\Windows\system32\kernel32.dll
0x000007fefc440000 - 0x000007fefc4ac000 	C:\Windows\system32\KERNELBASE.dll
0x000007fefc9b0000 - 0x000007fefca8b000 	C:\Windows\system32\ADVAPI32.dll
0x000007fefc6e0000 - 0x000007fefc77f000 	C:\Windows\system32\msvcrt.dll
0x000007fefe0c0000 - 0x000007fefe0df000 	C:\Windows\SYSTEM32\sechost.dll
0x000007fefdf90000 - 0x000007fefe0bd000 	C:\Windows\system32\RPCRT4.dll
0x0000000077290000 - 0x000000007738a000 	C:\Windows\system32\USER32.dll
0x000007fefd9d0000 - 0x000007fefda37000 	C:\Windows\system32\GDI32.dll
0x000007fefde30000 - 0x000007fefde3e000 	C:\Windows\system32\LPK.dll
0x000007fefde40000 - 0x000007fefdf09000 	C:\Windows\system32\USP10.dll
0x000007fefac00000 - 0x000007fefadf4000 	C:\Windows\WinSxS\amd64_microsoft.windows.common-controls_6595b64144ccf1df_6.0.7601.18837_none_fa3b1e3d17594757\COMCTL32.dll
0x000007fefdcd0000 - 0x000007fefdd41000 	C:\Windows\system32\SHLWAPI.dll
0x000007fefdc40000 - 0x000007fefdc6e000 	C:\Windows\system32\IMM32.DLL
0x000007fefcb30000 - 0x000007fefcc39000 	C:\Windows\system32\MSCTF.dll
0x0000000078ab0000 - 0x0000000078b82000 	C:\Program Files\Java\jdk1.7.0_71\jre\bin\msvcr100.dll
0x000000006e580000 - 0x000000006ed53000 	C:\Program Files\Java\jdk1.7.0_71\jre\bin\server\jvm.dll
0x000007fef7910000 - 0x000007fef7919000 	C:\Windows\system32\WSOCK32.dll
0x000007fefc690000 - 0x000007fefc6dd000 	C:\Windows\system32\WS2_32.dll
0x000007fefe6f0000 - 0x000007fefe6f8000 	C:\Windows\system32\NSI.dll
0x000007fef9f80000 - 0x000007fef9fbb000 	C:\Windows\system32\WINMM.dll
0x0000000077560000 - 0x0000000077567000 	C:\Windows\system32\PSAPI.DLL
0x000000006f980000 - 0x000000006f98f000 	C:\Program Files\Java\jdk1.7.0_71\jre\bin\verify.dll
0x000000006f400000 - 0x000000006f428000 	C:\Program Files\Java\jdk1.7.0_71\jre\bin\java.dll
0x0000000066610000 - 0x0000000066625000 	C:\Program Files\Java\jdk1.7.0_71\jre\bin\zip.dll
0x00000000665f0000 - 0x0000000066609000 	C:\Program Files\Java\jdk1.7.0_71\jre\bin\net.dll
0x000007fefb980000 - 0x000007fefb9d5000 	C:\Windows\system32\mswsock.dll
0x000007fefbb20000 - 0x000007fefbb27000 	C:\Windows\System32\wship6.dll
0x00000000665d0000 - 0x00000000665e1000 	C:\Program Files\Java\jdk1.7.0_71\jre\bin\nio.dll

VM Arguments:
jvm_args: -Xmx1024M -Dfile.encoding=windows-1252 -Duser.country=GB -Duser.language=en -Duser.variant -Xmx512M 
java_command: com.android.dx.command.Main --dex --output I:\GitHub\BuildItBigger\jokedisplaylibrary\build\intermediates\pre-dexed\androidTest\free\debug\classes-889889efcb4f3bc2f2904e47b3447810bef47cd1.jar I:\GitHub\BuildItBigger\jokedisplaylibrary\build\intermediates\exploded-aar\com.android.support\support-v4\22.2.0\jars\classes.jar
Launcher Type: SUN_STANDARD

Environment Variables:
JAVA_HOME=C:\Program Files\Java\jdk1.7.0_71
_JAVA_OPTIONS=-Xmx512M
PATH=C:\ProgramData\Oracle\Java\javapath;C:\Windows\system32;C:\Windows;C:\Windows\System32\Wbem;C:\Windows\System32\WindowsPowerShell\v1.0\;C:\Program Files (x86)\Microsoft SQL Server\100\Tools\Binn\VSShell\Common7\IDE\;C:\Program Files (x86)\Microsoft SQL Server\100\Tools\Binn\;C:\Program Files\Microsoft SQL Server\100\Tools\Binn\;C:\Program Files (x86)\Microsoft SQL Server\100\DTS\Binn\;C:\Program Files\Microsoft SQL Server\100\DTS\Binn\;C:\Program Files (x86)\Microsoft Team Foundation Server 2012 Power Tools\;C:\Program Files (x86)\Microsoft Team Foundation Server 2012 Power Tools\Best Practices Analyzer\;C:\Program Files\System Center Operations Manager 2007\;C:\Program Files (x86)\Microsoft ASP.NET\ASP.NET Web Pages\v1.0\;C:\Program Files\Microsoft SQL Server\110\Tools\Binn\;C:\Program Files\Microsoft\Web Platform Installer\;C:\Program Files\Devart\Review Assistant;C:\Program Files\Microsoft SQL Server\120\Tools\Binn\;C:\Program Files\nodejs\;C:\Users\htan\Documents\Visual Studio 2012\Projects\MvcApplication2\node_modules\protractor\selenium;C:\Program Files (x86)\Git\cmd;C:\Program Files (x86)\GtkSharp\2.12\bin;C:\Program Files (x86)\Windows Kits\8.1\Windows Performance Toolkit\;C:\Program Files (x86)\nodejs\;C:\Program Files (x86)\Skype\Phone\;C:\RailsInstaller\Git\cmd;C:\RailsInstaller\Ruby2.1.0\bin;C:\Ruby193\bin;C:\Program Files\Java\jdk1.7.0_71;C:\Program Files\Java\jre7;C:\apache-ant-1.9.3\bin;I:\Android\android-sdk\tools;I:\Android\android-sdk\platform-tools;C:\Users\htan\AppData\Roaming\npm
USERNAME=htan
OS=Windows_NT
PROCESSOR_IDENTIFIER=Intel64 Family 6 Model 42 Stepping 7, GenuineIntel



---------------  S Y S T E M  ---------------

OS: Windows 7 , 64 bit Build 7601 Service Pack 1

CPU:total 8 (4 cores per cpu, 2 threads per core) family 6 model 42 stepping 7, cmov, cx8, fxsr, mmx, sse, sse2, sse3, ssse3, sse4.1, sse4.2, popcnt, avx, aes, ht, tsc, tscinvbit

Memory: 4k page, physical 8233400k(1118596k free), swap 8834444k(5992k free)

vm_info: Java HotSpot(TM) 64-Bit Server VM (24.71-b01) for windows-amd64 JRE (1.7.0_71-b14), built on Sep 26 2014 16:16:12 by "java_re" with unknown MS VC++:1600

time: Thu Sep 10 10:31:39 2015
elapsed time: 1 seconds

