#
# There is insufficient memory for the Java Runtime Environment to continue.
# Native memory allocation (malloc) failed to allocate 143696 bytes for Chunk::new
# Possible reasons:
#   The system is out of physical RAM or swap space
#   In 32 bit mode, the process size limit was hit
# Possible solutions:
#   Reduce memory load on the system
#   Increase physical memory or swap space
#   Check if swap backing store is full
#   Use 64 bit Java on a 64 bit OS
#   Decrease Java heap size (-Xmx/-Xms)
#   Decrease number of Java threads
#   Decrease Java thread stack sizes (-Xss)
#   Set larger code cache with -XX:ReservedCodeCacheSize=
# This output file may be truncated or incomplete.
#
#  Out of Memory Error (allocation.cpp:323), pid=6328, tid=17280
#
# JRE version: Java(TM) SE Runtime Environment (7.0_71-b14) (build 1.7.0_71-b14)
# Java VM: Java HotSpot(TM) 64-Bit Server VM (24.71-b01 mixed mode windows-amd64 compressed oops)
# Failed to write core dump. Minidumps are not enabled by default on client versions of Windows
#

---------------  T H R E A D  ---------------

Current thread (0x0000000007849000):  JavaThread "C2 CompilerThread1" daemon [_thread_in_native, id=17280, stack(0x000000000a4a0000,0x000000000a5a0000)]

Stack: [0x000000000a4a0000,0x000000000a5a0000]
[error occurred during error reporting (printing stack bounds), id 0xc0000005]


[error occurred during error reporting (printing native stack), id 0xc0000005]


Current CompileTask:
C2:   1226   12             sun.net.www.ParseUtil::encodePath (336 bytes)


---------------  P R O C E S S  ---------------

Java Threads: ( => current thread )
  0x000000000784a800 JavaThread "Service Thread" daemon [_thread_blocked, id=16080, stack(0x000000000a660000,0x000000000a760000)]
=>0x0000000007849000 JavaThread "C2 CompilerThread1" daemon [_thread_in_native, id=17280, stack(0x000000000a4a0000,0x000000000a5a0000)]
  0x0000000007844800 JavaThread "C2 CompilerThread0" daemon [_thread_blocked, id=18260, stack(0x000000000a2f0000,0x000000000a3f0000)]
  0x0000000007843800 JavaThread "Attach Listener" daemon [_thread_blocked, id=6932, stack(0x000000000a070000,0x000000000a170000)]
  0x0000000007843000 JavaThread "Signal Dispatcher" daemon [_thread_blocked, id=11304, stack(0x0000000009e90000,0x0000000009f90000)]
  0x0000000007837000 JavaThread "Finalizer" daemon [_thread_blocked, id=7228, stack(0x0000000009c70000,0x0000000009d70000)]
  0x0000000007830800 JavaThread "Reference Handler" daemon [_thread_blocked, id=11444, stack(0x0000000009960000,0x0000000009a60000)]
  0x0000000001dc9000 JavaThread "main" [_thread_in_native, id=19332, stack(0x00000000024a0000,0x00000000025a0000)]

Other Threads:
  0x000000000782d800 VMThread [stack: 0x0000000009a80000,0x0000000009b80000] [id=15004]
  0x0000000008a08000 WatcherThread [stack: 0x000000000a190000,0x000000000a290000] [id=7636]

VM state:not at safepoint (normal execution)

VM Mutex/Monitor currently owned by a thread: None

Heap
 PSYoungGen      total 37888K, used 5268K [0x00000000f5500000, 0x00000000f7f00000, 0x0000000100000000)
  eden space 32768K, 16% used [0x00000000f5500000,0x00000000f5a250e8,0x00000000f7500000)
  from space 5120K, 0% used [0x00000000f7a00000,0x00000000f7a00000,0x00000000f7f00000)
  to   space 5120K, 0% used [0x00000000f7500000,0x00000000f7500000,0x00000000f7a00000)
 ParOldGen       total 85504K, used 0K [0x00000000e0000000, 0x00000000e5380000, 0x00000000f5500000)
  object space 85504K, 0% used [0x00000000e0000000,0x00000000e0000000,0x00000000e5380000)
 PSPermGen       total 21504K, used 4605K [0x00000000dae00000, 0x00000000dc300000, 0x00000000e0000000)
  object space 21504K, 21% used [0x00000000dae00000,0x00000000db27f4d0,0x00000000dc300000)

Card table byte_map: [0x0000000005660000,0x0000000005790000] byte_map_base: 0x0000000004f89000

Polling page: 0x0000000000130000

Code Cache  [0x00000000025a0000, 0x0000000002810000, 0x00000000055a0000)
 total_blobs=240 nmethods=11 adapters=182 free_code_cache=48724Kb largest_free_block=49878208

Compilation events (10 events):
Event: 0.761 Thread 0x0000000007849000 nmethod 7 0x0000000002604b50 code [0x0000000002604ca0, 0x0000000002605188]
Event: 0.795 Thread 0x0000000007844800    8             java.lang.String::equals (81 bytes)
Event: 0.798 Thread 0x0000000007849000    9             java.lang.String::charAt (29 bytes)
Event: 0.798 Thread 0x0000000007849000 nmethod 9 0x0000000002609f90 code [0x000000000260a0c0, 0x000000000260a158]
Event: 0.799 Thread 0x0000000007844800 nmethod 8 0x0000000002606290 code [0x00000000026063e0, 0x0000000002606618]
Event: 0.799 Thread 0x0000000007849000   10             java.lang.Object::<init> (1 bytes)
Event: 0.800 Thread 0x0000000007849000 nmethod 10 0x0000000002606050 code [0x0000000002606180, 0x00000000026061f8]
Event: 0.812 Thread 0x0000000007844800   11             java.lang.String::startsWith (72 bytes)
Event: 0.814 Thread 0x0000000007844800 nmethod 11 0x0000000002605850 code [0x00000000026059a0, 0x0000000002605b38]
Event: 1.215 Thread 0x0000000007849000   12             sun.net.www.ParseUtil::encodePath (336 bytes)

GC Heap History (0 events):
No events

Deoptimization events (0 events):
No events

Internal exceptions (10 events):
Event: 1.220 Thread 0x0000000001dc9000 Threw 0x00000000f5994450 at C:\re\jdk7u71\1605\hotspot\src\share\vm\prims\jvm.cpp:1281
Event: 1.220 Thread 0x0000000001dc9000 Threw 0x00000000f5998820 at C:\re\jdk7u71\1605\hotspot\src\share\vm\prims\jvm.cpp:1281
Event: 1.221 Thread 0x0000000001dc9000 Threw 0x00000000f599b0b0 at C:\re\jdk7u71\1605\hotspot\src\share\vm\prims\jvm.cpp:1281
Event: 1.222 Thread 0x0000000001dc9000 Threw 0x00000000f59a5a18 at C:\re\jdk7u71\1605\hotspot\src\share\vm\prims\jvm.cpp:1281
Event: 1.222 Thread 0x0000000001dc9000 Threw 0x00000000f59a8670 at C:\re\jdk7u71\1605\hotspot\src\share\vm\prims\jvm.cpp:1281
Event: 1.223 Thread 0x0000000001dc9000 Threw 0x00000000f59ad628 at C:\re\jdk7u71\1605\hotspot\src\share\vm\prims\jvm.cpp:1281
Event: 1.223 Thread 0x0000000001dc9000 Threw 0x00000000f59b01a0 at C:\re\jdk7u71\1605\hotspot\src\share\vm\prims\jvm.cpp:1281
Event: 1.223 Thread 0x0000000001dc9000 Threw 0x00000000f59b5750 at C:\re\jdk7u71\1605\hotspot\src\share\vm\prims\jvm.cpp:1281
Event: 1.224 Thread 0x0000000001dc9000 Threw 0x00000000f59b8db8 at C:\re\jdk7u71\1605\hotspot\src\share\vm\prims\jvm.cpp:1281
Event: 1.224 Thread 0x0000000001dc9000 Threw 0x00000000f59bb988 at C:\re\jdk7u71\1605\hotspot\src\share\vm\prims\jvm.cpp:1281

Events (10 events):
Event: 1.222 loading class 0x0000000008b88d60
Event: 1.223 loading class 0x0000000008b88d60 done
Event: 1.223 loading class 0x0000000008b818b0
Event: 1.223 loading class 0x0000000008b818b0 done
Event: 1.223 loading class 0x0000000008b96480
Event: 1.223 loading class 0x0000000008b96480 done
Event: 1.224 loading class 0x0000000008b85270
Event: 1.224 loading class 0x0000000008b85270 done
Event: 1.224 loading class 0x0000000008b81930
Event: 1.224 loading class 0x0000000008b81930 done


Dynamic libraries:
0x000000013fe70000 - 0x000000013fea3000 	C:\Program Files\Java\jdk1.7.0_71\bin\java.exe
0x0000000077390000 - 0x0000000077539000 	C:\Windows\SYSTEM32\ntdll.dll
0x0000000077170000 - 0x000000007728f000 	C:\Windows\system32\kernel32.dll
0x000007fefc440000 - 0x000007fefc4ac000 	C:\Windows\system32\KERNELBASE.dll
0x000007fefc9b0000 - 0x000007fefca8b000 	C:\Windows\system32\ADVAPI32.dll
0x000007fefc6e0000 - 0x000007fefc77f000 	C:\Windows\system32\msvcrt.dll
0x000007fefe0c0000 - 0x000007fefe0df000 	C:\Windows\SYSTEM32\sechost.dll
0x000007fefdf90000 - 0x000007fefe0bd000 	C:\Windows\system32\RPCRT4.dll
0x0000000077290000 - 0x000000007738a000 	C:\Windows\system32\USER32.dll
0x000007fefd9d0000 - 0x000007fefda37000 	C:\Windows\system32\GDI32.dll
0x000007fefde30000 - 0x000007fefde3e000 	C:\Windows\system32\LPK.dll
0x000007fefde40000 - 0x000007fefdf09000 	C:\Windows\system32\USP10.dll
0x000007fefac00000 - 0x000007fefadf4000 	C:\Windows\WinSxS\amd64_microsoft.windows.common-controls_6595b64144ccf1df_6.0.7601.18837_none_fa3b1e3d17594757\COMCTL32.dll
0x000007fefdcd0000 - 0x000007fefdd41000 	C:\Windows\system32\SHLWAPI.dll
0x000007fefdc40000 - 0x000007fefdc6e000 	C:\Windows\system32\IMM32.DLL
0x000007fefcb30000 - 0x000007fefcc39000 	C:\Windows\system32\MSCTF.dll
0x0000000067630000 - 0x0000000067702000 	C:\Program Files\Java\jdk1.7.0_71\jre\bin\msvcr100.dll
0x0000000054220000 - 0x00000000549f3000 	C:\Program Files\Java\jdk1.7.0_71\jre\bin\server\jvm.dll
0x000007fef7910000 - 0x000007fef7919000 	C:\Windows\system32\WSOCK32.dll
0x000007fefc690000 - 0x000007fefc6dd000 	C:\Windows\system32\WS2_32.dll
0x000007fefe6f0000 - 0x000007fefe6f8000 	C:\Windows\system32\NSI.dll
0x000007fef9f80000 - 0x000007fef9fbb000 	C:\Windows\system32\WINMM.dll
0x0000000077560000 - 0x0000000077567000 	C:\Windows\system32\PSAPI.DLL
0x000000006f6a0000 - 0x000000006f6af000 	C:\Program Files\Java\jdk1.7.0_71\jre\bin\verify.dll
0x000000006f4b0000 - 0x000000006f4d8000 	C:\Program Files\Java\jdk1.7.0_71\jre\bin\java.dll
0x000000006f490000 - 0x000000006f4a5000 	C:\Program Files\Java\jdk1.7.0_71\jre\bin\zip.dll
0x000000006f420000 - 0x000000006f439000 	C:\Program Files\Java\jdk1.7.0_71\jre\bin\net.dll
0x000007fefb980000 - 0x000007fefb9d5000 	C:\Windows\system32\mswsock.dll
0x000007fefbb20000 - 0x000007fefbb27000 	C:\Windows\System32\wship6.dll
0x000000006f400000 - 0x000000006f411000 	C:\Program Files\Java\jdk1.7.0_71\jre\bin\nio.dll

VM Arguments:
jvm_args: -Xmx1024M -Dfile.encoding=windows-1252 -Duser.country=GB -Duser.language=en -Duser.variant -Xmx512M 
java_command: com.android.dx.command.Main --dex --output I:\GitHub\BuildItBigger\jokedisplaylibrary\build\intermediates\pre-dexed\androidTest\free\debug\classes-688aad3bda48c0ea7df562fce5498e6eb035c10a.jar I:\GitHub\BuildItBigger\jokedisplaylibrary\build\intermediates\exploded-aar\com.google.android.gms\play-services-drive\7.5.0\jars\classes.jar
Launcher Type: SUN_STANDARD

Environment Variables:
JAVA_HOME=C:\Program Files\Java\jdk1.7.0_71
_JAVA_OPTIONS=-Xmx512M
PATH=C:\ProgramData\Oracle\Java\javapath;C:\Windows\system32;C:\Windows;C:\Windows\System32\Wbem;C:\Windows\System32\WindowsPowerShell\v1.0\;C:\Program Files (x86)\Microsoft SQL Server\100\Tools\Binn\VSShell\Common7\IDE\;C:\Program Files (x86)\Microsoft SQL Server\100\Tools\Binn\;C:\Program Files\Microsoft SQL Server\100\Tools\Binn\;C:\Program Files (x86)\Microsoft SQL Server\100\DTS\Binn\;C:\Program Files\Microsoft SQL Server\100\DTS\Binn\;C:\Program Files (x86)\Microsoft Team Foundation Server 2012 Power Tools\;C:\Program Files (x86)\Microsoft Team Foundation Server 2012 Power Tools\Best Practices Analyzer\;C:\Program Files\System Center Operations Manager 2007\;C:\Program Files (x86)\Microsoft ASP.NET\ASP.NET Web Pages\v1.0\;C:\Program Files\Microsoft SQL Server\110\Tools\Binn\;C:\Program Files\Microsoft\Web Platform Installer\;C:\Program Files\Devart\Review Assistant;C:\Program Files\Microsoft SQL Server\120\Tools\Binn\;C:\Program Files\nodejs\;C:\Users\htan\Documents\Visual Studio 2012\Projects\MvcApplication2\node_modules\protractor\selenium;C:\Program Files (x86)\Git\cmd;C:\Program Files (x86)\GtkSharp\2.12\bin;C:\Program Files (x86)\Windows Kits\8.1\Windows Performance Toolkit\;C:\Program Files (x86)\nodejs\;C:\Program Files (x86)\Skype\Phone\;C:\RailsInstaller\Git\cmd;C:\RailsInstaller\Ruby2.1.0\bin;C:\Ruby193\bin;C:\Program Files\Java\jdk1.7.0_71;C:\Program Files\Java\jre7;C:\apache-ant-1.9.3\bin;I:\Android\android-sdk\tools;I:\Android\android-sdk\platform-tools;C:\Users\htan\AppData\Roaming\npm
USERNAME=htan
OS=Windows_NT
PROCESSOR_IDENTIFIER=Intel64 Family 6 Model 42 Stepping 7, GenuineIntel



---------------  S Y S T E M  ---------------

OS: Windows 7 , 64 bit Build 7601 Service Pack 1

CPU:total 8 (4 cores per cpu, 2 threads per core) family 6 model 42 stepping 7, cmov, cx8, fxsr, mmx, sse, sse2, sse3, ssse3, sse4.1, sse4.2, popcnt, avx, aes, ht, tsc, tscinvbit

Memory: 4k page, physical 8233400k(1657288k free), swap 8834444k(5216k free)

vm_info: Java HotSpot(TM) 64-Bit Server VM (24.71-b01) for windows-amd64 JRE (1.7.0_71-b14), built on Sep 26 2014 16:16:12 by "java_re" with unknown MS VC++:1600

time: Thu Sep 10 17:10:15 2015
elapsed time: 1 seconds

