#
# There is insufficient memory for the Java Runtime Environment to continue.
# Native memory allocation (malloc) failed to allocate 845216 bytes for Chunk::new
# Possible reasons:
#   The system is out of physical RAM or swap space
#   In 32 bit mode, the process size limit was hit
# Possible solutions:
#   Reduce memory load on the system
#   Increase physical memory or swap space
#   Check if swap backing store is full
#   Use 64 bit Java on a 64 bit OS
#   Decrease Java heap size (-Xmx/-Xms)
#   Decrease number of Java threads
#   Decrease Java thread stack sizes (-Xss)
#   Set larger code cache with -XX:ReservedCodeCacheSize=
# This output file may be truncated or incomplete.
#
#  Out of Memory Error (allocation.cpp:323), pid=5864, tid=11356
#
# JRE version: Java(TM) SE Runtime Environment (7.0_71-b14) (build 1.7.0_71-b14)
# Java VM: Java HotSpot(TM) 64-Bit Server VM (24.71-b01 mixed mode windows-amd64 compressed oops)
# Failed to write core dump. Minidumps are not enabled by default on client versions of Windows
#

---------------  T H R E A D  ---------------

Current thread (0x00000000076ec800):  JavaThread "C2 CompilerThread0" daemon [_thread_in_native, id=11356, stack(0x000000000a0a0000,0x000000000a1a0000)]

Stack: [0x000000000a0a0000,0x000000000a1a0000]
[error occurred during error reporting (printing stack bounds), id 0xc0000005]


Current CompileTask:
C2:   7027  542   !         com.android.dx.cf.code.Ropper::processBlock (1101 bytes)


---------------  P R O C E S S  ---------------

Java Threads: ( => current thread )
  0x000000000889e000 JavaThread "Service Thread" daemon [_thread_blocked, id=10648, stack(0x0000000009a50000,0x0000000009b50000)]
  0x000000000889c800 JavaThread "C2 CompilerThread1" daemon [_thread_in_native, id=11000, stack(0x0000000009f90000,0x000000000a090000)]
=>0x00000000076ec800 JavaThread "C2 CompilerThread0" daemon [_thread_in_native, id=11356, stack(0x000000000a0a0000,0x000000000a1a0000)]
  0x00000000076eb800 JavaThread "Attach Listener" daemon [_thread_blocked, id=8344, stack(0x0000000009e50000,0x0000000009f50000)]
  0x00000000076eb000 JavaThread "Signal Dispatcher" daemon [_thread_blocked, id=15288, stack(0x0000000009d00000,0x0000000009e00000)]
  0x00000000076d1800 JavaThread "Finalizer" daemon [_thread_blocked, id=5496, stack(0x0000000009b90000,0x0000000009c90000)]
  0x00000000076d0800 JavaThread "Reference Handler" daemon [_thread_blocked, id=19496, stack(0x0000000009950000,0x0000000009a50000)]
  0x0000000002119000 JavaThread "main" [_thread_in_native, id=6276, stack(0x0000000002430000,0x0000000002530000)]

Other Threads:
  0x00000000076cd800 VMThread [stack: 0x0000000009840000,0x0000000009940000] [id=10052]
  0x00000000088ab800 WatcherThread [stack: 0x000000000a2f0000,0x000000000a3f0000] [id=7884]

VM state:not at safepoint (normal execution)

VM Mutex/Monitor currently owned by a thread: None

Heap
 PSYoungGen      total 70656K, used 6408K [0x00000000f5500000, 0x00000000f9f00000, 0x0000000100000000)
  eden space 65536K, 1% used [0x00000000f5500000,0x00000000f5645a88,0x00000000f9500000)
  from space 5120K, 99% used [0x00000000f9500000,0x00000000f99fc6a8,0x00000000f9a00000)
  to   space 5120K, 0% used [0x00000000f9a00000,0x00000000f9a00000,0x00000000f9f00000)
 ParOldGen       total 85504K, used 15302K [0x00000000e0000000, 0x00000000e5380000, 0x00000000f5500000)
  object space 85504K, 17% used [0x00000000e0000000,0x00000000e0ef1878,0x00000000e5380000)
 PSPermGen       total 21504K, used 5650K [0x00000000dae00000, 0x00000000dc300000, 0x00000000e0000000)
  object space 21504K, 26% used [0x00000000dae00000,0x00000000db384a60,0x00000000dc300000)

Card table byte_map: [0x0000000005530000,0x0000000005660000] byte_map_base: 0x0000000004e59000

Polling page: 0x0000000000430000

Code Cache  [0x0000000002530000, 0x00000000027a0000, 0x0000000005530000)
 total_blobs=765 nmethods=531 adapters=186 free_code_cache=46980Kb largest_free_block=48003072

Compilation events (10 events):
Event: 6.979 Thread 0x00000000076ec800 nmethod 540 0x0000000002751f90 code [0x00000000027520c0, 0x0000000002752118]
Event: 6.980 Thread 0x000000000889c800 nmethod 537 0x000000000275c0d0 code [0x000000000275c2e0, 0x000000000275cc70]
Event: 6.980 Thread 0x000000000889c800  541             com.android.dx.cf.code.BaseMachine::auxIntArg (6 bytes)
Event: 6.980 Thread 0x00000000076ec800  542   !         com.android.dx.cf.code.Ropper::processBlock (1101 bytes)
Event: 6.980 Thread 0x000000000889c800 nmethod 541 0x0000000002753810 code [0x0000000002753940, 0x0000000002753998]
Event: 6.980 Thread 0x000000000889c800  544             com.android.dx.rop.cst.CstString::getType (4 bytes)
Event: 6.980 Thread 0x000000000889c800 nmethod 544 0x00000000025fac50 code [0x00000000025fad80, 0x00000000025fadd8]
Event: 6.980 Thread 0x000000000889c800  545             com.android.dx.cf.code.BaseMachine::auxCstArg (20 bytes)
Event: 6.981 Thread 0x000000000889c800 nmethod 545 0x00000000025fa950 code [0x00000000025faa80, 0x00000000025faaf8]
Event: 6.981 Thread 0x000000000889c800  546             com.android.dx.cf.code.Simulator$SimVisitor::visitConstant (332 bytes)

GC Heap History (6 events):
Event: 3.438 GC heap before
{Heap before GC invocations=1 (full 0):
 PSYoungGen      total 37888K, used 32768K [0x00000000f5500000, 0x00000000f7f00000, 0x0000000100000000)
  eden space 32768K, 100% used [0x00000000f5500000,0x00000000f7500000,0x00000000f7500000)
  from space 5120K, 0% used [0x00000000f7a00000,0x00000000f7a00000,0x00000000f7f00000)
  to   space 5120K, 0% used [0x00000000f7500000,0x00000000f7500000,0x00000000f7a00000)
 ParOldGen       total 85504K, used 0K [0x00000000e0000000, 0x00000000e5380000, 0x00000000f5500000)
  object space 85504K, 0% used [0x00000000e0000000,0x00000000e0000000,0x00000000e5380000)
 PSPermGen       total 21504K, used 5526K [0x00000000dae00000, 0x00000000dc300000, 0x00000000e0000000)
  object space 21504K, 25% used [0x00000000dae00000,0x00000000db365940,0x00000000dc300000)
Event: 3.629 GC heap after
Heap after GC invocations=1 (full 0):
 PSYoungGen      total 37888K, used 5107K [0x00000000f5500000, 0x00000000f9f00000, 0x0000000100000000)
  eden space 32768K, 0% used [0x00000000f5500000,0x00000000f5500000,0x00000000f7500000)
  from space 5120K, 99% used [0x00000000f7500000,0x00000000f79fcfa0,0x00000000f7a00000)
  to   space 5120K, 0% used [0x00000000f9a00000,0x00000000f9a00000,0x00000000f9f00000)
 ParOldGen       total 85504K, used 1120K [0x00000000e0000000, 0x00000000e5380000, 0x00000000f5500000)
  object space 85504K, 1% used [0x00000000e0000000,0x00000000e0118198,0x00000000e5380000)
 PSPermGen       total 21504K, used 5526K [0x00000000dae00000, 0x00000000dc300000, 0x00000000e0000000)
  object space 21504K, 25% used [0x00000000dae00000,0x00000000db365940,0x00000000dc300000)
}
Event: 4.674 GC heap before
{Heap before GC invocations=2 (full 0):
 PSYoungGen      total 37888K, used 37875K [0x00000000f5500000, 0x00000000f9f00000, 0x0000000100000000)
  eden space 32768K, 100% used [0x00000000f5500000,0x00000000f7500000,0x00000000f7500000)
  from space 5120K, 99% used [0x00000000f7500000,0x00000000f79fcfa0,0x00000000f7a00000)
  to   space 5120K, 0% used [0x00000000f9a00000,0x00000000f9a00000,0x00000000f9f00000)
 ParOldGen       total 85504K, used 1120K [0x00000000e0000000, 0x00000000e5380000, 0x00000000f5500000)
  object space 85504K, 1% used [0x00000000e0000000,0x00000000e0118198,0x00000000e5380000)
 PSPermGen       total 21504K, used 5596K [0x00000000dae00000, 0x00000000dc300000, 0x00000000e0000000)
  object space 21504K, 26% used [0x00000000dae00000,0x00000000db377260,0x00000000dc300000)
Event: 5.336 GC heap after
Heap after GC invocations=2 (full 0):
 PSYoungGen      total 70656K, used 5100K [0x00000000f5500000, 0x00000000f9f00000, 0x0000000100000000)
  eden space 65536K, 0% used [0x00000000f5500000,0x00000000f5500000,0x00000000f9500000)
  from space 5120K, 99% used [0x00000000f9a00000,0x00000000f9efb150,0x00000000f9f00000)
  to   space 5120K, 0% used [0x00000000f9500000,0x00000000f9500000,0x00000000f9a00000)
 ParOldGen       total 85504K, used 5430K [0x00000000e0000000, 0x00000000e5380000, 0x00000000f5500000)
  object space 85504K, 6% used [0x00000000e0000000,0x00000000e054d9b0,0x00000000e5380000)
 PSPermGen       total 21504K, used 5596K [0x00000000dae00000, 0x00000000dc300000, 0x00000000e0000000)
  object space 21504K, 26% used [0x00000000dae00000,0x00000000db377260,0x00000000dc300000)
}
Event: 6.855 GC heap before
{Heap before GC invocations=3 (full 0):
 PSYoungGen      total 70656K, used 70636K [0x00000000f5500000, 0x00000000f9f00000, 0x0000000100000000)
  eden space 65536K, 100% used [0x00000000f5500000,0x00000000f9500000,0x00000000f9500000)
  from space 5120K, 99% used [0x00000000f9a00000,0x00000000f9efb150,0x00000000f9f00000)
  to   space 5120K, 0% used [0x00000000f9500000,0x00000000f9500000,0x00000000f9a00000)
 ParOldGen       total 85504K, used 5430K [0x00000000e0000000, 0x00000000e5380000, 0x00000000f5500000)
  object space 85504K, 6% used [0x00000000e0000000,0x00000000e054d9b0,0x00000000e5380000)
 PSPermGen       total 21504K, used 5650K [0x00000000dae00000, 0x00000000dc300000, 0x00000000e0000000)
  object space 21504K, 26% used [0x00000000dae00000,0x00000000db384a60,0x00000000dc300000)
Event: 6.953 GC heap after
Heap after GC invocations=3 (full 0):
 PSYoungGen      total 70656K, used 5105K [0x00000000f5500000, 0x00000000f9f00000, 0x0000000100000000)
  eden space 65536K, 0% used [0x00000000f5500000,0x00000000f5500000,0x00000000f9500000)
  from space 5120K, 99% used [0x00000000f9500000,0x00000000f99fc6a8,0x00000000f9a00000)
  to   space 5120K, 0% used [0x00000000f9a00000,0x00000000f9a00000,0x00000000f9f00000)
 ParOldGen       total 85504K, used 15302K [0x00000000e0000000, 0x00000000e5380000, 0x00000000f5500000)
  object space 85504K, 17% used [0x00000000e0000000,0x00000000e0ef1878,0x00000000e5380000)
 PSPermGen       total 21504K, used 5650K [0x00000000dae00000, 0x00000000dc300000, 0x00000000e0000000)
  object space 21504K, 26% used [0x00000000dae00000,0x00000000db384a60,0x00000000dc300000)
}

Deoptimization events (10 events):
Event: 5.598 Thread 0x0000000002119000 Uncommon trap: reason=class_check action=maybe_recompile pc=0x0000000002619438 method=com.android.dx.ssa.SCCP.simulatePhi(Lcom/android/dx/ssa/PhiInsn;)V @ 124
Event: 5.600 Thread 0x0000000002119000 Uncommon trap: reason=class_check action=maybe_recompile pc=0x0000000002619438 method=com.android.dx.ssa.SCCP.simulatePhi(Lcom/android/dx/ssa/PhiInsn;)V @ 124
Event: 5.602 Thread 0x0000000002119000 Uncommon trap: reason=class_check action=maybe_recompile pc=0x0000000002611608 method=com.android.dx.ssa.SCCP.simulatePhi(Lcom/android/dx/ssa/PhiInsn;)V @ 124
Event: 5.604 Thread 0x0000000002119000 Uncommon trap: reason=unreached action=reinterpret pc=0x00000000025f68f0 method=com.android.dx.ssa.SCCP.simulateBranch(Lcom/android/dx/ssa/SsaInsn;)V @ 132
Event: 5.604 Thread 0x0000000002119000 Uncommon trap: reason=unloaded action=reinterpret pc=0x000000000268d934 method=com.android.dx.ssa.LiteralOpUpgrader$1.visitNonMoveInsn(Lcom/android/dx/ssa/NormalSsaInsn;)V @ 72
Event: 6.550 Thread 0x0000000002119000 Uncommon trap: reason=null_check action=make_not_entrant pc=0x00000000027209c4 method=com.android.dx.dex.file.MethodIdsSection.intern(Lcom/android/dx/rop/cst/CstBaseMethodRef;)Lcom/android/dx/dex/file/MethodIdItem; @ 26
Event: 6.555 Thread 0x0000000002119000 Uncommon trap: reason=class_check action=maybe_recompile pc=0x000000000268bc48 method=com.android.dx.ssa.SsaMethod.isRegALocal(Lcom/android/dx/rop/code/RegisterSpec;)Z @ 16
Event: 6.556 Thread 0x0000000002119000 Uncommon trap: reason=class_check action=maybe_recompile pc=0x000000000268bc48 method=com.android.dx.ssa.SsaMethod.isRegALocal(Lcom/android/dx/rop/code/RegisterSpec;)Z @ 16
Event: 6.556 Thread 0x0000000002119000 Uncommon trap: reason=class_check action=maybe_recompile pc=0x000000000268bc48 method=com.android.dx.ssa.SsaMethod.isRegALocal(Lcom/android/dx/rop/code/RegisterSpec;)Z @ 16
Event: 6.615 Thread 0x0000000002119000 Uncommon trap: reason=class_check action=maybe_recompile pc=0x000000000268bc48 method=com.android.dx.ssa.SsaMethod.isRegALocal(Lcom/android/dx/rop/code/RegisterSpec;)Z @ 16

Internal exceptions (10 events):
Event: 2.270 Thread 0x0000000002119000 Implicit null exception at 0x00000000025b7a05 to 0x00000000025b7d79
Event: 2.485 Thread 0x0000000002119000 Threw 0x00000000f674d6f8 at C:\re\jdk7u71\1605\hotspot\src\share\vm\prims\jvm.cpp:1281
Event: 2.696 Thread 0x0000000002119000 Implicit null exception at 0x00000000025e9ced to 0x00000000025eaa29
Event: 2.842 Thread 0x0000000002119000 Implicit null exception at 0x00000000025e1a60 to 0x00000000025e2515
Event: 2.953 Thread 0x0000000002119000 Implicit null exception at 0x00000000026052a3 to 0x0000000002605999
Event: 3.823 Thread 0x0000000002119000 Threw 0x00000000f5e62470 at C:\re\jdk7u71\1605\hotspot\src\share\vm\prims\jvm.cpp:1281
Event: 3.938 Thread 0x0000000002119000 Implicit null exception at 0x0000000002644f29 to 0x0000000002646dc9
Event: 4.041 Thread 0x0000000002119000 Threw 0x00000000f66bcce0 at C:\re\jdk7u71\1605\hotspot\src\share\vm\prims\jvm.cpp:1281
Event: 5.604 Thread 0x0000000002119000 Threw 0x00000000f5fac2b0 at C:\re\jdk7u71\1605\hotspot\src\share\vm\prims\jvm.cpp:1281
Event: 6.964 Thread 0x0000000002119000 Threw 0x00000000f55da780 at C:\re\jdk7u71\1605\hotspot\src\share\vm\prims\jvm.cpp:1281

Events (10 events):
Event: 6.615 Thread 0x0000000002119000 DEOPT UNPACKING pc=0x00000000025675a4 sp=0x000000000252e8d8 mode 2
Event: 6.854 Executing VM operation: ParallelGCFailedAllocation
Event: 6.953 Executing VM operation: ParallelGCFailedAllocation done
Event: 6.954 Thread 0x000000000889c800 flushing nmethod 0x00000000025c48d0
Event: 6.957 Thread 0x00000000076ec800 flushing nmethod 0x00000000025fa950
Event: 6.963 Thread 0x00000000076ec800 flushing nmethod 0x0000000002608010
Event: 6.963 Thread 0x00000000076ec800 flushing nmethod 0x0000000002609090
Event: 6.964 loading class 0x0000000008a173f0
Event: 6.964 loading class 0x0000000008a173f0 done
Event: 6.979 Thread 0x00000000076ec800 flushing nmethod 0x0000000002642e90


Dynamic libraries:
0x000000013fe40000 - 0x000000013fe73000 	C:\Program Files\Java\jdk1.7.0_71\bin\java.exe
0x0000000077390000 - 0x0000000077539000 	C:\Windows\SYSTEM32\ntdll.dll
0x0000000077170000 - 0x000000007728f000 	C:\Windows\system32\kernel32.dll
0x000007fefc440000 - 0x000007fefc4ac000 	C:\Windows\system32\KERNELBASE.dll
0x000007fefc9b0000 - 0x000007fefca8b000 	C:\Windows\system32\ADVAPI32.dll
0x000007fefc6e0000 - 0x000007fefc77f000 	C:\Windows\system32\msvcrt.dll
0x000007fefe0c0000 - 0x000007fefe0df000 	C:\Windows\SYSTEM32\sechost.dll
0x000007fefdf90000 - 0x000007fefe0bd000 	C:\Windows\system32\RPCRT4.dll
0x0000000077290000 - 0x000000007738a000 	C:\Windows\system32\USER32.dll
0x000007fefd9d0000 - 0x000007fefda37000 	C:\Windows\system32\GDI32.dll
0x000007fefde30000 - 0x000007fefde3e000 	C:\Windows\system32\LPK.dll
0x000007fefde40000 - 0x000007fefdf09000 	C:\Windows\system32\USP10.dll
0x000007fefac00000 - 0x000007fefadf4000 	C:\Windows\WinSxS\amd64_microsoft.windows.common-controls_6595b64144ccf1df_6.0.7601.18837_none_fa3b1e3d17594757\COMCTL32.dll
0x000007fefdcd0000 - 0x000007fefdd41000 	C:\Windows\system32\SHLWAPI.dll
0x000007fefdc40000 - 0x000007fefdc6e000 	C:\Windows\system32\IMM32.DLL
0x000007fefcb30000 - 0x000007fefcc39000 	C:\Windows\system32\MSCTF.dll
0x0000000064b10000 - 0x0000000064be2000 	C:\Program Files\Java\jdk1.7.0_71\jre\bin\msvcr100.dll
0x0000000054220000 - 0x00000000549f3000 	C:\Program Files\Java\jdk1.7.0_71\jre\bin\server\jvm.dll
0x000007fef7910000 - 0x000007fef7919000 	C:\Windows\system32\WSOCK32.dll
0x000007fefc690000 - 0x000007fefc6dd000 	C:\Windows\system32\WS2_32.dll
0x000007fefe6f0000 - 0x000007fefe6f8000 	C:\Windows\system32\NSI.dll
0x000007fef9f80000 - 0x000007fef9fbb000 	C:\Windows\system32\WINMM.dll
0x0000000077560000 - 0x0000000077567000 	C:\Windows\system32\PSAPI.DLL
0x000000006f6a0000 - 0x000000006f6af000 	C:\Program Files\Java\jdk1.7.0_71\jre\bin\verify.dll
0x000000006f4b0000 - 0x000000006f4d8000 	C:\Program Files\Java\jdk1.7.0_71\jre\bin\java.dll
0x000000006f490000 - 0x000000006f4a5000 	C:\Program Files\Java\jdk1.7.0_71\jre\bin\zip.dll
0x000000006f420000 - 0x000000006f439000 	C:\Program Files\Java\jdk1.7.0_71\jre\bin\net.dll
0x000007fefb980000 - 0x000007fefb9d5000 	C:\Windows\system32\mswsock.dll
0x000007fefbb20000 - 0x000007fefbb27000 	C:\Windows\System32\wship6.dll
0x000000006f400000 - 0x000000006f411000 	C:\Program Files\Java\jdk1.7.0_71\jre\bin\nio.dll

VM Arguments:
jvm_args: -Xmx1024M -Dfile.encoding=windows-1252 -Duser.country=GB -Duser.language=en -Duser.variant -Xmx512M 
java_command: com.android.dx.command.Main --dex --output I:\GitHub\BuildItBigger\jokedisplaylibrary\build\intermediates\pre-dexed\androidTest\free\debug\classes-978d8c0c8c569c5c27bed95edb605cc4f0456c5b.jar I:\GitHub\BuildItBigger\jokedisplaylibrary\build\intermediates\exploded-aar\com.google.android.gms\play-services-maps\7.5.0\jars\classes.jar
Launcher Type: SUN_STANDARD

Environment Variables:
JAVA_HOME=C:\Program Files\Java\jdk1.7.0_71
_JAVA_OPTIONS=-Xmx512M
PATH=C:\ProgramData\Oracle\Java\javapath;C:\Windows\system32;C:\Windows;C:\Windows\System32\Wbem;C:\Windows\System32\WindowsPowerShell\v1.0\;C:\Program Files (x86)\Microsoft SQL Server\100\Tools\Binn\VSShell\Common7\IDE\;C:\Program Files (x86)\Microsoft SQL Server\100\Tools\Binn\;C:\Program Files\Microsoft SQL Server\100\Tools\Binn\;C:\Program Files (x86)\Microsoft SQL Server\100\DTS\Binn\;C:\Program Files\Microsoft SQL Server\100\DTS\Binn\;C:\Program Files (x86)\Microsoft Team Foundation Server 2012 Power Tools\;C:\Program Files (x86)\Microsoft Team Foundation Server 2012 Power Tools\Best Practices Analyzer\;C:\Program Files\System Center Operations Manager 2007\;C:\Program Files (x86)\Microsoft ASP.NET\ASP.NET Web Pages\v1.0\;C:\Program Files\Microsoft SQL Server\110\Tools\Binn\;C:\Program Files\Microsoft\Web Platform Installer\;C:\Program Files\Devart\Review Assistant;C:\Program Files\Microsoft SQL Server\120\Tools\Binn\;C:\Program Files\nodejs\;C:\Users\htan\Documents\Visual Studio 2012\Projects\MvcApplication2\node_modules\protractor\selenium;C:\Program Files (x86)\Git\cmd;C:\Program Files (x86)\GtkSharp\2.12\bin;C:\Program Files (x86)\Windows Kits\8.1\Windows Performance Toolkit\;C:\Program Files (x86)\nodejs\;C:\Program Files (x86)\Skype\Phone\;C:\RailsInstaller\Git\cmd;C:\RailsInstaller\Ruby2.1.0\bin;C:\Ruby193\bin;C:\Program Files\Java\jdk1.7.0_71;C:\Program Files\Java\jre7;C:\apache-ant-1.9.3\bin;I:\Android\android-sdk\tools;I:\Android\android-sdk\platform-tools;C:\Users\htan\AppData\Roaming\npm
USERNAME=htan
OS=Windows_NT
PROCESSOR_IDENTIFIER=Intel64 Family 6 Model 42 Stepping 7, GenuineIntel



---------------  S Y S T E M  ---------------

OS: Windows 7 , 64 bit Build 7601 Service Pack 1

CPU:total 8 (4 cores per cpu, 2 threads per core) family 6 model 42 stepping 7, cmov, cx8, fxsr, mmx, sse, sse2, sse3, ssse3, sse4.1, sse4.2, popcnt, avx, aes, ht, tsc, tscinvbit

Memory: 4k page, physical 8233400k(1775152k free), swap 8834444k(5100k free)

vm_info: Java HotSpot(TM) 64-Bit Server VM (24.71-b01) for windows-amd64 JRE (1.7.0_71-b14), built on Sep 26 2014 16:16:12 by "java_re" with unknown MS VC++:1600

time: Thu Sep 10 16:24:07 2015
elapsed time: 7 seconds

